[10:27:29.85] /r giWindowId 0
[10:27:29.85] /r giWindowGeometry 600x300
[10:27:29.86] /o 
              /c                                 Custom Compiler 
              /c 
              /c               Version N-2017.12-SP1-2 for linux64 - May 16, 2018 
              /c 
              /c                     Copyright (c) 2004 - 2018 Synopsys, Inc.
              /c    This software and the associated documentation are proprietary to Synopsys,
              /c  Inc. This software may only be used in accordance with the terms and conditions
              /c  of a written license agreement with Synopsys, Inc. All other use, reproduction,
              /c             or distribution of this software is strictly prohibited.
              /c 
              /c Build  (OPT) Config 4182185 compiled on Wed May 16 15:20:56 2018 for RHEL64 6.6
              /c Invocation: /usr/synopsys/customcompiler/N-2017.12-SP1-2/linux64/platform/bin/cdesigner
              /c Execution time: Tue May  5 10:27:28 2026
              /c Host: localhost.localdomain
              /c Working directory: /home/itsupport/Desktop/DOAN
              /c 
[10:27:31.08] /r giShowFrameTabs true
[10:27:31.08] /r giWindowId 1
[10:27:31.08] /r giWindowGeometry 1040x800
[10:27:33.15] /# gi::pressButton {/scroll/scrollArea/scrollAreaInnerWidget/applications/dmLibraryManager} -in [gi::getWindows 1]
[10:27:33.15] /# 
[10:27:33.15] /i dm::openLibraryManager
[10:27:33.15] /r giWindowId 2
[10:27:33.15] /r giWindowGeometry 660x600+50+78
[10:27:33.18] /o oa:0x19b476b0
[10:27:34.27] /i db::setAttr maximized -of [gi::getFrames 1] -value true
[10:27:34.58] /i db::setAttr geometry -of [gi::getFrames 1] -value 1910x876+5+56
[10:27:35.50] /i gi::setCurrentIndex {libs} -index {DOAN} -in [gi::getWindows 2]
[10:27:35.50] /i gi::setItemSelection {libs} -index {DOAN} -in [gi::getWindows 2]
[10:27:37.08] /i gi::setCurrentIndex {libs} -index {D_FF} -in [gi::getWindows 2]
[10:27:37.08] /i gi::setItemSelection {libs} -index {D_FF} -in [gi::getWindows 2]
[10:27:38.73] /i gi::setCurrentIndex {cells} -index {tranmision_test} -in [gi::getWindows 2]
[10:27:38.73] /i gi::setItemSelection {cells} -index {tranmision_test} -in [gi::getWindows 2]
[10:27:39.61] /i gi::setCurrentIndex {views} -index {schematic} -in [gi::getWindows 2]
[10:27:39.61] /i gi::setItemSelection {views} -index {schematic} -in [gi::getWindows 2]
[10:27:39.81] /i gi::executeAction dmOpen -in [gi::getWindows 2]
[10:27:39.83] /m Information: License 'Schematic' checked out. (LICENSE-003)
[10:27:39.87] /r giWindowId 3
[10:27:39.87] /r giWindowGeometry 1632x818
[10:27:40.03] /m Information: 
[10:27:40.03] /o Checking "D_FF/tranmision_test/schematic"
[10:27:40.03] /o No rule violations found in "D_FF/tranmision_test/schematic"
[10:27:40.03] /m Information: Checking process is completed: marking the design violations
[10:27:40.03] /m Information: Marking of designs is completed
[10:27:42.79] /# gi::executeAction seShowConsoleForWindow -in [gi::getWindows 3]
[10:27:42.79] /i sa::showConsole -context [db::getNext [de::getContexts -window 3]]
[10:27:44.07] /m Information: License 'SAE' checked out. (LICENSE-003)
[10:27:44.11] /r giWindowId 4
[10:27:44.12] /r giWindowGeometry 600x500
[10:27:44.27] /o oa:0x235757b0
[10:27:44.31] /m Information: Launching Background sae_shell Server Process "cd /home/itsupport/Desktop/DOAN && sae_shell -log sae_shell_session0_job1 -libDefFile /home/itsupport/Desktop/DOAN/lib.defs"
[10:27:45.58] /i gi::executeAction menuPreShow -in [gi::getWindows 4]
[10:27:45.58] /r giMenuAccess db::getNext [gi::getMenus saConsoleSimMenu -from [gi::getWindows 4]]
[10:27:46.87] /m Information: Received ready-for-commands signal from background job 'sae_shell_session0_job1' after 2 seconds.
[10:27:53.98] /r giDialog gi::setActiveDialog [gi::getDialogs {giCloseFrame}]
[10:27:54.26] /r giDialog db::setAttr geometry -of [gi::getDialogs {giCloseFrame}] -value 299x108+811+447
[10:27:55.21] /r giDialog gi::pressButton {giCloseTabsButton} -in [gi::getDialogs {giCloseFrame}]
[10:27:55.22] /i exit
[10:27:55.29] /r giDialog gi::setActiveDialog [gi::getDialogs {deExitDialog}]
[10:27:55.55] /r giDialog db::setAttr geometry -of [gi::getDialogs {deExitDialog}] -value 419x155+741+365
[10:27:57.75] /r giDialog gi::pressButton {ok} -in [gi::getDialogs {deExitDialog}]
[10:27:57.78] /i gi::setActiveWindow 3
[10:27:57.78] /i gi::setActiveWindow 3 -raise true
[10:27:57.80] /m Information: License 'SAE' checked in. (LICENSE-004)
[10:27:57.83] /i gi::setActiveWindow 2
[10:27:57.83] /i gi::setActiveWindow 2 -raise true
[10:27:57.86] /i gi::setActiveWindow 1
[10:27:57.86] /i gi::setActiveWindow 1 -raise true
[10:27:57.98] /o Shutdown time: Tue May  5 10:27:57 2026
[10:27:57.98] /o Elapsed session real time: 0.46 minutes
[10:27:57.98] /o Session terminated. Log is at /home/itsupport/Desktop/DOAN/synopsys_custom/logs/ccompiler.itsupport.2026_5_5_102728_6461.log
