[01:41:39.57] /r giWindowId 0
[01:41:39.57] /r giWindowGeometry 600x300
[01:41:39.58] /o 
              /c                                 Custom Compiler 
              /c 
              /c               Version N-2017.12-SP1-2 for linux64 - May 16, 2018 
              /c 
              /c                     Copyright (c) 2004 - 2018 Synopsys, Inc.
              /c    This software and the associated documentation are proprietary to Synopsys,
              /c  Inc. This software may only be used in accordance with the terms and conditions
              /c  of a written license agreement with Synopsys, Inc. All other use, reproduction,
              /c             or distribution of this software is strictly prohibited.
              /c 
              /c Build  (OPT) Config 4182185 compiled on Wed May 16 15:20:56 2018 for RHEL64 6.6
              /c Invocation: /usr/synopsys/customcompiler/N-2017.12-SP1-2/linux64/platform/bin/cdesigner
              /c Execution time: Thu Apr 30 01:41:37 2026
              /c Host: localhost.localdomain
              /c Working directory: /home/itsupport/Desktop/DOAN
              /c 
[01:41:41.60] /r giShowFrameTabs true
[01:41:41.60] /r giWindowId 1
[01:41:41.60] /r giWindowGeometry 1040x800
[01:41:43.84] /# gi::pressButton {/scroll/scrollArea/scrollAreaInnerWidget/applications/dmLibraryManager} -in [gi::getWindows 1]
[01:41:43.85] /# 
[01:41:43.85] /i dm::openLibraryManager
[01:41:43.85] /r giWindowId 2
[01:41:43.85] /r giWindowGeometry 660x600+50+78
[01:41:43.88] /o oa:0x1a30c920
[01:41:44.93] /i gi::setCurrentIndex {libs} -index {DOAN} -in [gi::getWindows 2]
[01:41:44.95] /i gi::setItemSelection {libs} -index {DOAN} -in [gi::getWindows 2]
[01:41:47.11] /i gi::setCurrentIndex {cells} -index {Pulse_FF} -in [gi::getWindows 2]
[01:41:47.11] /i gi::setItemSelection {cells} -index {Pulse_FF} -in [gi::getWindows 2]
[01:41:48.52] /i gi::setCurrentIndex {views} -index {layout} -in [gi::getWindows 2]
[01:41:48.53] /i gi::setItemSelection {views} -index {layout} -in [gi::getWindows 2]
[01:41:48.73] /i gi::executeAction dmOpen -in [gi::getWindows 2]
[01:41:48.74] /m Information: License 'Basic' checked out. (LICENSE-003)
[01:41:48.79] /w Warning: Preference 'leActiveLPP' is deprecated and scheduled for removal in a future release with no replacement. For migration assistance, see the Custom Compiler Tcl Reference Manual. (PREFERENCE-058)
[01:41:48.81] /o 	#######################################
[01:41:48.81] /o 	PDK Library Name	: reference90RF
[01:41:48.81] /o 	PDK Version		: 2.0
[01:41:48.81] /o 	PDK Release Date	: 25-March-2010 
[01:41:48.81] /o 	#######################################
[01:41:48.81] /o 
[01:41:49.60] /r giWindowId 3
[01:41:49.60] /r giWindowGeometry 1632x818
[01:41:49.66] /# de::setActiveLPP [de::getLPPs "exclude blockage" -from [db::getAttr editDesign -of [de::getContexts -window 3]]]
[01:41:51.49] /i db::setAttr maximized -of [gi::getFrames 1] -value true
[01:41:51.84] /i db::setAttr dockSize -of [gi::getAssistants leObjectLayerPanel -from [gi::getWindows 3]] -value 200x701
[01:41:51.87] /i db::setAttr geometry -of [gi::getFrames 1] -value 1910x876+5+56
[01:41:54.24] /i gi::setField {stopLevel} -value {1} -in [gi::getToolbars {leHierarchy} -from [gi::getWindows 3]]
[01:41:58.74] /# gi::executeAction deFitView -in [gi::getWindows 3]
[01:41:58.75] /i de::fit -window 3 -fitView true
[01:41:58.75] /o {14.109 -9.743} {31.647 -2.342}
