[00:35:42.09] /r giWindowId 0
[00:35:42.09] /r giWindowGeometry 600x300
[00:35:42.10] /o 
              /c                                 Custom Compiler 
              /c 
              /c               Version N-2017.12-SP1-2 for linux64 - May 16, 2018 
              /c 
              /c                     Copyright (c) 2004 - 2018 Synopsys, Inc.
              /c    This software and the associated documentation are proprietary to Synopsys,
              /c  Inc. This software may only be used in accordance with the terms and conditions
              /c  of a written license agreement with Synopsys, Inc. All other use, reproduction,
              /c             or distribution of this software is strictly prohibited.
              /c 
              /c Build  (OPT) Config 4182185 compiled on Wed May 16 15:20:56 2018 for RHEL64 6.6
              /c Invocation: /usr/synopsys/customcompiler/N-2017.12-SP1-2/linux64/platform/bin/cdesigner
              /c Execution time: Wed Apr 22 00:35:39 2026
              /c Host: localhost.localdomain
              /c Working directory: /home/itsupport/Desktop/DOAN
              /c 
[00:35:45.06] /r giShowFrameTabs true
[00:35:45.07] /r giWindowId 1
[00:35:45.07] /r giWindowGeometry 1040x800
[07:38:56.85] /# gi::pressButton {/scroll/scrollArea/scrollAreaInnerWidget/applications/dmLibraryManager} -in [gi::getWindows 1]
[07:38:56.85] /# 
[07:38:56.85] /i dm::openLibraryManager
[07:38:56.85] /r giWindowId 2
[07:38:56.86] /r giWindowGeometry 660x600+50+78
[07:38:56.89] /o oa:0x17603cc0
[07:38:57.06] /i gi::setSectionSizes {libs} -values {249} -in [gi::getWindows 2]
[07:38:58.87] /i gi::sortItems {libs} -column {Libraries} -order {descending} -in [gi::getWindows 2]
[07:39:00.39] /i gi::setCurrentIndex {libs} -index {DOAN} -in [gi::getWindows 2]
[07:39:00.43] /i gi::setItemSelection {libs} -index {DOAN} -in [gi::getWindows 2]
[07:39:04.34] /i db::setAttr maximized -of [gi::getFrames 1] -value true
[07:39:04.71] /i db::setAttr geometry -of [gi::getFrames 1] -value 1910x876+5+56
[07:39:06.91] /i gi::setCurrentIndex {cells} -index {NOT} -in [gi::getWindows 2]
[07:39:06.91] /i gi::setItemSelection {cells} -index {NOT} -in [gi::getWindows 2]
[07:39:10.98] /i gi::setCurrentIndex {cells} -index {DA} -in [gi::getWindows 2]
[07:39:10.99] /i gi::setItemSelection {cells} -index {DA} -in [gi::getWindows 2]
[07:39:16.96] /i gi::setCurrentIndex {cells} -index {NOT} -in [gi::getWindows 2]
[07:39:16.96] /i gi::setItemSelection {cells} -index {NOT} -in [gi::getWindows 2]
[07:39:18.80] /i gi::setCurrentIndex {cells} -index {pulse_test} -in [gi::getWindows 2]
[07:39:18.80] /i gi::setItemSelection {cells} -index {pulse_test} -in [gi::getWindows 2]
[07:39:21.26] /i exit
[07:39:21.31] /r giDialog gi::setActiveDialog [gi::getDialogs {deExitDialog}]
[07:39:21.59] /r giDialog db::setAttr geometry -of [gi::getDialogs {deExitDialog}] -value 419x155+741+365
[07:39:23.33] /r giDialog gi::pressButton {ok} -in [gi::getDialogs {deExitDialog}]
[07:39:23.33] /i gi::setActiveWindow 1
[07:39:23.33] /i gi::setActiveWindow 1 -raise true
[07:39:23.41] /o Shutdown time: Wed Apr 22 07:39:23 2026
[07:39:23.41] /o Elapsed session real time: 3.66 minutes
[07:39:23.41] /o Session terminated. Log is at /home/itsupport/Desktop/DOAN/synopsys_custom/logs/ccompiler.itsupport.2026_4_22_003539_3248.log
