[03:54:43.84] /r giWindowId 0
[03:54:43.85] /r giWindowGeometry 600x300
[03:54:43.86] /o 
              /c                                 Custom Compiler 
              /c 
              /c               Version N-2017.12-SP1-2 for linux64 - May 16, 2018 
              /c 
              /c                     Copyright (c) 2004 - 2018 Synopsys, Inc.
              /c    This software and the associated documentation are proprietary to Synopsys,
              /c  Inc. This software may only be used in accordance with the terms and conditions
              /c  of a written license agreement with Synopsys, Inc. All other use, reproduction,
              /c             or distribution of this software is strictly prohibited.
              /c 
              /c Build  (OPT) Config 4182185 compiled on Wed May 16 15:20:56 2018 for RHEL64 6.6
              /c Invocation: /usr/synopsys/customcompiler/N-2017.12-SP1-2/linux64/platform/bin/cdesigner
              /c Execution time: Sun Apr 19 03:54:41 2026
              /c Host: localhost.localdomain
              /c Working directory: /home/itsupport/Desktop/DOAN
              /c 
[03:54:45.80] /r giShowFrameTabs true
[03:54:45.81] /r giWindowId 1
[03:54:45.81] /r giWindowGeometry 1040x800
[03:54:48.47] /# gi::pressButton {/scroll/scrollArea/scrollAreaInnerWidget/applications/dmLibraryManager} -in [gi::getWindows 1]
[03:54:48.47] /# 
[03:54:48.48] /i dm::openLibraryManager
[03:54:48.48] /r giWindowId 2
[03:54:48.48] /r giWindowGeometry 660x600+50+78
[03:54:48.51] /o oa:0x18d6dc50
[03:54:50.40] /i db::setAttr maximized -of [gi::getFrames 1] -value true
[03:54:50.74] /i db::setAttr geometry -of [gi::getFrames 1] -value 1910x876+5+56
[03:54:51.90] /i gi::setCurrentIndex {libs} -index {DOAN} -in [gi::getWindows 2]
[03:54:51.92] /i gi::setItemSelection {libs} -index {DOAN} -in [gi::getWindows 2]
[03:54:53.18] /i gi::setCurrentIndex {cells} -index {DA} -in [gi::getWindows 2]
[03:54:53.18] /i gi::setItemSelection {cells} -index {DA} -in [gi::getWindows 2]
[03:54:54.28] /i gi::sortItems {views} -column {Views} -order {descending} -in [gi::getWindows 2]
[03:54:54.65] /i gi::setCurrentIndex {views} -index {schematic} -in [gi::getWindows 2]
[03:54:54.65] /i gi::setItemSelection {views} -index {schematic} -in [gi::getWindows 2]
[03:54:57.44] /i gi::executeAction dmOpen -in [gi::getWindows 2]
[03:54:57.46] /w Warning: Preference 'leActiveLPP' is deprecated and scheduled for removal in a future release with no replacement. For migration assistance, see the Custom Compiler Tcl Reference Manual. (PREFERENCE-058)
[03:54:57.48] /o 	#######################################
[03:54:57.48] /o 	PDK Library Name	: reference90RF
[03:54:57.48] /o 	PDK Version		: 2.0
[03:54:57.48] /o 	PDK Release Date	: 25-March-2010 
[03:54:57.48] /o 	#######################################
[03:54:57.48] /o 
[03:54:57.49] /m Information: License 'Schematic' checked out. (LICENSE-003)
[03:54:57.53] /r giWindowId 3
[03:54:57.53] /r giWindowGeometry 1632x818
[03:54:57.73] /o "DOAN/DA/schematic" design does not need checking
[03:55:27.79] /# gi::executeAction deSelectActive -in [gi::getWindows 3]
[03:55:27.79] /i de::deselectAll [db::getNext [de::getContexts -window 3]]
[03:55:27.79] /i de::select [de::getActiveFigure [gi::getWindows 3] -point {3.2 2.225} -index 0 -intent none]
[03:55:27.79] /o oa:0x1d2ed3f0
[03:55:28.68] /# gi::executeAction deSelectActive -in [gi::getWindows 3]
[03:55:28.68] /i de::cycleActiveFigure [gi::getWindows 3] -direction next
[03:55:28.68] /o oa:0x1cf1f890
[03:55:29.83] /i gi::executeAction sePropertyEditorToggle -in [gi::getWindows 3]
[03:55:29.83] /# db::setAttr shown -of [gi::getAssistants dePropertyEditor -from [gi::getWindows 3]] -value true
[03:55:31.64] /i gi::setItemSelection {parameters} -index {w,all} -in [gi::getAssistants dePropertyEditor -from [gi::getWindows 3]]
[03:55:31.64] /i gi::setCurrentIndex {parameters} -index {w,Value} -in [gi::getAssistants dePropertyEditor -from [gi::getWindows 3]]
[03:55:36.12] /i gi::setField {parameters} -value {0.72u} -index {w,Value} -in [gi::getAssistants dePropertyEditor -from [gi::getWindows 3]]
[03:55:37.80] /# gi::executeAction deSelectActive -in [gi::getWindows 3]
[03:55:37.80] /i de::deselectAll [db::getNext [de::getContexts -window 3]]
[03:55:37.85] /r giDialog gi::setActiveDialog [gi::getDialogs {dbSelectionChange} -parent [gi::getWindows 3]]
[03:55:38.14] /r giDialog db::setAttr geometry -of [gi::getDialogs {dbSelectionChange} -parent [gi::getWindows 3]] -value 432x82+744+460
[03:55:40.29] /r giDialog gi::pressButton {apply} -in [gi::getDialogs {dbSelectionChange} -parent [gi::getWindows 3]]
[03:55:40.30] /i de::deselectAllLogic -context [db::getNext [de::getContexts -window 3]]
[03:55:41.10] /# gi::executeAction deSelectActive -in [gi::getWindows 3]
[03:55:41.10] /i de::deselectAllLogic -context [db::getNext [de::getContexts -window 3]]
[03:55:42.84] /i gi::executeAction deCanvasDragCancel -in [gi::getWindows 3]
[03:55:44.30] /i db::setAttr shown -of [gi::getAssistants dePropertyEditor -from [gi::getWindows 3]] -value false
[03:55:45.30] /# gi::executeAction deSelectActive -in [gi::getWindows 3]
[03:55:45.30] /i de::deselectAllLogic -context [db::getNext [de::getContexts -window 3]]
[03:56:47.71] /# gi::executeAction seCreateInst -in [gi::getWindows 3]
[03:56:47.71] /i ise::createInst
[03:56:47.76] /i gi::setActiveDialog [gi::getDialogs {seCreateInst} -parent [gi::getWindows 3]]
[03:56:48.04] /i db::setAttr geometry -of [gi::getDialogs {seCreateInst}] -value 359x337+0+65
[03:56:53.36] /i gi::setField {instMasterLib} -value {reference90RF} -in [gi::getDialogs {seCreateInst} -parent [gi::getWindows 3]]
[03:56:53.64] /i db::setAttr geometry -of [gi::getDialogs {seCreateInst}] -value 359x337+0+65
[03:56:57.44] /i gi::setField {instMasterCell} -value {p_4t} -in [gi::getDialogs {seCreateInst} -parent [gi::getWindows 3]]
[03:56:57.75] /i db::setAttr geometry -of [gi::getDialogs {seCreateInst}] -value 359x581+0+65
[03:56:58.57] /i gi::setField {instMasterCell} -value {p_} -in [gi::getDialogs {seCreateInst} -parent [gi::getWindows 3]]
[03:56:58.87] /i db::setAttr geometry -of [gi::getDialogs {seCreateInst}] -value 359x337+0+65
[03:57:03.02] /i gi::setField {instMasterCell} -value {p_4t} -in [gi::getDialogs {seCreateInst} -parent [gi::getWindows 3]]
[03:57:03.34] /i db::setAttr geometry -of [gi::getDialogs {seCreateInst}] -value 359x581+0+65
[03:57:04.41] /i gi::setItemSelection {parameters} -index {w,all} -in [gi::getDialogs {seCreateInst} -parent [gi::getWindows 3]]
[03:57:04.41] /i gi::setCurrentIndex {parameters} -index {w,Value} -in [gi::getDialogs {seCreateInst} -parent [gi::getWindows 3]]
[03:57:05.66] /i gi::setItemSelection {parameters} -index {l,all} -in [gi::getDialogs {seCreateInst} -parent [gi::getWindows 3]]
[03:57:05.67] /i gi::setCurrentIndex {parameters} -index {l,Value} -in [gi::getDialogs {seCreateInst} -parent [gi::getWindows 3]]
[03:57:07.57] /i gi::setField {parameters} -value {0.18u} -index {l,Value} -in [gi::getDialogs {seCreateInst} -parent [gi::getWindows 3]]
[03:57:08.41] /i gi::setItemSelection {parameters} -index {w,all} -in [gi::getDialogs {seCreateInst} -parent [gi::getWindows 3]]
[03:57:08.41] /i gi::setCurrentIndex {parameters} -index {w,Value} -in [gi::getDialogs {seCreateInst} -parent [gi::getWindows 3]]
[03:58:46.64] /i gi::setField {parameters} -value {0.72u} -index {w,Value} -in [gi::getDialogs {seCreateInst} -parent [gi::getWindows 3]]
[03:58:50.33] /# gi::executeAction deAddPoint -in [gi::getWindows 3]
[03:58:50.33] /i de::addPoint {4.58125 2.48125} -context [db::getNext [de::getContexts -window 3]]
[03:58:51.35] /# gi::executeAction deCanvasZoomOutAtPoint -in [gi::getWindows 3]
[03:58:51.35] /i de::zoom -window [gi::getWindows 3] -factor 0.5 -center {4.18125 2.1}
[03:58:51.35] /o {-0.425 -0.36875} {8.1875 3.01875}
[03:58:54.77] /# gi::executeAction deAddPoint -in [gi::getWindows 3]
[03:58:54.77] /i de::addPoint {3.14375 2.96875} -context [db::getNext [de::getContexts -window 3]]
[03:58:55.49] /# gi::executeAction deAbortCommand -in [gi::getWindows 3]
[03:58:55.49] /i de::abortCommand -context [db::getNext [de::getContexts -window 3]]
[03:58:56.71] /# gi::executeAction deFitEdit -in [gi::getWindows 3]
[03:58:56.71] /i de::fit -window 3 -fitEdit true
[03:58:56.71] /o {0.725 0.81875} {7.31875 3.41875}
[03:58:57.31] /# gi::executeAction deCanvasZoomInAtPoint -in [gi::getWindows 3]
[03:58:57.31] /i de::zoom -window [gi::getWindows 3] -factor 2.0 -center {3.95 2.4375}
[03:58:57.31] /o {2.3375 1.63125} {5.6375 2.925}
[03:58:57.90] /# gi::executeAction deCanvasZoomOutAtPoint -in [gi::getWindows 3]
[03:58:57.90] /i de::zoom -window [gi::getWindows 3] -factor 0.5 -center {3.94375 2.43125}
[03:58:57.90] /o {0.73125 0.825} {7.325 3.425}
[04:00:57.53] /# gi::executeAction deSelectActive -in [gi::getWindows 3]
[04:00:57.53] /i de::deselectAll [db::getNext [de::getContexts -window 3]]
[04:00:57.53] /i de::select [de::getActiveFigure [gi::getWindows 3] -point {3.2375 2.15625} -index 0 -intent none]
[04:00:57.53] /o oa:0x1ea037a0
[04:00:59.48] /# gi::executeAction deSelectActive -in [gi::getWindows 3]
[04:00:59.48] /i de::cycleActiveFigure [gi::getWindows 3] -direction next
[04:00:59.48] /o oa:0x1e4f84c0
[04:01:00.73] /i gi::executeAction sePropertyEditorToggle -in [gi::getWindows 3]
[04:01:00.73] /# db::setAttr shown -of [gi::getAssistants dePropertyEditor -from [gi::getWindows 3]] -value true
[04:01:02.61] /i gi::setItemSelection {parameters} -index {w,all} -in [gi::getAssistants dePropertyEditor -from [gi::getWindows 3]]
[04:01:02.61] /i gi::setCurrentIndex {parameters} -index {w,Value} -in [gi::getAssistants dePropertyEditor -from [gi::getWindows 3]]
[04:01:06.42] /i gi::setField {parameters} -value {0.36u} -index {w,Value} -in [gi::getAssistants dePropertyEditor -from [gi::getWindows 3]]
[04:01:06.42] /i gi::executeAction dePropertyEditorApplyChanges -in [gi::getAssistants dePropertyEditor -from [gi::getWindows 3]]
[04:01:08.47] /# gi::executeAction deSelectActive -in [gi::getWindows 3]
[04:01:08.47] /i de::deselectAll [db::getNext [de::getContexts -window 3]]
[04:01:08.47] /i de::deselectAllLogic -context [db::getNext [de::getContexts -window 3]]
[04:12:01.70] /# gi::executeAction deSelectActive -in [gi::getWindows 3]
[04:12:01.70] /i de::deselectAllLogic -context [db::getNext [de::getContexts -window 3]]
[04:12:02.84] /# gi::executeAction deSelectActive -in [gi::getWindows 3]
[04:12:02.84] /i de::deselectAll [db::getNext [de::getContexts -window 3]]
[04:12:02.84] /i de::select [de::getActiveFigure [gi::getWindows 3] -point {3.25 2.1875} -index 0 -intent none]
[04:12:02.85] /o oa:0x1e930990
[04:12:09.41] /i gi::setItemSelection {parameters} -index {l,all} -in [gi::getAssistants dePropertyEditor -from [gi::getWindows 3]]
[04:12:09.42] /i gi::setCurrentIndex {parameters} -index {l,Value} -in [gi::getAssistants dePropertyEditor -from [gi::getWindows 3]]
[04:12:10.10] /i gi::setItemSelection {parameters} -index {w,all} -in [gi::getAssistants dePropertyEditor -from [gi::getWindows 3]]
[04:12:10.10] /i gi::setCurrentIndex {parameters} -index {w,Value} -in [gi::getAssistants dePropertyEditor -from [gi::getWindows 3]]
[04:12:14.41] /i gi::setField {parameters} -value {0.72u} -index {w,Value} -in [gi::getAssistants dePropertyEditor -from [gi::getWindows 3]]
[04:12:14.41] /i gi::executeAction dePropertyEditorApplyChanges -in [gi::getAssistants dePropertyEditor -from [gi::getWindows 3]]
[04:12:37.17] /# gi::executeAction deSelectActive -in [gi::getWindows 3]
[04:12:37.17] /i de::deselectAll [db::getNext [de::getContexts -window 3]]
[04:12:37.17] /i de::deselectAllLogic -context [db::getNext [de::getContexts -window 3]]
[04:12:44.20] /# gi::executeAction deSelectActive -in [gi::getWindows 3]
[04:12:44.20] /i de::deselectAll [db::getNext [de::getContexts -window 3]]
[04:12:44.20] /i de::select [de::getActiveFigure [gi::getWindows 3] -point {3.375 1.30625} -index 0 -intent none]
[04:12:44.21] /o oa:0x17083f40
[04:12:44.84] /# gi::executeAction seButton1DragStart -in [gi::getWindows 3]
[04:12:44.84] /i ise::stretch -point {3.375 1.3125}
[04:12:45.93] /# gi::executeAction deEndDrag -in [gi::getWindows 3]
[04:12:45.93] /i de::endDrag {3.31875 1.325} -context [db::getNext [de::getContexts -window 3]]
[04:12:48.34] /# gi::executeAction deSelectActive -in [gi::getWindows 3]
[04:12:48.34] /i de::deselectAll [db::getNext [de::getContexts -window 3]]
[04:12:48.34] /i de::deselectAllLogic -context [db::getNext [de::getContexts -window 3]]
[04:12:50.85] /# gi::executeAction seCreateInst -in [gi::getWindows 3]
[04:12:50.85] /i ise::createInst
[04:12:50.89] /o 0
[04:12:50.94] /i gi::setActiveDialog [gi::getDialogs {seCreateInst} -parent [gi::getWindows 3]]
[04:12:51.24] /i db::setAttr geometry -of [gi::getDialogs {seCreateInst}] -value 359x581+0+65
[04:13:02.48] /i gi::setField {instMasterLib} -value {basic} -in [gi::getDialogs {seCreateInst} -parent [gi::getWindows 3]]
[04:13:02.76] /i db::setAttr geometry -of [gi::getDialogs {seCreateInst}] -value 359x337+0+65
[04:13:14.58] /i gi::setField {instMasterCell} -value {vdd} -in [gi::getDialogs {seCreateInst} -parent [gi::getWindows 3]]
[04:13:14.91] /i db::setAttr geometry -of [gi::getDialogs {seCreateInst}] -value 359x337+0+65
[04:13:16.49] /# gi::executeAction deCanvasZoomOutAtPoint -in [gi::getWindows 3]
[04:13:16.49] /i de::zoom -window [gi::getWindows 3] -factor 0.5 -center {3.25625 3.2625}
[04:13:16.49] /o {-1.8 -1.6125} {9.30625 3.5875}
[04:13:20.90] /# gi::executeAction deAddPoint -in [gi::getWindows 3]
[04:13:20.90] /i de::addPoint {4.19375 3.4625} -context [db::getNext [de::getContexts -window 3]]
[04:13:22.17] /i de::abortCommand
[04:13:23.52] /# gi::executeAction seCreateInst -in [gi::getWindows 3]
[04:13:23.52] /i ise::createInst
[04:13:23.55] /o seSchematic
[04:13:23.58] /i gi::setActiveDialog [gi::getDialogs {seCreateInst} -parent [gi::getWindows 3]]
[04:13:23.85] /i db::setAttr geometry -of [gi::getDialogs {seCreateInst}] -value 359x337+0+65
[04:13:28.76] /i gi::setField {instMasterCell} -value {gnd} -in [gi::getDialogs {seCreateInst} -parent [gi::getWindows 3]]
[04:13:29.06] /i db::setAttr geometry -of [gi::getDialogs {seCreateInst}] -value 359x337+0+65
[04:13:34.10] /# gi::executeAction deAddPoint -in [gi::getWindows 3]
[04:13:34.10] /i de::addPoint {4.08125 0.7875} -context [db::getNext [de::getContexts -window 3]]
[04:13:42.38] /i gi::setField {instMasterCell} -value {} -in [gi::getDialogs {seCreateInst} -parent [gi::getWindows 3]]
[04:13:42.38] /i gi::closeWindows [gi::getDialogs {seCreateInst} -parent [gi::getWindows 3]]
[04:13:43.48] /# gi::executeAction seSchCreateSchematicPin -in [gi::getWindows 3]
[04:13:43.48] /i ise::createSchematicPin
[04:13:53.68] /i gi::executeAction deObjectActivation -in [gi::getWindows 3]
[04:13:54.07] /i gi::setField {schematicPinName} -value {C} -in [gi::getToolbars {deCommandOptions} -from [gi::getWindows 3]]
[04:13:54.07] /i gi::executeAction deObjectActivation -in [gi::getWindows 3]
[04:14:01.31] /# gi::executeAction deAddPoint -in [gi::getWindows 3]
[04:14:01.31] /i de::addPoint {2.21875 2.18125} -context [db::getNext [de::getContexts -window 3]]
[04:14:03.31] /i gi::setField {schematicPinName} -value {d} -in [gi::getToolbars {deCommandOptions} -from [gi::getWindows 3]]
[04:14:07.19] /i gi::executeAction deObjectActivation -in [gi::getWindows 3]
[04:14:07.93] /i gi::setField {schematicPinName} -value {D} -in [gi::getToolbars {deCommandOptions} -from [gi::getWindows 3]]
[04:14:07.93] /i gi::executeAction deObjectActivation -in [gi::getWindows 3]
[04:14:12.68] /# gi::executeAction deAddPoint -in [gi::getWindows 3]
[04:14:12.68] /i de::addPoint {2.175 2.975} -context [db::getNext [de::getContexts -window 3]]
[04:14:20.65] /i gi::executeAction deObjectActivation -in [gi::getWindows 3]
[04:14:25.82] /i gi::setField {schematicPinName} -value {Q} -in [gi::getToolbars {deCommandOptions} -from [gi::getWindows 3]]
[04:14:25.82] /i gi::executeAction deObjectActivation -in [gi::getWindows 3]
[04:14:34.32] /i gi::setField {schematicPinType} -value {output} -in [gi::getToolbars {deCommandOptions} -from [gi::getWindows 3]]
[04:14:43.95] /# gi::executeAction deAddPoint -in [gi::getWindows 3]
[04:14:43.95] /i de::addPoint {5.79375 2.1125} -context [db::getNext [de::getContexts -window 3]]
[04:14:44.92] /# gi::executeAction deAbortCommand -in [gi::getWindows 3]
[04:14:44.92] /i de::abortCommand -context [db::getNext [de::getContexts -window 3]]
[04:14:46.02] /# gi::executeAction deFitEdit -in [gi::getWindows 3]
[04:14:46.02] /i de::fit -window 3 -fitEdit true
[04:14:46.02] /o {0.2125 0.3875} {7.7875 3.925}
[04:14:48.37] /# gi::executeAction seSchCreateWire -in [gi::getWindows 3]
[04:14:48.37] /i ise::createWire
[04:14:51.76] /# gi::executeAction deAddPoint -in [gi::getWindows 3]
[04:14:51.76] /i de::addPoint {2.14375 2.99375} -context [db::getNext [de::getContexts -window 3]]
[04:14:51.86] /i de::setCursor -point {2.1875 3 }
[04:14:53.41] /# gi::executeAction deAddPoint -in [gi::getWindows 3]
[04:14:53.41] /i de::addPoint {3.125 2.99375} -context [db::getNext [de::getContexts -window 3]]
[04:14:54.78] /# gi::executeAction deAddPoint -in [gi::getWindows 3]
[04:14:54.78] /i de::addPoint {3.36875 3.18125} -context [db::getNext [de::getContexts -window 3]]
[04:14:54.93] /i de::setCursor -point {3.375 3.25 }
[04:14:56.64] /# gi::executeAction deAddPoint -in [gi::getWindows 3]
[04:14:56.64] /i de::addPoint {3.35 3.425} -context [db::getNext [de::getContexts -window 3]]
[04:14:56.78] /i de::setCursor -point {3.4375 3.4375 }
[04:14:58.55] /# gi::executeAction deAddPoint -in [gi::getWindows 3]
[04:14:58.55] /i de::addPoint {4.1875 3.4375} -context [db::getNext [de::getContexts -window 3]]
[04:15:00.92] /# gi::executeAction deAddPoint -in [gi::getWindows 3]
[04:15:00.92] /i de::addPoint {3.3875 2.79375} -context [db::getNext [de::getContexts -window 3]]
[04:15:01.13] /i de::setCursor -point {3.375 2.75 }
[04:15:05.69] /# gi::executeAction deAddPoint -in [gi::getWindows 3]
[04:15:05.69] /i de::addPoint {3.3625 2.35} -context [db::getNext [de::getContexts -window 3]]
[04:15:09.27] /# gi::executeAction deAddPoint -in [gi::getWindows 3]
[04:15:09.27] /i de::addPoint {3.36875 1.9875} -context [db::getNext [de::getContexts -window 3]]
[04:15:10.45] /# gi::executeAction deAddPoint -in [gi::getWindows 3]
[04:15:10.45] /i de::addPoint {3.39375 1.49375} -context [db::getNext [de::getContexts -window 3]]
[04:15:12.17] /# gi::executeAction deAddPoint -in [gi::getWindows 3]
[04:15:12.17] /i de::addPoint {3.36875 1.10625} -context [db::getNext [de::getContexts -window 3]]
[04:15:12.33] /i de::setCursor -point {3.4375 1.125 }
[04:15:14.04] /# gi::executeAction deAddPoint -in [gi::getWindows 3]
[04:15:14.04] /i de::addPoint {4.0625 0.8125} -context [db::getNext [de::getContexts -window 3]]
[04:15:15.58] /# gi::executeAction deAddPoint -in [gi::getWindows 3]
[04:15:15.58] /i de::addPoint {3.3875 1.29375} -context [db::getNext [de::getContexts -window 3]]
[04:15:17.54] /# gi::executeAction deAddPoint -in [gi::getWindows 3]
[04:15:17.54] /i de::addPoint {3.75 1.28125} -context [db::getNext [de::getContexts -window 3]]
[04:15:17.63] /i de::setCursor -point {3.75 1.25 }
[04:15:19.73] /# gi::executeAction deAddPoint -in [gi::getWindows 3]
[04:15:19.73] /i de::addPoint {3.73125 1.11875} -context [db::getNext [de::getContexts -window 3]]
[04:15:22.74] /# gi::executeAction deAddPoint -in [gi::getWindows 3]
[04:15:22.74] /i de::addPoint {3.39375 2.16875} -context [db::getNext [de::getContexts -window 3]]
[04:15:22.81] /i de::setCursor -point {3.4375 2.1875 }
[04:15:24.67] /# gi::executeAction deAddPoint -in [gi::getWindows 3]
[04:15:24.67] /i de::addPoint {3.75625 2.1875} -context [db::getNext [de::getContexts -window 3]]
[04:15:24.84] /i de::setCursor -point {3.75 2.125 }
[04:15:38.09] /# gi::executeAction deAddPoint -in [gi::getWindows 3]
[04:15:38.09] /i de::addPoint {3.36875 1.75625} -context [db::getNext [de::getContexts -window 3]]
[04:15:40.59] /# gi::executeAction deAddPoint -in [gi::getWindows 3]
[04:15:40.59] /i de::addPoint {3.36875 3.1875} -context [db::getNext [de::getContexts -window 3]]
[04:15:40.73] /i de::setCursor -point {3.4375 3.1875 }
[04:15:41.94] /# gi::executeAction deAddPoint -in [gi::getWindows 3]
[04:15:41.94] /i de::addPoint {3.80625 3.1} -context [db::getNext [de::getContexts -window 3]]
[04:15:42.15] /i de::setCursor -point {3.8125 3.0625 }
[04:15:42.93] /# gi::executeAction deAddPoint -in [gi::getWindows 3]
[04:15:42.93] /i de::addPoint {3.8125 3} -context [db::getNext [de::getContexts -window 3]]
[04:15:43.07] /i de::setCursor -point {3.75 3 }
[04:15:44.32] /# gi::executeAction deAddPoint -in [gi::getWindows 3]
[04:15:44.32] /i de::addPoint {3.36875 2.975} -context [db::getNext [de::getContexts -window 3]]
[04:15:51.85] /# gi::executeAction deAddPoint -in [gi::getWindows 3]
[04:15:51.85] /i de::addPoint {4.55 2.50625} -context [db::getNext [de::getContexts -window 3]]
[04:15:53.89] /# gi::executeAction deAddPoint -in [gi::getWindows 3]
[04:15:53.89] /i de::addPoint {3.36875 2.525} -context [db::getNext [de::getContexts -window 3]]
[04:15:58.08] /# gi::executeAction deAddPoint -in [gi::getWindows 3]
[04:15:58.08] /i de::addPoint {4.5625 1.68125} -context [db::getNext [de::getContexts -window 3]]
[04:16:03.56] /# gi::executeAction deAddPoint -in [gi::getWindows 3]
[04:16:03.56] /i de::addPoint {3.36875 1.66875} -context [db::getNext [de::getContexts -window 3]]
[04:16:07.62] /# gi::executeAction deAddPoint -in [gi::getWindows 3]
[04:16:07.62] /i de::addPoint {4.2 3.4375} -context [db::getNext [de::getContexts -window 3]]
[04:16:09.52] /i de::setCursor -point {4.25 3.375 }
[04:16:09.56] /i de::setCursor -point {4.1875 3.375 }
[04:16:09.81] /i de::setCursor -point {4.25 3.4375 }
[04:16:10.85] /i de::setCursor -point {4.0625 3.3125 }
[04:16:10.90] /i de::setCursor -point {4.0625 3.375 }
[04:16:10.96] /i de::setCursor -point {4.125 3.375 }
[04:16:11.03] /i de::setCursor -point {4.1875 3.375 }
[04:16:12.21] /# gi::executeAction deAddPoint -in [gi::getWindows 3]
[04:16:12.21] /i de::addPoint {4.1875 3.43125} -context [db::getNext [de::getContexts -window 3]]
[04:16:12.37] /i de::setCursor -point {4.25 3.4375 }
[04:16:13.81] /# gi::executeAction deAbortCommand -in [gi::getWindows 3]
[04:16:13.81] /i de::abortCommand -context [db::getNext [de::getContexts -window 3]]
[04:16:16.56] /# gi::executeAction deSelectActive -in [gi::getWindows 3]
[04:16:16.56] /i de::deselectAll [db::getNext [de::getContexts -window 3]]
[04:16:16.56] /i de::select [de::getActiveFigure [gi::getWindows 3] -point {4.69375 1.69375} -index 0 -intent none]
[04:16:16.56] /o oa:0x1ea7a090
[04:16:17.30] /# gi::executeAction seButton1DragStart -in [gi::getWindows 3]
[04:16:17.30] /i ise::stretch -point {4.6875 1.6875}
[04:16:19.95] /# gi::executeAction deEndDrag -in [gi::getWindows 3]
[04:16:19.95] /i de::endDrag {4.675 1.65} -context [db::getNext [de::getContexts -window 3]]
[04:16:20.76] /# gi::executeAction deSelectActive -in [gi::getWindows 3]
[04:16:20.76] /i de::deselectAll [db::getNext [de::getContexts -window 3]]
[04:16:20.76] /i de::select [de::getActiveFigure [gi::getWindows 3] -point {5.8625 2.075} -index 0 -intent none]
[04:16:20.76] /o oa:0x1e45f700
[04:16:22.62] /# gi::executeAction seButton1DragStart -in [gi::getWindows 3]
[04:16:22.62] /i ise::stretch -object [de::getActiveFigure [gi::getWindows 3] -point {4.73125 2.45} -index 0 -intent none] -point {4.75 2.4375}
[04:16:23.33] /# gi::executeAction deEndDrag -in [gi::getWindows 3]
[04:16:23.33] /i de::endDrag {4.7375 2.475} -context [db::getNext [de::getContexts -window 3]]
[04:16:24.20] /# gi::executeAction deSelectActive -in [gi::getWindows 3]
[04:16:24.20] /i de::deselectAll [db::getNext [de::getContexts -window 3]]
[04:16:24.20] /i de::deselectAllLogic -context [db::getNext [de::getContexts -window 3]]
[04:16:25.74] /# gi::executeAction seCreateInst -in [gi::getWindows 3]
[04:16:25.74] /i ise::createInst
[04:16:25.79] /i gi::setActiveDialog [gi::getDialogs {seCreateInst} -parent [gi::getWindows 3]]
[04:16:26.06] /i db::setAttr geometry -of [gi::getDialogs {seCreateInst}] -value 359x337+0+65
[04:16:27.68] /i gi::closeWindows [gi::getDialogs {seCreateInst} -parent [gi::getWindows 3]]
[04:16:28.73] /# gi::executeAction seSchCreateWire -in [gi::getWindows 3]
[04:16:28.73] /i ise::createWire
[04:16:30.11] /# gi::executeAction deAddPoint -in [gi::getWindows 3]
[04:16:30.11] /i de::addPoint {4.1875 3.43125} -context [db::getNext [de::getContexts -window 3]]
[04:16:30.18] /i de::setCursor -point {4.25 3.4375 }
[04:16:31.59] /i de::setCursor -point {4.25 3.375 }
[04:16:31.61] /i de::setCursor -point {4.1875 3.375 }
[04:16:31.83] /i de::setCursor -point {4.25 3.375 }
[04:16:31.84] /i de::setCursor -point {4.3125 3.375 }
[04:16:32.88] /i de::setCursor -point {4.1875 3.375 }
[04:16:32.93] /i de::setCursor -point {4.25 3.375 }
[04:16:32.97] /i de::setCursor -point {4.3125 3.375 }
[04:16:33.15] /i de::setCursor -point {4.25 3.375 }
[04:16:33.23] /i de::setCursor -point {4.1875 3.375 }
[04:16:33.32] /i de::setCursor -point {4.25 3.375 }
[04:16:33.37] /i de::setCursor -point {4.3125 3.375 }
[04:16:34.75] /# gi::executeAction deAbortCommand -in [gi::getWindows 3]
[04:16:34.75] /i de::abortCommand -context [db::getNext [de::getContexts -window 3]]
[04:16:37.87] /# gi::executeAction deCanvasZoomInAtPoint -in [gi::getWindows 3]
[04:16:37.87] /i de::zoom -window [gi::getWindows 3] -factor 2.0 -center {4.1125 3.40625}
[04:16:37.87] /o {2.1625 1.89375} {5.95 3.66875}
[04:16:38.25] /# gi::executeAction deCanvasZoomInAtPoint -in [gi::getWindows 3]
[04:16:38.25] /i de::zoom -window [gi::getWindows 3] -factor 2.0 -center {4.15 3.38125}
[04:16:38.25] /o {3.15625 2.6375} {5.05 3.525}
[04:16:38.72] /# gi::executeAction deCanvasZoomOutAtPoint -in [gi::getWindows 3]
[04:16:38.72] /i de::zoom -window [gi::getWindows 3] -factor 0.5 -center {4.15 3.3875}
[04:16:38.72] /o {2.1625 1.8875} {5.95 3.6625}
[04:16:39.42] /# gi::executeAction deSelectActive -in [gi::getWindows 3]
[04:16:39.42] /i de::deselectAll [db::getNext [de::getContexts -window 3]]
[04:16:39.42] /i de::select [de::getActiveFigure [gi::getWindows 3] -point {4.1375 3.425} -index 0 -intent none]
[04:16:39.42] /o oa:0x1ed5ed10
[04:16:41.20] /# gi::executeAction seButton1DragStart -in [gi::getWindows 3]
[04:16:41.20] /i ise::stretch -object [de::getActiveFigure [gi::getWindows 3] -point {3.8125 3.43125} -index 0 -intent none] -point {3.8125 3.4375}
[04:16:41.96] /# gi::executeAction deEndDrag -in [gi::getWindows 3]
[04:16:41.96] /i de::endDrag {3.79375 3.3875} -context [db::getNext [de::getContexts -window 3]]
[04:16:42.45] /# gi::executeAction deCanvasZoomOutAtPoint -in [gi::getWindows 3]
[04:16:42.45] /i de::zoom -window [gi::getWindows 3] -factor 0.5 -center {4.3 3.225}
[04:16:42.46] /o {0.025 0.55625} {7.6 4.09375}
[04:16:43.41] /# gi::executeAction deSelectActive -in [gi::getWindows 3]
[04:16:43.41] /i de::deselectAll [db::getNext [de::getContexts -window 3]]
[04:16:43.41] /i de::deselectAllLogic -context [db::getNext [de::getContexts -window 3]]
[04:16:44.78] /# gi::executeAction seSchCreateWire -in [gi::getWindows 3]
[04:16:44.78] /i ise::createWire
[04:16:46.26] /# gi::executeAction deAddPoint -in [gi::getWindows 3]
[04:16:46.26] /i de::addPoint {4.2125 3.35} -context [db::getNext [de::getContexts -window 3]]
[04:16:46.37] /i de::setCursor -point {4.25 3.375 }
[04:16:46.43] /i de::setCursor -point {4.25 3.3125 }
[04:16:46.43] /i de::setCursor -point {4.3125 3.3125 }
[04:16:48.14] /# gi::executeAction deAddPoint -in [gi::getWindows 3]
[04:16:48.14] /i de::addPoint {4.81875 2.75625} -context [db::getNext [de::getContexts -window 3]]
[04:16:49.67] /# gi::executeAction deAddPoint -in [gi::getWindows 3]
[04:16:49.67] /i de::addPoint {4.81875 2.36875} -context [db::getNext [de::getContexts -window 3]]
[04:16:49.84] /i de::setCursor -point {4.8125 2.3125 }
[04:16:51.54] /# gi::executeAction deAddPoint -in [gi::getWindows 3]
[04:16:51.54] /i de::addPoint {4.825 1.8} -context [db::getNext [de::getContexts -window 3]]
[04:16:58.56] /# gi::executeAction deAddPoint -in [gi::getWindows 3]
[04:16:58.56] /i de::addPoint {4.80625 2.55625} -context [db::getNext [de::getContexts -window 3]]
[04:16:58.64] /i de::setCursor -point {4.875 2.5625 }
[04:16:58.67] /i de::setCursor -point {4.875 2.5 }
[04:16:58.68] /i de::setCursor -point {4.9375 2.5 }
[04:17:02.37] /# gi::executeAction deAddPoint -in [gi::getWindows 3]
[04:17:02.38] /i de::addPoint {5.25 2.56875} -context [db::getNext [de::getContexts -window 3]]
[04:17:02.46] /i de::setCursor -point {5.25 2.625 }
[04:17:03.65] /# gi::executeAction deAddPoint -in [gi::getWindows 3]
[04:17:03.65] /i de::addPoint {5.25625 3} -context [db::getNext [de::getContexts -window 3]]
[04:17:03.75] /i de::setCursor -point {5.1875 3 }
[04:17:04.91] /# gi::executeAction deAddPoint -in [gi::getWindows 3]
[04:17:04.91] /i de::addPoint {4.81875 3.025} -context [db::getNext [de::getContexts -window 3]]
[04:17:08.94] /# gi::executeAction deAddPoint -in [gi::getWindows 3]
[04:17:08.94] /i de::addPoint {4.8125 1.43125} -context [db::getNext [de::getContexts -window 3]]
[04:17:09.08] /i de::setCursor -point {4.8125 1.375 }
[04:17:10.19] /# gi::executeAction deAddPoint -in [gi::getWindows 3]
[04:17:10.19] /i de::addPoint {4.75625 1.125} -context [db::getNext [de::getContexts -window 3]]
[04:17:10.36] /i de::setCursor -point {4.6875 1.125 }
[04:17:11.86] /# gi::executeAction deAddPoint -in [gi::getWindows 3]
[04:17:11.86] /i de::addPoint {4.04375 1.125} -context [db::getNext [de::getContexts -window 3]]
[04:17:19.32] /# gi::executeAction deAddPoint -in [gi::getWindows 3]
[04:17:19.32] /i de::addPoint {4.79375 1.8125} -context [db::getNext [de::getContexts -window 3]]
[04:17:24.32] /# gi::executeAction deAddPoint -in [gi::getWindows 3]
[04:17:24.32] /i de::addPoint {5.29375 1.60625} -context [db::getNext [de::getContexts -window 3]]
[04:17:29.95] /# gi::executeAction deAddPoint -in [gi::getWindows 3]
[04:17:29.95] /i de::addPoint {4.80625 1.6125} -context [db::getNext [de::getContexts -window 3]]
[04:17:39.11] /# gi::executeAction deAddPoint -in [gi::getWindows 3]
[04:17:39.11] /i de::addPoint {2.1875 2.175} -context [db::getNext [de::getContexts -window 3]]
[04:17:40.79] /# gi::executeAction deAddPoint -in [gi::getWindows 3]
[04:17:40.79] /i de::addPoint {3.1 2.18125} -context [db::getNext [de::getContexts -window 3]]
[04:17:44.22] /# gi::executeAction deAddPoint -in [gi::getWindows 3]
[04:17:44.22] /i de::addPoint {3.14375 1.29375} -context [db::getNext [de::getContexts -window 3]]
[04:17:48.68] /# gi::executeAction deAddPoint -in [gi::getWindows 3]
[04:17:48.68] /i de::addPoint {2.48125 1.3} -context [db::getNext [de::getContexts -window 3]]
[04:17:48.77] /i de::setCursor -point {2.5 1.375 }
[04:17:51.04] /# gi::executeAction deAddPoint -in [gi::getWindows 3]
[04:17:51.04] /i de::addPoint {2.50625 3} -context [db::getNext [de::getContexts -window 3]]
[04:17:54.66] /# gi::executeAction deAddPoint -in [gi::getWindows 3]
[04:17:54.66] /i de::addPoint {5.83125 2.11875} -context [db::getNext [de::getContexts -window 3]]
[04:17:54.82] /i de::setCursor -point {5.75 2.125 }
[04:17:56.12] /# gi::executeAction deAddPoint -in [gi::getWindows 3]
[04:17:56.12] /i de::addPoint {4.8125 2.13125} -context [db::getNext [de::getContexts -window 3]]
[04:18:48.99] /# gi::executeAction deAbortCommand -in [gi::getWindows 3]
[04:18:48.99] /i de::abortCommand -context [db::getNext [de::getContexts -window 3]]
[04:18:50.45] /# gi::executeAction deSelectActive -in [gi::getWindows 3]
[04:18:50.45] /i de::deselectAll [db::getNext [de::getContexts -window 3]]
[04:18:50.45] /i de::select [de::getActiveFigure [gi::getWindows 3] -point {2.83125 2.2} -index 0 -intent none]
[04:18:50.45] /o oa:0x1ec2b3f0
[04:19:22.17] /# gi::executeAction deSelectActive -in [gi::getWindows 3]
[04:19:22.17] /i de::deselectAll [db::getNext [de::getContexts -window 3]]
[04:19:22.18] /i de::deselectAllLogic -context [db::getNext [de::getContexts -window 3]]
[04:19:23.62] /# gi::executeAction seSchCheckAndSave -in [gi::getWindows 3]
[04:19:23.62] /i ise::check
[04:19:23.63] /m Information: 
[04:19:23.63] /o Checking "DOAN/DA/schematic"
[04:19:23.63] /o No rule violations found in "DOAN/DA/schematic"
[04:19:23.63] /m Information: Checking process is completed: marking the design violations
[04:19:23.65] /m Information: Marking of designs is completed
[04:19:23.65] /o true
[04:23:09.21] /# gi::executeAction deUpdateCellview -in [gi::getWindows 3]
[04:23:09.21] /i db::showUpdateCellView -parent 3
[04:23:09.22] /o oa:0x1e4a4290
[04:23:09.28] /i gi::setActiveDialog [gi::getDialogs {dbUpdateCellView} -parent [gi::getWindows 3]]
[04:23:09.55] /i db::setAttr geometry -of [gi::getDialogs {dbUpdateCellView} -parent [gi::getWindows 3]] -value 484x262+780+382
[04:23:13.09] /i gi::pressButton {/ok} -in [gi::getDialogs {dbUpdateCellView} -parent [gi::getWindows 3]]
[04:23:13.09] /e Error: The requested action could not be completed because one or more inputs are incomplete or invalid. (CUSTOM_WIDGETS-001)
[04:23:22.29] /i gi::closeWindows [gi::getDialogs {dbUpdateCellView} -parent [gi::getWindows 3]]
[04:23:32.05] /# gi::executeAction deCellviewFromCellview -in [gi::getWindows 3]
[04:23:32.05] /i db::showCellViewFromCellView -src [db::getAttr container -of [db::getAttr editFile -of [db::getNext [de::getContexts -window 3]]]] 
[04:23:32.08] /o oa:0x1ed0f070
[04:23:32.13] /i gi::setActiveDialog [gi::getDialogs {dbCellViewFromCellView}]
[04:23:32.42] /i db::setAttr geometry -of [gi::getDialogs {dbCellViewFromCellView}] -value 628x339+636+296
[04:23:35.07] /i gi::pressButton {ok} -in [gi::getDialogs {dbCellViewFromCellView}]
[04:23:35.11] /r giWindowId 4
[04:23:35.11] /r giWindowGeometry 1632x818
[04:23:38.94] /# gi::executeAction deCanvasZoomOutAtPoint -in [gi::getWindows 4]
[04:23:38.94] /i de::zoom -window [gi::getWindows 4] -factor 0.5 -center {0.03125 -0.1125}
[04:23:38.94] /o {-1.6625 -0.9} {2.85 0.875}
[04:23:39.87] /# gi::executeAction deCanvasZoomOutAtPoint -in [gi::getWindows 4]
[04:23:39.87] /i de::zoom -window [gi::getWindows 4] -factor 0.5 -center {-0.6 0.425}
[04:23:39.87] /o {-2.73125 -2.225} {6.30625 1.325}
[04:23:39.95] /# gi::executeAction deCanvasZoomOutAtPoint -in [gi::getWindows 4]
[04:23:39.95] /i de::zoom -window [gi::getWindows 4] -factor 0.5 -center {-0.60625 0.425}
[04:23:39.95] /o {-4.85 -4.88125} {13.2125 2.23125}
[04:23:40.64] /# gi::executeAction deCanvasZoomInAtPoint -in [gi::getWindows 4]
[04:23:40.64] /i de::zoom -window [gi::getWindows 4] -factor 2.0 -center {1.875 0.30625}
[04:23:40.64] /o {-1.4875 -2.2875} {7.54375 1.26875}
[04:23:41.17] /# gi::executeAction deCanvasZoomOutAtPoint -in [gi::getWindows 4]
[04:23:41.17] /i de::zoom -window [gi::getWindows 4] -factor 0.5 -center {1.88125 0.33125}
[04:23:41.18] /o {-4.85625 -4.90625} {13.20625 2.20625}
[04:23:41.61] /# gi::executeAction deCanvasZoomInAtPoint -in [gi::getWindows 4]
[04:23:41.62] /i de::zoom -window [gi::getWindows 4] -factor 2.0 -center {1.21875 0.99375}
[04:23:41.62] /o {-1.81875 -1.95625} {7.2125 1.6}
[04:23:43.68] /# gi::executeAction deCanvasZoomInAtPoint -in [gi::getWindows 4]
[04:23:43.68] /i de::zoom -window [gi::getWindows 4] -factor 2.0 -center {0.425 -0.525}
[04:23:43.68] /o {-0.7 -1.2375} {3.81875 0.5375}
[04:23:44.32] /# gi::executeAction deCanvasZoomInAtPoint -in [gi::getWindows 4]
[04:23:44.32] /i de::zoom -window [gi::getWindows 4] -factor 2.0 -center {0.28125 0}
[04:23:44.32] /o {-0.20625 -0.61875} {2.05 0.26875}
[04:23:44.94] /# gi::executeAction deCanvasZoomOutAtPoint -in [gi::getWindows 4]
[04:23:44.94] /i de::zoom -window [gi::getWindows 4] -factor 0.5 -center {0.25 0.0625}
[04:23:44.94] /o {-0.66875 -1.3} {3.85 0.475}
[04:23:45.03] /# gi::executeAction deCanvasZoomOutAtPoint -in [gi::getWindows 4]
[04:23:45.03] /i de::zoom -window [gi::getWindows 4] -factor 0.5 -center {0.24375 0.0625}
[04:23:45.03] /o {-1.575 -2.66875} {7.45625 0.8875}
[04:23:46.05] /# gi::executeAction deCanvasZoomInAtPoint -in [gi::getWindows 4]
[04:23:46.05] /i de::zoom -window [gi::getWindows 4] -factor 2.0 -center {-0.175 0.5}
[04:23:46.05] /o {-0.875 -1.08125} {3.64375 0.69375}
[04:23:52.32] /# gi::executeAction deSelectActive -in [gi::getWindows 4]
[04:23:52.33] /i de::deselectAllLogic -context [db::getNext [de::getContexts -window 4]]
[04:23:53.09] /# gi::executeAction deSelectActive -in [gi::getWindows 4]
[04:23:53.09] /i de::deselectAll [db::getNext [de::getContexts -window 4]]
[04:23:53.09] /i de::select [de::getActiveFigure [gi::getWindows 4] -point {0.39375 -0.0875} -index 0 -intent none]
[04:23:53.09] /o oa:0x1ecc4b80
[04:23:54.31] /# gi::executeAction deSelectActive -in [gi::getWindows 4]
[04:23:54.31] /i de::deselectAll [db::getNext [de::getContexts -window 4]]
[04:23:54.31] /i de::deselectAllLogic -context [db::getNext [de::getContexts -window 4]]
[04:24:05.16] /# gi::executeAction deSelectActive -in [gi::getWindows 4]
[04:24:05.16] /i de::deselectAll [db::getNext [de::getContexts -window 4]]
[04:24:05.16] /i de::select [de::getActiveFigure [gi::getWindows 4] -point {0.66875 0.2625} -index 0 -intent none]
[04:24:05.16] /o oa:0x1ed6e610
[04:24:05.62] /# gi::executeAction deSelectActive -in [gi::getWindows 4]
[04:24:05.62] /i de::cycleActiveFigure [gi::getWindows 4] -direction next
[04:24:05.62] /o oa:0x1ecfce50
[04:24:23.48] /i gi::executeAction deCanvasDragSelect -in [gi::getWindows 4]
[04:24:23.48] /r deCanvasDragStart -0.6625 0.45
[04:24:24.40] /# gi::executeAction deCanvasDragEnd -in [gi::getWindows 4]
[04:24:24.40] /i gi::executeAction deCanvasDragEnd -in [gi::getWindows 4]
[04:24:24.40] /r deCanvasDragEnd 1.175 -0.475
[04:24:25.34] /# gi::executeAction seButton1DragStart -in [gi::getWindows 4]
[04:24:25.34] /i ise::stretch -point {0.375 0.0625}
[04:24:26.55] /# gi::executeAction deEndDrag -in [gi::getWindows 4]
[04:24:26.55] /i de::endDrag {1.16875 -0.3875} -context [db::getNext [de::getContexts -window 4]]
[04:24:27.18] /# gi::executeAction deSelectActive -in [gi::getWindows 4]
[04:24:27.18] /i de::deselectAll [db::getNext [de::getContexts -window 4]]
[04:24:27.18] /i de::deselectAllLogic -context [db::getNext [de::getContexts -window 4]]
[04:24:32.61] /i gi::executeAction deCanvasDragCancel -in [gi::getWindows 4]
[04:24:34.19] /# gi::executeAction seDelete -in [gi::getWindows 4]
[04:24:34.19] /i ise::delete
[04:24:36.60] /# gi::executeAction deAddPoint -in [gi::getWindows 4]
[04:24:36.60] /i de::addPoint {0.94375 -0.2875} -context [db::getNext [de::getContexts -window 4]]
[04:24:38.62] /# gi::executeAction deAddPoint -in [gi::getWindows 4]
[04:24:38.62] /i de::addPoint {1.2 -0.50625} -context [db::getNext [de::getContexts -window 4]]
[04:24:39.71] /# gi::executeAction deAddPoint -in [gi::getWindows 4]
[04:24:39.71] /i de::addPoint {1.16875 -0.63125} -context [db::getNext [de::getContexts -window 4]]
[04:24:40.29] /# gi::executeAction deAddPoint -in [gi::getWindows 4]
[04:24:40.29] /i de::addPoint {1.16875 -0.725} -context [db::getNext [de::getContexts -window 4]]
[04:24:41.59] /# gi::executeAction deAddPoint -in [gi::getWindows 4]
[04:24:41.59] /i de::addPoint {1.18125 -0.86875} -context [db::getNext [de::getContexts -window 4]]
[04:24:42.87] /# gi::executeAction deAbortCommand -in [gi::getWindows 4]
[04:24:42.87] /i de::abortCommand -context [db::getNext [de::getContexts -window 4]]
[04:24:48.34] /# gi::executeAction deCanvasZoomInAtPoint -in [gi::getWindows 4]
[04:24:48.34] /i de::zoom -window [gi::getWindows 4] -factor 2.0 -center {0.69375 -0.5375}
[04:24:48.34] /o {-0.09375 -0.8125} {2.16875 0.075}
[04:24:50.43] /# gi::executeAction deSelectActive -in [gi::getWindows 4]
[04:24:50.44] /i de::deselectAll [db::getNext [de::getContexts -window 4]]
[04:24:50.44] /i de::select [de::getActiveFigure [gi::getWindows 4] -point {0.81875 -0.45} -index 0 -intent none]
[04:24:50.44] /o oa:0x1f59b130
[04:24:51.39] /i gi::executeAction deCanvasDragSelect -in [gi::getWindows 4]
[04:24:51.39] /r deCanvasDragStart 0.23125 -0.29375
[04:24:52.38] /# gi::executeAction deCanvasDragEnd -in [gi::getWindows 4]
[04:24:52.38] /i gi::executeAction deCanvasDragEnd -in [gi::getWindows 4]
[04:24:52.38] /r deCanvasDragEnd 0.99375 -0.50625
[04:24:53.53] /# gi::executeAction seButton1DragStart -in [gi::getWindows 4]
[04:24:53.53] /i ise::stretch -point {0.6875 -0.4375}
[04:24:56.52] /# gi::executeAction deEndDrag -in [gi::getWindows 4]
[04:24:56.52] /i de::endDrag {0.54375 -0.3} -context [db::getNext [de::getContexts -window 4]]
[04:24:57.26] /# gi::executeAction deSelectActive -in [gi::getWindows 4]
[04:24:57.26] /i de::deselectAll [db::getNext [de::getContexts -window 4]]
[04:24:57.26] /i de::select [de::getActiveFigure [gi::getWindows 4] -point {0.99375 -0.44375} -index 0 -intent none]
[04:24:57.26] /o oa:0x1dfe2a90
[04:24:59.30] /i gi::executeAction deCanvasDragSelect -in [gi::getWindows 4]
[04:24:59.30] /r deCanvasDragStart 0.26875 -0.45
[04:25:00.17] /# gi::executeAction deCanvasDragEnd -in [gi::getWindows 4]
[04:25:00.17] /i gi::executeAction deCanvasDragEnd -in [gi::getWindows 4]
[04:25:00.17] /r deCanvasDragEnd 1.0125 -0.7
[04:25:01.71] /# gi::executeAction seButton1DragStart -in [gi::getWindows 4]
[04:25:01.71] /i ise::stretch -point {0.6875 -0.5625}
[04:25:03.41] /# gi::executeAction deEndDrag -in [gi::getWindows 4]
[04:25:03.41] /i de::endDrag {0.575 -0.4375} -context [db::getNext [de::getContexts -window 4]]
[04:25:04.24] /i gi::executeAction deCanvasDragSelect -in [gi::getWindows 4]
[04:25:04.24] /r deCanvasDragStart 0.175 -0.1875
[04:25:05.17] /# gi::executeAction deCanvasDragEnd -in [gi::getWindows 4]
[04:25:05.17] /i gi::executeAction deCanvasDragEnd -in [gi::getWindows 4]
[04:25:05.18] /r deCanvasDragEnd 0.89375 -0.36875
[04:25:05.93] /# gi::executeAction seButton1DragStart -in [gi::getWindows 4]
[04:25:05.93] /i ise::stretch -point {0.625 -0.3125}
[04:25:10.47] /# gi::executeAction deEndDrag -in [gi::getWindows 4]
[04:25:10.47] /i de::endDrag {0.61875 -0.675} -context [db::getNext [de::getContexts -window 4]]
[04:25:11.45] /i gi::executeAction deCanvasDragSelect -in [gi::getWindows 4]
[04:25:11.45] /r deCanvasDragStart 0.175 -0.31875
[04:25:12.27] /# gi::executeAction deCanvasDragEnd -in [gi::getWindows 4]
[04:25:12.27] /i gi::executeAction deCanvasDragEnd -in [gi::getWindows 4]
[04:25:12.27] /r deCanvasDragEnd 1 -0.5875
[04:25:13.26] /# gi::executeAction seButton1DragStart -in [gi::getWindows 4]
[04:25:13.26] /i ise::stretch -point {0.5625 -0.4375}
[04:25:15.84] /# gi::executeAction deEndDrag -in [gi::getWindows 4]
[04:25:15.84] /i de::endDrag {0.575 -0.29375} -context [db::getNext [de::getContexts -window 4]]
[04:25:16.25] /# gi::executeAction deCanvasZoomOutAtPoint -in [gi::getWindows 4]
[04:25:16.25] /i de::zoom -window [gi::getWindows 4] -factor 0.5 -center {1.1375 -0.49375}
[04:25:16.26] /o {-1.31875 -1.125} {3.2 0.65}
[04:25:17.71] /# gi::executeAction seButton1DragStart -in [gi::getWindows 4]
[04:25:17.72] /i ise::stretch -object [de::getActiveFigure [gi::getWindows 4] -point {1.15625 -0.38125} -index 0 -intent none] -point {1.1875 -0.375}
[04:25:19.32] /# gi::executeAction deEndDrag -in [gi::getWindows 4]
[04:25:19.32] /i de::endDrag {1.35 -0.44375} -context [db::getNext [de::getContexts -window 4]]
[04:25:20.76] /# gi::executeAction deUndo -in [gi::getWindows 4]
[04:25:20.77] /i de::undoTransaction -design [db::getAttr editDesign -of [db::getNext [de::getContexts -window 4]]]
[04:25:21.62] /# gi::executeAction deSelectActive -in [gi::getWindows 4]
[04:25:21.62] /i de::deselectAll [db::getNext [de::getContexts -window 4]]
[04:25:21.62] /i de::deselectAllLogic -context [db::getNext [de::getContexts -window 4]]
[04:25:23.36] /# gi::executeAction seButton1DragStart -in [gi::getWindows 4]
[04:25:23.36] /i ise::stretch -object [de::getActiveFigure [gi::getWindows 4] -point {1.26875 -0.40625} -index 0 -intent none] -point {1.25 -0.4375}
[04:25:24.27] /# gi::executeAction deEndDrag -in [gi::getWindows 4]
[04:25:24.27] /i de::endDrag {1.375 -0.4875} -context [db::getNext [de::getContexts -window 4]]
[04:25:26.22] /# gi::executeAction deUndo -in [gi::getWindows 4]
[04:25:26.22] /i de::undoTransaction -design [db::getAttr editDesign -of [db::getNext [de::getContexts -window 4]]]
[04:25:27.25] /# gi::executeAction deSelectActive -in [gi::getWindows 4]
[04:25:27.25] /i de::deselectAllLogic -context [db::getNext [de::getContexts -window 4]]
[04:25:29.05] /i gi::executeAction deCanvasDragCancel -in [gi::getWindows 4]
[04:25:29.48] /# gi::executeAction deSelectActive -in [gi::getWindows 4]
[04:25:29.48] /i de::deselectAllLogic -context [db::getNext [de::getContexts -window 4]]
[04:25:30.49] /# gi::executeAction seButton1DragStart -in [gi::getWindows 4]
[04:25:30.49] /i ise::stretch -object [de::getActiveFigure [gi::getWindows 4] -point {1.725 -0.50625} -index 0 -intent none] -point {1.75 -0.5}
[04:25:32.83] /# gi::executeAction deEndDrag -in [gi::getWindows 4]
[04:25:32.83] /i de::endDrag {1.8125 -0.4875} -context [db::getNext [de::getContexts -window 4]]
[04:25:34.20] /# gi::executeAction deUndo -in [gi::getWindows 4]
[04:25:34.20] /i de::undoTransaction -design [db::getAttr editDesign -of [db::getNext [de::getContexts -window 4]]]
[04:25:34.67] /# gi::executeAction deSelectActive -in [gi::getWindows 4]
[04:25:34.67] /i de::deselectAllLogic -context [db::getNext [de::getContexts -window 4]]
[04:25:36.16] /i gi::executeAction deCanvasDragSelect -in [gi::getWindows 4]
[04:25:36.16] /r deCanvasDragStart 2.03125 -0.625
[04:25:37.64] /# gi::executeAction deCanvasDragEnd -in [gi::getWindows 4]
[04:25:37.64] /i gi::executeAction deCanvasDragEnd -in [gi::getWindows 4]
[04:25:37.64] /r deCanvasDragEnd 1.21875 -0.4125
[04:25:40.07] /# gi::executeAction seButton1DragStart -in [gi::getWindows 4]
[04:25:40.07] /i ise::stretch -point {1.75 -0.5}
[04:25:49.67] /# gi::executeAction deEndDrag -in [gi::getWindows 4]
[04:25:49.67] /i de::endDrag {1.86875 -0.28125} -context [db::getNext [de::getContexts -window 4]]
[04:25:50.49] /# gi::executeAction deSelectActive -in [gi::getWindows 4]
[04:25:50.49] /i de::deselectAll [db::getNext [de::getContexts -window 4]]
[04:25:50.49] /i de::deselectAllLogic -context [db::getNext [de::getContexts -window 4]]
[04:25:59.85] /# gi::executeAction deSelectActive -in [gi::getWindows 4]
[04:25:59.85] /i de::deselectAllLogic -context [db::getNext [de::getContexts -window 4]]
[04:26:17.41] /i gi::setActiveWindow 3
[04:26:17.41] /i gi::setActiveWindow 3 -raise true
[04:26:18.81] /# gi::executeAction deCanvasZoomInAtPoint -in [gi::getWindows 3]
[04:26:18.81] /i de::zoom -window [gi::getWindows 3] -factor 2.0 -center {5.725 1.70625}
[04:26:18.81] /o {2.875 1.13125} {6.6625 2.9}
[04:26:20.67] /# gi::executeAction deCanvasZoomOutAtPoint -in [gi::getWindows 3]
[04:26:20.67] /i de::zoom -window [gi::getWindows 3] -factor 0.5 -center {5.725 1.70625}
[04:26:20.67] /o {0.025 0.55625} {7.6 4.09375}
[04:26:30.17] /# gi::executeAction deSelectActive -in [gi::getWindows 3]
[04:26:30.17] /i de::deselectAllLogic -context [db::getNext [de::getContexts -window 3]]
[04:28:24.77] /i gi::setActiveWindow 4
[04:28:24.77] /i gi::setActiveWindow 4 -raise true
[04:28:26.31] /# gi::executeAction deSelectActive -in [gi::getWindows 4]
[04:28:26.31] /i de::deselectAllLogic -context [db::getNext [de::getContexts -window 4]]
[04:28:28.80] /# gi::executeAction deSelectActive -in [gi::getWindows 4]
[04:28:28.80] /i de::deselectAll [db::getNext [de::getContexts -window 4]]
[04:28:28.80] /i de::select [de::getActiveFigure [gi::getWindows 4] -point {1.5125 -0.1625} -index 0 -intent none]
[04:28:28.80] /o oa:0x1ed39f50
[04:28:29.01] /i ide::editCanvasText -object [de::getActiveFigure [gi::getWindows 4] -point {1.5125 -0.1625} -index 0 -intent none]
[04:28:32.44] /i de::commandOption {cdsName()}
[04:28:33.50] /# gi::executeAction seButton1DragStart -in [gi::getWindows 4]
[04:28:33.50] /i ise::stretch -point {1.5 -0.125}
[04:28:35.63] /# gi::executeAction deEndDrag -in [gi::getWindows 4]
[04:28:35.63] /i de::endDrag {1.11875 -0.0875} -context [db::getNext [de::getContexts -window 4]]
[04:28:36.24] /# gi::executeAction deSelectActive -in [gi::getWindows 4]
[04:28:36.24] /i de::cycleActiveFigure [gi::getWindows 4] -direction next
[04:28:36.24] /o oa:0x1ec3fb40
[04:28:36.42] /i ide::editCanvasText -object [de::getActiveFigure [gi::getWindows 4] -point {1.14375 -0.09375} -index 0 -intent none]
[04:28:40.86] /i gi::executeAction deObjectActivation -in [gi::getWindows 4]
[04:28:40.93] /i gi::executeAction deObjectActivation -in [gi::getWindows 4]
[04:28:42.05] /i gi::executeAction deObjectActivation -in [gi::getWindows 4]
[04:28:44.46] /i gi::executeAction deObjectActivation -in [gi::getWindows 4]
[04:28:45.99] /i de::commandOption {D_LATCH}
[04:28:49.99] /# gi::executeAction deSelectActive -in [gi::getWindows 4]
[04:28:49.99] /i de::deselectAll [db::getNext [de::getContexts -window 4]]
[04:28:49.99] /i de::deselectAllLogic -context [db::getNext [de::getContexts -window 4]]
[04:28:51.92] /# gi::executeAction deSelectActive -in [gi::getWindows 4]
[04:28:51.92] /i de::deselectAll [db::getNext [de::getContexts -window 4]]
[04:28:51.92] /i de::select [de::getActiveFigure [gi::getWindows 4] -point {0.375 -0.31875} -index 0 -intent none]
[04:28:51.92] /o oa:0x1f3fad00
[04:28:52.58] /# gi::executeAction deSelectActive -in [gi::getWindows 4]
[04:28:52.58] /i de::cycleActiveFigure [gi::getWindows 4] -direction next
[04:28:52.58] /o oa:0x1ef1e4f0
[04:28:52.83] /i ide::editCanvasText -object [de::getActiveFigure [gi::getWindows 4] -point {0.375 -0.31875} -index 0 -intent none]
[04:28:54.32] /i de::commandOption {cdsTerm("D")}
[04:29:00.09] /i gi::executeAction deSaveDesign -in [gi::getWindows 4]
[04:29:00.09] /m Information: Saving design 'DOAN DA symbol'. (DESIGN_WINDOW-004)
[04:29:00.69] /i gi::setActiveWindow 2
[04:29:00.69] /i gi::setActiveWindow 2 -raise true
[04:29:01.70] /i gi::setItemSelection {cells} -index {} -in [gi::getWindows 2]
[04:29:02.54] /i gi::setItemSelection {cells} -index {DA} -in [gi::getWindows 2]
[04:29:04.25] /# gi::executeAction dmShowNewCell -in [gi::getWindows 2]
[04:29:04.25] /i dm::showNewCell -parent 2
[04:29:04.27] /o oa:0x1f2df8c0
[04:29:04.31] /i gi::setActiveDialog [gi::getDialogs {dmNewCell} -parent [gi::getWindows 2]]
[04:29:04.56] /i db::setAttr geometry -of [gi::getDialogs {dmNewCell} -parent [gi::getWindows 2]] -value 448x227+726+329
[04:29:12.92] /i gi::setField {cellName} -value {test_latch} -in [gi::getDialogs {dmNewCell} -parent [gi::getWindows 2]]
[04:29:13.05] /i gi::pressButton {ok} -in [gi::getDialogs {dmNewCell} -parent [gi::getWindows 2]]
[04:29:13.05] /# dm::createCell test\_latch -lib [ oa::LibFind [oa::ScalarName [oa::CdbaNS] DOAN]]
[04:29:13.06] /# gi::setItemSelection {cells} -index {} -in [gi::getDialogs {dmNewCell} -parent [gi::getWindows 2]]
[04:29:13.06] /# gi::setItemSelection {cells} -index {test_latch} -in [gi::getDialogs {dmNewCell} -parent [gi::getWindows 2]]
[04:29:14.07] /i gi::setCurrentIndex {cells} -index {test_latch} -in [gi::getWindows 2]
[04:29:14.07] /i gi::setItemSelection {cells} -index {test_latch} -in [gi::getWindows 2]
[04:29:15.81] /# gi::executeAction dmShowNewCellView -in [gi::getWindows 2]
[04:29:15.81] /i dm::showNewCellView -parent 2
[04:29:15.82] /o oa:0x1ebecac0
[04:29:15.86] /i gi::setActiveDialog [gi::getDialogs {dmNewCellView} -parent [gi::getWindows 2]]
[04:29:16.14] /i db::setAttr geometry -of [gi::getDialogs {dmNewCellView} -parent [gi::getWindows 2]] -value 588x285+656+300
[04:29:36.82] /i gi::pressButton {ok} -in [gi::getDialogs {dmNewCellView} -parent [gi::getWindows 2]]
[04:29:36.82] /# db::getAttr viewType -of [dm::findCellView schematic -cell [dm::findCell test\_latch -lib [oa::LibFind [oa::ScalarName [oa::CdbaNS] DOAN]]]]
[04:29:36.83] /# dm::createCellView schematic -cell [dm::findCell test\_latch -lib [ oa::LibFind [oa::ScalarName [oa::CdbaNS] DOAN]]] -viewType schematic
[04:29:36.83] /# de::open [dm::findCellView schematic -cell [dm::findCell test\_latch -lib [oa::LibFind [oa::ScalarName [oa::CdbaNS] DOAN]]]] -application seSchematic
[04:29:36.85] /r giWindowId 5
[04:29:36.85] /r giWindowGeometry 1632x818
[04:29:37.01] /m Information: 
[04:29:37.01] /o Checking "DOAN/test_latch/schematic"
[04:29:37.01] /o No rule violations found in "DOAN/test_latch/schematic"
[04:29:37.01] /m Information: Checking process is completed: marking the design violations
[04:29:37.01] /m Information: Marking of designs is completed
[04:29:38.01] /# gi::executeAction deSelectActive -in [gi::getWindows 5]
[04:29:38.01] /i de::deselectAllLogic -context [db::getNext [de::getContexts -window 5]]
[04:29:38.97] /# gi::executeAction seCreateInst -in [gi::getWindows 5]
[04:29:38.98] /i ise::createInst
[04:29:39.03] /i gi::setActiveDialog [gi::getDialogs {seCreateInst} -parent [gi::getWindows 5]]
[04:29:39.32] /i db::setAttr geometry -of [gi::getDialogs {seCreateInst}] -value 359x337+0+65
[04:29:42.21] /i gi::setField {instMasterLib} -value {DOAN} -in [gi::getDialogs {seCreateInst} -parent [gi::getWindows 5]]
[04:29:42.54] /i db::setAttr geometry -of [gi::getDialogs {seCreateInst}] -value 359x337+0+65
[04:29:47.83] /i gi::setField {instMasterCell} -value {DA} -in [gi::getDialogs {seCreateInst} -parent [gi::getWindows 5]]
[04:29:48.16] /i db::setAttr geometry -of [gi::getDialogs {seCreateInst}] -value 359x337+0+65
[04:30:04.15] /# gi::executeAction deAddPoint -in [gi::getWindows 5]
[04:30:04.15] /i de::addPoint {4.2 2.9625} -context [db::getNext [de::getContexts -window 5]]
[04:30:09.28] /# gi::executeAction deAbortCommand -in [gi::getWindows 5]
[04:30:09.29] /i de::abortCommand -context [db::getNext [de::getContexts -window 5]]
[04:30:12.12] /# gi::executeAction deSelectActive -in [gi::getWindows 5]
[04:30:12.12] /i de::deselectAll [db::getNext [de::getContexts -window 5]]
[04:30:12.12] /i de::select [de::getActiveFigure [gi::getWindows 5] -point {5.24375 2.56875} -index 0 -intent none]
[04:30:12.12] /o oa:0x200393e0
[04:30:16.84] /# gi::executeAction seDelete -in [gi::getWindows 5]
[04:30:16.84] /i ise::delete
[04:30:19.40] /i gi::setActiveWindow 4
[04:30:19.40] /i gi::setActiveWindow 4 -raise true
[04:30:22.25] /# gi::executeAction seDelete -in [gi::getWindows 4]
[04:30:22.25] /i ise::delete
[04:30:26.46] /# gi::executeAction deSelectActive -in [gi::getWindows 4]
[04:30:26.46] /i de::deselectAllLogic -context [db::getNext [de::getContexts -window 4]]
[04:30:26.74] /# gi::executeAction deUndo -in [gi::getWindows 4]
[04:30:26.74] /i de::undoTransaction -design [db::getAttr editDesign -of [db::getNext [de::getContexts -window 4]]]
[04:30:27.63] /# gi::executeAction deSelectActive -in [gi::getWindows 4]
[04:30:27.63] /i de::deselectAll [db::getNext [de::getContexts -window 4]]
[04:30:27.64] /i de::deselectAllLogic -context [db::getNext [de::getContexts -window 4]]
[04:30:29.65] /i gi::executeAction deCanvasDragCancel -in [gi::getWindows 4]
[04:30:31.08] /# gi::executeAction deSelectActive -in [gi::getWindows 4]
[04:30:31.08] /i de::deselectAll [db::getNext [de::getContexts -window 4]]
[04:30:31.08] /i de::select [de::getActiveFigure [gi::getWindows 4] -point {0.94375 -0.1875} -index 0 -intent none]
[04:30:31.09] /o oa:0x200449d0
[04:30:33.47] /# gi::executeAction seDelete -in [gi::getWindows 4]
[04:30:33.47] /i ise::delete
[04:30:35.26] /# gi::executeAction seCreateShape -in [gi::getWindows 4]
[04:30:35.26] /i ise::createShape
[04:30:38.19] /i gi::pressButton {seShapeTypeRectangle} -in [gi::getToolbars {deCommandOptions} -from [gi::getWindows 4]]
[04:30:40.50] /# gi::executeAction deAddPoint -in [gi::getWindows 4]
[04:30:40.50] /i de::addPoint {0.825 -0.19375} -context [db::getNext [de::getContexts -window 4]]
[04:30:44.43] /# gi::executeAction deAddPoint -in [gi::getWindows 4]
[04:30:44.43] /i de::addPoint {1.425 -0.8125} -context [db::getNext [de::getContexts -window 4]]
[04:30:47.19] /i gi::executeAction deSaveDesign -in [gi::getWindows 4]
[04:30:47.19] /m Information: Saving design 'DOAN DA symbol'. (DESIGN_WINDOW-004)
[04:30:48.76] /# gi::executeAction deAddPoint -in [gi::getWindows 4]
[04:30:48.76] /i de::addPoint {1.29375 -0.625} -context [db::getNext [de::getContexts -window 4]]
[04:30:50.48] /# gi::executeAction deAbortCommand -in [gi::getWindows 4]
[04:30:50.48] /i de::abortCommand -context [db::getNext [de::getContexts -window 4]]
[04:30:53.43] /# gi::executeAction deUndo -in [gi::getWindows 4]
[04:30:53.43] /i de::undoTransaction -design [db::getAttr editDesign -of [db::getNext [de::getContexts -window 4]]]
[04:30:54.45] /# gi::executeAction deUndo -in [gi::getWindows 4]
[04:30:54.45] /i de::undoTransaction -design [db::getAttr editDesign -of [db::getNext [de::getContexts -window 4]]]
[04:30:54.45] /o D_LATCH
[04:30:55.95] /# gi::executeAction deSelectActive -in [gi::getWindows 4]
[04:30:55.95] /i de::cycleActiveFigure [gi::getWindows 4] -direction next
[04:30:55.95] /o oa:0x201d5c50
[04:30:56.46] /# gi::executeAction deSelectActive -in [gi::getWindows 4]
[04:30:56.46] /i de::cycleActiveFigure [gi::getWindows 4] -direction next
[04:30:56.46] /o oa:0x1e07cad0
[04:30:56.65] /i ide::editCanvasText -object [de::getActiveFigure [gi::getWindows 4] -point {1.21875 -0.09375} -index 0 -intent none]
[04:30:58.56] /i gi::executeAction deObjectActivation -in [gi::getWindows 4]
[04:30:58.60] /i gi::executeAction deObjectActivation -in [gi::getWindows 4]
[04:31:01.34] /i de::commandOption {D_LATCH}
[04:31:05.56] /# gi::executeAction seDelete -in [gi::getWindows 4]
[04:31:05.56] /i ise::delete
[04:31:05.56] /o D_LATCH
[04:31:08.84] /# gi::executeAction deSelectActive -in [gi::getWindows 4]
[04:31:08.84] /i de::deselectAllLogic -context [db::getNext [de::getContexts -window 4]]
[04:31:08.91] /# gi::executeAction deUndo -in [gi::getWindows 4]
[04:31:08.91] /i de::undoTransaction -design [db::getAttr editDesign -of [db::getNext [de::getContexts -window 4]]]
[04:31:08.91] /o D_LATCH
[04:31:09.53] /# gi::executeAction deSelectActive -in [gi::getWindows 4]
[04:31:09.53] /i de::deselectAll [db::getNext [de::getContexts -window 4]]
[04:31:09.53] /i de::deselectAllLogic -context [db::getNext [de::getContexts -window 4]]
[04:31:10.88] /# gi::executeAction deSelectActive -in [gi::getWindows 4]
[04:31:10.89] /i de::deselectAll [db::getNext [de::getContexts -window 4]]
[04:31:10.89] /i de::select [de::getActiveFigure [gi::getWindows 4] -point {1.34375 -0.81875} -index 0 -intent none]
[04:31:10.89] /o oa:0x201d1410
[04:31:12.90] /# gi::executeAction seDelete -in [gi::getWindows 4]
[04:31:12.91] /i ise::delete
[04:31:14.68] /# gi::executeAction deAddPoint -in [gi::getWindows 4]
[04:31:14.68] /i de::addPoint {0.80625 -0.43125} -context [db::getNext [de::getContexts -window 4]]
[04:31:17.18] /# gi::executeAction seCreateShape -in [gi::getWindows 4]
[04:31:17.18] /i ise::createShape
[04:31:18.78] /i gi::pressButton {seShapeTypeRectangle} -in [gi::getToolbars {deCommandOptions} -from [gi::getWindows 4]]
[04:31:21.57] /# gi::executeAction deAddPoint -in [gi::getWindows 4]
[04:31:21.57] /i de::addPoint {0.81875 -0.15625} -context [db::getNext [de::getContexts -window 4]]
[04:31:28.31] /# gi::executeAction deAddPoint -in [gi::getWindows 4]
[04:31:28.31] /i de::addPoint {1.44375 -0.79375} -context [db::getNext [de::getContexts -window 4]]
[04:31:30.61] /i gi::executeAction deSaveDesign -in [gi::getWindows 4]
[04:31:30.61] /m Information: Saving design 'DOAN DA symbol'. (DESIGN_WINDOW-004)
[04:31:32.22] /i gi::setActiveWindow 3
[04:31:32.22] /i gi::setActiveWindow 3 -raise true
[04:31:33.26] /i gi::setActiveWindow 5
[04:31:33.26] /i gi::setActiveWindow 5 -raise true
[04:31:34.52] /# gi::executeAction seCreateInst -in [gi::getWindows 5]
[04:31:34.52] /i ise::createInst
[04:31:34.53] /o seSchematic
[04:31:34.56] /i gi::setActiveDialog [gi::getDialogs {seCreateInst} -parent [gi::getWindows 5]]
[04:31:34.84] /i db::setAttr geometry -of [gi::getDialogs {seCreateInst}] -value 359x337+0+65
[04:31:38.43] /# gi::executeAction deAddPoint -in [gi::getWindows 5]
[04:31:38.43] /i de::addPoint {3.65625 2.91875} -context [db::getNext [de::getContexts -window 5]]
[04:31:44.82] /# gi::executeAction deAbortCommand -in [gi::getWindows 5]
[04:31:44.82] /i de::abortCommand -context [db::getNext [de::getContexts -window 5]]
[04:31:46.30] /# gi::executeAction deCanvasZoomInAtPoint -in [gi::getWindows 5]
[04:31:46.30] /i de::zoom -window [gi::getWindows 5] -factor 2.0 -center {3.93125 2.91875}
[04:31:46.30] /o {1.0875 1.1125} {6.925 3.4125}
[04:31:48.31] /# gi::executeAction seCreateInst -in [gi::getWindows 5]
[04:31:48.31] /i ise::createInst
[04:31:48.34] /o seSchematic
[04:31:48.38] /i gi::setActiveDialog [gi::getDialogs {seCreateInst} -parent [gi::getWindows 5]]
[04:31:48.66] /i db::setAttr geometry -of [gi::getDialogs {seCreateInst}] -value 359x337+0+65
[04:31:52.38] /i gi::setField {instMasterLib} -value {analogLib} -in [gi::getDialogs {seCreateInst} -parent [gi::getWindows 5]]
[04:31:52.68] /i db::setAttr geometry -of [gi::getDialogs {seCreateInst}] -value 359x337+0+65
[04:31:58.37] /i gi::setField {instMasterCell} -value {vdc} -in [gi::getDialogs {seCreateInst} -parent [gi::getWindows 5]]
[04:31:58.81] /i db::setAttr geometry -of [gi::getDialogs {seCreateInst}] -value 359x581+0+65
[04:31:59.86] /i gi::setItemSelection {parameters} -index {vdc,all} -in [gi::getDialogs {seCreateInst} -parent [gi::getWindows 5]]
[04:31:59.86] /i gi::setCurrentIndex {parameters} -index {vdc,Value} -in [gi::getDialogs {seCreateInst} -parent [gi::getWindows 5]]
[04:32:03.25] /i gi::setField {parameters} -value {1.2} -index {vdc,Value} -in [gi::getDialogs {seCreateInst} -parent [gi::getWindows 5]]
[04:32:06.92] /# gi::executeAction deAddPoint -in [gi::getWindows 5]
[04:32:06.92] /i de::addPoint {3.05 2.975} -context [db::getNext [de::getContexts -window 5]]
[04:32:14.13] /i gi::setField {instMasterCell} -value {vpulse} -in [gi::getDialogs {seCreateInst} -parent [gi::getWindows 5]]
[04:32:14.45] /i db::setAttr geometry -of [gi::getDialogs {seCreateInst}] -value 359x581+0+65
[04:32:15.48] /i gi::setItemSelection {parameters} -index {vdc,all} -in [gi::getDialogs {seCreateInst} -parent [gi::getWindows 5]]
[04:32:15.48] /i gi::setCurrentIndex {parameters} -index {vdc,Value} -in [gi::getDialogs {seCreateInst} -parent [gi::getWindows 5]]
[04:32:19.23] /i gi::setField {parameters} -value {1.2} -index {vdc,Value} -in [gi::getDialogs {seCreateInst} -parent [gi::getWindows 5]]
[04:32:19.23] /i gi::setItemSelection {parameters} -index {td,all} -in [gi::getDialogs {seCreateInst} -parent [gi::getWindows 5]]
[04:32:19.23] /i gi::setCurrentIndex {parameters} -index {td,Value} -in [gi::getDialogs {seCreateInst} -parent [gi::getWindows 5]]
[04:32:19.89] /i gi::setItemSelection {parameters} -index {tf,all} -in [gi::getDialogs {seCreateInst} -parent [gi::getWindows 5]]
[04:32:19.89] /i gi::setCurrentIndex {parameters} -index {tf,Value} -in [gi::getDialogs {seCreateInst} -parent [gi::getWindows 5]]
[04:32:20.73] /i gi::setItemSelection {parameters} -index {tr,all} -in [gi::getDialogs {seCreateInst} -parent [gi::getWindows 5]]
[04:32:20.74] /i gi::setCurrentIndex {parameters} -index {tr,Value} -in [gi::getDialogs {seCreateInst} -parent [gi::getWindows 5]]
[04:32:26.89] /i gi::setField {parameters} -value {0.1p} -index {tr,Value} -in [gi::getDialogs {seCreateInst} -parent [gi::getWindows 5]]
[04:32:26.89] /i gi::setItemSelection {parameters} -index {tf,all} -in [gi::getDialogs {seCreateInst} -parent [gi::getWindows 5]]
[04:32:26.90] /i gi::setCurrentIndex {parameters} -index {tf,Value} -in [gi::getDialogs {seCreateInst} -parent [gi::getWindows 5]]
[04:32:31.56] /i gi::setField {parameters} -value {0.1p} -index {tf,Value} -in [gi::getDialogs {seCreateInst} -parent [gi::getWindows 5]]
[04:32:31.56] /i gi::setItemSelection {parameters} -index {pw,all} -in [gi::getDialogs {seCreateInst} -parent [gi::getWindows 5]]
[04:32:31.56] /i gi::setCurrentIndex {parameters} -index {pw,Value} -in [gi::getDialogs {seCreateInst} -parent [gi::getWindows 5]]
[04:32:39.58] /i gi::setField {parameters} -value {1n} -index {pw,Value} -in [gi::getDialogs {seCreateInst} -parent [gi::getWindows 5]]
[04:32:39.58] /i gi::setItemSelection {parameters} -index {per,all} -in [gi::getDialogs {seCreateInst} -parent [gi::getWindows 5]]
[04:32:39.58] /i gi::setCurrentIndex {parameters} -index {per,Value} -in [gi::getDialogs {seCreateInst} -parent [gi::getWindows 5]]
[04:32:41.22] /i gi::setItemSelection {parameters} -index {tr,all} -in [gi::getDialogs {seCreateInst} -parent [gi::getWindows 5]]
[04:32:41.22] /i gi::setCurrentIndex {parameters} -index {tr,Value} -in [gi::getDialogs {seCreateInst} -parent [gi::getWindows 5]]
[04:32:46.86] /i gi::setField {parameters} -value {0.01p} -index {tr,Value} -in [gi::getDialogs {seCreateInst} -parent [gi::getWindows 5]]
[04:32:46.87] /i gi::setItemSelection {parameters} -index {tf,all} -in [gi::getDialogs {seCreateInst} -parent [gi::getWindows 5]]
[04:32:46.87] /i gi::setCurrentIndex {parameters} -index {tf,Value} -in [gi::getDialogs {seCreateInst} -parent [gi::getWindows 5]]
[04:32:49.74] /i gi::setField {parameters} -value {0.01p} -index {tf,Value} -in [gi::getDialogs {seCreateInst} -parent [gi::getWindows 5]]
[04:32:49.74] /i gi::setItemSelection {parameters} -index {pw,all} -in [gi::getDialogs {seCreateInst} -parent [gi::getWindows 5]]
[04:32:49.75] /i gi::setCurrentIndex {parameters} -index {pw,Value} -in [gi::getDialogs {seCreateInst} -parent [gi::getWindows 5]]
[04:32:50.41] /i gi::setItemSelection {parameters} -index {per,all} -in [gi::getDialogs {seCreateInst} -parent [gi::getWindows 5]]
[04:32:50.41] /i gi::setCurrentIndex {parameters} -index {per,Value} -in [gi::getDialogs {seCreateInst} -parent [gi::getWindows 5]]
[04:32:53.95] /i gi::setField {parameters} -value {2n} -index {per,Value} -in [gi::getDialogs {seCreateInst} -parent [gi::getWindows 5]]
[04:32:53.95] /i gi::setItemSelection {parameters} -index {perjitter,all} -in [gi::getDialogs {seCreateInst} -parent [gi::getWindows 5]]
[04:32:53.95] /i gi::setCurrentIndex {parameters} -index {perjitter,Value} -in [gi::getDialogs {seCreateInst} -parent [gi::getWindows 5]]
[04:33:31.75] /# gi::executeAction deAddPoint -in [gi::getWindows 5]
[04:33:31.75] /i de::addPoint {3.625 2.2375} -context [db::getNext [de::getContexts -window 5]]
[04:33:31.80] /# gi::executeAction deCompleteShape -in [gi::getWindows 5]
[04:33:31.80] /i de::completeShape -context [db::getNext [de::getContexts -window 5]]
[04:33:38.10] /i gi::setItemSelection {parameters} -index {pw,all} -in [gi::getDialogs {seCreateInst} -parent [gi::getWindows 5]]
[04:33:38.10] /i gi::setCurrentIndex {parameters} -index {pw,Value} -in [gi::getDialogs {seCreateInst} -parent [gi::getWindows 5]]
[04:33:42.60] /i gi::setField {parameters} -value {2n} -index {pw,Value} -in [gi::getDialogs {seCreateInst} -parent [gi::getWindows 5]]
[04:33:42.60] /i gi::setItemSelection {parameters} -index {per,all} -in [gi::getDialogs {seCreateInst} -parent [gi::getWindows 5]]
[04:33:42.60] /i gi::setCurrentIndex {parameters} -index {per,Value} -in [gi::getDialogs {seCreateInst} -parent [gi::getWindows 5]]
[04:33:46.60] /i gi::setField {parameters} -value {4n} -index {per,Value} -in [gi::getDialogs {seCreateInst} -parent [gi::getWindows 5]]
[04:33:53.44] /# gi::executeAction deAddPoint -in [gi::getWindows 5]
[04:33:53.44] /i de::addPoint {3.13125 2.325} -context [db::getNext [de::getContexts -window 5]]
[04:33:54.75] /# gi::executeAction deAbortCommand -in [gi::getWindows 5]
[04:33:54.75] /i de::abortCommand -context [db::getNext [de::getContexts -window 5]]
[04:33:56.31] /# gi::executeAction deSelectActive -in [gi::getWindows 5]
[04:33:56.31] /i de::deselectAll [db::getNext [de::getContexts -window 5]]
[04:33:56.31] /i de::select [de::getActiveFigure [gi::getWindows 5] -point {3.1125 2.14375} -index 0 -intent none]
[04:33:56.31] /o oa:0x1fecf950
[04:33:58.35] /i gi::executeAction sePropertyEditorToggle -in [gi::getWindows 5]
[04:33:58.36] /# db::setAttr shown -of [gi::getAssistants dePropertyEditor -from [gi::getWindows 5]] -value true
[04:34:02.93] /i gi::setItemSelection {parameters} -index {v1,all} -in [gi::getAssistants dePropertyEditor -from [gi::getWindows 5]]
[04:34:02.93] /i gi::setCurrentIndex {parameters} -index {v1,Value} -in [gi::getAssistants dePropertyEditor -from [gi::getWindows 5]]
[04:34:08.45] /i gi::setField {parameters} -value {1.2} -index {v1,Value} -in [gi::getAssistants dePropertyEditor -from [gi::getWindows 5]]
[04:34:08.76] /# gi::executeAction deSelectActive -in [gi::getWindows 5]
[04:34:08.76] /i de::deselectAll [db::getNext [de::getContexts -window 5]]
[04:34:08.81] /r giDialog gi::setActiveDialog [gi::getDialogs {dbSelectionChange} -parent [gi::getWindows 5]]
[04:34:09.11] /r giDialog db::setAttr geometry -of [gi::getDialogs {dbSelectionChange} -parent [gi::getWindows 5]] -value 432x82+744+460
[04:34:10.48] /r giDialog gi::pressButton {apply} -in [gi::getDialogs {dbSelectionChange} -parent [gi::getWindows 5]]
[04:34:10.49] /i de::deselectAllLogic -context [db::getNext [de::getContexts -window 5]]
[04:34:13.11] /# gi::executeAction deSelectActive -in [gi::getWindows 5]
[04:34:13.11] /i de::deselectAll [db::getNext [de::getContexts -window 5]]
[04:34:13.11] /i de::select [de::getActiveFigure [gi::getWindows 5] -point {3.61875 2.075} -index 0 -intent none]
[04:34:13.11] /o oa:0x200df6f0
[04:34:14.85] /i gi::setItemSelection {parameters} -index {v1,all} -in [gi::getAssistants dePropertyEditor -from [gi::getWindows 5]]
[04:34:14.85] /i gi::setCurrentIndex {parameters} -index {v1,Value} -in [gi::getAssistants dePropertyEditor -from [gi::getWindows 5]]
[04:34:17.94] /i gi::setField {parameters} -value {1.2} -index {v1,Value} -in [gi::getAssistants dePropertyEditor -from [gi::getWindows 5]]
[04:34:18.38] /# gi::executeAction deSelectActive -in [gi::getWindows 5]
[04:34:18.38] /i de::deselectAll [db::getNext [de::getContexts -window 5]]
[04:34:18.45] /r giDialog gi::setActiveDialog [gi::getDialogs {dbSelectionChange} -parent [gi::getWindows 5]]
[04:34:18.75] /r giDialog db::setAttr geometry -of [gi::getDialogs {dbSelectionChange} -parent [gi::getWindows 5]] -value 432x82+744+460
[04:34:19.36] /r giDialog gi::pressButton {apply} -in [gi::getDialogs {dbSelectionChange} -parent [gi::getWindows 5]]
[04:34:19.38] /i de::deselectAllLogic -context [db::getNext [de::getContexts -window 5]]
[04:34:20.11] /# gi::executeAction deSelectActive -in [gi::getWindows 5]
[04:34:20.11] /i de::deselectAllLogic -context [db::getNext [de::getContexts -window 5]]
[04:34:21.58] /# gi::executeAction seButton1DragStart -in [gi::getWindows 5]
[04:34:21.58] /i ise::stretch -object [de::getActiveFigure [gi::getWindows 5] -point {3.60625 2.0375} -index 0 -intent none] -point {3.625 2.0625}
[04:34:22.90] /# gi::executeAction deEndDrag -in [gi::getWindows 5]
[04:34:22.90] /i de::endDrag {3.6625 2.0875} -context [db::getNext [de::getContexts -window 5]]
[04:34:23.42] /# gi::executeAction deSelectActive -in [gi::getWindows 5]
[04:34:23.42] /i de::deselectAllLogic -context [db::getNext [de::getContexts -window 5]]
[04:34:24.87] /# gi::executeAction seButton1DragStart -in [gi::getWindows 5]
[04:34:24.87] /i ise::stretch -object [de::getActiveFigure [gi::getWindows 5] -point {3.11875 2.13125} -index 0 -intent none] -point {3.125 2.125}
[04:34:25.27] /# gi::executeAction deEndDrag -in [gi::getWindows 5]
[04:34:25.27] /i de::endDrag {3.11875 2.06875} -context [db::getNext [de::getContexts -window 5]]
[04:34:25.67] /# gi::executeAction deSelectActive -in [gi::getWindows 5]
[04:34:25.67] /i de::deselectAllLogic -context [db::getNext [de::getContexts -window 5]]
[04:34:26.83] /# gi::executeAction seButton1DragStart -in [gi::getWindows 5]
[04:34:26.83] /i ise::stretch -object [de::getActiveFigure [gi::getWindows 5] -point {3.08125 2.86875} -index 0 -intent none] -point {3.0625 2.875}
[04:34:32.85] /# gi::executeAction deEndDrag -in [gi::getWindows 5]
[04:34:32.85] /i de::endDrag {2.6125 2.5125} -context [db::getNext [de::getContexts -window 5]]
[04:35:04.09] /# gi::executeAction seCreateInst -in [gi::getWindows 5]
[04:35:04.09] /i ise::createInst
[04:35:04.15] /o 1
[04:35:04.18] /i gi::setActiveDialog [gi::getDialogs {seCreateInst} -parent [gi::getWindows 5]]
[04:35:04.46] /i db::setAttr geometry -of [gi::getDialogs {seCreateInst}] -value 359x581+0+65
[04:35:14.86] /i gi::setField {instMasterCell} -value {vdd} -in [gi::getDialogs {seCreateInst} -parent [gi::getWindows 5]]
[04:35:15.17] /i db::setAttr geometry -of [gi::getDialogs {seCreateInst}] -value 359x337+0+65
[04:35:17.75] /# gi::executeAction deAddPoint -in [gi::getWindows 5]
[04:35:17.75] /i de::addPoint {3.21875 2.9875} -context [db::getNext [de::getContexts -window 5]]
[04:35:22.27] /i gi::setField {instMasterCell} -value {gnd} -in [gi::getDialogs {seCreateInst} -parent [gi::getWindows 5]]
[04:35:22.58] /i db::setAttr geometry -of [gi::getDialogs {seCreateInst}] -value 359x337+0+65
[04:35:24.98] /# gi::executeAction deAddPoint -in [gi::getWindows 5]
[04:35:24.98] /i de::addPoint {3.5375 1.5} -context [db::getNext [de::getContexts -window 5]]
[04:35:26.13] /# gi::executeAction deAbortCommand -in [gi::getWindows 5]
[04:35:26.13] /i de::abortCommand -context [db::getNext [de::getContexts -window 5]]
[04:35:29.59] /# gi::executeAction seSchCreateWire -in [gi::getWindows 5]
[04:35:29.60] /i ise::createWire
[04:35:30.76] /# gi::executeAction deAddPoint -in [gi::getWindows 5]
[04:35:30.76] /i de::addPoint {3.25625 2.975} -context [db::getNext [de::getContexts -window 5]]
[04:35:30.88] /i de::setCursor -point {3.25 2.9375 }
[04:35:30.93] /i de::setCursor -point {3.1875 2.9375 }
[04:35:30.94] /i de::setCursor -point {3.1875 2.875 }
[04:35:30.99] /i de::setCursor -point {3.125 2.875 }
[04:35:30.99] /i de::setCursor -point {3.125 2.8125 }
[04:35:32.28] /# gi::executeAction deAddPoint -in [gi::getWindows 5]
[04:35:32.28] /i de::addPoint {2.63125 2.625} -context [db::getNext [de::getContexts -window 5]]
[04:35:34.44] /# gi::executeAction deStartDrag -in [gi::getWindows 5]
[04:35:34.44] /i de::startDrag {2.625 2.41875} -context [db::getNext [de::getContexts -window 5]]
[04:35:35.07] /# gi::executeAction deEndDrag -in [gi::getWindows 5]
[04:35:35.07] /i de::endDrag {2.625 2.425} -context [db::getNext [de::getContexts -window 5]]
[04:35:35.53] /# gi::executeAction deAbortCommand -in [gi::getWindows 5]
[04:35:35.53] /i de::abortCommand -context [db::getNext [de::getContexts -window 5]]
[04:35:36.88] /# gi::executeAction seButton1DragStart -in [gi::getWindows 5]
[04:35:36.88] /i ise::stretch -object [de::getActiveFigure [gi::getWindows 5] -point {2.625 2.5} -index 0 -intent none] -point {2.625 2.5}
[04:35:39.24] /# gi::executeAction deEndDrag -in [gi::getWindows 5]
[04:35:39.24] /i de::endDrag {2.6 2.15} -context [db::getNext [de::getContexts -window 5]]
[04:35:39.69] /# gi::executeAction deSelectActive -in [gi::getWindows 5]
[04:35:39.69] /i de::deselectAllLogic -context [db::getNext [de::getContexts -window 5]]
[04:35:41.75] /# gi::executeAction seSchCreateWire -in [gi::getWindows 5]
[04:35:41.75] /i ise::createWire
[04:35:50.18] /# gi::executeAction deAddPoint -in [gi::getWindows 5]
[04:35:50.18] /i de::addPoint {2.6125 1.85625} -context [db::getNext [de::getContexts -window 5]]
[04:35:50.24] /i de::setCursor -point {2.625 1.8125 }
[04:35:52.58] /# gi::executeAction deAddPoint -in [gi::getWindows 5]
[04:35:52.58] /i de::addPoint {2.65 1.6} -context [db::getNext [de::getContexts -window 5]]
[04:35:52.63] /i de::setCursor -point {2.6875 1.625 }
[04:35:53.54] /# gi::executeAction deAddPoint -in [gi::getWindows 5]
[04:35:53.54] /i de::addPoint {3.55625 1.6} -context [db::getNext [de::getContexts -window 5]]
[04:35:53.69] /i de::setCursor -point {3.5625 1.5625 }
[04:35:54.41] /# gi::executeAction deAddPoint -in [gi::getWindows 5]
[04:35:54.41] /i de::addPoint {3.55625 1.5} -context [db::getNext [de::getContexts -window 5]]
[04:35:55.38] /# gi::executeAction deAddPoint -in [gi::getWindows 5]
[04:35:55.38] /i de::addPoint {3.14375 1.86875} -context [db::getNext [de::getContexts -window 5]]
[04:35:56.55] /# gi::executeAction deAddPoint -in [gi::getWindows 5]
[04:35:56.55] /i de::addPoint {3.10625 1.6375} -context [db::getNext [de::getContexts -window 5]]
[04:35:57.37] /# gi::executeAction deAddPoint -in [gi::getWindows 5]
[04:35:57.37] /i de::addPoint {3.69375 1.8625} -context [db::getNext [de::getContexts -window 5]]
[04:35:58.65] /# gi::executeAction deAddPoint -in [gi::getWindows 5]
[04:35:58.65] /i de::addPoint {3.55 1.61875} -context [db::getNext [de::getContexts -window 5]]
[04:36:00.29] /# gi::executeAction deAddPoint -in [gi::getWindows 5]
[04:36:00.29] /i de::addPoint {3.10625 2.25625} -context [db::getNext [de::getContexts -window 5]]
[04:36:02.50] /# gi::executeAction deAddPoint -in [gi::getWindows 5]
[04:36:02.50] /i de::addPoint {3.5625 2.625} -context [db::getNext [de::getContexts -window 5]]
[04:36:02.57] /i de::setCursor -point {3.625 2.625 }
[04:36:07.95] /# gi::executeAction deAddPoint -in [gi::getWindows 5]
[04:36:07.95] /i de::addPoint {3.7125 2.60625} -context [db::getNext [de::getContexts -window 5]]
[04:36:12.57] /# gi::executeAction deAddPoint -in [gi::getWindows 5]
[04:36:12.57] /i de::addPoint {4.06875 2.60625} -context [db::getNext [de::getContexts -window 5]]
[04:36:14.75] /# gi::executeAction deAddPoint -in [gi::getWindows 5]
[04:36:14.75] /i de::addPoint {4.30625 2.60625} -context [db::getNext [de::getContexts -window 5]]
[04:36:18.38] /# gi::executeAction deAddPoint -in [gi::getWindows 5]
[04:36:18.38] /i de::addPoint {4.3625 2.625} -context [db::getNext [de::getContexts -window 5]]
[04:36:29.06] /# gi::executeAction deAddPoint -in [gi::getWindows 5]
[04:36:29.06] /i de::addPoint {4.35 2.24375} -context [db::getNext [de::getContexts -window 5]]
[04:36:31.86] /# gi::executeAction deAddPoint -in [gi::getWindows 5]
[04:36:31.86] /i de::addPoint {4.1625 2.2125} -context [db::getNext [de::getContexts -window 5]]
[04:36:32.00] /i de::setCursor -point {4.1875 2.25 }
[04:36:32.03] /i de::setCursor -point {4.125 2.25 }
[04:36:32.32] /i de::setCursor -point {4.125 2.3125 }
[04:36:33.53] /# gi::executeAction deAddPoint -in [gi::getWindows 5]
[04:36:33.53] /i de::addPoint {4.13125 2.28125} -context [db::getNext [de::getContexts -window 5]]
[04:36:33.65] /i de::setCursor -point {4.0625 2.3125 }
[04:36:35.62] /# gi::executeAction deAddPoint -in [gi::getWindows 5]
[04:36:35.62] /i de::addPoint {3.69375 2.25} -context [db::getNext [de::getContexts -window 5]]
[04:36:40.87] /# gi::executeAction seSchCreateSchematicPin -in [gi::getWindows 5]
[04:36:40.87] /i ise::createSchematicPin
[04:36:43.97] /i gi::executeAction deObjectActivation -in [gi::getWindows 5]
[04:36:44.95] /i gi::setField {schematicPinName} -value {Q} -in [gi::getToolbars {deCommandOptions} -from [gi::getWindows 5]]
[04:36:44.95] /i gi::executeAction deObjectActivation -in [gi::getWindows 5]
[04:36:49.30] /i gi::setField {schematicPinType} -value {output} -in [gi::getToolbars {deCommandOptions} -from [gi::getWindows 5]]
[04:36:51.26] /# gi::executeAction deAddPoint -in [gi::getWindows 5]
[04:36:51.26] /i de::addPoint {5.65 2.60625} -context [db::getNext [de::getContexts -window 5]]
[04:36:52.13] /# gi::executeAction deAbortCommand -in [gi::getWindows 5]
[04:36:52.13] /i de::abortCommand -context [db::getNext [de::getContexts -window 5]]
[04:36:53.39] /# gi::executeAction seSchCreateWire -in [gi::getWindows 5]
[04:36:53.39] /i ise::createWire
[04:36:54.75] /# gi::executeAction deAddPoint -in [gi::getWindows 5]
[04:36:54.75] /i de::addPoint {5.25625 2.60625} -context [db::getNext [de::getContexts -window 5]]
[04:36:54.83] /i de::setCursor -point {5.3125 2.625 }
[04:36:56.43] /# gi::executeAction deAddPoint -in [gi::getWindows 5]
[04:36:56.43] /i de::addPoint {5.64375 2.63125} -context [db::getNext [de::getContexts -window 5]]
[04:36:57.51] /# gi::executeAction deCanvasZoomInAtPoint -in [gi::getWindows 5]
[04:36:57.51] /i de::zoom -window [gi::getWindows 5] -factor 2.0 -center {5.65625 2.5125}
[04:36:57.51] /o {3.375 1.8125} {5.825 2.9625}
[04:36:57.97] /# gi::executeAction deCanvasZoomInAtPoint -in [gi::getWindows 5]
[04:36:57.97] /i de::zoom -window [gi::getWindows 5] -factor 2.0 -center {5.64375 2.61875}
[04:36:57.98] /o {4.50625 2.21875} {5.7375 2.7875}
[04:36:58.01] /# gi::executeAction deCanvasZoomInAtPoint -in [gi::getWindows 5]
[04:36:58.01] /i de::zoom -window [gi::getWindows 5] -factor 2.0 -center {5.64375 2.61875}
[04:36:58.01] /o {5.075 2.41875} {5.6875 2.70625}
[04:36:58.58] /# gi::executeAction deCanvasZoomOutAtPoint -in [gi::getWindows 5]
[04:36:58.58] /i de::zoom -window [gi::getWindows 5] -factor 0.5 -center {5.65625 2.625}
[04:36:58.58] /o {4.49375 2.2125} {5.725 2.78125}
[04:36:58.81] /# gi::executeAction deCanvasZoomOutAtPoint -in [gi::getWindows 5]
[04:36:58.81] /i de::zoom -window [gi::getWindows 5] -factor 0.5 -center {5.64375 2.625}
[04:36:58.81] /o {3.35 1.79375} {5.8 2.94375}
[04:36:59.21] /# gi::executeAction deCanvasZoomOutAtPoint -in [gi::getWindows 5]
[04:36:59.21] /i de::zoom -window [gi::getWindows 5] -factor 0.5 -center {5.4 2.675}
[04:36:59.21] /o {1.29375 0.9125} {6.20625 3.2125}
[04:37:04.80] /# gi::executeAction seSchCheckAndSave -in [gi::getWindows 5]
[04:37:04.80] /i ise::check
[04:37:04.80] /m Information: 
[04:37:04.80] /o Checking "DOAN/test_latch/schematic"
[04:37:04.81] /o No rule violations found in "DOAN/test_latch/schematic"
[04:37:04.81] /m Information: Checking process is completed: marking the design violations
[04:37:04.84] /m Information: Marking of designs is completed
[04:37:04.84] /o true
[04:37:06.48] /i gi::pressButton {ConsoleToggleButton} -in [db::getAttr statusbar -of [gi::getWindows 5]]
[04:37:06.77] /i db::setAttr dockSize -of [gi::getAssistants dePropertyEditor -from [gi::getWindows 5]] -value 290x518
[04:37:08.24] /i gi::pressButton {ConsoleToggleButton} -in [db::getAttr statusbar -of [gi::getWindows 5]]
[04:37:08.54] /i db::setAttr dockSize -of [gi::getAssistants dePropertyEditor -from [gi::getWindows 5]] -value 290x735
[04:37:11.39] /# gi::executeAction deCanvasZoomOutAtPoint -in [gi::getWindows 5]
[04:37:11.39] /i de::zoom -window [gi::getWindows 5] -factor 0.5 -center {4.63125 1.66875}
[04:37:11.39] /o {-2.0375 0.1625} {7.78125 4.75625}
[04:37:12.52] /# gi::executeAction deCanvasZoomInAtPoint -in [gi::getWindows 5]
[04:37:12.52] /i de::zoom -window [gi::getWindows 5] -factor 2.0 -center {4.5375 2.15}
[04:37:12.52] /o {1.25 1.15625} {6.15625 3.45}
[04:37:13.07] /# gi::executeAction deCanvasZoomOutAtPoint -in [gi::getWindows 5]
[04:37:13.07] /i de::zoom -window [gi::getWindows 5] -factor 0.5 -center {4.93125 2.075}
[04:37:13.07] /o {-2.43125 0.2375} {7.3875 4.83125}
[04:37:16.15] /# gi::executeAction seShowConsoleForWindow -in [gi::getWindows 5]
[04:37:16.15] /i sa::showConsole -context [db::getNext [de::getContexts -window 5]]
[04:37:18.27] /m Information: License 'SAE' checked out. (LICENSE-003)
[04:37:18.29] /r giWindowId 6
[04:37:18.31] /r giWindowGeometry 600x500
[04:37:18.39] /o oa:0x242e3a80
[04:37:18.42] /m Information: Launching Background sae_shell Server Process "cd /home/itsupport/Desktop/DOAN && sae_shell -log sae_shell_session0_job1 -libDefFile /home/itsupport/Desktop/DOAN/lib.defs"
[04:37:19.93] /i gi::executeAction menuPreShow -in [gi::getWindows 6]
[04:37:19.93] /r giMenuAccess db::getNext [gi::getMenus saConsoleSetupMenu -from [gi::getWindows 6]]
[04:37:21.37] /# gi::executeAction saEditModels -in [gi::getWindows 6]
[04:37:21.37] /i sa::showModelFiles -parent 6
[04:37:21.46] /i gi::setActiveDialog [gi::getDialogs {saModelFilesSetup} -parent [gi::getWindows 6]]
[04:37:21.74] /i db::setAttr geometry -of [gi::getDialogs {saModelFilesSetup} -parent [gi::getWindows 6]] -value 760x500+728+185
[04:37:22.85] /m Information: Received ready-for-commands signal from background job 'sae_shell_session0_job1' after 4 seconds.
[04:37:22.91] /i gi::setCurrentIndex {modelFilesTable} -index {0,1} -in [gi::getDialogs {saModelFilesSetup} -parent [gi::getWindows 6]]
[04:37:31.05] /r giFileDialog accept PDK/hspice/reference_models.inc
[04:37:31.05] /i gi::setField {modelFilesTable} -index {0,1} -value {/home/itsupport/Desktop/DOAN/PDK/hspice/reference_models.inc} -in [gi::getDialogs {saModelFilesSetup} -parent [gi::getWindows 6]]
[04:37:31.09] /i gi::setField {modelFilesTable} -index {0,1} -value {/home/itsupport/Desktop/DOAN/PDK/hspice/reference_models.inc} -in [gi::getDialogs {saModelFilesSetup} -parent [gi::getWindows 6]]
[04:37:31.85] /i gi::pressButton {ok} -in [gi::getDialogs {saModelFilesSetup} -parent [gi::getWindows 6]]
[04:37:32.70] /i gi::executeAction menuPreShow -in [gi::getWindows 6]
[04:37:32.70] /r giMenuAccess db::getNext [gi::getMenus saConsoleSessionMenu -from [gi::getWindows 6]]
[04:37:33.52] /i gi::executeAction menuPreShow -in [gi::getWindows 6]
[04:37:33.52] /r giMenuAccess db::getNext [gi::getMenus saConsoleSetupMenu -from [gi::getWindows 6]]
[04:37:35.42] /# gi::executeAction saShowEditAnalyses -in [gi::getWindows 6]
[04:37:35.42] /i sa::showEditAnalyses -parent 6 -analysisName "" 
[04:37:35.54] /o oa:0x2467bbd0
[04:37:35.61] /i gi::setActiveDialog [gi::getDialogs {saEditAnalysesDialogXsaeSession0} -parent [gi::getWindows 6]]
[04:37:35.87] /i db::setAttr geometry -of [gi::getDialogs {saEditAnalysesDialogXsaeSession0} -parent [gi::getWindows 6]] -value 633x680+762+257
[04:37:47.49] /i gi::setField {/analysesGroups/tabGeneral/anaPane/step} -value {100p} -in [gi::getDialogs {saEditAnalysesDialogXsaeSession0} -parent [gi::getWindows 6]]
[04:37:52.54] /i gi::setField {/analysesGroups/tabGeneral/anaPane/stop} -value {20n} -in [gi::getDialogs {saEditAnalysesDialogXsaeSession0} -parent [gi::getWindows 6]]
[04:37:52.68] /i gi::pressButton {/ok} -in [gi::getDialogs {saEditAnalysesDialogXsaeSession0} -parent [gi::getWindows 6]]
[04:37:54.95] /i gi::executeAction menuPreShow -in [gi::getWindows 6]
[04:37:54.95] /r giMenuAccess db::getNext [gi::getMenus saConsoleOutputsMenu -from [gi::getWindows 6]]
[04:37:56.35] /# gi::executeAction saSelectInDesign -in [gi::getWindows 6]
[04:37:56.35] /i sa::selectOutputs -window 6
[04:37:59.89] /# gi::executeAction deAddPoint -in [gi::getWindows 5]
[04:37:59.89] /i de::addPoint {4.0625 2.61875} -context [db::getNext [de::getContexts -window 5]]
[04:38:01.32] /# gi::executeAction deAddPoint -in [gi::getWindows 5]
[04:38:01.32] /i de::addPoint {4.0875 2.28125} -context [db::getNext [de::getContexts -window 5]]
[04:38:02.47] /# gi::executeAction deAddPoint -in [gi::getWindows 5]
[04:38:02.47] /i de::addPoint {5.43125 2.60625} -context [db::getNext [de::getContexts -window 5]]
[04:38:05.29] /i gi::setActiveWindow 6
[04:38:05.29] /i gi::setActiveWindow 6 -raise true
[04:38:07.99] /i gi::executeAction menuPreShow -in [gi::getWindows 6]
[04:38:07.99] /r giMenuAccess db::getNext [gi::getMenus saConsoleSimMenu -from [gi::getWindows 6]]
[04:38:13.53] /# gi::executeAction saNetlistAndRun -in [gi::getWindows 6]
[04:38:13.53] /i isa::netlistAndRun -testbench [sa::findActiveTestbench -window 6] -mode overwrite
[04:38:13.60] /r giWindowId 7
[04:38:13.61] /r giWindowGeometry 800x600
[04:38:13.70] /m Information: "Starting incremental netlisting for design "DOAN/test_latch/schematic"..." (NETLISTING-010)
[04:38:13.72] /o No Design Integrity rule violations found in "DOAN/test_latch/schematic"
[04:38:13.76] /m Information: "DOAN DA schematic" renetlisted. (NETLISTING-056)
[04:38:13.78] /m Information: "DOAN test_latch schematic" renetlisted. (NETLISTING-056)
[04:38:13.78] /m Information: "Netlisting design "DOAN/test_latch/schematic" finished successfully." (NETLISTING-012)
[04:38:13.78] /m Information: "Composing simulator input file for design "DOAN/test_latch/schematic"..."
[04:38:13.82] /m Information: "Simulator input file composed successfully for design "DOAN/test_latch/schematic""
[04:38:14.00] /m Information: "Starting HSPICE simulation for design: DOAN/test_latch/schematic"
[04:38:14.00] /# gi::collapse {jobMonitorTable} -index {0.0,0} -in [gi::getWindows 7]
[04:38:14.06] /o 1
[04:38:14.67] /m Information: "Simulation completed successfully for design: DOAN/test_latch/schematic "
[04:38:14.83] /m Information: Launching Background sae_shell Server Process "cd /home/itsupport/Desktop/DOAN && sae_shell -log sae_shell_session0_job2 -libDefFile /home/itsupport/Desktop/DOAN/lib.defs"
[04:38:14.84] /m Information: "Evaluating and plotting outputs..."
[04:38:15.88] /m Information: Started sharing "Custom WaveView" license. (WAVEFORM-110)
[04:38:15.90] /m Information: Launching Waveform Viewer "cd /home/itsupport/simulation/DOAN,test_latch,schematic/history_1/simulation/default/HSPICE/nominal/results &&  wv -k -cdesigner -spxkey /usr/synopsys/customcompiler/N-2017.12-SP1-2/auxx/waveform/sae.spxkey -spxrc /tmp/sae_spxrc_SKYicU -unique_string 56b1177c20321e9669aa7f613a217c24125e8d2b0833b894ed40d2f5efbf27a2fb0c0fc5bd61906681088990ce877447e32182756ab0657d -lic_type 1    > /home/itsupport/simulation/DOAN,test_latch,schematic/history_1/simulation/default/HSPICE/nominal/results/viewer.log 2>&1"
[04:38:15.90] /i gi::collapse {jobMonitorTable} -index {0.0,0} -in [gi::getWindows 7]
[04:38:16.08] /m Information: Measurement calculations completed for testbench: default in 1s
[04:38:17.39] /j ::wf::WaveView::plotSuccess WaveView_1 {} {_6fc4f90_void_pp _700d010_void_pp} 
[04:38:17.41] /j ::wf::WaveView::plotSuccess WaveView_1 {} {_6fc4f90_void_pp _700d0d8_void_pp} 
[04:38:17.44] /j ::wf::WaveView::plotSuccess WaveView_1 {} {_6fc4f90_void_pp _700d1a0_void_pp} 
[04:38:17.76] /m Information: Received ready-for-commands signal from background job 'sae_shell_session0_job2' after 3 seconds.
[04:39:17.57] /m Information: Waveform viewer exited normally.
