[00:25:04.93] /r giWindowId 0
[00:25:04.93] /r giWindowGeometry 600x300
[00:25:04.94] /o 
              /c                                 Custom Compiler 
              /c 
              /c               Version N-2017.12-SP1-2 for linux64 - May 16, 2018 
              /c 
              /c                     Copyright (c) 2004 - 2018 Synopsys, Inc.
              /c    This software and the associated documentation are proprietary to Synopsys,
              /c  Inc. This software may only be used in accordance with the terms and conditions
              /c  of a written license agreement with Synopsys, Inc. All other use, reproduction,
              /c             or distribution of this software is strictly prohibited.
              /c 
              /c Build  (OPT) Config 4182185 compiled on Wed May 16 15:20:56 2018 for RHEL64 6.6
              /c Invocation: /usr/synopsys/customcompiler/N-2017.12-SP1-2/linux64/platform/bin/cdesigner
              /c Execution time: Sun May 10 00:25:01 2026
              /c Host: localhost.localdomain
              /c Working directory: /home/itsupport/Desktop/DOAN
              /c 
[00:25:07.33] /r giShowFrameTabs true
[00:25:07.33] /r giWindowId 1
[00:25:07.33] /r giWindowGeometry 1040x800
[00:25:10.94] /# gi::pressButton {/scroll/scrollArea/scrollAreaInnerWidget/applications/dmLibraryManager} -in [gi::getWindows 1]
[00:25:10.95] /# 
[00:25:10.95] /i dm::openLibraryManager
[00:25:10.95] /r giWindowId 2
[00:25:10.95] /r giWindowGeometry 660x600+50+78
[00:25:10.98] /o oa:0x1a142030
[00:25:12.05] /i gi::setCurrentIndex {libs} -index {DOAN} -in [gi::getWindows 2]
[00:25:12.06] /i gi::setItemSelection {libs} -index {DOAN} -in [gi::getWindows 2]
[00:25:14.53] /i gi::setCurrentIndex {libs} -index {D_FF} -in [gi::getWindows 2]
[00:25:14.53] /i gi::setItemSelection {libs} -index {D_FF} -in [gi::getWindows 2]
[00:25:16.92] /i db::setAttr maximized -of [gi::getFrames 1] -value true
[00:25:17.27] /i db::setAttr geometry -of [gi::getFrames 1] -value 1910x876+5+56
[00:25:21.56] /i gi::setCurrentIndex {cells} -index {dff_nonoverlap} -in [gi::getWindows 2]
[00:25:21.56] /i gi::setItemSelection {cells} -index {dff_nonoverlap} -in [gi::getWindows 2]
[00:25:25.01] /i gi::setCurrentIndex {views} -index {schematic} -in [gi::getWindows 2]
[00:25:25.01] /# gi::executeAction dmShowNewCellView -in [gi::getWindows 2]
[00:25:25.01] /i dm::showNewCellView -parent 2
[00:25:25.06] /o oa:0x1a0cf5c0
[00:25:25.09] /i gi::setActiveDialog [gi::getDialogs {dmNewCellView} -parent [gi::getWindows 2]]
[00:25:25.34] /i db::setAttr geometry -of [gi::getDialogs {dmNewCellView} -parent [gi::getWindows 2]] -value 588x285+656+300
[00:25:37.28] /i gi::setField {cellViewName} -value {layout} -in [gi::getDialogs {dmNewCellView} -parent [gi::getWindows 2]]
[00:25:38.80] /i gi::pressButton {ok} -in [gi::getDialogs {dmNewCellView} -parent [gi::getWindows 2]]
[00:25:38.81] /# db::getAttr viewType -of [dm::findCellView layout -cell [dm::findCell dff\_nonoverlap -lib [oa::LibFind [oa::ScalarName [oa::CdbaNS] D\_FF]]]]
[00:25:38.81] /# dm::createCellView layout -cell [dm::findCell dff\_nonoverlap -lib [ oa::LibFind [oa::ScalarName [oa::CdbaNS] D\_FF]]] -viewType maskLayout
[00:25:38.81] /# de::open [dm::findCellView layout -cell [dm::findCell dff\_nonoverlap -lib [oa::LibFind [oa::ScalarName [oa::CdbaNS] D\_FF]]]] -application leLayout
[00:25:38.81] /m Information: License 'Basic' checked out. (LICENSE-003)
[00:25:38.87] /r giWindowId 3
[00:25:38.87] /r giWindowGeometry 1632x818
[00:25:38.93] /i de::setActiveLPP [de::getLPPs "exclude blockage" -from [db::getAttr editDesign -of [de::getContexts -window 3]]]
[00:25:41.46] /# gi::executeAction deSelectActive -in [gi::getWindows 3]
[00:25:41.46] /i de::deselectAllLogic -context [db::getNext [de::getContexts -window 3]]
[00:25:42.21] /i gi::setActiveWindow 2
[00:25:42.21] /i gi::setActiveWindow 2 -raise true
[00:25:43.95] /i gi::setItemSelection {views} -index {schematic} -in [gi::getWindows 2]
[00:25:44.14] /i gi::executeAction dmOpen -in [gi::getWindows 2]
[00:25:44.23] /r giWindowId 4
[00:25:44.23] /r giWindowGeometry 1632x818
[00:25:44.38] /m Information: 
[00:25:44.38] /o Checking "D_FF/dff_nonoverlap/schematic"
[00:25:44.38] /o No rule violations found in "D_FF/dff_nonoverlap/schematic"
[00:25:44.38] /m Information: Checking process is completed: marking the design violations
[00:25:44.38] /m Information: Marking of designs is completed
[00:26:07.16] /i gi::setActiveWindow 2
[00:26:07.16] /i gi::setActiveWindow 2 -raise true
[00:26:09.16] /i gi::setCurrentIndex {cells} -index {tranmision} -in [gi::getWindows 2]
[00:26:09.16] /i gi::setItemSelection {cells} -index {tranmision} -in [gi::getWindows 2]
[00:26:17.93] /i gi::setCurrentIndex {views} -index {schematic} -in [gi::getWindows 2]
[00:26:17.93] /# gi::executeAction dmShowNewCellView -in [gi::getWindows 2]
[00:26:17.93] /i dm::showNewCellView -parent 2
[00:26:17.96] /o oa:0x1f493840
[00:26:17.99] /i gi::setActiveDialog [gi::getDialogs {dmNewCellView} -parent [gi::getWindows 2]]
[00:26:18.24] /i db::setAttr geometry -of [gi::getDialogs {dmNewCellView} -parent [gi::getWindows 2]] -value 588x285+656+300
[00:26:25.08] /i gi::setField {cellViewName} -value {layout} -in [gi::getDialogs {dmNewCellView} -parent [gi::getWindows 2]]
[00:26:27.47] /i gi::pressButton {ok} -in [gi::getDialogs {dmNewCellView} -parent [gi::getWindows 2]]
[00:26:27.47] /# db::getAttr viewType -of [dm::findCellView layout -cell [dm::findCell tranmision -lib [oa::LibFind [oa::ScalarName [oa::CdbaNS] D\_FF]]]]
[00:26:27.47] /# dm::createCellView layout -cell [dm::findCell tranmision -lib [ oa::LibFind [oa::ScalarName [oa::CdbaNS] D\_FF]]] -viewType maskLayout
[00:26:27.48] /# de::open [dm::findCellView layout -cell [dm::findCell tranmision -lib [oa::LibFind [oa::ScalarName [oa::CdbaNS] D\_FF]]]] -application leLayout
[00:26:27.51] /r giWindowId 5
[00:26:27.51] /r giWindowGeometry 1632x818
[00:26:27.55] /i de::setActiveLPP [de::getLPPs "exclude blockage" -from [db::getAttr editDesign -of [de::getContexts -window 5]]]
[00:26:30.09] /i gi::setActiveWindow 2
[00:26:30.09] /i gi::setActiveWindow 2 -raise true
[00:26:31.64] /i gi::setItemSelection {views} -index {schematic} -in [gi::getWindows 2]
[00:26:31.86] /i gi::executeAction dmOpen -in [gi::getWindows 2]
[00:26:31.88] /w Warning: Conflicting definitions for ConstraintDef contactRes were read. These constraints will not be available.
[00:26:31.88] /w Warning: Conflicting definitions for ConstraintDef areaCap were read. These constraints will not be available.
[00:26:31.88] /w Warning: Conflicting definitions for ConstraintDef edgeCapacitance were read. These constraints will not be available.
[00:26:31.88] /w Warning: Conflicting definitions for ConstraintDef sheetRes were read. These constraints will not be available.
[00:26:31.88] /w Warning: Preference 'leActiveLPP' is deprecated and scheduled for removal in a future release with no replacement. For migration assistance, see the Custom Compiler Tcl Reference Manual. (PREFERENCE-058)
[00:26:31.89] /o 	#######################################
[00:26:31.89] /o 	PDK Library Name	: reference90RF
[00:26:31.89] /o 	PDK Version		: 2.0
[00:26:31.89] /o 	PDK Release Date	: 25-March-2010 
[00:26:31.89] /o 	#######################################
[00:26:31.89] /o 
[00:26:31.90] /r giWindowId 6
[00:26:31.90] /r giWindowGeometry 1632x818
[00:26:32.05] /m Information: 
[00:26:32.05] /o Checking "D_FF/tranmision/schematic"
[00:26:32.05] /o No rule violations found in "D_FF/tranmision/schematic"
[00:26:32.05] /m Information: Checking process is completed: marking the design violations
[00:26:32.05] /m Information: Marking of designs is completed
[00:26:43.60] /# gi::executeAction deCanvasZoomOutAtPoint -in [gi::getWindows 6]
[00:26:43.60] /i de::zoom -window [gi::getWindows 6] -factor 0.5 -center {4.64375 0.8875}
[00:26:43.60] /o {-1.86875 0.875} {9.83125 6.35}
[00:26:43.60] /# gi::executeAction deCanvasZoomOutAtPoint -in [gi::getWindows 6]
[00:26:43.60] /i de::zoom -window [gi::getWindows 6] -factor 0.5 -center {4.6375 0.89375}
[00:26:43.60] /o {-8.36875 0.85625} {15.01875 11.80625}
[00:26:46.49] /# gi::executeAction deCanvasZoomOutAtPoint -in [gi::getWindows 6]
[00:26:46.49] /i de::zoom -window [gi::getWindows 6] -factor 0.5 -center {4.26875 3.03125}
[00:26:46.50] /o {-21.0125 -1.3125} {25.775 20.575}
[00:26:46.53] /# gi::executeAction deCanvasZoomOutAtPoint -in [gi::getWindows 6]
[00:26:46.53] /i de::zoom -window [gi::getWindows 6] -factor 0.5 -center {4.275 3.0375}
[00:26:46.53] /o {-46.3 -5.6625} {47.275 38.1125}
[00:26:47.02] /# gi::executeAction deCanvasZoomInAtPoint -in [gi::getWindows 6]
[00:26:47.02] /i de::zoom -window [gi::getWindows 6] -factor 2.0 -center {4.8625 2.55625}
[00:26:47.02] /o {-20.71875 -1.55625} {26.06875 20.3375}
[00:26:47.49] /# gi::executeAction deCanvasZoomInAtPoint -in [gi::getWindows 6]
[00:26:47.49] /i de::zoom -window [gi::getWindows 6] -factor 2.0 -center {3.19375 2.31875}
[00:26:47.50] /o {-8.7625 0.38125} {14.63125 11.325}
[00:26:47.53] /# gi::executeAction deCanvasZoomInAtPoint -in [gi::getWindows 6]
[00:26:47.53] /i de::zoom -window [gi::getWindows 6] -factor 2.0 -center {3.19375 2.31875}
[00:26:47.53] /o {-2.78125 1.35} {8.9125 6.825}
[00:26:48.07] /# gi::executeAction deSelectActive -in [gi::getWindows 6]
[00:26:48.07] /i de::deselectAllLogic -context [db::getNext [de::getContexts -window 6]]
[00:26:48.19] /# gi::executeAction deFitEdit -in [gi::getWindows 6]
[00:26:48.19] /i de::fit -window 6 -fitEdit true
[00:26:48.20] /o {1.3875 0.88125} {7.2375 3.61875}
[00:27:41.06] /# gi::executeAction deCanvasZoomInAtPoint -in [gi::getWindows 6]
[00:27:41.06] /i de::zoom -window [gi::getWindows 6] -factor 2.0 -center {3.31875 2.24375}
[00:27:41.06] /o {2.35625 1.5625} {5.275 2.93125}
[00:27:41.95] /# gi::executeAction deCanvasZoomOutAtPoint -in [gi::getWindows 6]
[00:27:41.95] /i de::zoom -window [gi::getWindows 6] -factor 0.5 -center {3.31875 2.2375}
[00:27:41.95] /o {1.3875 0.8875} {7.2375 3.625}
[00:27:42.41] /# gi::executeAction deCanvasZoomInAtPoint -in [gi::getWindows 6]
[00:27:42.41] /i de::zoom -window [gi::getWindows 6] -factor 2.0 -center {3.1 2.24375}
[00:27:42.41] /o {2.24375 1.56875} {5.16875 2.93125}
[00:27:43.83] /# gi::executeAction deCanvasZoomOutAtPoint -in [gi::getWindows 6]
[00:27:43.83] /i de::zoom -window [gi::getWindows 6] -factor 0.5 -center {3.1 2.24375}
[00:27:43.83] /o {1.3875 0.8875} {7.2375 3.625}
[00:27:48.97] /# gi::executeAction deCanvasZoomInAtPoint -in [gi::getWindows 6]
[00:27:48.97] /i de::zoom -window [gi::getWindows 6] -factor 2.0 -center {3.2 2.3375}
[00:27:48.97] /o {2.29375 1.6125} {5.21875 2.98125}
[00:27:49.80] /# gi::executeAction deCanvasZoomOutAtPoint -in [gi::getWindows 6]
[00:27:49.80] /i de::zoom -window [gi::getWindows 6] -factor 0.5 -center {3.2 2.3375}
[00:27:49.80] /o {1.3875 0.8875} {7.2375 3.625}
[00:27:50.69] /i gi::setActiveWindow 5
[00:27:50.69] /i gi::setActiveWindow 5 -raise true
[00:27:59.59] /# gi::executeAction leInstance -in [gi::getWindows 5]
[00:27:59.59] /i ile::createInst
[00:27:59.67] /i gi::setActiveDialog [gi::getDialogs {leCreateInst} -parent [gi::getWindows 5]]
[00:27:59.98] /i db::setAttr geometry -of [gi::getDialogs {leCreateInst}] -value 612x532+654+178
[00:28:01.64] /i gi::setCurrentIndex {instLCVLibs} -index {reference90RF} -in [gi::getDialogs {leCreateInst} -parent [gi::getWindows 5]]
[00:28:01.66] /i gi::setItemSelection {instLCVLibs} -index {reference90RF} -in [gi::getDialogs {leCreateInst} -parent [gi::getWindows 5]]
[00:28:04.31] /i gi::executeAction deObjectActivation -in [gi::getWindows 5]
[00:28:05.89] /i gi::setField {instLCVCellsFilter} -value {n_} -in [gi::getDialogs {leCreateInst} -parent [gi::getWindows 5]]
[00:28:05.89] /i gi::setCurrentIndex {instLCVCells} -index {n_4t} -in [gi::getDialogs {leCreateInst} -parent [gi::getWindows 5]]
[00:28:06.70] /i gi::setItemSelection {instLCVCells} -index {n_4t} -in [gi::getDialogs {leCreateInst} -parent [gi::getWindows 5]]
[00:28:10.56] /i gi::executeAction deObjectActivation -in [gi::getWindows 5]
[00:28:10.61] /i gi::setActiveWindow 4
[00:28:10.61] /i gi::setActiveWindow 4 -raise true
[00:28:12.86] /i gi::closeWindows [gi::getDialogs {leCreateInst} -parent [gi::getWindows 5]]
[00:28:13.83] /i gi::setActiveWindow 6
[00:28:13.83] /i gi::setActiveWindow 6 -raise true
[00:28:27.98] /i gi::setActiveWindow 5
[00:28:27.98] /i gi::setActiveWindow 5 -raise true
[00:28:32.86] /# gi::executeAction leInstance -in [gi::getWindows 5]
[00:28:32.86] /i ile::createInst
[00:28:32.91] /o 0
[00:28:32.97] /i gi::setActiveDialog [gi::getDialogs {leCreateInst} -parent [gi::getWindows 5]]
[00:28:33.22] /i db::setAttr geometry -of [gi::getDialogs {leCreateInst}] -value 612x532+654+141
[00:28:35.53] /i gi::setActiveTab {tabWidget} -tabName {instParamTab} -in [gi::getDialogs {leCreateInst} -parent [gi::getWindows 5]]
[00:28:37.08] /i gi::setItemSelection {instParamExpand} -index {w,all} -in [gi::getDialogs {leCreateInst} -parent [gi::getWindows 5]]
[00:28:37.09] /i gi::setCurrentIndex {instParamExpand} -index {w,Value} -in [gi::getDialogs {leCreateInst} -parent [gi::getWindows 5]]
[00:28:41.55] /i gi::setField {instParamExpand} -value {0.36u} -index {w,Value} -in [gi::getDialogs {leCreateInst} -parent [gi::getWindows 5]]
[00:28:41.55] /i gi::setItemSelection {instParamExpand} -index {l,all} -in [gi::getDialogs {leCreateInst} -parent [gi::getWindows 5]]
[00:28:41.55] /i gi::setCurrentIndex {instParamExpand} -index {l,Value} -in [gi::getDialogs {leCreateInst} -parent [gi::getWindows 5]]
[00:28:43.00] /i gi::setField {instParamExpand} -value {0.2u} -index {l,Value} -in [gi::getDialogs {leCreateInst} -parent [gi::getWindows 5]]
[00:28:43.91] /# gi::executeAction deCanvasZoomOutAtPoint -in [gi::getWindows 5]
[00:28:43.91] /i de::zoom -window [gi::getWindows 5] -factor 0.5 -center {0.234 0.041}
[00:28:43.91] /o {-1.064 -0.391} {0.597 0.31}
[00:28:44.02] /# gi::executeAction deCanvasZoomOutAtPoint -in [gi::getWindows 5]
[00:28:44.02] /i de::zoom -window [gi::getWindows 5] -factor 0.5 -center {0.27 0.042}
[00:28:44.02] /o {-2.399 -0.825} {0.923 0.577}
[00:28:44.32] /# gi::executeAction deCanvasZoomOutAtPoint -in [gi::getWindows 5]
[00:28:44.32] /i de::zoom -window [gi::getWindows 5] -factor 0.5 -center {0.285 0.063}
[00:28:44.32] /o {-5.083 -1.713} {1.561 1.091}
[00:28:45.24] /# gi::executeAction deAddPoint -in [gi::getWindows 5]
[00:28:45.24] /i de::addPoint {0.477 0.347} -context [db::getNext [de::getContexts -window 5]]
[00:28:45.48] /i gi::setCurrentIndex {instParamExpand} -index {model,Prompt} -in [gi::getDialogs {leCreateInst} -parent [gi::getWindows 5]]
[00:28:48.29] /i gi::executeAction deObjectActivation -in [gi::getWindows 5]
[00:28:49.85] /i gi::setField {instLCVCellsFilter} -value {p_} -in [gi::getDialogs {leCreateInst} -parent [gi::getWindows 5]]
[00:28:49.85] /i gi::setCurrentIndex {instLCVCells} -index {p_4t} -in [gi::getDialogs {leCreateInst} -parent [gi::getWindows 5]]
[00:28:49.89] /i gi::setItemSelection {instLCVCells} -index {p_4t} -in [gi::getDialogs {leCreateInst} -parent [gi::getWindows 5]]
[00:28:51.60] /i gi::setItemSelection {instParamExpand} -index {w,all} -in [gi::getDialogs {leCreateInst} -parent [gi::getWindows 5]]
[00:28:51.60] /i gi::setCurrentIndex {instParamExpand} -index {w,Value} -in [gi::getDialogs {leCreateInst} -parent [gi::getWindows 5]]
[00:28:55.37] /i gi::setField {instParamExpand} -value {1.44u} -index {w,Value} -in [gi::getDialogs {leCreateInst} -parent [gi::getWindows 5]]
[00:28:55.37] /i gi::setItemSelection {instParamExpand} -index {l,all} -in [gi::getDialogs {leCreateInst} -parent [gi::getWindows 5]]
[00:28:55.37] /i gi::setCurrentIndex {instParamExpand} -index {l,Value} -in [gi::getDialogs {leCreateInst} -parent [gi::getWindows 5]]
[00:28:57.60] /i gi::setField {instParamExpand} -value {0.2u} -index {l,Value} -in [gi::getDialogs {leCreateInst} -parent [gi::getWindows 5]]
[00:28:58.44] /i gi::executeAction deObjectActivation -in [gi::getWindows 5]
[00:28:59.09] /# gi::executeAction deCanvasZoomOutAtPoint -in [gi::getWindows 5]
[00:28:59.10] /i de::zoom -window [gi::getWindows 5] -factor 0.5 -center {0.409 -0.949}
[00:28:59.10] /o {-10.575 -2.477} {2.713 3.131}
[00:29:01.43] /# gi::executeAction deAddPoint -in [gi::getWindows 5]
[00:29:01.43] /i de::addPoint {0.817 1.435} -context [db::getNext [de::getContexts -window 5]]
[00:29:02.48] /# gi::executeAction deAbortCommand -in [gi::getWindows 5]
[00:29:02.48] /i de::abortCommand -context [db::getNext [de::getContexts -window 5]]
[00:29:03.66] /# gi::executeAction deFitView -in [gi::getWindows 5]
[00:29:03.66] /i de::fit -window 5 -fitView true
[00:29:03.66] /o {-3.009 0.054} {4.599 3.266}
[00:29:06.78] /i gi::setField {stopLevel} -value {1} -in [gi::getToolbars {leHierarchy} -from [gi::getWindows 5]]
[00:29:08.73] /# gi::executeAction deSelectByWindow -in [gi::getWindows 5]
[00:29:08.73] /i db::setPrefValue deSelectMode -value Replace -scope [db::getScopes [db::getNext [de::getContexts -window 5]]]; ide::selectByRegion -region rectangle -point {-0.45 0.94} 
[00:29:09.91] /# gi::executeAction deEndDrag -in [gi::getWindows 5]
[00:29:09.91] /i de::endDrag {1.681 0.155} -context [db::getNext [de::getContexts -window 5]]
[00:29:11.15] /# gi::executeAction leMove -in [gi::getWindows 5]
[00:29:11.15] /i ile::move
[00:29:11.77] /# gi::executeAction deAddPoint -in [gi::getWindows 5]
[00:29:11.77] /i de::addPoint {0.802 0.613} -context [db::getNext [de::getContexts -window 5]]
[00:29:13.05] /# gi::executeAction deCanvasZoomInAtPoint -in [gi::getWindows 5]
[00:29:13.05] /i de::zoom -window [gi::getWindows 5] -factor 2.0 -center {1.182 0.664}
[00:29:13.05] /o {-0.914 0.359} {2.891 1.965}
[00:29:15.44] /# gi::executeAction deAddPoint -in [gi::getWindows 5]
[00:29:15.44] /i de::addPoint {1.122 0.884} -context [db::getNext [de::getContexts -window 5]]
[00:29:15.77] /# gi::executeAction deCanvasZoomOutAtPoint -in [gi::getWindows 5]
[00:29:15.77] /i de::zoom -window [gi::getWindows 5] -factor 0.5 -center {1.063 0.792}
[00:29:15.77] /o {-2.89 -0.074} {4.718 3.138}
[00:29:16.32] /# gi::executeAction deCanvasZoomInAtPoint -in [gi::getWindows 5]
[00:29:16.32] /i de::zoom -window [gi::getWindows 5] -factor 2.0 -center {0.151 0.229}
[00:29:16.32] /o {-1.37 0.078} {2.435 1.683}
[00:29:16.62] /# gi::executeAction deCanvasZoomOutAtPoint -in [gi::getWindows 5]
[00:29:16.62] /i de::zoom -window [gi::getWindows 5] -factor 0.5 -center {0.197 0.277}
[00:29:16.62] /o {-2.936 -0.122} {4.672 3.09}
[00:29:16.73] /# gi::executeAction deCanvasZoomOutAtPoint -in [gi::getWindows 5]
[00:29:16.73] /i de::zoom -window [gi::getWindows 5] -factor 0.5 -center {0.256 0.346}
[00:29:16.73] /o {-6.129 -0.589} {9.089 5.833}
[00:29:17.03] /# gi::executeAction deFitView -in [gi::getWindows 5]
[00:29:17.03] /i de::fit -window 5 -fitView true
[00:29:17.03] /o {-2.889 0.054} {4.719 3.266}
[00:29:17.39] /# gi::executeAction deCanvasZoomInAtPoint -in [gi::getWindows 5]
[00:29:17.39] /i de::zoom -window [gi::getWindows 5] -factor 2.0 -center {0.354 0.444}
[00:29:17.39] /o {-1.268 0.249} {2.537 1.855}
[00:29:17.74] /# gi::executeAction deCanvasZoomOutAtPoint -in [gi::getWindows 5]
[00:29:17.74] /i de::zoom -window [gi::getWindows 5] -factor 0.5 -center {0.356 0.444}
[00:29:17.74] /o {-2.891 0.054} {4.717 3.266}
[00:29:17.79] /# gi::executeAction deCanvasZoomOutAtPoint -in [gi::getWindows 5]
[00:29:17.79] /i de::zoom -window [gi::getWindows 5] -factor 0.5 -center {0.356 0.444}
[00:29:17.79] /o {-6.139 -0.335} {9.079 6.087}
[00:29:18.35] /# gi::executeAction deCanvasZoomInAtPoint -in [gi::getWindows 5]
[00:29:18.36] /i de::zoom -window [gi::getWindows 5] -factor 2.0 -center {0.522 -0.097}
[00:29:18.36] /o {-2.808 -0.216} {4.8 2.995}
[00:29:18.40] /# gi::executeAction deCanvasZoomInAtPoint -in [gi::getWindows 5]
[00:29:18.40] /i de::zoom -window [gi::getWindows 5] -factor 2.0 -center {0.522 -0.097}
[00:29:18.40] /o {-1.143 -0.157} {2.661 1.449}
[00:29:19.18] /# gi::executeAction deSelectByWindow -in [gi::getWindows 5]
[00:29:19.18] /i db::setPrefValue deSelectMode -value Replace -scope [db::getScopes [db::getNext [de::getContexts -window 5]]]; ide::selectByRegion -region rectangle -point {0.135 0.885} 
[00:29:19.94] /# gi::executeAction deEndDrag -in [gi::getWindows 5]
[00:29:19.94] /i de::endDrag {1.58 0.05} -context [db::getNext [de::getContexts -window 5]]
[00:29:20.99] /# gi::executeAction leMove -in [gi::getWindows 5]
[00:29:20.99] /i ile::move
[00:29:21.77] /# gi::executeAction deAddPoint -in [gi::getWindows 5]
[00:29:21.77] /i de::addPoint {0.916 0.43} -context [db::getNext [de::getContexts -window 5]]
[00:29:26.59] /# gi::executeAction deAddPoint -in [gi::getWindows 5]
[00:29:26.59] /i de::addPoint {0.939 0.43} -context [db::getNext [de::getContexts -window 5]]
[00:29:27.02] /# gi::executeAction deCanvasZoomInAtPoint -in [gi::getWindows 5]
[00:29:27.02] /i de::zoom -window [gi::getWindows 5] -factor 2.0 -center {0.49 0.237}
[00:29:27.02] /o {-0.327 0.04} {1.576 0.843}
[00:29:27.38] /# gi::executeAction deCanvasZoomOutAtPoint -in [gi::getWindows 5]
[00:29:27.38] /i de::zoom -window [gi::getWindows 5] -factor 0.5 -center {0.483 0.262}
[00:29:27.38] /o {-1.136 -0.182} {2.668 1.424}
[00:29:27.93] /# gi::executeAction deCanvasZoomOutAtPoint -in [gi::getWindows 5]
[00:29:27.93] /i de::zoom -window [gi::getWindows 5] -factor 0.5 -center {0.476 0.579}
[00:29:27.93] /o {-2.748 -0.942} {4.86 2.269}
[00:29:28.45] /# gi::executeAction deCanvasZoomInAtPoint -in [gi::getWindows 5]
[00:29:28.45] /i de::zoom -window [gi::getWindows 5] -factor 2.0 -center {0.376 0.927}
[00:29:28.45] /o {-1.186 -0.008} {2.618 1.598}
[00:29:29.29] /# gi::executeAction deSelectActive -in [gi::getWindows 5]
[00:29:29.29] /i de::deselectAll [db::getNext [de::getContexts -window 5]]
[00:29:29.29] /i de::deselectAllLogic -context [db::getNext [de::getContexts -window 5]]
[00:29:29.73] /# gi::executeAction deCanvasZoomInAtPoint -in [gi::getWindows 5]
[00:29:29.73] /i de::zoom -window [gi::getWindows 5] -factor 2.0 -center {0.552 1.055}
[00:29:29.73] /o {-0.317 0.524} {1.585 1.327}
[00:29:29.79] /# gi::executeAction deCanvasZoomInAtPoint -in [gi::getWindows 5]
[00:29:29.79] /i de::zoom -window [gi::getWindows 5] -factor 2.0 -center {0.552 1.055}
[00:29:29.79] /o {0.117 0.789} {1.069 1.191}
[00:29:30.09] /# gi::executeAction deCanvasZoomOutAtPoint -in [gi::getWindows 5]
[00:29:30.09] /i de::zoom -window [gi::getWindows 5] -factor 0.5 -center {0.552 1.056}
[00:29:30.09] /o {-0.317 0.523} {1.585 1.326}
[00:29:30.17] /# gi::executeAction deCanvasZoomOutAtPoint -in [gi::getWindows 5]
[00:29:30.17] /i de::zoom -window [gi::getWindows 5] -factor 0.5 -center {0.552 1.056}
[00:29:30.17] /o {-1.186 -0.011} {2.618 1.595}
[00:29:33.48] /i gi::setActiveWindow 6
[00:29:33.48] /i gi::setActiveWindow 6 -raise true
[00:29:54.41] /i gi::setActiveWindow 5
[00:29:54.41] /i gi::setActiveWindow 5 -raise true
[00:29:55.23] /# gi::executeAction deCanvasZoomOutAtPoint -in [gi::getWindows 5]
[00:29:55.23] /i de::zoom -window [gi::getWindows 5] -factor 0.5 -center {0.538 1.084}
[00:29:55.23] /o {-2.91 -1.105} {4.698 2.106}
[00:29:56.68] /i gi::setActiveWindow 6
[00:29:56.68] /i gi::setActiveWindow 6 -raise true
[00:29:57.68] /# gi::executeAction deCanvasZoomInAtPoint -in [gi::getWindows 6]
[00:29:57.68] /i de::zoom -window [gi::getWindows 6] -factor 2.0 -center {3.8 2.60625}
[00:29:57.68] /o {2.59375 1.75} {5.51875 3.1125}
[00:29:58.24] /# gi::executeAction deCanvasZoomInAtPoint -in [gi::getWindows 6]
[00:29:58.24] /i de::zoom -window [gi::getWindows 6] -factor 2.0 -center {3.8 2.60625}
[00:29:58.24] /o {3.2 2.175} {4.65625 2.8625}
[00:29:59.17] /# gi::executeAction deCanvasZoomOutAtPoint -in [gi::getWindows 6]
[00:29:59.17] /i de::zoom -window [gi::getWindows 6] -factor 0.5 -center {3.8 2.60625}
[00:29:59.17] /o {2.59375 1.75} {5.51875 3.1125}
[00:30:03.85] /# gi::executeAction deCanvasZoomOutAtPoint -in [gi::getWindows 6]
[00:30:03.85] /i de::zoom -window [gi::getWindows 6] -factor 0.5 -center {3.75 2.69375}
[00:30:03.85] /o {1.4375 0.8} {7.2875 3.5375}
[00:30:04.34] /# gi::executeAction deCanvasZoomInAtPoint -in [gi::getWindows 6]
[00:30:04.34] /i de::zoom -window [gi::getWindows 6] -factor 2.0 -center {3.7 2.43125}
[00:30:04.34] /o {2.56875 1.61875} {5.49375 2.98125}
[00:30:25.45] /i gi::setActiveWindow 5
[00:30:25.45] /i gi::setActiveWindow 5 -raise true
[00:30:26.87] /# gi::executeAction deCanvasZoomInAtPoint -in [gi::getWindows 5]
[00:30:26.87] /i de::zoom -window [gi::getWindows 5] -factor 2.0 -center {0.223 1.575}
[00:30:26.87] /o {-1.344 0.235} {2.461 1.841}
[00:30:27.47] /# gi::executeAction deCanvasZoomOutAtPoint -in [gi::getWindows 5]
[00:30:27.47] /i de::zoom -window [gi::getWindows 5] -factor 0.5 -center {0.223 1.575}
[00:30:27.47] /o {-2.91 -1.105} {4.698 2.106}
[00:30:28.67] /# gi::executeAction deFitView -in [gi::getWindows 5]
[00:30:28.67] /i de::fit -window 5 -fitView true
[00:30:28.67] /o {-2.889 0.054} {4.719 3.266}
[00:30:29.97] /# gi::executeAction deCanvasZoomInAtPoint -in [gi::getWindows 5]
[00:30:29.97] /i de::zoom -window [gi::getWindows 5] -factor 2.0 -center {0.638 1.026}
[00:30:29.97] /o {-1.126 0.54} {2.679 2.146}
[00:30:34.48] /# gi::setField {lppFilter} -value {m1} -in [gi::getAssistants leObjectLayerPanel -from [gi::getWindows 5]]
[00:30:34.48] /# gi::setCurrentIndex {lpps} -index {m1 drw} -in [gi::getAssistants leObjectLayerPanel -from [gi::getWindows 5]]
[00:30:34.48] /# gi::setItemSelection {lpps} -index {m1 drw} -in [gi::getAssistants leObjectLayerPanel -from [gi::getWindows 5]]
[00:30:34.57] /# gi::executeAction leOLPSetActiveLPP -in [gi::getAssistants leObjectLayerPanel -from [gi::getWindows 5]]
[00:30:34.57] /i de::setActiveLPP [de::getLPPs -from [oa::DesignFind D_FF tranmision layout] -filter {%lpp =="m1 drawing"}]
[00:30:34.82] /# gi::executeAction deCanvasZoomOutAtPoint -in [gi::getWindows 5]
[00:30:34.82] /i de::zoom -window [gi::getWindows 5] -factor 0.5 -center {1.126 1.067}
[00:30:34.82] /o {-3.377 0.013} {4.231 3.225}
[00:30:34.89] /# gi::executeAction deCanvasZoomOutAtPoint -in [gi::getWindows 5]
[00:30:34.89] /i de::zoom -window [gi::getWindows 5] -factor 0.5 -center {1.126 1.067}
[00:30:34.89] /o {-7.881 -1.04} {7.337 5.382}
[00:30:35.34] /# gi::executeAction deCanvasZoomInAtPoint -in [gi::getWindows 5]
[00:30:35.34] /i de::zoom -window [gi::getWindows 5] -factor 2.0 -center {-0.469 0.215}
[00:30:35.34] /o {-4.175 -0.413} {3.434 2.799}
[00:30:35.49] /# gi::executeAction deCanvasZoomInAtPoint -in [gi::getWindows 5]
[00:30:35.49] /i de::zoom -window [gi::getWindows 5] -factor 2.0 -center {0.127 0.275}
[00:30:35.50] /o {-2.024 -0.069} {1.78 1.537}
[00:30:36.03] /# gi::executeAction deCanvasZoomOutAtPoint -in [gi::getWindows 5]
[00:30:36.03] /i de::zoom -window [gi::getWindows 5] -factor 0.5 -center {0.553 0.472}
[00:30:36.03] /o {-4.601 -0.61} {3.008 2.602}
[00:30:36.90] /# gi::executeAction deSelectByWindow -in [gi::getWindows 5]
[00:30:36.90] /i db::setPrefValue deSelectMode -value Replace -scope [db::getScopes [db::getNext [de::getContexts -window 5]]]; ide::selectByRegion -region rectangle -point {0.16 1.08} 
[00:30:37.85] /# gi::executeAction deEndDrag -in [gi::getWindows 5]
[00:30:37.85] /i de::endDrag {1.844 -0.147} -context [db::getNext [de::getContexts -window 5]]
[00:30:38.66] /# gi::executeAction leMove -in [gi::getWindows 5]
[00:30:38.66] /i ile::move
[00:30:39.13] /# gi::executeAction deAddPoint -in [gi::getWindows 5]
[00:30:39.13] /i de::addPoint {1.189 0.38} -context [db::getNext [de::getContexts -window 5]]
[00:30:42.63] /# gi::executeAction deAddPoint -in [gi::getWindows 5]
[00:30:42.63] /i de::addPoint {1.281 -0.193} -context [db::getNext [de::getContexts -window 5]]
[00:30:42.99] /# gi::executeAction deCanvasZoomInAtPoint -in [gi::getWindows 5]
[00:30:42.99] /i de::zoom -window [gi::getWindows 5] -factor 2.0 -center {1.162 0.526}
[00:30:42.99] /o {-1.719 -0.042} {2.085 1.564}
[00:30:44.15] /# gi::executeAction deCanvasZoomOutAtPoint -in [gi::getWindows 5]
[00:30:44.15] /i de::zoom -window [gi::getWindows 5] -factor 0.5 -center {1.162 0.526}
[00:30:44.16] /o {-4.601 -0.61} {3.008 2.602}
[00:30:45.39] /# gi::executeAction deFitView -in [gi::getWindows 5]
[00:30:45.39] /i de::fit -window 5 -fitView true
[00:30:45.39] /o {-3.646 -0.553} {5.476 3.298}
[00:30:46.20] /# gi::executeAction deSelectActive -in [gi::getWindows 5]
[00:30:46.20] /i de::deselectAll [db::getNext [de::getContexts -window 5]]
[00:30:46.20] /i de::deselectAllLogic -context [db::getNext [de::getContexts -window 5]]
[00:30:46.74] /# gi::executeAction deCanvasZoomInAtPoint -in [gi::getWindows 5]
[00:30:46.74] /i de::zoom -window [gi::getWindows 5] -factor 2.0 -center {0.693 0.826}
[00:30:46.74] /o {-1.477 0.137} {3.085 2.062}
[00:30:48.28] /# gi::executeAction deCanvasZoomOutAtPoint -in [gi::getWindows 5]
[00:30:48.28] /i de::zoom -window [gi::getWindows 5] -factor 0.5 -center {0.693 0.826}
[00:30:48.28] /o {-3.646 -0.553} {5.476 3.298}
[00:30:56.90] /# gi::executeAction deCanvasZoomInAtPoint -in [gi::getWindows 5]
[00:30:56.90] /i de::zoom -window [gi::getWindows 5] -factor 2.0 -center {0.522 0.799}
[00:30:56.91] /o {-1.562 0.123} {2.999 2.048}
[00:30:57.92] /# gi::executeAction deSelectActive -in [gi::getWindows 5]
[00:30:57.92] /i de::deselectAllLogic -context [db::getNext [de::getContexts -window 5]]
[00:31:01.48] /# gi::executeAction leInterconnect -in [gi::getWindows 5]
[00:31:01.49] /i ile::createInterconnect
[00:31:03.91] /# gi::executeAction deCanvasZoomInAtPoint -in [gi::getWindows 5]
[00:31:03.91] /i de::zoom -window [gi::getWindows 5] -factor 2.0 -center {0.676 2.007}
[00:31:03.91] /o {-0.443 1.065} {1.838 2.028}
[00:31:05.05] /# gi::executeAction deAddPoint -in [gi::getWindows 5]
[00:31:05.05] /i de::addPoint {0.69 2.008} -context [db::getNext [de::getContexts -window 5]]
[00:31:06.14] /# gi::executeAction deCanvasZoomOutAtPoint -in [gi::getWindows 5]
[00:31:06.14] /i de::zoom -window [gi::getWindows 5] -factor 0.5 -center {0.695 1.645}
[00:31:06.14] /o {-1.581 0.485} {2.98 2.41}
[00:31:06.79] /# gi::executeAction deCanvasZoomInAtPoint -in [gi::getWindows 5]
[00:31:06.79] /i de::zoom -window [gi::getWindows 5] -factor 2.0 -center {0.712 1.397}
[00:31:06.79] /o {-0.435 0.941} {1.846 1.904}
[00:31:07.09] /# gi::executeAction deCanvasZoomInAtPoint -in [gi::getWindows 5]
[00:31:07.09] /i de::zoom -window [gi::getWindows 5] -factor 2.0 -center {0.712 1.397}
[00:31:07.09] /o {0.139 1.169} {1.279 1.65}
[00:31:07.57] /# gi::executeAction deCanvasZoomOutAtPoint -in [gi::getWindows 5]
[00:31:07.57] /i de::zoom -window [gi::getWindows 5] -factor 0.5 -center {0.712 1.397}
[00:31:07.57] /o {-0.435 0.941} {1.846 1.904}
[00:31:07.61] /# gi::executeAction deCanvasZoomOutAtPoint -in [gi::getWindows 5]
[00:31:07.61] /i de::zoom -window [gi::getWindows 5] -factor 0.5 -center {0.712 1.397}
[00:31:07.61] /o {-1.581 0.485} {2.98 2.41}
[00:31:07.65] /# gi::executeAction deCanvasZoomOutAtPoint -in [gi::getWindows 5]
[00:31:07.65] /i de::zoom -window [gi::getWindows 5] -factor 0.5 -center {0.712 1.397}
[00:31:07.65] /o {-3.874 -0.427} {5.248 3.423}
[00:31:08.82] /# gi::executeAction deCanvasZoomInAtPoint -in [gi::getWindows 5]
[00:31:08.82] /i de::zoom -window [gi::getWindows 5] -factor 2.0 -center {0.75 -0.174}
[00:31:08.82] /o {-1.562 -0.3} {2.999 1.625}
[00:31:08.89] /# gi::executeAction deCanvasZoomInAtPoint -in [gi::getWindows 5]
[00:31:08.89] /i de::zoom -window [gi::getWindows 5] -factor 2.0 -center {0.75 -0.174}
[00:31:08.90] /o {-0.406 -0.237} {1.875 0.725}
[00:31:10.03] /# gi::executeAction deCanvasZoomInAtPoint -in [gi::getWindows 5]
[00:31:10.03] /i de::zoom -window [gi::getWindows 5] -factor 2.0 -center {0.688 -0.142}
[00:31:10.03] /o {0.141 -0.19} {1.281 0.292}
[00:31:10.17] /# gi::executeAction deCanvasZoomInAtPoint -in [gi::getWindows 5]
[00:31:10.17] /i de::zoom -window [gi::getWindows 5] -factor 2.0 -center {0.688 -0.142}
[00:31:10.17] /o {0.414 -0.166} {0.985 0.075}
[00:31:11.94] /# gi::executeAction deAddPoint -in [gi::getWindows 5]
[00:31:11.94] /i de::addPoint {0.689 -0.134} -context [db::getNext [de::getContexts -window 5]]
[00:31:12.12] /# gi::executeAction deCompleteShape -in [gi::getWindows 5]
[00:31:12.12] /i de::completeShape -context [db::getNext [de::getContexts -window 5]]
[00:31:12.61] /# gi::executeAction deCanvasZoomOutAtPoint -in [gi::getWindows 5]
[00:31:12.61] /i de::zoom -window [gi::getWindows 5] -factor 0.5 -center {0.689 -0.134}
[00:31:12.61] /o {0.14 -0.198} {1.28 0.284}
[00:31:13.06] /# gi::executeAction deAbortCommand -in [gi::getWindows 5]
[00:31:13.06] /i de::abortCommand -context [db::getNext [de::getContexts -window 5]]
[00:31:13.46] /# gi::executeAction deCanvasZoomOutAtPoint -in [gi::getWindows 5]
[00:31:13.46] /i de::zoom -window [gi::getWindows 5] -factor 0.5 -center {0.785 0.005}
[00:31:13.46] /o {-0.505 -0.4} {1.776 0.562}
[00:31:14.39] /# gi::executeAction deSelectActive -in [gi::getWindows 5]
[00:31:14.39] /i de::deselectAll [db::getNext [de::getContexts -window 5]]
[00:31:14.39] /i de::select [de::getActiveFigure [gi::getWindows 5] -point {1.202 0.196} -index 0 -intent none]
[00:31:14.39] /o oa:0x21a46be0
[00:31:15.16] /# gi::executeAction leMove -in [gi::getWindows 5]
[00:31:15.16] /i ile::move
[00:31:15.45] /# gi::executeAction deAddPoint -in [gi::getWindows 5]
[00:31:15.45] /i de::addPoint {1.202 0.196} -context [db::getNext [de::getContexts -window 5]]
[00:31:17.61] /# gi::executeAction deAddPoint -in [gi::getWindows 5]
[00:31:17.61] /i de::addPoint {1.195 0.196} -context [db::getNext [de::getContexts -window 5]]
[00:31:18.97] /# gi::executeAction deCanvasZoomOutAtPoint -in [gi::getWindows 5]
[00:31:18.97] /i de::zoom -window [gi::getWindows 5] -factor 0.5 -center {1.193 0.204}
[00:31:18.97] /o {-2.203 -1.004} {2.358 0.921}
[00:31:19.72] /# gi::executeAction deSelectActive -in [gi::getWindows 5]
[00:31:19.72] /i de::deselectAll [db::getNext [de::getContexts -window 5]]
[00:31:19.72] /i de::deselectAllLogic -context [db::getNext [de::getContexts -window 5]]
[00:31:20.98] /# gi::executeAction deFitView -in [gi::getWindows 5]
[00:31:20.98] /i de::fit -window 5 -fitView true
[00:31:20.98] /o {-3.646 -0.553} {5.476 3.298}
[00:31:41.06] /i gi::setActiveWindow 6
[00:31:41.06] /i gi::setActiveWindow 6 -raise true
[00:31:46.37] /i gi::setActiveWindow 5
[00:31:46.37] /i gi::setActiveWindow 5 -raise true
[00:31:49.88] /# gi::executeAction leInterconnect -in [gi::getWindows 5]
[00:31:49.88] /i ile::createInterconnect
[00:31:50.40] /# gi::executeAction deCanvasZoomInAtPoint -in [gi::getWindows 5]
[00:31:50.40] /i de::zoom -window [gi::getWindows 5] -factor 2.0 -center {1.511 1.809}
[00:31:50.40] /o {-1.068 0.628} {3.494 2.553}
[00:31:50.70] /# gi::executeAction deCanvasZoomInAtPoint -in [gi::getWindows 5]
[00:31:50.70] /i de::zoom -window [gi::getWindows 5] -factor 2.0 -center {1.354 1.804}
[00:31:50.70] /o {0.143 1.216} {2.424 2.179}
[00:31:54.25] /# gi::executeAction deAddPoint -in [gi::getWindows 5]
[00:31:54.25] /i de::addPoint {1.137 2.01} -context [db::getNext [de::getContexts -window 5]]
[00:31:55.17] /# gi::executeAction deCanvasZoomOutAtPoint -in [gi::getWindows 5]
[00:31:55.17] /i de::zoom -window [gi::getWindows 5] -factor 0.5 -center {1.136 1.651}
[00:31:55.17] /o {-0.85 0.781} {3.712 2.706}
[00:31:55.21] /# gi::executeAction deCanvasZoomOutAtPoint -in [gi::getWindows 5]
[00:31:55.21] /i de::zoom -window [gi::getWindows 5] -factor 0.5 -center {1.136 1.652}
[00:31:55.21] /o {-2.835 -0.09} {6.287 3.76}
[00:31:56.40] /# gi::executeAction deFitView -in [gi::getWindows 5]
[00:31:56.40] /i de::fit -window 5 -fitView true
[00:31:56.40] /o {-3.646 -0.553} {5.476 3.298}
[00:31:57.13] /# gi::executeAction deCanvasZoomInAtPoint -in [gi::getWindows 5]
[00:31:57.13] /i de::zoom -window [gi::getWindows 5] -factor 2.0 -center {0.967 -0.179}
[00:31:57.13] /o {-1.34 -0.366} {3.222 1.559}
[00:31:57.57] /# gi::executeAction deCanvasZoomInAtPoint -in [gi::getWindows 5]
[00:31:57.57] /i de::zoom -window [gi::getWindows 5] -factor 2.0 -center {1.14 -0.157}
[00:31:57.57] /o {-0.1 -0.261} {2.181 0.701}
[00:31:57.61] /# gi::executeAction deCanvasZoomInAtPoint -in [gi::getWindows 5]
[00:31:57.61] /i de::zoom -window [gi::getWindows 5] -factor 2.0 -center {1.14 -0.157}
[00:31:57.61] /o {0.52 -0.209} {1.66 0.272}
[00:31:57.66] /# gi::executeAction deCanvasZoomInAtPoint -in [gi::getWindows 5]
[00:31:57.66] /i de::zoom -window [gi::getWindows 5] -factor 2.0 -center {1.14 -0.157}
[00:31:57.66] /o {0.83 -0.183} {1.4 0.058}
[00:31:59.27] /# gi::executeAction deAddPoint -in [gi::getWindows 5]
[00:31:59.27] /i de::addPoint {1.133 -0.137} -context [db::getNext [de::getContexts -window 5]]
[00:31:59.46] /# gi::executeAction deCompleteShape -in [gi::getWindows 5]
[00:31:59.46] /i de::completeShape -context [db::getNext [de::getContexts -window 5]]
[00:31:59.77] /# gi::executeAction deCanvasZoomOutAtPoint -in [gi::getWindows 5]
[00:31:59.77] /i de::zoom -window [gi::getWindows 5] -factor 0.5 -center {1.133 -0.137}
[00:31:59.77] /o {0.527 -0.229} {1.667 0.252}
[00:31:59.86] /# gi::executeAction deCanvasZoomOutAtPoint -in [gi::getWindows 5]
[00:31:59.86] /i de::zoom -window [gi::getWindows 5] -factor 0.5 -center {1.134 -0.137}
[00:31:59.86] /o {-0.08 -0.321} {2.201 0.641}
[00:32:00.20] /# gi::executeAction deAbortCommand -in [gi::getWindows 5]
[00:32:00.20] /i de::abortCommand -context [db::getNext [de::getContexts -window 5]]
[00:32:00.82] /# gi::executeAction deSelectActive -in [gi::getWindows 5]
[00:32:00.82] /i de::deselectAll [db::getNext [de::getContexts -window 5]]
[00:32:00.82] /i de::select [de::getActiveFigure [gi::getWindows 5] -point {1.128 0.347} -index 0 -intent none]
[00:32:00.82] /o oa:0x21006950
[00:32:01.98] /# gi::executeAction leMove -in [gi::getWindows 5]
[00:32:01.98] /i ile::move
[00:32:02.43] /# gi::executeAction deCanvasZoomInAtPoint -in [gi::getWindows 5]
[00:32:02.43] /i de::zoom -window [gi::getWindows 5] -factor 2.0 -center {1.09 -0.132}
[00:32:02.43] /o {0.505 -0.227} {1.645 0.255}
[00:32:02.46] /# gi::executeAction deCanvasZoomInAtPoint -in [gi::getWindows 5]
[00:32:02.46] /i de::zoom -window [gi::getWindows 5] -factor 2.0 -center {1.09 -0.132}
[00:32:02.47] /o {0.798 -0.179} {1.368 0.061}
[00:32:03.54] /# gi::executeAction deAddPoint -in [gi::getWindows 5]
[00:32:03.54] /i de::addPoint {1.118 0.047} -context [db::getNext [de::getContexts -window 5]]
[00:32:04.48] /# gi::executeAction deAddPoint -in [gi::getWindows 5]
[00:32:04.48] /i de::addPoint {1.125 0.048} -context [db::getNext [de::getContexts -window 5]]
[00:32:04.69] /# gi::executeAction deCanvasZoomOutAtPoint -in [gi::getWindows 5]
[00:32:04.69] /i de::zoom -window [gi::getWindows 5] -factor 0.5 -center {1.125 0.048}
[00:32:04.69] /o {0.47 -0.407} {1.61 0.075}
[00:32:04.75] /# gi::executeAction deCanvasZoomOutAtPoint -in [gi::getWindows 5]
[00:32:04.75] /i de::zoom -window [gi::getWindows 5] -factor 0.5 -center {1.124 0.048}
[00:32:04.75] /o {-0.184 -0.861} {2.097 0.101}
[00:32:05.94] /# gi::executeAction deFitView -in [gi::getWindows 5]
[00:32:05.94] /i de::fit -window 5 -fitView true
[00:32:05.94] /o {-3.646 -0.553} {5.476 3.298}
[00:32:06.72] /# gi::executeAction deCanvasZoomInAtPoint -in [gi::getWindows 5]
[00:32:06.72] /i de::zoom -window [gi::getWindows 5] -factor 2.0 -center {0.594 1.205}
[00:32:06.72] /o {-1.526 0.326} {3.035 2.251}
[00:32:08.03] /# gi::executeAction deSelectActive -in [gi::getWindows 5]
[00:32:08.03] /i de::deselectAll [db::getNext [de::getContexts -window 5]]
[00:32:08.03] /i de::deselectAllLogic -context [db::getNext [de::getContexts -window 5]]
[00:32:08.36] /# gi::executeAction deCanvasZoomOutAtPoint -in [gi::getWindows 5]
[00:32:08.37] /i de::zoom -window [gi::getWindows 5] -factor 0.5 -center {0.308 0.999}
[00:32:08.37] /o {-3.36 -0.347} {5.762 3.504}
[00:32:08.48] /# gi::executeAction deCanvasZoomOutAtPoint -in [gi::getWindows 5]
[00:32:08.48] /i de::zoom -window [gi::getWindows 5] -factor 0.5 -center {0.303 1.164}
[00:32:08.48] /o {-7.023 -1.857} {11.221 5.843}
[00:32:09.02] /# gi::executeAction deCanvasZoomInAtPoint -in [gi::getWindows 5]
[00:32:09.02] /i de::zoom -window [gi::getWindows 5] -factor 2.0 -center {0.226 2.416}
[00:32:09.02] /o {-3.399 0.279} {5.724 4.13}
[00:32:09.61] /# gi::executeAction deCanvasZoomOutAtPoint -in [gi::getWindows 5]
[00:32:09.61] /i de::zoom -window [gi::getWindows 5] -factor 0.5 -center {0.276 2.438}
[00:32:09.61] /o {-7.073 -1.879} {11.171 5.821}
[00:32:09.70] /# gi::executeAction deCanvasZoomOutAtPoint -in [gi::getWindows 5]
[00:32:09.70] /i de::zoom -window [gi::getWindows 5] -factor 0.5 -center {0.275 2.669}
[00:32:09.70] /o {-14.422 -6.427} {22.068 8.973}
[00:32:10.13] /# gi::executeAction deCanvasZoomInAtPoint -in [gi::getWindows 5]
[00:32:10.13] /i de::zoom -window [gi::getWindows 5] -factor 2.0 -center {1.044 6.381}
[00:32:10.13] /o {-6.689 -0.023} {11.556 7.677}
[00:32:10.24] /# gi::executeAction deCanvasZoomInAtPoint -in [gi::getWindows 5]
[00:32:10.24] /i de::zoom -window [gi::getWindows 5] -factor 2.0 -center {1.044 6.381}
[00:32:10.24] /o {-2.822 3.179} {6.3 7.029}
[00:32:10.68] /# gi::executeAction deCanvasZoomOutAtPoint -in [gi::getWindows 5]
[00:32:10.68] /i de::zoom -window [gi::getWindows 5] -factor 0.5 -center {0.467 4.673}
[00:32:10.68] /o {-6.112 1.685} {12.133 9.385}
[00:32:10.72] /# gi::executeAction deCanvasZoomOutAtPoint -in [gi::getWindows 5]
[00:32:10.72] /i de::zoom -window [gi::getWindows 5] -factor 0.5 -center {0.468 4.673}
[00:32:10.72] /o {-12.692 -1.303} {23.798 14.097}
[00:32:11.12] /# gi::executeAction deCanvasZoomInAtPoint -in [gi::getWindows 5]
[00:32:11.12] /i de::zoom -window [gi::getWindows 5] -factor 2.0 -center {-0.104 4.431}
[00:32:11.13] /o {-6.398 1.564} {11.847 9.264}
[00:32:11.22] /# gi::executeAction deCanvasZoomInAtPoint -in [gi::getWindows 5]
[00:32:11.22] /i de::zoom -window [gi::getWindows 5] -factor 2.0 -center {-0.104 4.431}
[00:32:11.22] /o {-3.251 2.997} {5.871 6.848}
[00:32:11.48] /# gi::executeAction deCanvasZoomOutAtPoint -in [gi::getWindows 5]
[00:32:11.49] /i de::zoom -window [gi::getWindows 5] -factor 0.5 -center {-0.104 4.431}
[00:32:11.49] /o {-6.398 1.564} {11.847 9.264}
[00:32:11.56] /# gi::executeAction deCanvasZoomOutAtPoint -in [gi::getWindows 5]
[00:32:11.57] /i de::zoom -window [gi::getWindows 5] -factor 0.5 -center {-0.104 4.431}
[00:32:11.57] /o {-12.692 -1.303} {23.798 14.097}
[00:32:11.84] /# gi::executeAction deFitView -in [gi::getWindows 5]
[00:32:11.84] /i de::fit -window 5 -fitView true
[00:32:11.84] /o {-3.646 -0.553} {5.476 3.298}
[00:32:17.23] /# gi::setField {lppFilter} -value {m2} -in [gi::getAssistants leObjectLayerPanel -from [gi::getWindows 5]]
[00:32:17.23] /# gi::setCurrentIndex {lpps} -index {m2 pin} -in [gi::getAssistants leObjectLayerPanel -from [gi::getWindows 5]]
[00:32:17.23] /# gi::setItemSelection {lpps} -index {m2 pin} -in [gi::getAssistants leObjectLayerPanel -from [gi::getWindows 5]]
[00:32:17.35] /# gi::executeAction leOLPSetActiveLPP -in [gi::getAssistants leObjectLayerPanel -from [gi::getWindows 5]]
[00:32:17.35] /i de::setActiveLPP [de::getLPPs -from [oa::DesignFind D_FF tranmision layout] -filter {%lpp =="m2 pin"}]
[00:32:19.11] /# gi::setCurrentIndex {lpps} -index {m2 drw} -in [gi::getAssistants leObjectLayerPanel -from [gi::getWindows 5]]
[00:32:19.11] /# gi::setItemSelection {lpps} -index {m2 drw} -in [gi::getAssistants leObjectLayerPanel -from [gi::getWindows 5]]
[00:32:19.22] /# gi::executeAction leOLPSetActiveLPP -in [gi::getAssistants leObjectLayerPanel -from [gi::getWindows 5]]
[00:32:19.22] /i de::setActiveLPP [de::getLPPs -from [oa::DesignFind D_FF tranmision layout] -filter {%lpp =="m2 drawing"}]
[00:32:19.68] /# gi::executeAction deCanvasZoomOutAtPoint -in [gi::getWindows 5]
[00:32:19.68] /i de::zoom -window [gi::getWindows 5] -factor 0.5 -center {3.093 1.298}
[00:32:19.68] /o {-10.385 -2.403} {7.859 5.297}
[00:32:20.50] /# gi::executeAction deCanvasZoomInAtPoint -in [gi::getWindows 5]
[00:32:20.50] /i de::zoom -window [gi::getWindows 5] -factor 2.0 -center {0.072 4.319}
[00:32:20.50] /o {-5.157 0.958} {3.966 4.808}
[00:32:20.63] /# gi::executeAction deCanvasZoomInAtPoint -in [gi::getWindows 5]
[00:32:20.63] /i de::zoom -window [gi::getWindows 5] -factor 2.0 -center {0.072 4.424}
[00:32:20.63] /o {-2.542 2.691} {2.019 4.616}
[00:32:22.36] /# gi::executeAction leInterconnect -in [gi::getWindows 5]
[00:32:22.36] /i ile::createInterconnect
[00:32:23.00] /# gi::executeAction leRectangle -in [gi::getWindows 5]
[00:32:23.00] /i ile::createRectangle
[00:32:25.77] /# gi::executeAction leRuler -in [gi::getWindows 5]
[00:32:25.77] /i ile::createRuler
[00:32:28.66] /# gi::executeAction deAddPoint -in [gi::getWindows 5]
[00:32:28.66] /i de::addPoint {0.366 3.108} -context [db::getNext [de::getContexts -window 5]]
[00:32:31.49] /# gi::executeAction deAddPoint -in [gi::getWindows 5]
[00:32:31.49] /i de::addPoint {0.352 3.545} -context [db::getNext [de::getContexts -window 5]]
[00:32:32.13] /# gi::executeAction leRuler -in [gi::getWindows 5]
[00:32:32.13] /i ile::createRuler
[00:32:33.18] /# gi::executeAction deAddPoint -in [gi::getWindows 5]
[00:32:33.19] /i de::addPoint {1.459 3.103} -context [db::getNext [de::getContexts -window 5]]
[00:32:35.30] /# gi::executeAction deAddPoint -in [gi::getWindows 5]
[00:32:35.30] /i de::addPoint {1.448 3.526} -context [db::getNext [de::getContexts -window 5]]
[00:32:35.76] /# gi::executeAction deAbortCommand -in [gi::getWindows 5]
[00:32:35.76] /i de::abortCommand -context [db::getNext [de::getContexts -window 5]]
[00:32:36.85] /# gi::executeAction leRectangle -in [gi::getWindows 5]
[00:32:36.85] /i ile::createRectangle
[00:32:39.92] /# gi::executeAction deCanvasZoomInAtPoint -in [gi::getWindows 5]
[00:32:39.92] /i de::zoom -window [gi::getWindows 5] -factor 2.0 -center {0.36 3.542}
[00:32:39.92] /o {-1.091 3.116} {1.189 4.079}
[00:32:42.38] /# gi::executeAction deAddPoint -in [gi::getWindows 5]
[00:32:42.38] /i de::addPoint {0.364 3.544} -context [db::getNext [de::getContexts -window 5]]
[00:32:42.66] /# gi::executeAction deCanvasZoomOutAtPoint -in [gi::getWindows 5]
[00:32:42.66] /i de::zoom -window [gi::getWindows 5] -factor 0.5 -center {0.596 3.483}
[00:32:42.66] /o {-2.778 2.75} {1.783 4.675}
[00:32:42.73] /# gi::executeAction deCanvasZoomOutAtPoint -in [gi::getWindows 5]
[00:32:42.73] /i de::zoom -window [gi::getWindows 5] -factor 0.5 -center {0.597 3.483}
[00:32:42.73] /o {-6.154 2.017} {2.969 5.867}
[00:32:43.45] /# gi::executeAction deCanvasZoomInAtPoint -in [gi::getWindows 5]
[00:32:43.45] /i de::zoom -window [gi::getWindows 5] -factor 2.0 -center {1.167 3.461}
[00:32:43.45] /o {-2.493 2.739} {2.068 4.664}
[00:32:43.52] /# gi::executeAction deCanvasZoomInAtPoint -in [gi::getWindows 5]
[00:32:43.52] /i de::zoom -window [gi::getWindows 5] -factor 2.0 -center {1.17 3.458}
[00:32:43.52] /o {-0.662 3.098} {1.619 4.061}
[00:32:43.94] /# gi::executeAction deCanvasZoomInAtPoint -in [gi::getWindows 5]
[00:32:43.94] /i de::zoom -window [gi::getWindows 5] -factor 2.0 -center {1.273 3.458}
[00:32:43.94] /o {0.306 3.278} {1.446 3.76}
[00:32:44.50] /# gi::executeAction deCanvasZoomOutAtPoint -in [gi::getWindows 5]
[00:32:44.50] /i de::zoom -window [gi::getWindows 5] -factor 0.5 -center {1.303 3.454}
[00:32:44.50] /o {-0.692 3.103} {1.589 4.065}
[00:32:44.55] /# gi::executeAction deCanvasZoomOutAtPoint -in [gi::getWindows 5]
[00:32:44.55] /i de::zoom -window [gi::getWindows 5] -factor 0.5 -center {1.303 3.454}
[00:32:44.55] /o {-2.686 2.751} {1.875 4.676}
[00:32:45.07] /# gi::executeAction deCanvasZoomInAtPoint -in [gi::getWindows 5]
[00:32:45.07] /i de::zoom -window [gi::getWindows 5] -factor 2.0 -center {1.54 3.399}
[00:32:45.07] /o {-0.573 3.075} {1.707 4.038}
[00:32:45.21] /# gi::executeAction deCanvasZoomInAtPoint -in [gi::getWindows 5]
[00:32:45.21] /i de::zoom -window [gi::getWindows 5] -factor 2.0 -center {1.525 3.392}
[00:32:45.21] /o {0.476 3.234} {1.616 3.715}
[00:32:45.82] /# gi::executeAction deCanvasZoomInAtPoint -in [gi::getWindows 5]
[00:32:45.82] /i de::zoom -window [gi::getWindows 5] -factor 2.0 -center {1.482 3.394}
[00:32:45.82] /o {0.979 3.314} {1.549 3.554}
[00:32:48.13] /# gi::executeAction deAddPoint -in [gi::getWindows 5]
[00:32:48.13] /i de::addPoint {1.459 3.393} -context [db::getNext [de::getContexts -window 5]]
[00:32:48.52] /# gi::executeAction deCanvasZoomOutAtPoint -in [gi::getWindows 5]
[00:32:48.52] /i de::zoom -window [gi::getWindows 5] -factor 0.5 -center {1.459 3.393}
[00:32:48.52] /o {0.499 3.235} {1.639 3.716}
[00:32:49.23] /# gi::executeAction deAbortCommand -in [gi::getWindows 5]
[00:32:49.23] /i de::abortCommand -context [db::getNext [de::getContexts -window 5]]
[00:32:49.56] /# gi::executeAction deCanvasZoomOutAtPoint -in [gi::getWindows 5]
[00:32:49.56] /i de::zoom -window [gi::getWindows 5] -factor 0.5 -center {1.198 3.404}
[00:32:49.56] /o {-0.2 3.065} {2.08 4.028}
[00:32:49.61] /# gi::executeAction deCanvasZoomOutAtPoint -in [gi::getWindows 5]
[00:32:49.61] /i de::zoom -window [gi::getWindows 5] -factor 0.5 -center {1.199 3.404}
[00:32:49.61] /o {-1.599 2.726} {2.962 4.651}
[00:32:50.17] /# gi::executeAction deCanvasZoomInAtPoint -in [gi::getWindows 5]
[00:32:50.17] /i de::zoom -window [gi::getWindows 5] -factor 2.0 -center {0.581 3.272}
[00:32:50.17] /o {-0.509 2.999} {1.771 3.962}
[00:32:50.74] /# gi::executeAction deCanvasZoomInAtPoint -in [gi::getWindows 5]
[00:32:50.74] /i de::zoom -window [gi::getWindows 5] -factor 2.0 -center {0.615 3.478}
[00:32:50.74] /o {0.053 3.239} {1.193 3.72}
[00:32:51.22] /# gi::executeAction deSelectActive -in [gi::getWindows 5]
[00:32:51.22] /i de::deselectAll [db::getNext [de::getContexts -window 5]]
[00:32:51.22] /i de::select [de::getActiveFigure [gi::getWindows 5] -point {0.564 3.478} -index 0 -intent none]
[00:32:51.23] /o oa:0x219deae0
[00:32:52.75] /# gi::executeAction leStretch -in [gi::getWindows 5]
[00:32:52.75] /i ile::stretch
[00:32:54.00] /# gi::executeAction deAddPoint -in [gi::getWindows 5]
[00:32:54.00] /i de::addPoint {0.367 3.394} -context [db::getNext [de::getContexts -window 5]]
[00:32:55.55] /# gi::executeAction deAbortCommand -in [gi::getWindows 5]
[00:32:55.55] /i de::abortCommand -context [db::getNext [de::getContexts -window 5]]
[00:32:55.96] /# gi::executeAction deCanvasZoomOutAtPoint -in [gi::getWindows 5]
[00:32:55.96] /i de::zoom -window [gi::getWindows 5] -factor 0.5 -center {0.402 3.393}
[00:32:55.96] /o {-0.296 3.084} {1.984 4.047}
[00:32:56.36] /# gi::executeAction deCanvasZoomInAtPoint -in [gi::getWindows 5]
[00:32:56.36] /i de::zoom -window [gi::getWindows 5] -factor 2.0 -center {0.464 3.287}
[00:32:56.36] /o {0.084 3.186} {1.224 3.667}
[00:32:56.42] /# gi::executeAction deCanvasZoomInAtPoint -in [gi::getWindows 5]
[00:32:56.42] /i de::zoom -window [gi::getWindows 5] -factor 2.0 -center {0.464 3.284}
[00:32:56.42] /o {0.274 3.235} {0.844 3.475}
[00:32:56.92] /# gi::executeAction deSelectActive -in [gi::getWindows 5]
[00:32:56.92] /i de::deselectAll [db::getNext [de::getContexts -window 5]]
[00:32:56.92] /i de::deselectAllLogic -context [db::getNext [de::getContexts -window 5]]
[00:32:57.08] /# gi::executeAction deCanvasZoomOutAtPoint -in [gi::getWindows 5]
[00:32:57.08] /i de::zoom -window [gi::getWindows 5] -factor 0.5 -center {0.464 3.284}
[00:32:57.08] /o {0.084 3.186} {1.224 3.667}
[00:32:57.16] /# gi::executeAction deCanvasZoomOutAtPoint -in [gi::getWindows 5]
[00:32:57.16] /i de::zoom -window [gi::getWindows 5] -factor 0.5 -center {0.464 3.284}
[00:32:57.16] /o {-0.296 3.087} {1.984 4.05}
[00:32:57.72] /# gi::executeAction deCanvasZoomInAtPoint -in [gi::getWindows 5]
[00:32:57.72] /i de::zoom -window [gi::getWindows 5] -factor 2.0 -center {0.451 3.237}
[00:32:57.72] /o {0.077 3.162} {1.218 3.643}
[00:32:59.66] /# gi::executeAction deCanvasZoomInAtPoint -in [gi::getWindows 5]
[00:32:59.66] /i de::zoom -window [gi::getWindows 5] -factor 2.0 -center {0.372 3.4}
[00:32:59.66] /o {0.225 3.281} {0.795 3.522}
[00:32:59.76] /# gi::executeAction deCanvasZoomInAtPoint -in [gi::getWindows 5]
[00:32:59.76] /i de::zoom -window [gi::getWindows 5] -factor 2.0 -center {0.372 3.4}
[00:32:59.77] /o {0.298 3.341} {0.583 3.461}
[00:33:00.28] /# gi::executeAction leStretch -in [gi::getWindows 5]
[00:33:00.28] /i ile::stretch
[00:33:01.61] /# gi::executeAction deAddPoint -in [gi::getWindows 5]
[00:33:01.61] /i de::addPoint {0.366 3.395} -context [db::getNext [de::getContexts -window 5]]
[00:33:03.21] /# gi::executeAction deCanvasZoomOutAtPoint -in [gi::getWindows 5]
[00:33:03.21] /i de::zoom -window [gi::getWindows 5] -factor 0.5 -center {0.368 3.376}
[00:33:03.22] /o {0.229 3.305} {0.799 3.546}
[00:33:03.41] /# gi::executeAction deCanvasZoomOutAtPoint -in [gi::getWindows 5]
[00:33:03.41] /i de::zoom -window [gi::getWindows 5] -factor 0.5 -center {0.367 3.375}
[00:33:03.42] /o {0.09 3.235} {1.231 3.716}
[00:33:05.74] /# gi::executeAction deFitView -in [gi::getWindows 5]
[00:33:05.74] /i de::fit -window 5 -fitView true
[00:33:05.74] /o {-4.225 -0.577} {6.055 3.762}
[00:33:06.62] /# gi::executeAction deCanvasZoomInAtPoint -in [gi::getWindows 5]
[00:33:06.62] /i de::zoom -window [gi::getWindows 5] -factor 2.0 -center {0.844 1.713}
[00:33:06.62] /o {-1.691 0.568} {3.45 2.737}
[00:33:10.44] /# gi::executeAction deFitView -in [gi::getWindows 5]
[00:33:10.44] /i de::fit -window 5 -fitView true
[00:33:10.44] /o {-4.225 -0.577} {6.055 3.762}
[00:33:11.90] /# gi::executeAction deCanvasZoomInAtPoint -in [gi::getWindows 5]
[00:33:11.90] /i de::zoom -window [gi::getWindows 5] -factor 2.0 -center {0.441 3.422}
[00:33:11.90] /o {-1.892 1.423} {3.248 3.592}
[00:33:12.04] /# gi::executeAction deCanvasZoomInAtPoint -in [gi::getWindows 5]
[00:33:12.04] /i de::zoom -window [gi::getWindows 5] -factor 2.0 -center {0.441 3.422}
[00:33:12.04] /o {-0.726 2.422} {1.845 3.507}
[00:33:12.77] /# gi::executeAction deCanvasZoomInAtPoint -in [gi::getWindows 5]
[00:33:12.77] /i de::zoom -window [gi::getWindows 5] -factor 2.0 -center {0.396 3.392}
[00:33:12.77] /o {-0.165 2.907} {1.12 3.449}
[00:33:12.96] /# gi::executeAction deCanvasZoomInAtPoint -in [gi::getWindows 5]
[00:33:12.96] /i de::zoom -window [gi::getWindows 5] -factor 2.0 -center {0.394 3.384}
[00:33:12.96] /o {0.115 3.146} {0.757 3.417}
[00:33:14.89] /# gi::executeAction deCanvasZoomOutAtPoint -in [gi::getWindows 5]
[00:33:14.89] /i de::zoom -window [gi::getWindows 5] -factor 0.5 -center {0.385 3.283}
[00:33:14.89] /o {-0.156 3.008} {1.129 3.55}
[00:33:15.02] /# gi::executeAction deCanvasZoomOutAtPoint -in [gi::getWindows 5]
[00:33:15.02] /i de::zoom -window [gi::getWindows 5] -factor 0.5 -center {0.384 3.282}
[00:33:15.02] /o {-0.696 2.734} {1.875 3.819}
[00:33:17.80] /# gi::executeAction deCanvasZoomOutAtPoint -in [gi::getWindows 5]
[00:33:17.80] /i de::zoom -window [gi::getWindows 5] -factor 0.5 -center {0.411 2.985}
[00:33:17.80] /o {-1.802 2.484} {3.338 4.653}
[00:33:18.50] /# gi::executeAction deCanvasZoomInAtPoint -in [gi::getWindows 5]
[00:33:18.50] /i de::zoom -window [gi::getWindows 5] -factor 2.0 -center {0.423 2.895}
[00:33:18.50] /o {-0.69 2.689} {1.881 3.774}
[00:33:19.57] /# gi::executeAction deCanvasZoomOutAtPoint -in [gi::getWindows 5]
[00:33:19.57] /i de::zoom -window [gi::getWindows 5] -factor 0.5 -center {0.423 2.895}
[00:33:19.57] /o {-1.802 2.484} {3.338 4.653}
[00:33:25.87] /# gi::executeAction deAddPoint -in [gi::getWindows 5]
[00:33:25.87] /i de::addPoint {0.417 2.827} -context [db::getNext [de::getContexts -window 5]]
[00:33:26.37] /# gi::executeAction deCanvasZoomOutAtPoint -in [gi::getWindows 5]
[00:33:26.37] /i de::zoom -window [gi::getWindows 5] -factor 0.5 -center {0.488 2.994}
[00:33:26.37] /o {-4.092 1.973} {6.188 6.312}
[00:33:26.76] /# gi::executeAction deAbortCommand -in [gi::getWindows 5]
[00:33:26.76] /i de::abortCommand -context [db::getNext [de::getContexts -window 5]]
[00:33:27.60] /# gi::executeAction deCanvasZoomInAtPoint -in [gi::getWindows 5]
[00:33:27.60] /i de::zoom -window [gi::getWindows 5] -factor 2.0 -center {0.698 3.044}
[00:33:27.60] /o {-1.697 2.509} {3.443 4.678}
[00:33:28.14] /# gi::executeAction deSelectActive -in [gi::getWindows 5]
[00:33:28.14] /i de::deselectAll [db::getNext [de::getContexts -window 5]]
[00:33:28.14] /i de::select [de::getActiveFigure [gi::getWindows 5] -point {0.695 3.347} -index 0 -intent none]
[00:33:28.14] /o oa:0x20fe69b0
[00:33:28.99] /# gi::executeAction leMove -in [gi::getWindows 5]
[00:33:28.99] /i ile::move
[00:33:29.26] /# gi::executeAction deAddPoint -in [gi::getWindows 5]
[00:33:29.26] /i de::addPoint {0.695 3.347} -context [db::getNext [de::getContexts -window 5]]
[00:33:33.69] /# gi::executeAction deAddPoint -in [gi::getWindows 5]
[00:33:33.69] /i de::addPoint {0.698 4.078} -context [db::getNext [de::getContexts -window 5]]
[00:33:34.36] /# gi::executeAction deSelectActive -in [gi::getWindows 5]
[00:33:34.36] /i de::cycleActiveFigure [gi::getWindows 5] -direction next
[00:33:34.36] /o oa:0x20ffcf70
[00:33:34.80] /# gi::executeAction leCopy -in [gi::getWindows 5]
[00:33:34.80] /i ile::copy
[00:33:35.06] /# gi::executeAction deAddPoint -in [gi::getWindows 5]
[00:33:35.06] /i de::addPoint {0.698 4.078} -context [db::getNext [de::getContexts -window 5]]
[00:33:35.27] /# gi::executeAction deCanvasZoomOutAtPoint -in [gi::getWindows 5]
[00:33:35.27] /i de::zoom -window [gi::getWindows 5] -factor 0.5 -center {0.698 4.078}
[00:33:35.27] /o {-4.092 0.939} {6.188 5.278}
[00:33:35.29] /# gi::executeAction deCanvasZoomOutAtPoint -in [gi::getWindows 5]
[00:33:35.29] /i de::zoom -window [gi::getWindows 5] -factor 0.5 -center {0.698 4.077}
[00:33:35.30] /o {-8.883 -2.199} {11.679 6.479}
[00:33:35.33] /# gi::executeAction deCanvasZoomOutAtPoint -in [gi::getWindows 5]
[00:33:35.33] /i de::zoom -window [gi::getWindows 5] -factor 0.5 -center {0.699 4.077}
[00:33:35.34] /o {-18.465 -8.475} {22.659 8.881}
[00:33:36.13] /# gi::executeAction deCanvasZoomInAtPoint -in [gi::getWindows 5]
[00:33:36.13] /i de::zoom -window [gi::getWindows 5] -factor 2.0 -center {-0.045 -1.864}
[00:33:36.13] /o {-9.255 -5.169} {11.307 3.508}
[00:33:36.24] /# gi::executeAction deCanvasZoomInAtPoint -in [gi::getWindows 5]
[00:33:36.24] /i de::zoom -window [gi::getWindows 5] -factor 2.0 -center {-0.045 -1.864}
[00:33:36.24] /o {-4.65 -3.517} {5.631 0.822}
[00:34:29.22] /i gi::setActiveWindow 6
[00:34:29.22] /i gi::setActiveWindow 6 -raise true
[00:34:31.29] /# gi::executeAction deCanvasZoomOutAtPoint -in [gi::getWindows 6]
[00:34:31.29] /i de::zoom -window [gi::getWindows 6] -factor 0.5 -center {4.6875 2.34375}
[00:34:31.29] /o {0.45 0.8875} {6.3 3.625}
[00:34:34.84] /i gi::setActiveWindow 4
[00:34:34.84] /i gi::setActiveWindow 4 -raise true
[00:34:48.18] /i gi::setActiveWindow 5
[00:34:48.18] /i gi::setActiveWindow 5 -raise true
[00:34:49.07] /# gi::executeAction deCanvasZoomOutAtPoint -in [gi::getWindows 5]
[00:34:49.07] /i de::zoom -window [gi::getWindows 5] -factor 0.5 -center {-0.361 0.407}
[00:34:49.08] /o {-8.939 -7.44} {11.623 1.237}
[00:34:49.23] /# gi::executeAction deCanvasZoomOutAtPoint -in [gi::getWindows 5]
[00:34:49.23] /i de::zoom -window [gi::getWindows 5] -factor 0.5 -center {-0.36 0.408}
[00:34:49.23] /o {-17.518 -15.289} {23.606 2.067}
[00:34:50.26] /# gi::executeAction deAbortCommand -in [gi::getWindows 5]
[00:34:50.26] /i de::abortCommand -context [db::getNext [de::getContexts -window 5]]
[00:34:51.48] /# gi::executeAction deFitView -in [gi::getWindows 5]
[00:34:51.48] /i de::fit -window 5 -fitView true
[00:34:51.48] /o {-5.193 -0.618} {7.023 4.538}
[00:34:52.56] /# gi::executeAction deSelectActive -in [gi::getWindows 5]
[00:34:52.56] /i de::cycleActiveFigure [gi::getWindows 5] -direction next
[00:34:52.56] /o oa:0x21a70a00
[00:34:54.20] /# gi::executeAction leDelete -in [gi::getWindows 5]
[00:34:54.20] /i ile::delete
[00:34:54.75] /i gi::executeAction deCanvasDragCancel -in [gi::getWindows 5]
[00:34:55.68] /# gi::executeAction deCanvasZoomInAtPoint -in [gi::getWindows 5]
[00:34:55.69] /i de::zoom -window [gi::getWindows 5] -factor 2.0 -center {-3.597 2.758}
[00:34:55.69] /o {-4.395 1.07} {1.713 3.648}
[00:34:56.27] /# gi::executeAction deCanvasZoomOutAtPoint -in [gi::getWindows 5]
[00:34:56.27] /i de::zoom -window [gi::getWindows 5] -factor 0.5 -center {-2.799 2.916}
[00:34:56.27] /o {-5.991 -0.776} {6.225 4.38}
[00:34:56.37] /# gi::executeAction deCanvasZoomOutAtPoint -in [gi::getWindows 5]
[00:34:56.37] /i de::zoom -window [gi::getWindows 5] -factor 0.5 -center {-2.659 2.931}
[00:34:56.37] /o {-9.323 -4.483} {15.109 5.829}
[00:34:57.03] /# gi::executeAction deCanvasZoomInAtPoint -in [gi::getWindows 5]
[00:34:57.03] /i de::zoom -window [gi::getWindows 5] -factor 2.0 -center {0.826 3.622}
[00:34:57.03] /o {-4.248 -0.43} {7.967 4.725}
[00:34:57.26] /# gi::executeAction deCanvasZoomInAtPoint -in [gi::getWindows 5]
[00:34:57.26] /i de::zoom -window [gi::getWindows 5] -factor 2.0 -center {0.826 3.622}
[00:34:57.26] /o {-1.711 1.596} {4.397 4.174}
[00:34:58.95] /# gi::executeAction leDelete -in [gi::getWindows 5]
[00:34:58.95] /i ile::delete
[00:34:59.91] /# gi::executeAction deAddPoint -in [gi::getWindows 5]
[00:34:59.91] /i de::addPoint {0.33 3.423} -context [db::getNext [de::getContexts -window 5]]
[00:35:00.74] /# gi::executeAction deCanvasZoomOutAtPoint -in [gi::getWindows 5]
[00:35:00.74] /i de::zoom -window [gi::getWindows 5] -factor 0.5 -center {1.043 3.376}
[00:35:00.74] /o {-4.465 -0.184} {7.75 4.971}
[00:35:00.78] /# gi::executeAction deCanvasZoomOutAtPoint -in [gi::getWindows 5]
[00:35:00.78] /i de::zoom -window [gi::getWindows 5] -factor 0.5 -center {1.043 3.375}
[00:35:00.78] /o {-9.974 -3.744} {14.458 6.568}
[00:35:00.84] /# gi::executeAction deCanvasZoomOutAtPoint -in [gi::getWindows 5]
[00:35:00.84] /i de::zoom -window [gi::getWindows 5] -factor 0.5 -center {1.043 3.376}
[00:35:00.84] /o {-20.991 -10.863} {27.873 9.759}
[00:35:02.38] /# gi::executeAction deCanvasZoomInAtPoint -in [gi::getWindows 5]
[00:35:02.38] /i de::zoom -window [gi::getWindows 5] -factor 2.0 -center {0.014 0.845}
[00:35:02.39] /o {-10.488 -5.009} {13.943 5.302}
[00:35:02.86] /# gi::executeAction deAbortCommand -in [gi::getWindows 5]
[00:35:02.87] /i de::abortCommand -context [db::getNext [de::getContexts -window 5]]
[00:35:03.86] /# gi::executeAction deUndo -in [gi::getWindows 5]
[00:35:03.86] /i de::undoTransaction -design [db::getAttr editDesign -of [db::getNext [de::getContexts -window 5]]]
[00:35:04.33] /# gi::executeAction deCanvasZoomInAtPoint -in [gi::getWindows 5]
[00:35:04.33] /i de::zoom -window [gi::getWindows 5] -factor 2.0 -center {0.132 5.214}
[00:35:04.33] /o {-5.178 0.102} {7.038 5.258}
[00:35:04.66] /# gi::executeAction deCanvasZoomInAtPoint -in [gi::getWindows 5]
[00:35:04.66] /i de::zoom -window [gi::getWindows 5] -factor 2.0 -center {0.36 4.626}
[00:35:04.66] /o {-2.409 2.364} {3.699 4.942}
[00:35:04.73] /# gi::executeAction deCanvasZoomInAtPoint -in [gi::getWindows 5]
[00:35:04.73] /i de::zoom -window [gi::getWindows 5] -factor 2.0 -center {0.375 4.585}
[00:35:04.73] /o {-1.017 3.475} {2.037 4.764}
[00:35:05.21] /# gi::executeAction deSelectActive -in [gi::getWindows 5]
[00:35:05.21] /i de::deselectAll [db::getNext [de::getContexts -window 5]]
[00:35:05.21] /i de::deselectAllLogic -context [db::getNext [de::getContexts -window 5]]
[00:35:05.65] /# gi::executeAction deCanvasZoomOutAtPoint -in [gi::getWindows 5]
[00:35:05.65] /i de::zoom -window [gi::getWindows 5] -factor 0.5 -center {0.509 4.499}
[00:35:05.65] /o {-2.543 2.45} {3.565 5.028}
[00:35:06.27] /# gi::executeAction deCanvasZoomInAtPoint -in [gi::getWindows 5]
[00:35:06.27] /i de::zoom -window [gi::getWindows 5] -factor 2.0 -center {0.465 4.48}
[00:35:06.27] /o {-1.039 3.465} {2.015 4.754}
[00:35:06.75] /# gi::executeAction deSelectActive -in [gi::getWindows 5]
[00:35:06.76] /i de::deselectAll [db::getNext [de::getContexts -window 5]]
[00:35:06.76] /i de::select [de::getActiveFigure [gi::getWindows 5] -point {0.752 4.079} -index 0 -intent none]
[00:35:06.76] /o oa:0x216c8120
[00:35:07.96] /# gi::executeAction leDelete -in [gi::getWindows 5]
[00:35:07.96] /i ile::delete
[00:35:08.48] /# gi::executeAction deSelectActive -in [gi::getWindows 5]
[00:35:08.48] /i de::deselectAllLogic -context [db::getNext [de::getContexts -window 5]]
[00:35:09.25] /# gi::executeAction leRuler -in [gi::getWindows 5]
[00:35:09.25] /i ile::createRuler
[00:35:10.22] /i gi::pressButton {deleteAll} -in [gi::getToolbars {deCommandOptions} -from [gi::getWindows 5]]
[00:35:16.46] /# gi::setField {lppFilter} -value {m1} -in [gi::getAssistants leObjectLayerPanel -from [gi::getWindows 5]]
[00:35:16.46] /# gi::setCurrentIndex {lpps} -index {m1 pin} -in [gi::getAssistants leObjectLayerPanel -from [gi::getWindows 5]]
[00:35:16.46] /# gi::setItemSelection {lpps} -index {m1 pin} -in [gi::getAssistants leObjectLayerPanel -from [gi::getWindows 5]]
[00:35:16.59] /# gi::executeAction leOLPSetActiveLPP -in [gi::getAssistants leObjectLayerPanel -from [gi::getWindows 5]]
[00:35:16.59] /i de::setActiveLPP [de::getLPPs -from [oa::DesignFind D_FF tranmision layout] -filter {%lpp =="m1 pin"}]
[00:35:17.94] /# gi::executeAction deCanvasZoomOutAtPoint -in [gi::getWindows 5]
[00:35:17.94] /i de::zoom -window [gi::getWindows 5] -factor 0.5 -center {-0.5 4.414}
[00:35:17.94] /o {-1.578 2.516} {4.53 5.094}
[00:35:17.99] /# gi::executeAction deCanvasZoomOutAtPoint -in [gi::getWindows 5]
[00:35:17.99] /i de::zoom -window [gi::getWindows 5] -factor 0.5 -center {-0.309 4.362}
[00:35:17.99] /o {-2.847 0.67} {9.369 5.826}
[00:35:18.76] /# gi::executeAction deCanvasZoomInAtPoint -in [gi::getWindows 5]
[00:35:18.76] /i de::zoom -window [gi::getWindows 5] -factor 2.0 -center {0.484 1.377}
[00:35:18.76] /o {-1.182 1.024} {4.926 3.602}
[00:35:18.94] /# gi::executeAction deCanvasZoomOutAtPoint -in [gi::getWindows 5]
[00:35:18.94] /i de::zoom -window [gi::getWindows 5] -factor 0.5 -center {0.484 1.377}
[00:35:18.94] /o {-2.847 0.67} {9.369 5.826}
[00:35:19.10] /# gi::executeAction deCanvasZoomOutAtPoint -in [gi::getWindows 5]
[00:35:19.10] /i de::zoom -window [gi::getWindows 5] -factor 0.5 -center {0.484 1.377}
[00:35:19.11] /o {-6.178 -0.036} {18.253 10.275}
[00:35:19.63] /# gi::executeAction deCanvasZoomInAtPoint -in [gi::getWindows 5]
[00:35:19.63] /i de::zoom -window [gi::getWindows 5] -factor 2.0 -center {0.352 0.523}
[00:35:19.63] /o {-2.913 0.243} {9.303 5.399}
[00:35:19.70] /# gi::executeAction deCanvasZoomInAtPoint -in [gi::getWindows 5]
[00:35:19.70] /i de::zoom -window [gi::getWindows 5] -factor 2.0 -center {0.352 0.523}
[00:35:19.70] /o {-1.281 0.383} {4.827 2.961}
[00:35:19.78] /# gi::executeAction deCanvasZoomInAtPoint -in [gi::getWindows 5]
[00:35:19.79] /i de::zoom -window [gi::getWindows 5] -factor 2.0 -center {0.352 0.523}
[00:35:19.79] /o {-0.464 0.453} {2.59 1.742}
[00:35:23.68] /i gi::setActiveWindow 6
[00:35:23.68] /i gi::setActiveWindow 6 -raise true
[00:35:24.89] /i gi::setActiveWindow 5
[00:35:24.89] /i gi::setActiveWindow 5 -raise true
[00:35:26.51] /i gi::setActiveWindow 6
[00:35:26.51] /i gi::setActiveWindow 6 -raise true
[00:35:32.05] /i gi::setActiveWindow 5
[00:35:32.05] /i gi::setActiveWindow 5 -raise true
[00:35:37.70] /# gi::executeAction lePin -in [gi::getWindows 5]
[00:35:37.70] /i ile::createPin
[00:35:40.51] /i gi::setField {pinLabel} -value {true} -in [gi::getToolbars {deCommandOptions} -from [gi::getWindows 5]]
[00:35:43.22] /i gi::setField {termName} -value {in} -in [gi::getToolbars {deCommandOptions} -from [gi::getWindows 5]]
[00:35:44.57] /# gi::executeAction deCanvasZoomOutAtPoint -in [gi::getWindows 5]
[00:35:44.57] /i de::zoom -window [gi::getWindows 5] -factor 0.5 -center {0.775 0.751}
[00:35:44.57] /o {-1.704 0.155} {4.404 2.733}
[00:35:44.64] /# gi::executeAction deCanvasZoomOutAtPoint -in [gi::getWindows 5]
[00:35:44.64] /i de::zoom -window [gi::getWindows 5] -factor 0.5 -center {0.775 0.733}
[00:35:44.64] /o {-4.182 -0.423} {8.034 4.733}
[00:35:45.34] /# gi::executeAction deCanvasZoomInAtPoint -in [gi::getWindows 5]
[00:35:45.34] /i de::zoom -window [gi::getWindows 5] -factor 2.0 -center {0.598 0.416}
[00:35:45.34] /o {-1.792 -0.003} {4.316 2.575}
[00:35:45.54] /# gi::executeAction deCanvasZoomInAtPoint -in [gi::getWindows 5]
[00:35:45.54] /i de::zoom -window [gi::getWindows 5] -factor 2.0 -center {0.598 0.416}
[00:35:45.54] /o {-0.597 0.206} {2.457 1.495}
[00:35:48.32] /# gi::executeAction deCanvasZoomOutAtPoint -in [gi::getWindows 5]
[00:35:48.32] /i de::zoom -window [gi::getWindows 5] -factor 0.5 -center {0.666 0.909}
[00:35:48.32] /o {-1.86 -0.496} {4.248 2.082}
[00:35:48.37] /# gi::executeAction deCanvasZoomOutAtPoint -in [gi::getWindows 5]
[00:35:48.37] /i de::zoom -window [gi::getWindows 5] -factor 0.5 -center {0.666 0.908}
[00:35:48.37] /o {-4.386 -1.901} {7.83 3.255}
[00:35:48.87] /# gi::executeAction deCanvasZoomInAtPoint -in [gi::getWindows 5]
[00:35:48.87] /i de::zoom -window [gi::getWindows 5] -factor 2.0 -center {0.666 0.887}
[00:35:48.87] /o {-1.86 -0.507} {4.248 2.071}
[00:35:50.00] /# gi::executeAction deCanvasZoomInAtPoint -in [gi::getWindows 5]
[00:35:50.00] /i de::zoom -window [gi::getWindows 5] -factor 2.0 -center {0.659 0.913}
[00:35:50.00] /o {-0.601 0.203} {2.453 1.492}
[00:35:51.36] /# gi::executeAction deStartDrag -in [gi::getWindows 5]
[00:35:51.36] /i de::startDrag {0.65 0.933} -context [db::getNext [de::getContexts -window 5]]
[00:35:52.49] /# gi::executeAction deEndDrag -in [gi::getWindows 5]
[00:35:52.49] /i de::endDrag {0.727 0.738} -context [db::getNext [de::getContexts -window 5]]
[00:35:53.11] /# gi::executeAction deCanvasZoomOutAtPoint -in [gi::getWindows 5]
[00:35:53.11] /i de::zoom -window [gi::getWindows 5] -factor 0.5 -center {0.894 0.757}
[00:35:53.11] /o {-2.095 -0.351} {4.013 2.227}
[00:35:53.19] /# gi::executeAction deCanvasZoomOutAtPoint -in [gi::getWindows 5]
[00:35:53.19] /i de::zoom -window [gi::getWindows 5] -factor 0.5 -center {0.895 0.756}
[00:35:53.19] /o {-5.085 -1.458} {7.131 3.698}
[00:35:53.83] /# gi::executeAction deCanvasZoomInAtPoint -in [gi::getWindows 5]
[00:35:53.83] /i de::zoom -window [gi::getWindows 5] -factor 2.0 -center {0.593 0.587}
[00:35:53.83] /o {-2.246 -0.435} {3.862 2.143}
[00:35:57.05] /i gi::setField {termName} -value {out} -in [gi::getToolbars {deCommandOptions} -from [gi::getWindows 5]]
[00:35:57.70] /# gi::executeAction deCanvasZoomInAtPoint -in [gi::getWindows 5]
[00:35:57.70] /i de::zoom -window [gi::getWindows 5] -factor 2.0 -center {1.369 0.491}
[00:35:57.70] /o {-0.439 0.028} {2.615 1.317}
[00:35:57.79] /# gi::executeAction deCanvasZoomInAtPoint -in [gi::getWindows 5]
[00:35:57.79] /i de::zoom -window [gi::getWindows 5] -factor 2.0 -center {1.369 0.491}
[00:35:57.79] /o {0.465 0.259} {1.992 0.904}
[00:35:58.26] /# gi::executeAction deCanvasZoomOutAtPoint -in [gi::getWindows 5]
[00:35:58.26] /i de::zoom -window [gi::getWindows 5] -factor 0.5 -center {1.103 0.63}
[00:35:58.26] /o {-0.173 -0.111} {2.881 1.178}
[00:35:58.32] /# gi::executeAction deCanvasZoomOutAtPoint -in [gi::getWindows 5]
[00:35:58.32] /i de::zoom -window [gi::getWindows 5] -factor 0.5 -center {1.103 0.63}
[00:35:58.32] /o {-1.448 -0.852} {4.66 1.726}
[00:35:59.05] /# gi::executeAction deCanvasZoomInAtPoint -in [gi::getWindows 5]
[00:35:59.05] /i de::zoom -window [gi::getWindows 5] -factor 2.0 -center {1.049 0.766}
[00:35:59.05] /o {-0.2 -0.043} {2.854 1.246}
[00:36:00.62] /# gi::executeAction deStartDrag -in [gi::getWindows 5]
[00:36:00.62] /i de::startDrag {1.1 0.922} -context [db::getNext [de::getContexts -window 5]]
[00:36:02.07] /# gi::executeAction deEndDrag -in [gi::getWindows 5]
[00:36:02.07] /i de::endDrag {1.179 0.744} -context [db::getNext [de::getContexts -window 5]]
[00:36:02.33] /# gi::executeAction deCanvasZoomOutAtPoint -in [gi::getWindows 5]
[00:36:02.33] /i de::zoom -window [gi::getWindows 5] -factor 0.5 -center {1.179 0.744}
[00:36:02.33] /o {-1.578 -0.83} {4.53 1.748}
[00:36:03.05] /# gi::executeAction deFitView -in [gi::getWindows 5]
[00:36:03.05] /i de::fit -window 5 -fitView true
[00:36:03.05] /o {-3.646 -0.553} {5.476 3.298}
[00:36:07.40] /i gi::setActiveWindow 6
[00:36:07.40] /i gi::setActiveWindow 6 -raise true
[00:36:09.74] /i gi::setActiveWindow 5
[00:36:09.74] /i gi::setActiveWindow 5 -raise true
[00:36:15.95] /# gi::setField {lppFilter} -value {po} -in [gi::getAssistants leObjectLayerPanel -from [gi::getWindows 5]]
[00:36:15.95] /# gi::setCurrentIndex {lpps} -index {poly pin} -in [gi::getAssistants leObjectLayerPanel -from [gi::getWindows 5]]
[00:36:15.95] /# gi::setItemSelection {lpps} -index {poly pin} -in [gi::getAssistants leObjectLayerPanel -from [gi::getWindows 5]]
[00:36:16.07] /# gi::executeAction leOLPSetActiveLPP -in [gi::getAssistants leObjectLayerPanel -from [gi::getWindows 5]]
[00:36:16.07] /i de::setActiveLPP [de::getLPPs -from [oa::DesignFind D_FF tranmision layout] -filter {%lpp =="poly pin"}]
[00:36:19.11] /i gi::setField {termName} -value {p} -in [gi::getToolbars {deCommandOptions} -from [gi::getWindows 5]]
[00:36:19.68] /# gi::executeAction deCanvasZoomInAtPoint -in [gi::getWindows 5]
[00:36:19.68] /i de::zoom -window [gi::getWindows 5] -factor 2.0 -center {1.099 2.183}
[00:36:19.68] /o {-1.274 0.815} {3.288 2.74}
[00:36:20.86] /# gi::executeAction deStartDrag -in [gi::getWindows 5]
[00:36:20.86] /i de::startDrag {0.849 2.298} -context [db::getNext [de::getContexts -window 5]]
[00:36:21.70] /# gi::executeAction deEndDrag -in [gi::getWindows 5]
[00:36:21.70] /i de::endDrag {0.989 2.07} -context [db::getNext [de::getContexts -window 5]]
[00:36:21.92] /# gi::executeAction deCanvasZoomOutAtPoint -in [gi::getWindows 5]
[00:36:21.92] /i de::zoom -window [gi::getWindows 5] -factor 0.5 -center {0.975 2.045}
[00:36:21.92] /o {-3.522 -0.415} {5.6 3.436}
[00:36:22.02] /# gi::executeAction deCanvasZoomOutAtPoint -in [gi::getWindows 5]
[00:36:22.02] /i de::zoom -window [gi::getWindows 5] -factor 0.5 -center {0.976 2.046}
[00:36:22.03] /o {-8.02 -2.875} {10.224 4.825}
[00:36:22.54] /# gi::executeAction deCanvasZoomInAtPoint -in [gi::getWindows 5]
[00:36:22.54] /i de::zoom -window [gi::getWindows 5] -factor 2.0 -center {0.437 -0.832}
[00:36:22.54] /o {-3.792 -1.854} {5.331 1.997}
[00:36:26.06] /i gi::setField {termName} -value {n} -in [gi::getToolbars {deCommandOptions} -from [gi::getWindows 5]]
[00:36:26.60] /# gi::executeAction deCanvasZoomInAtPoint -in [gi::getWindows 5]
[00:36:26.60] /i de::zoom -window [gi::getWindows 5] -factor 2.0 -center {1.113 -0.415}
[00:36:26.60] /o {-1.339 -1.134} {3.222 0.791}
[00:36:27.75] /# gi::executeAction deStartDrag -in [gi::getWindows 5]
[00:36:27.75] /i de::startDrag {0.855 0.041} -context [db::getNext [de::getContexts -window 5]]
[00:36:28.41] /# gi::executeAction deEndDrag -in [gi::getWindows 5]
[00:36:28.41] /i de::endDrag {0.992 -0.135} -context [db::getNext [de::getContexts -window 5]]
[00:36:28.99] /# gi::executeAction deFitView -in [gi::getWindows 5]
[00:36:28.99] /i de::fit -window 5 -fitView true
[00:36:28.99] /o {-3.646 -0.553} {5.476 3.298}
[00:36:29.75] /# gi::executeAction deAbortCommand -in [gi::getWindows 5]
[00:36:29.75] /i de::abortCommand -context [db::getNext [de::getContexts -window 5]]
[00:36:31.43] /i gi::executeAction deSaveDesign -in [gi::getWindows 5]
[00:36:31.43] /m Information: Saving design 'D_FF tranmision layout'. (DESIGN_WINDOW-004)
[00:36:36.66] /# gi::executeAction xtDRCSetup -in [gi::getWindows 5]
[00:36:36.66] /i xt::showDRCSetup -job drc -window 5
[00:36:36.98] /o oa:0x20ee90a0
[00:36:37.03] /i gi::setActiveDialog [gi::getDialogs {xtDRCSetup} -parent [gi::getWindows 5]]
[00:36:37.31] /i db::setAttr geometry -of [gi::getDialogs {xtDRCSetup} -parent [gi::getWindows 5]] -value 475x427+865+334
[00:36:38.43] /i gi::pressButton {/tabGroup/mainTab/runDir/browseButton} -in [gi::getDialogs {xtDRCSetup} -parent [gi::getWindows 5]]
[00:36:56.45] /r giFileDialog accept Tranmission_verify
[00:37:02.82] /i gi::pressButton {/tabGroup/mainTab/jobParametersGroup/runsetFile/browseButton} -in [gi::getDialogs {xtDRCSetup} -parent [gi::getWindows 5]]
[00:37:14.83] /r giFileDialog accept PDK/hercules/drc/reference_drc.ev
[00:37:16.50] /i gi::setActiveTab {/tabGroup} -tabName {/tabGroup/controlVariablesTab} -in [gi::getDialogs {xtDRCSetup} -parent [gi::getWindows 5]]
[00:37:17.57] /i gi::setActiveTab {/tabGroup} -tabName {/tabGroup/customOptionsTab} -in [gi::getDialogs {xtDRCSetup} -parent [gi::getWindows 5]]
[00:37:18.56] /i gi::setField {/tabGroup/customOptionsTab/layerMapFile/entryField} -value {/remote/dept-seg-cae2/FTK/agarwals/PERFORCE/IPL/reference/90nm/techfiles/reference90RF_layer.map} -in [gi::getDialogs {xtDRCSetup} -parent [gi::getWindows 5]]
[00:37:18.65] /i gi::pressButton {/tabGroup/customOptionsTab/layerMapFile/browseButton} -in [gi::getDialogs {xtDRCSetup} -parent [gi::getWindows 5]]
[00:37:26.45] /r giFileDialog accept PDK/techfiles/reference90RF_layer.map
[00:37:27.97] /i gi::setActiveTab {/tabGroup} -tabName {/tabGroup/mainTab} -in [gi::getDialogs {xtDRCSetup} -parent [gi::getWindows 5]]
[00:37:31.89] /i gi::pressButton {/ok} -in [gi::getDialogs {xtDRCSetup} -parent [gi::getWindows 5]]
[00:37:32.34] /# xt::physicalVerification::executePve drc 5
[00:37:33.91] /r giWindowId 7
[00:37:33.93] /r giWindowGeometry 800x600
[00:37:36.01] /m Information: 
              /c =============================
              /c JobID: hercules_drc_1
              /c Completed with no errors.
              /c =============================
              /c 
[00:37:37.45] /i gi::pressButton {ConsoleToggleButton} -in [db::getAttr statusbar -of [gi::getWindows 7]]
[00:37:37.97] /i gi::pressButton {ConsoleToggleButton} -in [db::getAttr statusbar -of [gi::getWindows 7]]
[00:37:39.33] /i gi::executeAction giCloseWindow -in [gi::getWindows 7]
[00:37:39.34] /i gi::setActiveWindow 5
[00:37:39.34] /i gi::setActiveWindow 5 -raise true
[00:37:43.76] /# gi::executeAction xtLVSSetup -in [gi::getWindows 5]
[00:37:43.76] /i xt::showLVSSetup -job lvs -window 5
[00:37:44.07] /o oa:0x217287d0
[00:37:44.12] /i gi::setActiveDialog [gi::getDialogs {xtLVSSetup} -parent [gi::getWindows 5]]
[00:37:44.41] /i db::setAttr geometry -of [gi::getDialogs {xtLVSSetup} -parent [gi::getWindows 5]] -value 704x454+787+306
[00:37:45.59] /i gi::pressButton {/tabGroup/mainTab/runDir/browseButton} -in [gi::getDialogs {xtLVSSetup} -parent [gi::getWindows 5]]
[00:37:51.29] /r giFileDialog accept Tranmission_verify
[00:37:53.72] /i gi::pressButton {/tabGroup/mainTab/jobParametersGroup/runsetFile/browseButton} -in [gi::getDialogs {xtLVSSetup} -parent [gi::getWindows 5]]
[00:38:01.58] /r giFileDialog accept PDK/hercules/lvs/reference_lvs.ev
[00:38:03.86] /i gi::setActiveTab {/tabGroup} -tabName {/tabGroup/netlistingOptionsTab} -in [gi::getDialogs {xtLVSSetup} -parent [gi::getWindows 5]]
[00:38:05.16] /i gi::setField {/tabGroup/netlistingOptionsTab/schematicOutputNetlist/entryField} -value {/home/itsupport/Desktop/DOAN/synopsys_custom/tranmision.hercules.lvs/tranmision.custom_compiler.sp} -in [gi::getDialogs {xtLVSSetup} -parent [gi::getWindows 5]]
[00:38:05.16] /i gi::setCurrentIndex {/tabGroup/controlVariablesTab/controlVariablesTable} -index {0,0} -in [gi::getDialogs {xtLVSSetup} -parent [gi::getWindows 5]]
[00:38:05.17] /i gi::setActiveTab {/tabGroup} -tabName {/tabGroup/controlVariablesTab} -in [gi::getDialogs {xtLVSSetup} -parent [gi::getWindows 5]]
[00:38:05.92] /i gi::setActiveTab {/tabGroup} -tabName {/tabGroup/customOptionsTab} -in [gi::getDialogs {xtLVSSetup} -parent [gi::getWindows 5]]
[00:38:07.87] /i gi::pressButton {/tabGroup/customOptionsTab/layerMapFile/browseButton} -in [gi::getDialogs {xtLVSSetup} -parent [gi::getWindows 5]]
[00:38:14.14] /r giFileDialog accept PDK/techfiles/reference90RF_layer.map
[00:38:15.07] /i gi::setActiveTab {/tabGroup} -tabName {/tabGroup/netlistingOptionsTab} -in [gi::getDialogs {xtLVSSetup} -parent [gi::getWindows 5]]
[00:38:15.81] /i gi::setActiveTab {/tabGroup} -tabName {/tabGroup/mainTab} -in [gi::getDialogs {xtLVSSetup} -parent [gi::getWindows 5]]
[00:38:17.73] /i gi::pressButton {/ok} -in [gi::getDialogs {xtLVSSetup} -parent [gi::getWindows 5]]
[00:38:18.11] /# xt::physicalVerification::executePve lvs 5
[00:38:19.00] /m Information: "Starting netlisting for design "D_FF/tranmision/schematic"..." (NETLISTING-010)
[00:38:19.01] /m Information: 
[00:38:19.01] /o Checking "D_FF/tranmision/schematic"
[00:38:19.01] /o No rule violations found in "D_FF/tranmision/schematic"
[00:38:19.01] /o No Design Integrity rule violations found in "D_FF/tranmision/schematic"
[00:38:19.03] /m Information: "Netlisting design "D_FF/tranmision/schematic" finished successfully." (NETLISTING-012)
[00:38:19.20] /r giWindowId 8
[00:38:19.22] /r giWindowGeometry 800x600
[00:38:21.91] /m Information: 
              /c =============================
              /c JobID: hercules_lvs_1
              /c --- EXTRACT ERROR SUMMARY ---
              /c No Comment
              /c  ERR_CREATE_PORTS ....................................... 2 violations found.
              /c --- COMPARE ERROR SUMMARY ---
              /c Top block compare result: PASS
              /c [tranmision == tranmision]
              /c =============================
              /c 
[00:38:22.47] /j ::xt::hercules::vue::_private::registerConnection localhost:52059 tcp10 herculesVue_1 
[00:38:22.51] /j ::xt::hercules::vue::_private::isJobReady 
[00:38:22.51] /o false
[00:38:22.51] /m Information: Connection established with 'Hercules-VUE' running on 'localhost'.
[00:38:23.54] /j ::xt::hercules::vue::_private::isJobReady 
[00:38:23.54] /o true
[00:38:23.55] /j ::xt::hercules::vue::startFilter LAY 
[00:38:23.57] /j ::xt::hercules::vue::startFilter SCH 
[00:38:23.73] /j ::xt::hercules::vue::setInlibPath /home/itsupport/Desktop/DOAN/Tranmission_verify/. 
[00:38:23.75] /j ::xt::hercules::vue::setTopLayLCV D_FF tranmision layout 
[00:38:23.77] /j ::xt::hercules::vue::openCell D_FF tranmision layout 
[00:38:23.79] /j ::xt::hercules::vue::setTopSchLib D_FF 
[00:38:26.95] /j ::xt::hercules::vue::clearAllHighlights {} {} 
[00:38:26.97] /j ::xt::hercules::vue::clearAllHighlights tranmision layout 
[00:38:47.11] /j ::xt::hercules::vue::clearAllHighlights {} {} 
[00:38:47.13] /j ::xt::hercules::vue::clearAllHighlights tranmision layout 
[00:39:02.82] /j ::xt::hercules::vue::clearAllHighlights tranmision layout 
[00:39:02.83] /j ::xt::hercules::vue::clearAllHighlights tranmision layout 
[00:39:02.85] /j ::xt::hercules::vue::clearAllHighlights {} {} 
[00:39:02.88] /j ::xt::hercules::vue::clearAllHighlights {} {} 
[00:39:03.01] /m Information: Connection closed with 'Hercules-VUE' running on 'localhost'.
[00:39:06.21] /i gi::executeAction giCloseWindow -in [gi::getWindows 8]
[00:39:06.25] /i gi::setActiveWindow 5
[00:39:06.25] /i gi::setActiveWindow 5 -raise true
[00:39:08.78] /# gi::executeAction xtLVSRun -in [gi::getWindows 5]
[00:39:08.78] /i xt::physicalVerification::executeRun lvs 5
[00:39:08.85] /# xt::physicalVerification::executePve lvs 5
[00:39:09.76] /m Information: "Starting netlisting for design "D_FF/tranmision/schematic"..." (NETLISTING-010)
[00:39:09.77] /m Information: 
[00:39:09.77] /o Checking "D_FF/tranmision/schematic"
[00:39:09.77] /o No rule violations found in "D_FF/tranmision/schematic"
[00:39:09.77] /o No Design Integrity rule violations found in "D_FF/tranmision/schematic"
[00:39:09.79] /m Information: "Netlisting design "D_FF/tranmision/schematic" finished successfully." (NETLISTING-012)
[00:39:10.38] /r giWindowId 9
[00:39:10.40] /r giWindowGeometry 800x600
[00:39:12.51] /m Information: 
              /c =============================
              /c JobID: hercules_lvs_2
              /c --- EXTRACT ERROR SUMMARY ---
              /c No Comment
              /c  ERR_CREATE_PORTS ....................................... 2 violations found.
              /c --- COMPARE ERROR SUMMARY ---
              /c Top block compare result: PASS
              /c [tranmision == tranmision]
              /c =============================
              /c 
[00:39:12.77] /j ::xt::hercules::vue::_private::registerConnection localhost:58750 tcp16 herculesVue_2 
[00:39:12.81] /m Information: Connection established with 'Hercules-VUE' running on 'localhost'.
[00:39:12.83] /j ::xt::hercules::vue::_private::isJobReady 
[00:39:12.83] /o true
[00:39:12.86] /j ::xt::hercules::vue::startFilter LAY 
[00:39:12.87] /j ::xt::hercules::vue::startFilter SCH 
[00:39:13.09] /j ::xt::hercules::vue::setTopSchLib D_FF 
[00:39:13.11] /j ::xt::hercules::vue::setInlibPath /home/itsupport/Desktop/DOAN/Tranmission_verify/. 
[00:39:13.11] /j ::xt::hercules::vue::setTopLayLCV D_FF tranmision layout 
[00:39:13.11] /j ::xt::hercules::vue::openCell D_FF tranmision layout 
[00:39:21.56] /j ::xt::hercules::vue::clearAllHighlights tranmision layout 
[00:39:21.58] /j ::xt::hercules::vue::clearAllHighlights {} {} 
[00:39:27.78] /j ::xt::hercules::vue::clearAllHighlights tranmision layout 
[00:39:27.81] /j ::xt::hercules::vue::clearAllHighlights tranmision layout 
[00:39:27.81] /j ::xt::hercules::vue::clearAllHighlights tranmision layout 
[00:39:27.82] /j ::xt::hercules::vue::clearAllHighlights {} {} 
[00:39:27.84] /j ::xt::hercules::vue::clearAllHighlights {} {} 
[00:39:27.86] /j ::xt::hercules::vue::clearAllHighlights {} {} 
[00:39:28.01] /m Information: Connection closed with 'Hercules-VUE' running on 'localhost'.
[00:39:29.00] /i gi::executeAction giCloseWindow -in [gi::getWindows 9]
[00:39:29.01] /i gi::setActiveWindow 5
[00:39:29.01] /i gi::setActiveWindow 5 -raise true
[00:39:30.72] /# gi::executeAction deSelectActive -in [gi::getWindows 5]
[00:39:30.72] /i de::deselectAll [db::getNext [de::getContexts -window 5]]
[00:39:30.72] /i de::select [de::getActiveFigure [gi::getWindows 5] -point {1.341 3.039} -index 0 -intent none]
[00:39:30.72] /o oa:0x20faa9d0
[00:39:31.64] /i gi::executeAction dePropertyEditorToggleExtended -in [gi::getWindows 5]
[00:39:31.64] /# db::setAttr shown -of [gi::getAssistants dePropertyEditor -from [gi::getWindows 5]] -value true
[00:39:31.92] /i db::setAttr dockSize -of [gi::getAssistants leObjectLayerPanel -from [gi::getWindows 5]] -value 200x675
[00:39:31.98] /i db::setAttr dockSize -of [gi::getAssistants dePropertyEditor -from [gi::getWindows 5]] -value 290x675
[00:39:35.67] /# gi::executeAction deSelectActive -in [gi::getWindows 5]
[00:39:35.67] /i de::deselectAll [db::getNext [de::getContexts -window 5]]
[00:39:35.67] /i de::select [de::getActiveFigure [gi::getWindows 5] -point {1.324 0.101} -index 0 -intent none]
[00:39:35.67] /o oa:0x20d4a450
[00:39:39.35] /# gi::executeAction deSelectActive -in [gi::getWindows 5]
[00:39:39.35] /i de::deselectAll [db::getNext [de::getContexts -window 5]]
[00:39:39.35] /i de::select [de::getActiveFigure [gi::getWindows 5] -point {1.401 1.606} -index 0 -intent none]
[00:39:39.35] /o oa:0x210148a0
[00:39:41.59] /i gi::setActiveWindow 6
[00:39:41.59] /i gi::setActiveWindow 6 -raise true
[00:39:42.57] /# gi::executeAction deCanvasZoomInAtPoint -in [gi::getWindows 6]
[00:39:42.57] /i de::zoom -window [gi::getWindows 6] -factor 2.0 -center {4.4125 2.4375}
[00:39:42.57] /o {2.43125 1.6625} {5.35625 3.03125}
[00:39:50.28] /# gi::executeAction deCanvasZoomOutAtPoint -in [gi::getWindows 6]
[00:39:50.28] /i de::zoom -window [gi::getWindows 6] -factor 0.5 -center {4.375 1.95625}
[00:39:50.28] /o {0.4875 1.36875} {6.3375 4.10625}
[00:39:54.71] /# gi::executeAction deCanvasZoomOutAtPoint -in [gi::getWindows 6]
[00:39:54.71] /i de::zoom -window [gi::getWindows 6] -factor 0.5 -center {4.46875 1.4625}
[00:39:54.71] /o {-3.49375 1.275} {8.20625 6.75}
[00:39:55.10] /# gi::executeAction deCanvasZoomInAtPoint -in [gi::getWindows 6]
[00:39:55.10] /i de::zoom -window [gi::getWindows 6] -factor 2.0 -center {4.46875 1.4625}
[00:39:55.10] /o {0.4875 1.36875} {6.3375 4.10625}
[00:39:55.18] /# gi::executeAction deCanvasZoomInAtPoint -in [gi::getWindows 6]
[00:39:55.18] /i de::zoom -window [gi::getWindows 6] -factor 2.0 -center {4.46875 1.4625}
[00:39:55.18] /o {2.48125 1.41875} {5.4 2.78125}
[00:39:57.54] /i gi::setActiveWindow 5
[00:39:57.54] /i gi::setActiveWindow 5 -raise true
[00:39:58.33] /# gi::executeAction deCanvasZoomInAtPoint -in [gi::getWindows 5]
[00:39:58.33] /i de::zoom -window [gi::getWindows 5] -factor 2.0 -center {0.605 0.799}
[00:39:58.33] /o {-1.521 0.123} {2.793 2.048}
[00:39:59.00] /# gi::executeAction deCanvasZoomOutAtPoint -in [gi::getWindows 5]
[00:39:59.00] /i de::zoom -window [gi::getWindows 5] -factor 0.5 -center {0.668 0.81}
[00:39:59.00] /o {-3.709 -0.564} {4.919 3.287}
[00:40:00.09] /# gi::executeAction deCanvasZoomOutAtPoint -in [gi::getWindows 5]
[00:40:00.09] /i de::zoom -window [gi::getWindows 5] -factor 0.5 -center {0.712 1.359}
[00:40:00.09] /o {-8.13 -2.486} {9.126 5.214}
