[23:22:47.73] /r giWindowId 0
[23:22:47.73] /r giWindowGeometry 600x300
[23:22:47.74] /o 
              /c                                 Custom Compiler 
              /c 
              /c               Version N-2017.12-SP1-2 for linux64 - May 16, 2018 
              /c 
              /c                     Copyright (c) 2004 - 2018 Synopsys, Inc.
              /c    This software and the associated documentation are proprietary to Synopsys,
              /c  Inc. This software may only be used in accordance with the terms and conditions
              /c  of a written license agreement with Synopsys, Inc. All other use, reproduction,
              /c             or distribution of this software is strictly prohibited.
              /c 
              /c Build  (OPT) Config 4182185 compiled on Wed May 16 15:20:56 2018 for RHEL64 6.6
              /c Invocation: /usr/synopsys/customcompiler/N-2017.12-SP1-2/linux64/platform/bin/cdesigner
              /c Execution time: Fri Apr 24 23:22:45 2026
              /c Host: localhost.localdomain
              /c Working directory: /home/itsupport/Desktop/DOAN
              /c 
[23:22:53.04] /o Shutdown time: Fri Apr 24 23:22:53 2026
[23:22:53.04] /o Elapsed session real time: 0.1 minutes
[23:22:53.04] /o Session terminated. Log is at /home/itsupport/Desktop/DOAN/synopsys_custom/logs/ccompiler.itsupport.2026_4_24_232245_3287.log
