[14:59:14.85] /r giWindowId 0
[14:59:14.85] /r giWindowGeometry 600x300
[14:59:14.86] /o 
              /c                                 Custom Compiler 
              /c 
              /c               Version N-2017.12-SP1-2 for linux64 - May 16, 2018 
              /c 
              /c                     Copyright (c) 2004 - 2018 Synopsys, Inc.
              /c    This software and the associated documentation are proprietary to Synopsys,
              /c  Inc. This software may only be used in accordance with the terms and conditions
              /c  of a written license agreement with Synopsys, Inc. All other use, reproduction,
              /c             or distribution of this software is strictly prohibited.
              /c 
              /c Build  (OPT) Config 4182185 compiled on Wed May 16 15:20:56 2018 for RHEL64 6.6
              /c Invocation: /usr/synopsys/customcompiler/N-2017.12-SP1-2/linux64/platform/bin/cdesigner
              /c Execution time: Sun Apr 26 14:59:12 2026
              /c Host: localhost.localdomain
              /c Working directory: /home/itsupport/Desktop/DOAN
              /c 
[14:59:19.75] /o Shutdown time: Sun Apr 26 14:59:19 2026
[14:59:19.75] /o Elapsed session real time: 0.08 minutes
[14:59:19.75] /o Session terminated. Log is at /home/itsupport/Desktop/DOAN/synopsys_custom/logs/ccompiler.itsupport.2026_4_26_145912_3138.log
