[13:59:10.46] /m Information: License 'SAE' checked out. (LICENSE-003)
[13:59:11.78] /o sae_shell Version Custom Compiler N-2017.12-SP1-2
              /c Build  (OPT) compiled on Wed May 16 15:20:56 2018 for RHEL64 6.6
              /c Execution time: Tue Apr 28 13:59:09 2026
              /c Host: localhost.localdomain
              /c 
              /c Copyright © 2004-2018 Synopsys, Inc.
              /c This software and the associated documentation are proprietary to Synopsys, Inc. This software may only be used in accordance with the terms and conditions of a written license agreement with Synopsys, Inc. All other use, reproduction, or distribution of this software is strictly prohibited.
              /c 
              /c 
[13:59:11.79] /w Warning: Preference 'leActiveLPP' is deprecated and scheduled for removal in a future release with no replacement. For migration assistance, see the Custom Compiler Tcl Reference Manual. (PREFERENCE-058)
[13:59:11.79] /o 	#######################################
[13:59:11.79] /o 	PDK Library Name	: reference90RF
[13:59:11.79] /o 	PDK Version		: 2.0
[13:59:11.79] /o 	PDK Release Date	: 25-March-2010 
[13:59:11.79] /o 	#######################################
[13:59:11.79] /o 
[13:59:11.79] /i ::sa::_backgroundSaeShell::signalProcessReady 1777359549
[13:59:11.80] /o saeInterBGSaeShell:  ::sa::_backgroundSaeShell::processReady 2
[14:04:12.80] /o saeInterBGSaeShell:  ::sa::_backgroundSaeShell::pingBack
[14:04:12.83] /i ::sa::_backgroundSaeShell::parentRunning
[14:04:12.83] /o 1777359852
[14:09:13.81] /o saeInterBGSaeShell:  ::sa::_backgroundSaeShell::pingBack
[14:09:13.83] /i ::sa::_backgroundSaeShell::parentRunning
[14:09:13.83] /o 1777360153
[14:14:14.82] /o saeInterBGSaeShell:  ::sa::_backgroundSaeShell::pingBack
[14:14:14.85] /i ::sa::_backgroundSaeShell::parentRunning
[14:14:14.85] /o 1777360454
[14:14:48.91] /i ::sa::_backgroundSaeShell::exit
[14:14:48.91] /o saeInterBGSaeShell:  ::sa::_backgroundSaeShell::childFormallyExiting
