[10:35:16.86] /m Information: License 'SAE' checked out. (LICENSE-003)
[10:35:18.07] /o sae_shell Version Custom Compiler N-2017.12-SP1-2
              /c Build  (OPT) compiled on Wed May 16 15:20:56 2018 for RHEL64 6.6
              /c Execution time: Tue May  5 10:35:15 2026
              /c Host: localhost.localdomain
              /c 
              /c Copyright © 2004-2018 Synopsys, Inc.
              /c This software and the associated documentation are proprietary to Synopsys, Inc. This software may only be used in accordance with the terms and conditions of a written license agreement with Synopsys, Inc. All other use, reproduction, or distribution of this software is strictly prohibited.
              /c 
              /c 
[10:35:18.08] /w Warning: Preference 'leActiveLPP' is deprecated and scheduled for removal in a future release with no replacement. For migration assistance, see the Custom Compiler Tcl Reference Manual. (PREFERENCE-058)
[10:35:18.08] /o 	#######################################
[10:35:18.08] /o 	PDK Library Name	: reference90RF
[10:35:18.08] /o 	PDK Version		: 2.0
[10:35:18.08] /o 	PDK Release Date	: 25-March-2010 
[10:35:18.08] /o 	#######################################
[10:35:18.08] /o 
[10:35:18.09] /e Error: "Simulation failed for design: D_FF/tranmision_test/schematic "
[10:35:18.18] /i ::sa::_backgroundSaeShell::signalProcessReady 1777952115
[10:35:18.18] /o saeInterBGSaeShell:  ::sa::_backgroundSaeShell::processReady 3
[10:40:19.20] /o saeInterBGSaeShell:  ::sa::_backgroundSaeShell::pingBack
[10:40:19.29] /i ::sa::_backgroundSaeShell::parentRunning
[10:40:19.29] /o 1777952419
[10:45:20.22] /o saeInterBGSaeShell:  ::sa::_backgroundSaeShell::pingBack
[10:45:20.30] /i ::sa::_backgroundSaeShell::parentRunning
[10:45:20.30] /o 1777952720
[10:48:33.49] /i ::wf::viewerExited
[10:50:21.24] /o saeInterBGSaeShell:  ::sa::_backgroundSaeShell::pingBack
[10:50:21.30] /i ::sa::_backgroundSaeShell::parentRunning
[10:50:21.30] /o 1777953021
[10:55:22.26] /o saeInterBGSaeShell:  ::sa::_backgroundSaeShell::pingBack
[10:55:22.29] /i ::sa::_backgroundSaeShell::parentRunning
[10:55:22.29] /o 1777953322
[11:00:23.26] /o saeInterBGSaeShell:  ::sa::_backgroundSaeShell::pingBack
[11:00:23.29] /i ::sa::_backgroundSaeShell::parentRunning
[11:00:23.29] /o 1777953623
[11:05:24.27] /o saeInterBGSaeShell:  ::sa::_backgroundSaeShell::pingBack
[11:05:24.29] /i ::sa::_backgroundSaeShell::parentRunning
[11:05:24.29] /o 1777953924
[11:10:25.28] /o saeInterBGSaeShell:  ::sa::_backgroundSaeShell::pingBack
[11:10:25.39] /i ::sa::_backgroundSaeShell::parentRunning
[11:10:25.39] /o 1777954225
[11:15:26.29] /o saeInterBGSaeShell:  ::sa::_backgroundSaeShell::pingBack
[11:15:26.39] /i ::sa::_backgroundSaeShell::parentRunning
[11:15:26.39] /o 1777954526
[11:20:27.31] /o saeInterBGSaeShell:  ::sa::_backgroundSaeShell::pingBack
[11:20:27.39] /i ::sa::_backgroundSaeShell::parentRunning
[11:20:27.39] /o 1777954827
[11:22:55.95] /i ::sa::_backgroundSaeShell::exit
[11:22:55.95] /o saeInterBGSaeShell:  ::sa::_backgroundSaeShell::childFormallyExiting
