[23:27:47.73] /m Information: License 'SAE' checked out. (LICENSE-003)
[23:27:49.29] /o sae_shell Version Custom Compiler N-2017.12-SP1-2
              /c Build  (OPT) compiled on Wed May 16 15:20:56 2018 for RHEL64 6.6
              /c Execution time: Fri Apr 24 23:27:46 2026
              /c Host: localhost.localdomain
              /c 
              /c Copyright © 2004-2018 Synopsys, Inc.
              /c This software and the associated documentation are proprietary to Synopsys, Inc. This software may only be used in accordance with the terms and conditions of a written license agreement with Synopsys, Inc. All other use, reproduction, or distribution of this software is strictly prohibited.
              /c 
              /c 
[23:27:49.30] /w Warning: Preference 'leActiveLPP' is deprecated and scheduled for removal in a future release with no replacement. For migration assistance, see the Custom Compiler Tcl Reference Manual. (PREFERENCE-058)
[23:27:49.31] /o 	#######################################
[23:27:49.31] /o 	PDK Library Name	: reference90RF
[23:27:49.31] /o 	PDK Version		: 2.0
[23:27:49.31] /o 	PDK Release Date	: 25-March-2010 
[23:27:49.31] /o 	#######################################
[23:27:49.31] /o 
[23:27:49.31] /i ::sa::_backgroundSaeShell::signalProcessReady 1777048066
[23:27:49.31] /o saeInterBGSaeShell:  ::sa::_backgroundSaeShell::processReady 3
[23:27:56.90] /i ::wf::viewerExited
[23:32:50.33] /o saeInterBGSaeShell:  ::sa::_backgroundSaeShell::pingBack
[23:32:50.41] /i ::sa::_backgroundSaeShell::parentRunning
[23:32:50.41] /o 1777048370
[23:36:44.00] /i ::wf::viewerExited
[23:37:51.35] /o saeInterBGSaeShell:  ::sa::_backgroundSaeShell::pingBack
[23:37:51.40] /i ::sa::_backgroundSaeShell::parentRunning
[23:37:51.40] /o 1777048671
[23:39:30.40] /i ::wf::viewerExited
[23:42:52.36] /o saeInterBGSaeShell:  ::sa::_backgroundSaeShell::pingBack
[23:42:52.40] /i ::sa::_backgroundSaeShell::parentRunning
[23:42:52.40] /o 1777048972
[23:47:53.36] /o saeInterBGSaeShell:  ::sa::_backgroundSaeShell::pingBack
[23:47:53.40] /i ::sa::_backgroundSaeShell::parentRunning
[23:47:53.40] /o 1777049273
[23:52:54.36] /o saeInterBGSaeShell:  ::sa::_backgroundSaeShell::pingBack
[23:52:54.40] /i ::sa::_backgroundSaeShell::parentRunning
[23:52:54.40] /o 1777049574
[23:54:44.80] /i ::wf::viewerExited
[23:55:19.62] /i ::sa::_backgroundSaeShell::exit
[23:55:19.62] /o saeInterBGSaeShell:  ::sa::_backgroundSaeShell::childFormallyExiting
