[09:19:41.37] /m Information: License 'SAE' checked out. (LICENSE-003)
[09:19:42.90] /o sae_shell Version Custom Compiler N-2017.12-SP1-2
              /c Build  (OPT) compiled on Wed May 16 15:20:56 2018 for RHEL64 6.6
              /c Execution time: Sun Apr 19 09:19:39 2026
              /c Host: localhost.localdomain
              /c 
              /c Copyright © 2004-2018 Synopsys, Inc.
              /c This software and the associated documentation are proprietary to Synopsys, Inc. This software may only be used in accordance with the terms and conditions of a written license agreement with Synopsys, Inc. All other use, reproduction, or distribution of this software is strictly prohibited.
              /c 
              /c 
[09:19:42.96] /w Warning: Preference 'leActiveLPP' is deprecated and scheduled for removal in a future release with no replacement. For migration assistance, see the Custom Compiler Tcl Reference Manual. (PREFERENCE-058)
[09:19:42.96] /o 	#######################################
[09:19:42.96] /o 	PDK Library Name	: reference90RF
[09:19:42.96] /o 	PDK Version		: 2.0
[09:19:42.96] /o 	PDK Release Date	: 25-March-2010 
[09:19:42.96] /o 	#######################################
[09:19:42.96] /o 
[09:19:42.97] /i ::sa::_backgroundSaeShell::signalProcessReady 1776565178
[09:19:42.97] /o saeInterBGSaeShell:  ::sa::_backgroundSaeShell::processReady 4
[09:20:41.65] /i ::sa::_backgroundSaeShell::runScript /home/itsupport/simulation/DOAN,test_latch,schematic/history_1/simulation/default/HSPICE/nominal/.bg_measurement_script.tcl sa::_resultsDatabase::saeShellProcessingCompletedProc testSuiteName saeSession0 testbenchName default resultsDir /home/itsupport/simulation/DOAN,test_latch,schematic/history_1/simulation/default/HSPICE/nominal/results testSuiteDir /home/itsupport/simulation/DOAN,test_latch,schematic/history_1/simulation/default/HSPICE/nominal databaseName /home/itsupport/simulation/DOAN,test_latch,schematic/history_1/simulation/default/HSPICE/nominal/resultsDatabase remoteRun {} testbenchId 1 saveImages true
[09:20:42.90] /m Information: Started sharing "Custom WaveView" license. (WAVEFORM-110)
[09:20:43.00] /o saeInterBGSaeShell:  ::sa::_backgroundSaeShell::scriptFinished 1.3 {} sa::_resultsDatabase::saeShellProcessingCompletedProc testSuiteName saeSession0 testbenchName default resultsDir /home/itsupport/simulation/DOAN,test_latch,schematic/history_1/simulation/default/HSPICE/nominal/results testSuiteDir /home/itsupport/simulation/DOAN,test_latch,schematic/history_1/simulation/default/HSPICE/nominal databaseName /home/itsupport/simulation/DOAN,test_latch,schematic/history_1/simulation/default/HSPICE/nominal/resultsDatabase remoteRun {} testbenchId 1 saveImages true
[09:20:43.00] /o false
[09:23:09.16] /i ::wf::viewerExited
[09:23:39.34] /i ::sa::_backgroundSaeShell::runScript /home/itsupport/simulation/DOAN,test_latch,schematic/history_1/simulation/default/HSPICE/nominal/.bg_measurement_script.tcl sa::_resultsDatabase::saeShellProcessingCompletedProc testSuiteName saeSession0 testbenchName default resultsDir /home/itsupport/simulation/DOAN,test_latch,schematic/history_1/simulation/default/HSPICE/nominal/results testSuiteDir /home/itsupport/simulation/DOAN,test_latch,schematic/history_1/simulation/default/HSPICE/nominal databaseName /home/itsupport/simulation/DOAN,test_latch,schematic/history_1/simulation/default/HSPICE/nominal/resultsDatabase remoteRun {} testbenchId 1 saveImages true
[09:23:39.58] /o saeInterBGSaeShell:  ::sa::_backgroundSaeShell::scriptFinished 0.2 {} sa::_resultsDatabase::saeShellProcessingCompletedProc testSuiteName saeSession0 testbenchName default resultsDir /home/itsupport/simulation/DOAN,test_latch,schematic/history_1/simulation/default/HSPICE/nominal/results testSuiteDir /home/itsupport/simulation/DOAN,test_latch,schematic/history_1/simulation/default/HSPICE/nominal databaseName /home/itsupport/simulation/DOAN,test_latch,schematic/history_1/simulation/default/HSPICE/nominal/resultsDatabase remoteRun {} testbenchId 1 saveImages true
[09:23:39.58] /o false
[09:24:09.81] /i ::wf::viewerExited
[09:25:32.64] /i ::sa::_backgroundSaeShell::runScript /home/itsupport/simulation/DOAN,test_latch,schematic/history_1/simulation/default/HSPICE/nominal/.bg_measurement_script.tcl sa::_resultsDatabase::saeShellProcessingCompletedProc testSuiteName saeSession0 testbenchName default resultsDir /home/itsupport/simulation/DOAN,test_latch,schematic/history_1/simulation/default/HSPICE/nominal/results testSuiteDir /home/itsupport/simulation/DOAN,test_latch,schematic/history_1/simulation/default/HSPICE/nominal databaseName /home/itsupport/simulation/DOAN,test_latch,schematic/history_1/simulation/default/HSPICE/nominal/resultsDatabase remoteRun {} testbenchId 1 saveImages true
[09:25:32.88] /o saeInterBGSaeShell:  ::sa::_backgroundSaeShell::scriptFinished 0.2 {} sa::_resultsDatabase::saeShellProcessingCompletedProc testSuiteName saeSession0 testbenchName default resultsDir /home/itsupport/simulation/DOAN,test_latch,schematic/history_1/simulation/default/HSPICE/nominal/results testSuiteDir /home/itsupport/simulation/DOAN,test_latch,schematic/history_1/simulation/default/HSPICE/nominal databaseName /home/itsupport/simulation/DOAN,test_latch,schematic/history_1/simulation/default/HSPICE/nominal/resultsDatabase remoteRun {} testbenchId 1 saveImages true
[09:25:32.88] /o false
[09:26:15.97] /i ::wf::viewerExited
[09:30:15.85] /i ::sa::_backgroundSaeShell::runScript /home/itsupport/simulation/DOAN,test_latch,schematic/history_1/simulation/default/HSPICE/nominal/.bg_measurement_script.tcl sa::_resultsDatabase::saeShellProcessingCompletedProc testSuiteName saeSession0 testbenchName default resultsDir /home/itsupport/simulation/DOAN,test_latch,schematic/history_1/simulation/default/HSPICE/nominal/results testSuiteDir /home/itsupport/simulation/DOAN,test_latch,schematic/history_1/simulation/default/HSPICE/nominal databaseName /home/itsupport/simulation/DOAN,test_latch,schematic/history_1/simulation/default/HSPICE/nominal/resultsDatabase remoteRun {} testbenchId 1 saveImages true
[09:30:16.09] /o saeInterBGSaeShell:  ::sa::_backgroundSaeShell::scriptFinished 0.2 {} sa::_resultsDatabase::saeShellProcessingCompletedProc testSuiteName saeSession0 testbenchName default resultsDir /home/itsupport/simulation/DOAN,test_latch,schematic/history_1/simulation/default/HSPICE/nominal/results testSuiteDir /home/itsupport/simulation/DOAN,test_latch,schematic/history_1/simulation/default/HSPICE/nominal databaseName /home/itsupport/simulation/DOAN,test_latch,schematic/history_1/simulation/default/HSPICE/nominal/resultsDatabase remoteRun {} testbenchId 1 saveImages true
[09:30:16.09] /o false
[09:35:18.01] /o saeInterBGSaeShell:  ::sa::_backgroundSaeShell::pingBack
[09:35:18.04] /i ::sa::_backgroundSaeShell::parentRunning
[09:35:18.04] /o 1776566118
[09:35:20.64] /m Information: Stopped sharing "Custom WaveView" license. (WAVEFORM-111)
[09:40:19.02] /o saeInterBGSaeShell:  ::sa::_backgroundSaeShell::pingBack
[09:40:19.05] /i ::sa::_backgroundSaeShell::parentRunning
[09:40:19.05] /o 1776566419
[09:41:25.85] /i ::wf::viewerExited
[09:45:20.04] /o saeInterBGSaeShell:  ::sa::_backgroundSaeShell::pingBack
[09:45:20.04] /i ::sa::_backgroundSaeShell::parentRunning
[09:45:20.04] /o 1776566720
[09:50:21.05] /o saeInterBGSaeShell:  ::sa::_backgroundSaeShell::pingBack
[09:50:21.15] /i ::sa::_backgroundSaeShell::parentRunning
[09:50:21.15] /o 1776567021
[09:55:22.06] /o saeInterBGSaeShell:  ::sa::_backgroundSaeShell::pingBack
[09:55:22.14] /i ::sa::_backgroundSaeShell::parentRunning
[09:55:22.14] /o 1776567322
[10:00:23.07] /o saeInterBGSaeShell:  ::sa::_backgroundSaeShell::pingBack
[10:00:23.14] /i ::sa::_backgroundSaeShell::parentRunning
[10:00:23.14] /o 1776567623
[10:05:24.09] /o saeInterBGSaeShell:  ::sa::_backgroundSaeShell::pingBack
[10:05:24.14] /i ::sa::_backgroundSaeShell::parentRunning
[10:05:24.14] /o 1776567924
[10:10:25.10] /o saeInterBGSaeShell:  ::sa::_backgroundSaeShell::pingBack
[10:10:25.14] /i ::sa::_backgroundSaeShell::parentRunning
[10:10:25.14] /o 1776568225
[10:10:27.24] /i ::sa::_backgroundSaeShell::runScript /home/itsupport/simulation/DOAN,test_latch,schematic/history_1/simulation/default/HSPICE/nominal/.bg_measurement_script.tcl sa::_resultsDatabase::saeShellProcessingCompletedProc testSuiteName saeSession0 testbenchName default resultsDir /home/itsupport/simulation/DOAN,test_latch,schematic/history_1/simulation/default/HSPICE/nominal/results testSuiteDir /home/itsupport/simulation/DOAN,test_latch,schematic/history_1/simulation/default/HSPICE/nominal databaseName /home/itsupport/simulation/DOAN,test_latch,schematic/history_1/simulation/default/HSPICE/nominal/resultsDatabase remoteRun {} testbenchId 1 saveImages true
[10:10:27.48] /m Information: Started sharing "Custom WaveView" license. (WAVEFORM-110)
[10:10:27.48] /e Error: Evaluating 'v(/net11)': "Could not find net named: net11" (HIERARCHY_COMMANDS-007)
[10:10:27.49] /e Error: Evaluating 'v(/net9)': "Could not find net named: net9" (HIERARCHY_COMMANDS-007)
[10:10:27.49] /o Tracing Q_N
[10:10:27.49] /o Tracing Q_N (Found 0)
[10:10:27.49] /o Tracing collected globals
[10:10:27.49] /o Tracing Q_N
[10:10:27.49] /o Tracing Q_N (Found 0)
[10:10:27.49] /o Tracing collected globals
[10:10:27.49] /o Tracing Q_N
[10:10:27.49] /o Tracing Q_N (Found 0)
[10:10:27.49] /o Tracing collected globals
[10:10:27.58] /o saeInterBGSaeShell:  ::sa::_backgroundSaeShell::scriptFinished 0.3 {} sa::_resultsDatabase::saeShellProcessingCompletedProc testSuiteName saeSession0 testbenchName default resultsDir /home/itsupport/simulation/DOAN,test_latch,schematic/history_1/simulation/default/HSPICE/nominal/results testSuiteDir /home/itsupport/simulation/DOAN,test_latch,schematic/history_1/simulation/default/HSPICE/nominal databaseName /home/itsupport/simulation/DOAN,test_latch,schematic/history_1/simulation/default/HSPICE/nominal/resultsDatabase remoteRun {} testbenchId 1 saveImages true
[10:10:27.58] /o false
[10:10:34.95] /i ::wf::viewerExited
[10:10:57.21] /i ::sa::_backgroundSaeShell::exit
[10:10:57.21] /o saeInterBGSaeShell:  ::sa::_backgroundSaeShell::childFormallyExiting
