[23:50:29.65] /m Information: License 'SAE' checked out. (LICENSE-003)
[23:50:30.98] /o sae_shell Version Custom Compiler N-2017.12-SP1-2
              /c Build  (OPT) compiled on Wed May 16 15:20:56 2018 for RHEL64 6.6
              /c Execution time: Fri Apr 24 23:50:28 2026
              /c Host: localhost.localdomain
              /c 
              /c Copyright © 2004-2018 Synopsys, Inc.
              /c This software and the associated documentation are proprietary to Synopsys, Inc. This software may only be used in accordance with the terms and conditions of a written license agreement with Synopsys, Inc. All other use, reproduction, or distribution of this software is strictly prohibited.
              /c 
              /c 
[23:50:30.99] /w Warning: Preference 'leActiveLPP' is deprecated and scheduled for removal in a future release with no replacement. For migration assistance, see the Custom Compiler Tcl Reference Manual. (PREFERENCE-058)
[23:50:30.99] /o 	#######################################
[23:50:30.99] /o 	PDK Library Name	: reference90RF
[23:50:30.99] /o 	PDK Version		: 2.0
[23:50:30.99] /o 	PDK Release Date	: 25-March-2010 
[23:50:30.99] /o 	#######################################
[23:50:30.99] /o 
[23:50:31.00] /i ::sa::_backgroundSaeShell::signalProcessReady 1777049428
[23:50:31.00] /o saeInterBGSaeShell:  ::sa::_backgroundSaeShell::processReady 3
[23:51:03.96] /i ::sa::_backgroundSaeShell::runScript /home/itsupport/simulation/DOAN,pulse_test,schematic/history_1/simulation/default/HSPICE/nominal/.bg_measurement_script.tcl sa::_resultsDatabase::saeShellProcessingCompletedProc testSuiteName saeSession1 testbenchName default resultsDir /home/itsupport/simulation/DOAN,pulse_test,schematic/history_1/simulation/default/HSPICE/nominal/results testSuiteDir /home/itsupport/simulation/DOAN,pulse_test,schematic/history_1/simulation/default/HSPICE/nominal databaseName /home/itsupport/simulation/DOAN,pulse_test,schematic/history_1/simulation/default/HSPICE/nominal/resultsDatabase remoteRun {} testbenchId 1 saveImages true
[23:51:04.25] /m Information: Started sharing "Custom WaveView" license. (WAVEFORM-110)
[23:51:04.35] /o saeInterBGSaeShell:  ::sa::_backgroundSaeShell::scriptFinished 0.3 {} sa::_resultsDatabase::saeShellProcessingCompletedProc testSuiteName saeSession1 testbenchName default resultsDir /home/itsupport/simulation/DOAN,pulse_test,schematic/history_1/simulation/default/HSPICE/nominal/results testSuiteDir /home/itsupport/simulation/DOAN,pulse_test,schematic/history_1/simulation/default/HSPICE/nominal databaseName /home/itsupport/simulation/DOAN,pulse_test,schematic/history_1/simulation/default/HSPICE/nominal/resultsDatabase remoteRun {} testbenchId 1 saveImages true
[23:51:04.35] /o false
[23:53:32.10] /i ::sa::_backgroundSaeShell::runScript /home/itsupport/simulation/DOAN,pulse_test,schematic/history_1/simulation/default/HSPICE/nominal/.bg_measurement_script.tcl sa::_resultsDatabase::saeShellProcessingCompletedProc testSuiteName saeSession1 testbenchName default resultsDir /home/itsupport/simulation/DOAN,pulse_test,schematic/history_1/simulation/default/HSPICE/nominal/results testSuiteDir /home/itsupport/simulation/DOAN,pulse_test,schematic/history_1/simulation/default/HSPICE/nominal databaseName /home/itsupport/simulation/DOAN,pulse_test,schematic/history_1/simulation/default/HSPICE/nominal/resultsDatabase remoteRun {} testbenchId 1 saveImages true
[23:53:32.35] /o saeInterBGSaeShell:  ::sa::_backgroundSaeShell::scriptFinished 0.2 {} sa::_resultsDatabase::saeShellProcessingCompletedProc testSuiteName saeSession1 testbenchName default resultsDir /home/itsupport/simulation/DOAN,pulse_test,schematic/history_1/simulation/default/HSPICE/nominal/results testSuiteDir /home/itsupport/simulation/DOAN,pulse_test,schematic/history_1/simulation/default/HSPICE/nominal databaseName /home/itsupport/simulation/DOAN,pulse_test,schematic/history_1/simulation/default/HSPICE/nominal/resultsDatabase remoteRun {} testbenchId 1 saveImages true
[23:53:32.35] /o false
[23:54:44.80] /i ::wf::viewerExited
[23:58:33.02] /o saeInterBGSaeShell:  ::sa::_backgroundSaeShell::pingBack
[23:58:33.10] /i ::sa::_backgroundSaeShell::parentRunning
[23:58:33.10] /o 1777049913
[23:58:37.69] /m Information: Stopped sharing "Custom WaveView" license. (WAVEFORM-111)
[00:03:34.04] /o saeInterBGSaeShell:  ::sa::_backgroundSaeShell::pingBack
[00:03:34.09] /i ::sa::_backgroundSaeShell::parentRunning
[00:03:34.09] /o 1777050214
[00:08:35.06] /o saeInterBGSaeShell:  ::sa::_backgroundSaeShell::pingBack
[00:08:35.10] /i ::sa::_backgroundSaeShell::parentRunning
[00:08:35.10] /o 1777050515
[00:13:19.50] /i ::sa::_backgroundSaeShell::exit
[00:13:19.50] /o saeInterBGSaeShell:  ::sa::_backgroundSaeShell::childFormallyExiting
