[23:01:04.02] /m Information: License 'SAE' checked out. (LICENSE-003)
[23:01:05.53] /o sae_shell Version Custom Compiler N-2017.12-SP1-2
              /c Build  (OPT) compiled on Wed May 16 15:20:56 2018 for RHEL64 6.6
              /c Execution time: Sat Apr 25 23:01:02 2026
              /c Host: localhost.localdomain
              /c 
              /c Copyright © 2004-2018 Synopsys, Inc.
              /c This software and the associated documentation are proprietary to Synopsys, Inc. This software may only be used in accordance with the terms and conditions of a written license agreement with Synopsys, Inc. All other use, reproduction, or distribution of this software is strictly prohibited.
              /c 
              /c 
[23:01:05.58] /w Warning: Preference 'leActiveLPP' is deprecated and scheduled for removal in a future release with no replacement. For migration assistance, see the Custom Compiler Tcl Reference Manual. (PREFERENCE-058)
[23:01:05.58] /o 	#######################################
[23:01:05.58] /o 	PDK Library Name	: reference90RF
[23:01:05.58] /o 	PDK Version		: 2.0
[23:01:05.58] /o 	PDK Release Date	: 25-March-2010 
[23:01:05.58] /o 	#######################################
[23:01:05.58] /o 
[23:01:05.59] /i ::sa::_backgroundSaeShell::signalProcessReady 1777132861
[23:01:05.59] /o saeInterBGSaeShell:  ::sa::_backgroundSaeShell::processReady 4
[23:02:21.94] /i ::sa::_backgroundSaeShell::runScript /home/itsupport/simulation/DOAN,Test_Pulse_FF,schematic/history_1/simulation/default/HSPICE/parametric/.bg_measurement_script.tcl sa::_resultsDatabase::saeShellProcessingCompletedProc testSuiteName saeSession0 testbenchName default resultsDir /home/itsupport/simulation/DOAN,Test_Pulse_FF,schematic/history_1/simulation/default/HSPICE/parametric/results testSuiteDir /home/itsupport/simulation/DOAN,Test_Pulse_FF,schematic/history_1/simulation/default/HSPICE/parametric databaseName /home/itsupport/simulation/DOAN,Test_Pulse_FF,schematic/history_1/simulation/default/HSPICE/parametric/resultsDatabase remoteRun {} testbenchId 1 saveImages true
[23:02:22.41] /o saeInterBGSaeShell:  ::sa::_backgroundSaeShell::scriptFinished 0.4 {} sa::_resultsDatabase::saeShellProcessingCompletedProc testSuiteName saeSession0 testbenchName default resultsDir /home/itsupport/simulation/DOAN,Test_Pulse_FF,schematic/history_1/simulation/default/HSPICE/parametric/results testSuiteDir /home/itsupport/simulation/DOAN,Test_Pulse_FF,schematic/history_1/simulation/default/HSPICE/parametric databaseName /home/itsupport/simulation/DOAN,Test_Pulse_FF,schematic/history_1/simulation/default/HSPICE/parametric/resultsDatabase remoteRun {} testbenchId 1 saveImages true
[23:02:22.41] /o false
[23:02:49.06] /i ::sa::_backgroundSaeShell::runScript /home/itsupport/simulation/DOAN,Test_Pulse_FF,schematic/history_1/simulation/default/HSPICE/parametric/.bg_measurement_script.tcl sa::_resultsDatabase::saeShellProcessingCompletedProc testSuiteName saeSession0 testbenchName default resultsDir /home/itsupport/simulation/DOAN,Test_Pulse_FF,schematic/history_1/simulation/default/HSPICE/parametric/results testSuiteDir /home/itsupport/simulation/DOAN,Test_Pulse_FF,schematic/history_1/simulation/default/HSPICE/parametric databaseName /home/itsupport/simulation/DOAN,Test_Pulse_FF,schematic/history_1/simulation/default/HSPICE/parametric/resultsDatabase remoteRun {} testbenchId 1 saveImages true
[23:02:50.14] /m Information: Started sharing "Custom WaveView" license. (WAVEFORM-110)
[23:02:50.43] /o saeInterBGSaeShell:  ::sa::_backgroundSaeShell::scriptFinished 1.3 {} sa::_resultsDatabase::saeShellProcessingCompletedProc testSuiteName saeSession0 testbenchName default resultsDir /home/itsupport/simulation/DOAN,Test_Pulse_FF,schematic/history_1/simulation/default/HSPICE/parametric/results testSuiteDir /home/itsupport/simulation/DOAN,Test_Pulse_FF,schematic/history_1/simulation/default/HSPICE/parametric databaseName /home/itsupport/simulation/DOAN,Test_Pulse_FF,schematic/history_1/simulation/default/HSPICE/parametric/resultsDatabase remoteRun {} testbenchId 1 saveImages true
[23:02:50.43] /o false
[23:04:32.34] /i ::wf::viewerExited
[23:04:39.42] /i ::sa::_backgroundSaeShell::exit
[23:04:39.42] /o saeInterBGSaeShell:  ::sa::_backgroundSaeShell::childFormallyExiting
