[12:20:34.19] /m Information: License 'SAE' checked out. (LICENSE-003)
[12:20:35.71] /o sae_shell Version Custom Compiler N-2017.12-SP1-2
              /c Build  (OPT) compiled on Wed May 16 15:20:56 2018 for RHEL64 6.6
              /c Execution time: Mon Apr 27 12:20:32 2026
              /c Host: localhost.localdomain
              /c 
              /c Copyright © 2004-2018 Synopsys, Inc.
              /c This software and the associated documentation are proprietary to Synopsys, Inc. This software may only be used in accordance with the terms and conditions of a written license agreement with Synopsys, Inc. All other use, reproduction, or distribution of this software is strictly prohibited.
              /c 
              /c 
[12:20:35.77] /w Warning: Preference 'leActiveLPP' is deprecated and scheduled for removal in a future release with no replacement. For migration assistance, see the Custom Compiler Tcl Reference Manual. (PREFERENCE-058)
[12:20:35.77] /o 	#######################################
[12:20:35.77] /o 	PDK Library Name	: reference90RF
[12:20:35.77] /o 	PDK Version		: 2.0
[12:20:35.77] /o 	PDK Release Date	: 25-March-2010 
[12:20:35.77] /o 	#######################################
[12:20:35.77] /o 
[12:20:35.78] /i ::sa::_backgroundSaeShell::signalProcessReady 1777267231
[12:20:35.78] /o saeInterBGSaeShell:  ::sa::_backgroundSaeShell::processReady 4
[12:22:04.51] /i ::sa::_backgroundSaeShell::runScript /home/itsupport/simulation/DOAN,Test_Pulse_FF,schematic/history_1/simulation/default/HSPICE/parametric/.bg_measurement_script.tcl sa::_resultsDatabase::saeShellProcessingCompletedProc testSuiteName saeSession0 testbenchName default resultsDir /home/itsupport/simulation/DOAN,Test_Pulse_FF,schematic/history_1/simulation/default/HSPICE/parametric/results testSuiteDir /home/itsupport/simulation/DOAN,Test_Pulse_FF,schematic/history_1/simulation/default/HSPICE/parametric databaseName /home/itsupport/simulation/DOAN,Test_Pulse_FF,schematic/history_1/simulation/default/HSPICE/parametric/resultsDatabase remoteRun {} testbenchId 1 saveImages true
[12:22:05.91] /m Information: Started sharing "Custom WaveView" license. (WAVEFORM-110)
[12:22:06.00] /o saeInterBGSaeShell:  ::sa::_backgroundSaeShell::scriptFinished 1.4 {} sa::_resultsDatabase::saeShellProcessingCompletedProc testSuiteName saeSession0 testbenchName default resultsDir /home/itsupport/simulation/DOAN,Test_Pulse_FF,schematic/history_1/simulation/default/HSPICE/parametric/results testSuiteDir /home/itsupport/simulation/DOAN,Test_Pulse_FF,schematic/history_1/simulation/default/HSPICE/parametric databaseName /home/itsupport/simulation/DOAN,Test_Pulse_FF,schematic/history_1/simulation/default/HSPICE/parametric/resultsDatabase remoteRun {} testbenchId 1 saveImages true
[12:22:06.00] /o false
[12:22:20.09] /i ::wf::viewerExited
[12:22:56.59] /i ::sa::_backgroundSaeShell::runScript /home/itsupport/simulation/DOAN,Test_Pulse_FF,schematic/history_1/simulation/default/HSPICE/parametric/.bg_measurement_script.tcl sa::_resultsDatabase::saeShellProcessingCompletedProc testSuiteName saeSession0 testbenchName default resultsDir /home/itsupport/simulation/DOAN,Test_Pulse_FF,schematic/history_1/simulation/default/HSPICE/parametric/results testSuiteDir /home/itsupport/simulation/DOAN,Test_Pulse_FF,schematic/history_1/simulation/default/HSPICE/parametric databaseName /home/itsupport/simulation/DOAN,Test_Pulse_FF,schematic/history_1/simulation/default/HSPICE/parametric/resultsDatabase remoteRun {} testbenchId 1 saveImages true
[12:22:57.12] /o saeInterBGSaeShell:  ::sa::_backgroundSaeShell::scriptFinished 0.5 {} sa::_resultsDatabase::saeShellProcessingCompletedProc testSuiteName saeSession0 testbenchName default resultsDir /home/itsupport/simulation/DOAN,Test_Pulse_FF,schematic/history_1/simulation/default/HSPICE/parametric/results testSuiteDir /home/itsupport/simulation/DOAN,Test_Pulse_FF,schematic/history_1/simulation/default/HSPICE/parametric databaseName /home/itsupport/simulation/DOAN,Test_Pulse_FF,schematic/history_1/simulation/default/HSPICE/parametric/resultsDatabase remoteRun {} testbenchId 1 saveImages true
[12:22:57.12] /o false
[12:23:30.20] /i ::wf::viewerExited
[12:25:56.52] /i ::sa::_backgroundSaeShell::runScript /home/itsupport/simulation/DOAN,Test_Pulse_FF,schematic/history_1/simulation/default/HSPICE/parametric/.bg_measurement_script.tcl sa::_resultsDatabase::saeShellProcessingCompletedProc testSuiteName saeSession0 testbenchName default resultsDir /home/itsupport/simulation/DOAN,Test_Pulse_FF,schematic/history_1/simulation/default/HSPICE/parametric/results testSuiteDir /home/itsupport/simulation/DOAN,Test_Pulse_FF,schematic/history_1/simulation/default/HSPICE/parametric databaseName /home/itsupport/simulation/DOAN,Test_Pulse_FF,schematic/history_1/simulation/default/HSPICE/parametric/resultsDatabase remoteRun {} testbenchId 1 saveImages true
[12:25:57.16] /o saeInterBGSaeShell:  ::sa::_backgroundSaeShell::scriptFinished 0.6 {} sa::_resultsDatabase::saeShellProcessingCompletedProc testSuiteName saeSession0 testbenchName default resultsDir /home/itsupport/simulation/DOAN,Test_Pulse_FF,schematic/history_1/simulation/default/HSPICE/parametric/results testSuiteDir /home/itsupport/simulation/DOAN,Test_Pulse_FF,schematic/history_1/simulation/default/HSPICE/parametric databaseName /home/itsupport/simulation/DOAN,Test_Pulse_FF,schematic/history_1/simulation/default/HSPICE/parametric/resultsDatabase remoteRun {} testbenchId 1 saveImages true
[12:25:57.16] /o false
[12:26:20.81] /i ::wf::viewerExited
[12:30:58.78] /o saeInterBGSaeShell:  ::sa::_backgroundSaeShell::pingBack
[12:30:58.88] /i ::sa::_backgroundSaeShell::parentRunning
[12:30:58.88] /o 1777267858
[12:31:01.68] /m Information: Stopped sharing "Custom WaveView" license. (WAVEFORM-111)
[12:33:05.12] /i ::sa::_backgroundSaeShell::runScript /home/itsupport/simulation/DOAN,Test_Pulse_FF,schematic/history_1/simulation/default/HSPICE/parametric/.bg_measurement_script.tcl sa::_resultsDatabase::saeShellProcessingCompletedProc testSuiteName saeSession0 testbenchName default resultsDir /home/itsupport/simulation/DOAN,Test_Pulse_FF,schematic/history_1/simulation/default/HSPICE/parametric/results testSuiteDir /home/itsupport/simulation/DOAN,Test_Pulse_FF,schematic/history_1/simulation/default/HSPICE/parametric databaseName /home/itsupport/simulation/DOAN,Test_Pulse_FF,schematic/history_1/simulation/default/HSPICE/parametric/resultsDatabase remoteRun {} testbenchId 1 saveImages true
[12:33:05.36] /m Information: Started sharing "Custom WaveView" license. (WAVEFORM-110)
[12:33:05.71] /o saeInterBGSaeShell:  ::sa::_backgroundSaeShell::scriptFinished 0.5 {} sa::_resultsDatabase::saeShellProcessingCompletedProc testSuiteName saeSession0 testbenchName default resultsDir /home/itsupport/simulation/DOAN,Test_Pulse_FF,schematic/history_1/simulation/default/HSPICE/parametric/results testSuiteDir /home/itsupport/simulation/DOAN,Test_Pulse_FF,schematic/history_1/simulation/default/HSPICE/parametric databaseName /home/itsupport/simulation/DOAN,Test_Pulse_FF,schematic/history_1/simulation/default/HSPICE/parametric/resultsDatabase remoteRun {} testbenchId 1 saveImages true
[12:33:05.71] /o false
[12:37:28.46] /i ::sa::_backgroundSaeShell::runScript /home/itsupport/simulation/DOAN,Test_Pulse_FF,schematic/history_1/simulation/default/HSPICE/parametric/.bg_measurement_script.tcl sa::_resultsDatabase::saeShellProcessingCompletedProc testSuiteName saeSession0 testbenchName default resultsDir /home/itsupport/simulation/DOAN,Test_Pulse_FF,schematic/history_1/simulation/default/HSPICE/parametric/results testSuiteDir /home/itsupport/simulation/DOAN,Test_Pulse_FF,schematic/history_1/simulation/default/HSPICE/parametric databaseName /home/itsupport/simulation/DOAN,Test_Pulse_FF,schematic/history_1/simulation/default/HSPICE/parametric/resultsDatabase remoteRun {} testbenchId 1 saveImages true
[12:37:29.18] /o saeInterBGSaeShell:  ::sa::_backgroundSaeShell::scriptFinished 0.7 {} sa::_resultsDatabase::saeShellProcessingCompletedProc testSuiteName saeSession0 testbenchName default resultsDir /home/itsupport/simulation/DOAN,Test_Pulse_FF,schematic/history_1/simulation/default/HSPICE/parametric/results testSuiteDir /home/itsupport/simulation/DOAN,Test_Pulse_FF,schematic/history_1/simulation/default/HSPICE/parametric databaseName /home/itsupport/simulation/DOAN,Test_Pulse_FF,schematic/history_1/simulation/default/HSPICE/parametric/resultsDatabase remoteRun {} testbenchId 1 saveImages true
[12:37:29.18] /o false
[12:38:20.69] /i ::sa::_backgroundSaeShell::runScript /home/itsupport/simulation/DOAN,Test_Pulse_FF,schematic/history_1/simulation/default/HSPICE/parametric/.bg_measurement_script.tcl sa::_resultsDatabase::saeShellProcessingCompletedProc testSuiteName saeSession0 testbenchName default resultsDir /home/itsupport/simulation/DOAN,Test_Pulse_FF,schematic/history_1/simulation/default/HSPICE/parametric/results testSuiteDir /home/itsupport/simulation/DOAN,Test_Pulse_FF,schematic/history_1/simulation/default/HSPICE/parametric databaseName /home/itsupport/simulation/DOAN,Test_Pulse_FF,schematic/history_1/simulation/default/HSPICE/parametric/resultsDatabase remoteRun {} testbenchId 1 saveImages true
[12:38:21.26] /o saeInterBGSaeShell:  ::sa::_backgroundSaeShell::scriptFinished 0.5 {} sa::_resultsDatabase::saeShellProcessingCompletedProc testSuiteName saeSession0 testbenchName default resultsDir /home/itsupport/simulation/DOAN,Test_Pulse_FF,schematic/history_1/simulation/default/HSPICE/parametric/results testSuiteDir /home/itsupport/simulation/DOAN,Test_Pulse_FF,schematic/history_1/simulation/default/HSPICE/parametric databaseName /home/itsupport/simulation/DOAN,Test_Pulse_FF,schematic/history_1/simulation/default/HSPICE/parametric/resultsDatabase remoteRun {} testbenchId 1 saveImages true
[12:38:21.26] /o false
[12:39:32.84] /i ::sa::_backgroundSaeShell::runScript /home/itsupport/simulation/DOAN,Test_Pulse_FF,schematic/history_1/simulation/default/HSPICE/parametric/.bg_measurement_script.tcl sa::_resultsDatabase::saeShellProcessingCompletedProc testSuiteName saeSession0 testbenchName default resultsDir /home/itsupport/simulation/DOAN,Test_Pulse_FF,schematic/history_1/simulation/default/HSPICE/parametric/results testSuiteDir /home/itsupport/simulation/DOAN,Test_Pulse_FF,schematic/history_1/simulation/default/HSPICE/parametric databaseName /home/itsupport/simulation/DOAN,Test_Pulse_FF,schematic/history_1/simulation/default/HSPICE/parametric/resultsDatabase remoteRun {} testbenchId 1 saveImages true
[12:39:33.60] /o saeInterBGSaeShell:  ::sa::_backgroundSaeShell::scriptFinished 0.7 {} sa::_resultsDatabase::saeShellProcessingCompletedProc testSuiteName saeSession0 testbenchName default resultsDir /home/itsupport/simulation/DOAN,Test_Pulse_FF,schematic/history_1/simulation/default/HSPICE/parametric/results testSuiteDir /home/itsupport/simulation/DOAN,Test_Pulse_FF,schematic/history_1/simulation/default/HSPICE/parametric databaseName /home/itsupport/simulation/DOAN,Test_Pulse_FF,schematic/history_1/simulation/default/HSPICE/parametric/resultsDatabase remoteRun {} testbenchId 1 saveImages true
[12:39:33.60] /o false
[12:42:16.29] /i ::wf::viewerExited
[12:42:27.42] /i ::sa::_backgroundSaeShell::exit
[12:42:27.42] /o saeInterBGSaeShell:  ::sa::_backgroundSaeShell::childFormallyExiting
