[09:20:43.32] /m Information: License 'SAE' checked out. (LICENSE-003)
[09:20:45.01] /o sae_shell Version Custom Compiler N-2017.12-SP1-2
              /c Build  (OPT) compiled on Wed May 16 15:20:56 2018 for RHEL64 6.6
              /c Execution time: Sun Apr 19 09:20:42 2026
              /c Host: localhost.localdomain
              /c 
              /c Copyright © 2004-2018 Synopsys, Inc.
              /c This software and the associated documentation are proprietary to Synopsys, Inc. This software may only be used in accordance with the terms and conditions of a written license agreement with Synopsys, Inc. All other use, reproduction, or distribution of this software is strictly prohibited.
              /c 
              /c 
[09:20:45.02] /w Warning: Preference 'leActiveLPP' is deprecated and scheduled for removal in a future release with no replacement. For migration assistance, see the Custom Compiler Tcl Reference Manual. (PREFERENCE-058)
[09:20:45.02] /o 	#######################################
[09:20:45.02] /o 	PDK Library Name	: reference90RF
[09:20:45.02] /o 	PDK Version		: 2.0
[09:20:45.02] /o 	PDK Release Date	: 25-March-2010 
[09:20:45.02] /o 	#######################################
[09:20:45.02] /o 
[09:20:45.03] /i ::sa::_backgroundSaeShell::signalProcessReady 1776565241
[09:20:45.03] /o saeInterBGSaeShell:  ::sa::_backgroundSaeShell::processReady 4
[09:23:09.16] /i ::wf::viewerExited
[09:24:09.81] /i ::wf::viewerExited
[09:25:46.04] /o saeInterBGSaeShell:  ::sa::_backgroundSaeShell::pingBack
[09:25:46.15] /i ::sa::_backgroundSaeShell::parentRunning
[09:25:46.15] /o 1776565546
[09:26:15.97] /i ::wf::viewerExited
[09:30:47.06] /o saeInterBGSaeShell:  ::sa::_backgroundSaeShell::pingBack
[09:30:47.15] /i ::sa::_backgroundSaeShell::parentRunning
[09:30:47.15] /o 1776565847
[09:35:48.06] /o saeInterBGSaeShell:  ::sa::_backgroundSaeShell::pingBack
[09:35:48.15] /i ::sa::_backgroundSaeShell::parentRunning
[09:35:48.15] /o 1776566148
[09:40:49.06] /o saeInterBGSaeShell:  ::sa::_backgroundSaeShell::pingBack
[09:40:49.15] /i ::sa::_backgroundSaeShell::parentRunning
[09:40:49.15] /o 1776566449
[09:41:25.85] /i ::wf::viewerExited
[09:45:50.08] /o saeInterBGSaeShell:  ::sa::_backgroundSaeShell::pingBack
[09:45:50.15] /i ::sa::_backgroundSaeShell::parentRunning
[09:45:50.15] /o 1776566750
[09:50:51.09] /o saeInterBGSaeShell:  ::sa::_backgroundSaeShell::pingBack
[09:50:51.15] /i ::sa::_backgroundSaeShell::parentRunning
[09:50:51.15] /o 1776567051
[09:55:52.10] /o saeInterBGSaeShell:  ::sa::_backgroundSaeShell::pingBack
[09:55:52.15] /i ::sa::_backgroundSaeShell::parentRunning
[09:55:52.15] /o 1776567352
[10:00:53.11] /o saeInterBGSaeShell:  ::sa::_backgroundSaeShell::pingBack
[10:00:53.15] /i ::sa::_backgroundSaeShell::parentRunning
[10:00:53.15] /o 1776567653
[10:05:54.13] /o saeInterBGSaeShell:  ::sa::_backgroundSaeShell::pingBack
[10:05:54.15] /i ::sa::_backgroundSaeShell::parentRunning
[10:05:54.15] /o 1776567954
[10:10:34.95] /i ::wf::viewerExited
[10:10:55.14] /o saeInterBGSaeShell:  ::sa::_backgroundSaeShell::pingBack
[10:10:55.16] /i ::sa::_backgroundSaeShell::parentRunning
[10:10:55.16] /o 1776568255
[10:10:57.21] /i ::sa::_backgroundSaeShell::exit
[10:10:57.21] /o saeInterBGSaeShell:  ::sa::_backgroundSaeShell::childFormallyExiting
