[18:05:12.70] /m Information: License 'SAE' checked out. (LICENSE-003)
[18:05:13.92] /o sae_shell Version Custom Compiler N-2017.12-SP1-2
              /c Build  (OPT) compiled on Wed May 16 15:20:56 2018 for RHEL64 6.6
              /c Execution time: Sun May 10 18:05:11 2026
              /c Host: localhost.localdomain
              /c 
              /c Copyright © 2004-2018 Synopsys, Inc.
              /c This software and the associated documentation are proprietary to Synopsys, Inc. This software may only be used in accordance with the terms and conditions of a written license agreement with Synopsys, Inc. All other use, reproduction, or distribution of this software is strictly prohibited.
              /c 
              /c 
[18:05:13.93] /w Warning: Preference 'leActiveLPP' is deprecated and scheduled for removal in a future release with no replacement. For migration assistance, see the Custom Compiler Tcl Reference Manual. (PREFERENCE-058)
[18:05:13.94] /o 	#######################################
[18:05:13.94] /o 	PDK Library Name	: reference90RF
[18:05:13.94] /o 	PDK Version		: 2.0
[18:05:13.94] /o 	PDK Release Date	: 25-March-2010 
[18:05:13.94] /o 	#######################################
[18:05:13.94] /o 
[18:05:13.94] /i ::sa::_backgroundSaeShell::signalProcessReady 1778411111
[18:05:13.94] /o saeInterBGSaeShell:  ::sa::_backgroundSaeShell::processReady 2
[18:05:24.58] /i ::wf::viewerExited
[18:05:28.26] /i ::sa::_backgroundSaeShell::exit
[18:05:28.26] /o saeInterBGSaeShell:  ::sa::_backgroundSaeShell::childFormallyExiting
