[22:34:38.30] /m Information: License 'SAE' checked out. (LICENSE-003)
[22:34:39.59] /o sae_shell Version Custom Compiler N-2017.12-SP1-2
              /c Build  (OPT) compiled on Wed May 16 15:20:56 2018 for RHEL64 6.6
              /c Execution time: Tue Apr 21 22:34:37 2026
              /c Host: localhost.localdomain
              /c 
              /c Copyright © 2004-2018 Synopsys, Inc.
              /c This software and the associated documentation are proprietary to Synopsys, Inc. This software may only be used in accordance with the terms and conditions of a written license agreement with Synopsys, Inc. All other use, reproduction, or distribution of this software is strictly prohibited.
              /c 
              /c 
[22:34:39.61] /w Warning: Preference 'leActiveLPP' is deprecated and scheduled for removal in a future release with no replacement. For migration assistance, see the Custom Compiler Tcl Reference Manual. (PREFERENCE-058)
[22:34:39.61] /o 	#######################################
[22:34:39.61] /o 	PDK Library Name	: reference90RF
[22:34:39.61] /o 	PDK Version		: 2.0
[22:34:39.61] /o 	PDK Release Date	: 25-March-2010 
[22:34:39.61] /o 	#######################################
[22:34:39.61] /o 
[22:34:39.61] /i ::sa::_backgroundSaeShell::signalProcessReady 1776785676
[22:34:39.62] /o saeInterBGSaeShell:  ::sa::_backgroundSaeShell::processReady 3
[22:35:51.28] /i ::wf::viewerExited
[22:39:40.62] /o saeInterBGSaeShell:  ::sa::_backgroundSaeShell::pingBack
[22:39:40.67] /i ::sa::_backgroundSaeShell::parentRunning
[22:39:40.67] /o 1776785980
[22:41:20.37] /i ::wf::viewerExited
[22:44:41.63] /o saeInterBGSaeShell:  ::sa::_backgroundSaeShell::pingBack
[22:44:41.67] /i ::sa::_backgroundSaeShell::parentRunning
[22:44:41.67] /o 1776786281
[22:49:42.63] /o saeInterBGSaeShell:  ::sa::_backgroundSaeShell::pingBack
[22:49:42.68] /i ::sa::_backgroundSaeShell::parentRunning
[22:49:42.68] /o 1776786582
[22:54:43.63] /o saeInterBGSaeShell:  ::sa::_backgroundSaeShell::pingBack
[22:54:43.70] /i ::sa::_backgroundSaeShell::parentRunning
[22:54:43.70] /o 1776786883
[22:59:44.64] /o saeInterBGSaeShell:  ::sa::_backgroundSaeShell::pingBack
[22:59:44.68] /i ::sa::_backgroundSaeShell::parentRunning
[22:59:44.68] /o 1776787184
[23:04:45.64] /o saeInterBGSaeShell:  ::sa::_backgroundSaeShell::pingBack
[23:04:45.67] /i ::sa::_backgroundSaeShell::parentRunning
[23:04:45.67] /o 1776787485
[23:09:46.66] /o saeInterBGSaeShell:  ::sa::_backgroundSaeShell::pingBack
[23:09:46.68] /i ::sa::_backgroundSaeShell::parentRunning
[23:09:46.68] /o 1776787786
[23:14:47.67] /o saeInterBGSaeShell:  ::sa::_backgroundSaeShell::pingBack
[23:14:47.77] /i ::sa::_backgroundSaeShell::parentRunning
[23:14:47.77] /o 1776788087
[23:19:48.67] /o saeInterBGSaeShell:  ::sa::_backgroundSaeShell::pingBack
[23:19:48.77] /i ::sa::_backgroundSaeShell::parentRunning
[23:19:48.77] /o 1776788388
[23:24:49.67] /o saeInterBGSaeShell:  ::sa::_backgroundSaeShell::pingBack
[23:24:49.77] /i ::sa::_backgroundSaeShell::parentRunning
[23:24:49.77] /o 1776788689
[23:29:50.69] /o saeInterBGSaeShell:  ::sa::_backgroundSaeShell::pingBack
[23:29:50.77] /i ::sa::_backgroundSaeShell::parentRunning
[23:29:50.77] /o 1776788990
[23:34:51.69] /o saeInterBGSaeShell:  ::sa::_backgroundSaeShell::pingBack
[23:34:51.77] /i ::sa::_backgroundSaeShell::parentRunning
[23:34:51.78] /o 1776789291
