[13:49:04.86] /m Information: License 'SAE' checked out. (LICENSE-003)
[13:49:05.99] /o sae_shell Version Custom Compiler N-2017.12-SP1-2
              /c Build  (OPT) compiled on Wed May 16 15:20:56 2018 for RHEL64 6.6
              /c Execution time: Tue Apr 28 13:49:03 2026
              /c Host: localhost.localdomain
              /c 
              /c Copyright © 2004-2018 Synopsys, Inc.
              /c This software and the associated documentation are proprietary to Synopsys, Inc. This software may only be used in accordance with the terms and conditions of a written license agreement with Synopsys, Inc. All other use, reproduction, or distribution of this software is strictly prohibited.
              /c 
              /c 
[13:49:06.02] /w Warning: Preference 'leActiveLPP' is deprecated and scheduled for removal in a future release with no replacement. For migration assistance, see the Custom Compiler Tcl Reference Manual. (PREFERENCE-058)
[13:49:06.02] /o 	#######################################
[13:49:06.02] /o 	PDK Library Name	: reference90RF
[13:49:06.02] /o 	PDK Version		: 2.0
[13:49:06.02] /o 	PDK Release Date	: 25-March-2010 
[13:49:06.02] /o 	#######################################
[13:49:06.02] /o 
[13:49:06.03] /i ::sa::_backgroundSaeShell::signalProcessReady 1777358942
[13:49:06.03] /o saeInterBGSaeShell:  ::sa::_backgroundSaeShell::processReady 4
[13:54:07.03] /o saeInterBGSaeShell:  ::sa::_backgroundSaeShell::pingBack
[13:54:07.13] /i ::sa::_backgroundSaeShell::parentRunning
[13:54:07.13] /o 1777359247
[13:57:23.19] /i ::sa::_backgroundSaeShell::exit
[13:57:23.19] /o saeInterBGSaeShell:  ::sa::_backgroundSaeShell::childFormallyExiting
