[16:59:13.34] /m Information: License 'SAE' checked out. (LICENSE-003)
[16:59:14.56] /o sae_shell Version Custom Compiler N-2017.12-SP1-2
              /c Build  (OPT) compiled on Wed May 16 15:20:56 2018 for RHEL64 6.6
              /c Execution time: Tue May  5 16:59:12 2026
              /c Host: localhost.localdomain
              /c 
              /c Copyright © 2004-2018 Synopsys, Inc.
              /c This software and the associated documentation are proprietary to Synopsys, Inc. This software may only be used in accordance with the terms and conditions of a written license agreement with Synopsys, Inc. All other use, reproduction, or distribution of this software is strictly prohibited.
              /c 
              /c 
[16:59:14.57] /w Warning: Preference 'leActiveLPP' is deprecated and scheduled for removal in a future release with no replacement. For migration assistance, see the Custom Compiler Tcl Reference Manual. (PREFERENCE-058)
[16:59:14.57] /o 	#######################################
[16:59:14.57] /o 	PDK Library Name	: reference90RF
[16:59:14.57] /o 	PDK Version		: 2.0
[16:59:14.57] /o 	PDK Release Date	: 25-March-2010 
[16:59:14.57] /o 	#######################################
[16:59:14.57] /o 
[16:59:14.58] /i ::sa::_backgroundSaeShell::signalProcessReady 1777975151
[16:59:14.58] /o saeInterBGSaeShell:  ::sa::_backgroundSaeShell::processReady 3
[17:00:09.90] /i ::sa::_backgroundSaeShell::runScript /home/itsupport/simulation/D_FF,dff_test,schematic/history_1/simulation/default/HSPICE/nominal/.bg_measurement_script.tcl sa::_resultsDatabase::saeShellProcessingCompletedProc testSuiteName saeSession0 testbenchName default resultsDir /home/itsupport/simulation/D_FF,dff_test,schematic/history_1/simulation/default/HSPICE/nominal/results testSuiteDir /home/itsupport/simulation/D_FF,dff_test,schematic/history_1/simulation/default/HSPICE/nominal databaseName /home/itsupport/simulation/D_FF,dff_test,schematic/history_1/simulation/default/HSPICE/nominal/resultsDatabase remoteRun {} testbenchId 1 saveImages true
[17:00:10.22] /m Information: Started sharing "Custom WaveView" license. (WAVEFORM-110)
[17:00:10.30] /o saeInterBGSaeShell:  ::sa::_backgroundSaeShell::scriptFinished 0.3 {} sa::_resultsDatabase::saeShellProcessingCompletedProc testSuiteName saeSession0 testbenchName default resultsDir /home/itsupport/simulation/D_FF,dff_test,schematic/history_1/simulation/default/HSPICE/nominal/results testSuiteDir /home/itsupport/simulation/D_FF,dff_test,schematic/history_1/simulation/default/HSPICE/nominal databaseName /home/itsupport/simulation/D_FF,dff_test,schematic/history_1/simulation/default/HSPICE/nominal/resultsDatabase remoteRun {} testbenchId 1 saveImages true
[17:00:10.30] /o false
[17:05:11.59] /o saeInterBGSaeShell:  ::sa::_backgroundSaeShell::pingBack
[17:05:11.68] /i ::sa::_backgroundSaeShell::parentRunning
[17:05:11.68] /o 1777975511
[17:05:14.88] /m Information: Stopped sharing "Custom WaveView" license. (WAVEFORM-111)
[17:10:12.59] /o saeInterBGSaeShell:  ::sa::_backgroundSaeShell::pingBack
[17:10:12.68] /i ::sa::_backgroundSaeShell::parentRunning
[17:10:12.68] /o 1777975812
[17:12:31.92] /i ::sa::_backgroundSaeShell::runScript /home/itsupport/simulation/D_FF,dff_test,schematic/history_1/simulation/default/HSPICE/nominal/.bg_measurement_script.tcl sa::_resultsDatabase::saeShellProcessingCompletedProc testSuiteName saeSession0 testbenchName default resultsDir /home/itsupport/simulation/D_FF,dff_test,schematic/history_1/simulation/default/HSPICE/nominal/results testSuiteDir /home/itsupport/simulation/D_FF,dff_test,schematic/history_1/simulation/default/HSPICE/nominal databaseName /home/itsupport/simulation/D_FF,dff_test,schematic/history_1/simulation/default/HSPICE/nominal/resultsDatabase remoteRun {} testbenchId 1 saveImages true
[17:12:32.21] /m Information: Started sharing "Custom WaveView" license. (WAVEFORM-110)
[17:12:32.31] /e Error: Evaluating 'v(/net12)': "Could not find net named: net12" (HIERARCHY_COMMANDS-007)
[17:12:32.31] /e Error: Evaluating 'v(/net13)': "Could not find net named: net13" (HIERARCHY_COMMANDS-007)
[17:12:32.38] /o saeInterBGSaeShell:  ::sa::_backgroundSaeShell::scriptFinished 0.4 {} sa::_resultsDatabase::saeShellProcessingCompletedProc testSuiteName saeSession0 testbenchName default resultsDir /home/itsupport/simulation/D_FF,dff_test,schematic/history_1/simulation/default/HSPICE/nominal/results testSuiteDir /home/itsupport/simulation/D_FF,dff_test,schematic/history_1/simulation/default/HSPICE/nominal databaseName /home/itsupport/simulation/D_FF,dff_test,schematic/history_1/simulation/default/HSPICE/nominal/resultsDatabase remoteRun {} testbenchId 1 saveImages true
[17:12:32.38] /o false
[17:13:02.71] /i ::sa::_backgroundSaeShell::runScript /home/itsupport/simulation/D_FF,dff_test,schematic/history_1/simulation/default/HSPICE/nominal/.bg_measurement_script.tcl sa::_resultsDatabase::saeShellProcessingCompletedProc testSuiteName saeSession0 testbenchName default resultsDir /home/itsupport/simulation/D_FF,dff_test,schematic/history_1/simulation/default/HSPICE/nominal/results testSuiteDir /home/itsupport/simulation/D_FF,dff_test,schematic/history_1/simulation/default/HSPICE/nominal databaseName /home/itsupport/simulation/D_FF,dff_test,schematic/history_1/simulation/default/HSPICE/nominal/resultsDatabase remoteRun {} testbenchId 1 saveImages true
[17:13:03.05] /o saeInterBGSaeShell:  ::sa::_backgroundSaeShell::scriptFinished 0.3 {} sa::_resultsDatabase::saeShellProcessingCompletedProc testSuiteName saeSession0 testbenchName default resultsDir /home/itsupport/simulation/D_FF,dff_test,schematic/history_1/simulation/default/HSPICE/nominal/results testSuiteDir /home/itsupport/simulation/D_FF,dff_test,schematic/history_1/simulation/default/HSPICE/nominal databaseName /home/itsupport/simulation/D_FF,dff_test,schematic/history_1/simulation/default/HSPICE/nominal/resultsDatabase remoteRun {} testbenchId 1 saveImages true
[17:13:03.05] /o false
[17:18:04.61] /o saeInterBGSaeShell:  ::sa::_backgroundSaeShell::pingBack
[17:18:04.68] /i ::sa::_backgroundSaeShell::parentRunning
[17:18:04.69] /o 1777976284
[17:18:07.88] /m Information: Stopped sharing "Custom WaveView" license. (WAVEFORM-111)
[17:23:05.62] /o saeInterBGSaeShell:  ::sa::_backgroundSaeShell::pingBack
[17:23:05.68] /i ::sa::_backgroundSaeShell::parentRunning
[17:23:05.68] /o 1777976585
[17:28:06.63] /o saeInterBGSaeShell:  ::sa::_backgroundSaeShell::pingBack
[17:28:06.68] /i ::sa::_backgroundSaeShell::parentRunning
[17:28:06.68] /o 1777976886
[17:33:07.64] /o saeInterBGSaeShell:  ::sa::_backgroundSaeShell::pingBack
[17:33:07.68] /i ::sa::_backgroundSaeShell::parentRunning
[17:33:07.68] /o 1777977187
[17:35:24.14] /i ::sa::_backgroundSaeShell::exit
[17:35:24.14] /o saeInterBGSaeShell:  ::sa::_backgroundSaeShell::childFormallyExiting
