[23:51:05.38] /m Information: License 'SAE' checked out. (LICENSE-003)
[23:51:06.75] /o sae_shell Version Custom Compiler N-2017.12-SP1-2
              /c Build  (OPT) compiled on Wed May 16 15:20:56 2018 for RHEL64 6.6
              /c Execution time: Fri Apr 24 23:51:04 2026
              /c Host: localhost.localdomain
              /c 
              /c Copyright © 2004-2018 Synopsys, Inc.
              /c This software and the associated documentation are proprietary to Synopsys, Inc. This software may only be used in accordance with the terms and conditions of a written license agreement with Synopsys, Inc. All other use, reproduction, or distribution of this software is strictly prohibited.
              /c 
              /c 
[23:51:06.76] /w Warning: Preference 'leActiveLPP' is deprecated and scheduled for removal in a future release with no replacement. For migration assistance, see the Custom Compiler Tcl Reference Manual. (PREFERENCE-058)
[23:51:06.76] /o 	#######################################
[23:51:06.76] /o 	PDK Library Name	: reference90RF
[23:51:06.76] /o 	PDK Version		: 2.0
[23:51:06.76] /o 	PDK Release Date	: 25-March-2010 
[23:51:06.76] /o 	#######################################
[23:51:06.76] /o 
[23:51:06.77] /i ::sa::_backgroundSaeShell::signalProcessReady 1777049463
[23:51:06.77] /o saeInterBGSaeShell:  ::sa::_backgroundSaeShell::processReady 3
[23:54:44.81] /i ::wf::viewerExited
[23:56:07.78] /o saeInterBGSaeShell:  ::sa::_backgroundSaeShell::pingBack
[23:56:07.80] /i ::sa::_backgroundSaeShell::parentRunning
[23:56:07.80] /o 1777049767
[00:01:08.79] /o saeInterBGSaeShell:  ::sa::_backgroundSaeShell::pingBack
[00:01:08.80] /i ::sa::_backgroundSaeShell::parentRunning
[00:01:08.80] /o 1777050068
[00:06:09.79] /o saeInterBGSaeShell:  ::sa::_backgroundSaeShell::pingBack
[00:06:09.89] /i ::sa::_backgroundSaeShell::parentRunning
[00:06:09.90] /o 1777050369
[00:11:10.81] /o saeInterBGSaeShell:  ::sa::_backgroundSaeShell::pingBack
[00:11:10.89] /i ::sa::_backgroundSaeShell::parentRunning
[00:11:10.89] /o 1777050670
[00:13:19.50] /i ::sa::_backgroundSaeShell::exit
[00:13:19.50] /o saeInterBGSaeShell:  ::sa::_backgroundSaeShell::childFormallyExiting
