[11:53:02.84] /m Information: License 'SAE' checked out. (LICENSE-003)
[11:53:04.48] /o sae_shell Version Custom Compiler N-2017.12-SP1-2
              /c Build  (OPT) compiled on Wed May 16 15:20:56 2018 for RHEL64 6.6
              /c Execution time: Sun Apr 26 11:53:01 2026
              /c Host: localhost.localdomain
              /c 
              /c Copyright © 2004-2018 Synopsys, Inc.
              /c This software and the associated documentation are proprietary to Synopsys, Inc. This software may only be used in accordance with the terms and conditions of a written license agreement with Synopsys, Inc. All other use, reproduction, or distribution of this software is strictly prohibited.
              /c 
              /c 
[11:53:04.50] /w Warning: Preference 'leActiveLPP' is deprecated and scheduled for removal in a future release with no replacement. For migration assistance, see the Custom Compiler Tcl Reference Manual. (PREFERENCE-058)
[11:53:04.50] /o 	#######################################
[11:53:04.50] /o 	PDK Library Name	: reference90RF
[11:53:04.50] /o 	PDK Version		: 2.0
[11:53:04.50] /o 	PDK Release Date	: 25-March-2010 
[11:53:04.50] /o 	#######################################
[11:53:04.50] /o 
[11:53:04.51] /i ::sa::_backgroundSaeShell::signalProcessReady 1777179181
[11:53:04.51] /o saeInterBGSaeShell:  ::sa::_backgroundSaeShell::processReady 3
[11:58:05.52] /o saeInterBGSaeShell:  ::sa::_backgroundSaeShell::pingBack
[11:58:05.58] /i ::sa::_backgroundSaeShell::parentRunning
[11:58:05.59] /o 1777179485
[11:59:44.68] /i ::wf::viewerExited
[12:02:25.29] /i ::wf::viewerExited
[12:03:06.53] /o saeInterBGSaeShell:  ::sa::_backgroundSaeShell::pingBack
[12:03:06.59] /i ::sa::_backgroundSaeShell::parentRunning
[12:03:06.59] /o 1777179786
[12:05:28.58] /i ::wf::viewerExited
[12:05:52.15] /i ::sa::_backgroundSaeShell::exit
[12:05:52.15] /o saeInterBGSaeShell:  ::sa::_backgroundSaeShell::childFormallyExiting
