[10:27:45.61] /m Information: License 'SAE' checked out. (LICENSE-003)
[10:27:46.80] /o sae_shell Version Custom Compiler N-2017.12-SP1-2
              /c Build  (OPT) compiled on Wed May 16 15:20:56 2018 for RHEL64 6.6
              /c Execution time: Tue May  5 10:27:44 2026
              /c Host: localhost.localdomain
              /c 
              /c Copyright © 2004-2018 Synopsys, Inc.
              /c This software and the associated documentation are proprietary to Synopsys, Inc. This software may only be used in accordance with the terms and conditions of a written license agreement with Synopsys, Inc. All other use, reproduction, or distribution of this software is strictly prohibited.
              /c 
              /c 
[10:27:46.81] /w Warning: Preference 'leActiveLPP' is deprecated and scheduled for removal in a future release with no replacement. For migration assistance, see the Custom Compiler Tcl Reference Manual. (PREFERENCE-058)
[10:27:46.81] /o 	#######################################
[10:27:46.81] /o 	PDK Library Name	: reference90RF
[10:27:46.81] /o 	PDK Version		: 2.0
[10:27:46.81] /o 	PDK Release Date	: 25-March-2010 
[10:27:46.81] /o 	#######################################
[10:27:46.81] /o 
[10:27:46.82] /i ::sa::_backgroundSaeShell::signalProcessReady 1777951664
[10:27:46.82] /o saeInterBGSaeShell:  ::sa::_backgroundSaeShell::processReady 2
[10:27:57.80] /i ::sa::_backgroundSaeShell::exit
[10:27:57.80] /o saeInterBGSaeShell:  ::sa::_backgroundSaeShell::childFormallyExiting
