[11:51:17.37] /m Information: License 'SAE' checked out. (LICENSE-003)
[11:51:18.88] /o sae_shell Version Custom Compiler N-2017.12-SP1-2
              /c Build  (OPT) compiled on Wed May 16 15:20:56 2018 for RHEL64 6.6
              /c Execution time: Sun Apr 26 11:51:15 2026
              /c Host: localhost.localdomain
              /c 
              /c Copyright © 2004-2018 Synopsys, Inc.
              /c This software and the associated documentation are proprietary to Synopsys, Inc. This software may only be used in accordance with the terms and conditions of a written license agreement with Synopsys, Inc. All other use, reproduction, or distribution of this software is strictly prohibited.
              /c 
              /c 
[11:51:18.92] /w Warning: Preference 'leActiveLPP' is deprecated and scheduled for removal in a future release with no replacement. For migration assistance, see the Custom Compiler Tcl Reference Manual. (PREFERENCE-058)
[11:51:18.93] /o 	#######################################
[11:51:18.93] /o 	PDK Library Name	: reference90RF
[11:51:18.93] /o 	PDK Version		: 2.0
[11:51:18.93] /o 	PDK Release Date	: 25-March-2010 
[11:51:18.93] /o 	#######################################
[11:51:18.93] /o 
[11:51:18.93] /i ::sa::_backgroundSaeShell::signalProcessReady 1777179074
[11:51:18.93] /o saeInterBGSaeShell:  ::sa::_backgroundSaeShell::processReady 4
[11:53:01.38] /i ::sa::_backgroundSaeShell::runScript /home/itsupport/simulation/DOAN,Test_Pulse_FF,schematic/history_1/simulation/default/HSPICE/parametric/.bg_measurement_script.tcl sa::_resultsDatabase::saeShellProcessingCompletedProc testSuiteName saeSession0 testbenchName default resultsDir /home/itsupport/simulation/DOAN,Test_Pulse_FF,schematic/history_1/simulation/default/HSPICE/parametric/results testSuiteDir /home/itsupport/simulation/DOAN,Test_Pulse_FF,schematic/history_1/simulation/default/HSPICE/parametric databaseName /home/itsupport/simulation/DOAN,Test_Pulse_FF,schematic/history_1/simulation/default/HSPICE/parametric/resultsDatabase remoteRun {} testbenchId 1 saveImages true
[11:53:02.42] /m Information: Started sharing "Custom WaveView" license. (WAVEFORM-110)
[11:53:02.76] /o saeInterBGSaeShell:  ::sa::_backgroundSaeShell::scriptFinished 1.3 {} sa::_resultsDatabase::saeShellProcessingCompletedProc testSuiteName saeSession0 testbenchName default resultsDir /home/itsupport/simulation/DOAN,Test_Pulse_FF,schematic/history_1/simulation/default/HSPICE/parametric/results testSuiteDir /home/itsupport/simulation/DOAN,Test_Pulse_FF,schematic/history_1/simulation/default/HSPICE/parametric databaseName /home/itsupport/simulation/DOAN,Test_Pulse_FF,schematic/history_1/simulation/default/HSPICE/parametric/resultsDatabase remoteRun {} testbenchId 1 saveImages true
[11:53:02.76] /o false
[11:55:56.58] /i ::sa::_backgroundSaeShell::runScript /home/itsupport/simulation/DOAN,Test_Pulse_FF,schematic/history_1/simulation/default/HSPICE/parametric/.bg_measurement_script.tcl sa::_resultsDatabase::saeShellProcessingCompletedProc testSuiteName saeSession0 testbenchName default resultsDir /home/itsupport/simulation/DOAN,Test_Pulse_FF,schematic/history_1/simulation/default/HSPICE/parametric/results testSuiteDir /home/itsupport/simulation/DOAN,Test_Pulse_FF,schematic/history_1/simulation/default/HSPICE/parametric databaseName /home/itsupport/simulation/DOAN,Test_Pulse_FF,schematic/history_1/simulation/default/HSPICE/parametric/resultsDatabase remoteRun {} testbenchId 1 saveImages true
[11:55:57.23] /o saeInterBGSaeShell:  ::sa::_backgroundSaeShell::scriptFinished 0.6 {} sa::_resultsDatabase::saeShellProcessingCompletedProc testSuiteName saeSession0 testbenchName default resultsDir /home/itsupport/simulation/DOAN,Test_Pulse_FF,schematic/history_1/simulation/default/HSPICE/parametric/results testSuiteDir /home/itsupport/simulation/DOAN,Test_Pulse_FF,schematic/history_1/simulation/default/HSPICE/parametric databaseName /home/itsupport/simulation/DOAN,Test_Pulse_FF,schematic/history_1/simulation/default/HSPICE/parametric/resultsDatabase remoteRun {} testbenchId 1 saveImages true
[11:55:57.23] /o false
[11:57:11.22] /i ::sa::_backgroundSaeShell::runScript /home/itsupport/simulation/DOAN,Test_Pulse_FF,schematic/history_1/simulation/default/HSPICE/parametric/.bg_measurement_script.tcl sa::_resultsDatabase::saeShellProcessingCompletedProc testSuiteName saeSession0 testbenchName default resultsDir /home/itsupport/simulation/DOAN,Test_Pulse_FF,schematic/history_1/simulation/default/HSPICE/parametric/results testSuiteDir /home/itsupport/simulation/DOAN,Test_Pulse_FF,schematic/history_1/simulation/default/HSPICE/parametric databaseName /home/itsupport/simulation/DOAN,Test_Pulse_FF,schematic/history_1/simulation/default/HSPICE/parametric/resultsDatabase remoteRun {} testbenchId 1 saveImages true
[11:57:11.77] /o saeInterBGSaeShell:  ::sa::_backgroundSaeShell::scriptFinished 0.5 {} sa::_resultsDatabase::saeShellProcessingCompletedProc testSuiteName saeSession0 testbenchName default resultsDir /home/itsupport/simulation/DOAN,Test_Pulse_FF,schematic/history_1/simulation/default/HSPICE/parametric/results testSuiteDir /home/itsupport/simulation/DOAN,Test_Pulse_FF,schematic/history_1/simulation/default/HSPICE/parametric databaseName /home/itsupport/simulation/DOAN,Test_Pulse_FF,schematic/history_1/simulation/default/HSPICE/parametric/resultsDatabase remoteRun {} testbenchId 1 saveImages true
[11:57:11.77] /o false
[11:59:44.68] /i ::wf::viewerExited
[12:01:32.19] /i ::sa::_backgroundSaeShell::runScript /home/itsupport/simulation/DOAN,Test_Pulse_FF,schematic/history_1/simulation/default/HSPICE/parametric/.bg_measurement_script.tcl sa::_resultsDatabase::saeShellProcessingCompletedProc testSuiteName saeSession0 testbenchName default resultsDir /home/itsupport/simulation/DOAN,Test_Pulse_FF,schematic/history_1/simulation/default/HSPICE/parametric/results testSuiteDir /home/itsupport/simulation/DOAN,Test_Pulse_FF,schematic/history_1/simulation/default/HSPICE/parametric databaseName /home/itsupport/simulation/DOAN,Test_Pulse_FF,schematic/history_1/simulation/default/HSPICE/parametric/resultsDatabase remoteRun {} testbenchId 1 saveImages true
[12:01:32.76] /o saeInterBGSaeShell:  ::sa::_backgroundSaeShell::scriptFinished 0.5 {} sa::_resultsDatabase::saeShellProcessingCompletedProc testSuiteName saeSession0 testbenchName default resultsDir /home/itsupport/simulation/DOAN,Test_Pulse_FF,schematic/history_1/simulation/default/HSPICE/parametric/results testSuiteDir /home/itsupport/simulation/DOAN,Test_Pulse_FF,schematic/history_1/simulation/default/HSPICE/parametric databaseName /home/itsupport/simulation/DOAN,Test_Pulse_FF,schematic/history_1/simulation/default/HSPICE/parametric/resultsDatabase remoteRun {} testbenchId 1 saveImages true
[12:01:32.76] /o false
[12:02:25.29] /i ::wf::viewerExited
[12:03:30.50] /i ::sa::_backgroundSaeShell::runScript /home/itsupport/simulation/DOAN,Test_Pulse_FF,schematic/history_1/simulation/default/HSPICE/parametric/.bg_measurement_script.tcl sa::_resultsDatabase::saeShellProcessingCompletedProc testSuiteName saeSession0 testbenchName default resultsDir /home/itsupport/simulation/DOAN,Test_Pulse_FF,schematic/history_1/simulation/default/HSPICE/parametric/results testSuiteDir /home/itsupport/simulation/DOAN,Test_Pulse_FF,schematic/history_1/simulation/default/HSPICE/parametric databaseName /home/itsupport/simulation/DOAN,Test_Pulse_FF,schematic/history_1/simulation/default/HSPICE/parametric/resultsDatabase remoteRun {} testbenchId 1 saveImages true
[12:03:31.18] /o saeInterBGSaeShell:  ::sa::_backgroundSaeShell::scriptFinished 0.6 {} sa::_resultsDatabase::saeShellProcessingCompletedProc testSuiteName saeSession0 testbenchName default resultsDir /home/itsupport/simulation/DOAN,Test_Pulse_FF,schematic/history_1/simulation/default/HSPICE/parametric/results testSuiteDir /home/itsupport/simulation/DOAN,Test_Pulse_FF,schematic/history_1/simulation/default/HSPICE/parametric databaseName /home/itsupport/simulation/DOAN,Test_Pulse_FF,schematic/history_1/simulation/default/HSPICE/parametric/resultsDatabase remoteRun {} testbenchId 1 saveImages true
[12:03:31.18] /o false
[12:05:28.58] /i ::wf::viewerExited
[12:05:52.14] /i ::sa::_backgroundSaeShell::exit
[12:05:52.14] /o saeInterBGSaeShell:  ::sa::_backgroundSaeShell::childFormallyExiting
