[23:16:45.91] /m Information: License 'SAE' checked out. (LICENSE-003)
[23:16:47.31] /o sae_shell Version Custom Compiler N-2017.12-SP1-2
              /c Build  (OPT) compiled on Wed May 16 15:20:56 2018 for RHEL64 6.6
              /c Execution time: Thu Apr 30 23:16:44 2026
              /c Host: localhost.localdomain
              /c 
              /c Copyright © 2004-2018 Synopsys, Inc.
              /c This software and the associated documentation are proprietary to Synopsys, Inc. This software may only be used in accordance with the terms and conditions of a written license agreement with Synopsys, Inc. All other use, reproduction, or distribution of this software is strictly prohibited.
              /c 
              /c 
[23:16:47.36] /w Warning: Preference 'leActiveLPP' is deprecated and scheduled for removal in a future release with no replacement. For migration assistance, see the Custom Compiler Tcl Reference Manual. (PREFERENCE-058)
[23:16:47.36] /o 	#######################################
[23:16:47.36] /o 	PDK Library Name	: reference90RF
[23:16:47.36] /o 	PDK Version		: 2.0
[23:16:47.36] /o 	PDK Release Date	: 25-March-2010 
[23:16:47.36] /o 	#######################################
[23:16:47.36] /o 
[23:16:47.37] /i ::sa::_backgroundSaeShell::signalProcessReady 1777565803
[23:16:47.37] /o saeInterBGSaeShell:  ::sa::_backgroundSaeShell::processReady 4
[23:18:15.07] /i ::sa::_backgroundSaeShell::runScript /home/itsupport/simulation/DOAN,Test_Pulse_FF,config/history_1/simulation/default/HSPICE/parametric/.bg_measurement_script.tcl sa::_resultsDatabase::saeShellProcessingCompletedProc testSuiteName saeSession0 testbenchName default resultsDir /home/itsupport/simulation/DOAN,Test_Pulse_FF,config/history_1/simulation/default/HSPICE/parametric/results testSuiteDir /home/itsupport/simulation/DOAN,Test_Pulse_FF,config/history_1/simulation/default/HSPICE/parametric databaseName /home/itsupport/simulation/DOAN,Test_Pulse_FF,config/history_1/simulation/default/HSPICE/parametric/resultsDatabase remoteRun {} testbenchId 1 saveImages true
[23:18:17.10] /m Information: Started sharing "Custom WaveView" license. (WAVEFORM-110)
[23:18:17.57] /o saeInterBGSaeShell:  ::sa::_backgroundSaeShell::scriptFinished 2.4 {} sa::_resultsDatabase::saeShellProcessingCompletedProc testSuiteName saeSession0 testbenchName default resultsDir /home/itsupport/simulation/DOAN,Test_Pulse_FF,config/history_1/simulation/default/HSPICE/parametric/results testSuiteDir /home/itsupport/simulation/DOAN,Test_Pulse_FF,config/history_1/simulation/default/HSPICE/parametric databaseName /home/itsupport/simulation/DOAN,Test_Pulse_FF,config/history_1/simulation/default/HSPICE/parametric/resultsDatabase remoteRun {} testbenchId 1 saveImages true
[23:18:17.57] /o false
[23:19:33.45] /i ::sa::_backgroundSaeShell::runScript /home/itsupport/simulation/DOAN,Test_Pulse_FF,config/history_1/simulation/default/HSPICE/parametric/.bg_measurement_script.tcl sa::_resultsDatabase::saeShellProcessingCompletedProc testSuiteName saeSession0 testbenchName default resultsDir /home/itsupport/simulation/DOAN,Test_Pulse_FF,config/history_1/simulation/default/HSPICE/parametric/results testSuiteDir /home/itsupport/simulation/DOAN,Test_Pulse_FF,config/history_1/simulation/default/HSPICE/parametric databaseName /home/itsupport/simulation/DOAN,Test_Pulse_FF,config/history_1/simulation/default/HSPICE/parametric/resultsDatabase remoteRun {} testbenchId 1 saveImages true
[23:19:34.45] /o saeInterBGSaeShell:  ::sa::_backgroundSaeShell::scriptFinished 0.9 {} sa::_resultsDatabase::saeShellProcessingCompletedProc testSuiteName saeSession0 testbenchName default resultsDir /home/itsupport/simulation/DOAN,Test_Pulse_FF,config/history_1/simulation/default/HSPICE/parametric/results testSuiteDir /home/itsupport/simulation/DOAN,Test_Pulse_FF,config/history_1/simulation/default/HSPICE/parametric databaseName /home/itsupport/simulation/DOAN,Test_Pulse_FF,config/history_1/simulation/default/HSPICE/parametric/resultsDatabase remoteRun {} testbenchId 1 saveImages true
[23:19:34.45] /o false
[23:20:22.57] /i ::wf::viewerExited
[23:22:31.01] /i ::sa::_backgroundSaeShell::runScript /home/itsupport/simulation/DOAN,Test_Pulse_FF,config/history_1/simulation/default/HSPICE/parametric/.bg_measurement_script.tcl sa::_resultsDatabase::saeShellProcessingCompletedProc testSuiteName saeSession0 testbenchName default resultsDir /home/itsupport/simulation/DOAN,Test_Pulse_FF,config/history_1/simulation/default/HSPICE/parametric/results testSuiteDir /home/itsupport/simulation/DOAN,Test_Pulse_FF,config/history_1/simulation/default/HSPICE/parametric databaseName /home/itsupport/simulation/DOAN,Test_Pulse_FF,config/history_1/simulation/default/HSPICE/parametric/resultsDatabase remoteRun {} testbenchId 1 saveImages true
[23:22:31.56] /o saeInterBGSaeShell:  ::sa::_backgroundSaeShell::scriptFinished 0.5 {} sa::_resultsDatabase::saeShellProcessingCompletedProc testSuiteName saeSession0 testbenchName default resultsDir /home/itsupport/simulation/DOAN,Test_Pulse_FF,config/history_1/simulation/default/HSPICE/parametric/results testSuiteDir /home/itsupport/simulation/DOAN,Test_Pulse_FF,config/history_1/simulation/default/HSPICE/parametric databaseName /home/itsupport/simulation/DOAN,Test_Pulse_FF,config/history_1/simulation/default/HSPICE/parametric/resultsDatabase remoteRun {} testbenchId 1 saveImages true
[23:22:31.56] /o false
[23:24:07.83] /i ::sa::_backgroundSaeShell::runScript /home/itsupport/simulation/DOAN,Test_Pulse_FF,config/history_1/simulation/default/HSPICE/parametric/.bg_measurement_script.tcl sa::_resultsDatabase::saeShellProcessingCompletedProc testSuiteName saeSession0 testbenchName default resultsDir /home/itsupport/simulation/DOAN,Test_Pulse_FF,config/history_1/simulation/default/HSPICE/parametric/results testSuiteDir /home/itsupport/simulation/DOAN,Test_Pulse_FF,config/history_1/simulation/default/HSPICE/parametric databaseName /home/itsupport/simulation/DOAN,Test_Pulse_FF,config/history_1/simulation/default/HSPICE/parametric/resultsDatabase remoteRun {} testbenchId 1 saveImages true
[23:24:08.33] /o saeInterBGSaeShell:  ::sa::_backgroundSaeShell::scriptFinished 0.4 {} sa::_resultsDatabase::saeShellProcessingCompletedProc testSuiteName saeSession0 testbenchName default resultsDir /home/itsupport/simulation/DOAN,Test_Pulse_FF,config/history_1/simulation/default/HSPICE/parametric/results testSuiteDir /home/itsupport/simulation/DOAN,Test_Pulse_FF,config/history_1/simulation/default/HSPICE/parametric databaseName /home/itsupport/simulation/DOAN,Test_Pulse_FF,config/history_1/simulation/default/HSPICE/parametric/resultsDatabase remoteRun {} testbenchId 1 saveImages true
[23:24:08.33] /o false
[23:25:35.64] /i ::sa::_backgroundSaeShell::runScript /home/itsupport/simulation/DOAN,Test_Pulse_FF,config/history_1/simulation/default/HSPICE/nominal/.bg_measurement_script.tcl sa::_resultsDatabase::saeShellProcessingCompletedProc testSuiteName saeSession0 testbenchName default resultsDir /home/itsupport/simulation/DOAN,Test_Pulse_FF,config/history_1/simulation/default/HSPICE/nominal/results testSuiteDir /home/itsupport/simulation/DOAN,Test_Pulse_FF,config/history_1/simulation/default/HSPICE/nominal databaseName /home/itsupport/simulation/DOAN,Test_Pulse_FF,config/history_1/simulation/default/HSPICE/nominal/resultsDatabase remoteRun {} testbenchId 1 saveImages true
[23:25:36.05] /o saeInterBGSaeShell:  ::sa::_backgroundSaeShell::scriptFinished 0.4 {} sa::_resultsDatabase::saeShellProcessingCompletedProc testSuiteName saeSession0 testbenchName default resultsDir /home/itsupport/simulation/DOAN,Test_Pulse_FF,config/history_1/simulation/default/HSPICE/nominal/results testSuiteDir /home/itsupport/simulation/DOAN,Test_Pulse_FF,config/history_1/simulation/default/HSPICE/nominal databaseName /home/itsupport/simulation/DOAN,Test_Pulse_FF,config/history_1/simulation/default/HSPICE/nominal/resultsDatabase remoteRun {} testbenchId 1 saveImages true
[23:25:36.05] /o false
[23:28:34.85] /i ::wf::viewerExited
