[10:10:19.48] /m Information: License 'SAE' checked out. (LICENSE-003)
[10:10:21.02] /o sae_shell Version Custom Compiler N-2017.12-SP1-2
              /c Build  (OPT) compiled on Wed May 16 15:20:56 2018 for RHEL64 6.6
              /c Execution time: Tue May  5 10:10:18 2026
              /c Host: localhost.localdomain
              /c 
              /c Copyright © 2004-2018 Synopsys, Inc.
              /c This software and the associated documentation are proprietary to Synopsys, Inc. This software may only be used in accordance with the terms and conditions of a written license agreement with Synopsys, Inc. All other use, reproduction, or distribution of this software is strictly prohibited.
              /c 
              /c 
[10:10:21.03] /w Warning: Preference 'leActiveLPP' is deprecated and scheduled for removal in a future release with no replacement. For migration assistance, see the Custom Compiler Tcl Reference Manual. (PREFERENCE-058)
[10:10:21.03] /o 	#######################################
[10:10:21.03] /o 	PDK Library Name	: reference90RF
[10:10:21.03] /o 	PDK Version		: 2.0
[10:10:21.03] /o 	PDK Release Date	: 25-March-2010 
[10:10:21.03] /o 	#######################################
[10:10:21.03] /o 
[10:10:21.03] /i ::sa::_backgroundSaeShell::signalProcessReady 1777950617
[10:10:21.04] /o saeInterBGSaeShell:  ::sa::_backgroundSaeShell::processReady 4
[10:15:22.04] /o saeInterBGSaeShell:  ::sa::_backgroundSaeShell::pingBack
[10:15:22.08] /i ::sa::_backgroundSaeShell::parentRunning
[10:15:22.08] /o 1777950922
[10:16:58.57] /i ::wf::viewerExited
[10:20:23.05] /o saeInterBGSaeShell:  ::sa::_backgroundSaeShell::pingBack
[10:20:23.07] /i ::sa::_backgroundSaeShell::parentRunning
[10:20:23.07] /o 1777951223
[10:24:03.20] /i ::wf::viewerExited
[10:25:24.06] /o saeInterBGSaeShell:  ::sa::_backgroundSaeShell::pingBack
[10:25:24.07] /i ::sa::_backgroundSaeShell::parentRunning
[10:25:24.07] /o 1777951524
[10:25:33.77] /i ::sa::_backgroundSaeShell::exit
[10:25:33.77] /o saeInterBGSaeShell:  ::sa::_backgroundSaeShell::childFormallyExiting
