[12:22:06.38] /m Information: License 'SAE' checked out. (LICENSE-003)
[12:22:07.74] /o sae_shell Version Custom Compiler N-2017.12-SP1-2
              /c Build  (OPT) compiled on Wed May 16 15:20:56 2018 for RHEL64 6.6
              /c Execution time: Mon Apr 27 12:22:05 2026
              /c Host: localhost.localdomain
              /c 
              /c Copyright © 2004-2018 Synopsys, Inc.
              /c This software and the associated documentation are proprietary to Synopsys, Inc. This software may only be used in accordance with the terms and conditions of a written license agreement with Synopsys, Inc. All other use, reproduction, or distribution of this software is strictly prohibited.
              /c 
              /c 
[12:22:07.75] /w Warning: Preference 'leActiveLPP' is deprecated and scheduled for removal in a future release with no replacement. For migration assistance, see the Custom Compiler Tcl Reference Manual. (PREFERENCE-058)
[12:22:07.76] /o 	#######################################
[12:22:07.76] /o 	PDK Library Name	: reference90RF
[12:22:07.76] /o 	PDK Version		: 2.0
[12:22:07.76] /o 	PDK Release Date	: 25-March-2010 
[12:22:07.76] /o 	#######################################
[12:22:07.76] /o 
[12:22:07.76] /i ::sa::_backgroundSaeShell::signalProcessReady 1777267324
[12:22:07.76] /o saeInterBGSaeShell:  ::sa::_backgroundSaeShell::processReady 3
[12:22:20.09] /i ::wf::viewerExited
[12:23:30.20] /i ::wf::viewerExited
[12:26:20.81] /i ::wf::viewerExited
[12:27:08.78] /o saeInterBGSaeShell:  ::sa::_backgroundSaeShell::pingBack
[12:27:08.89] /i ::sa::_backgroundSaeShell::parentRunning
[12:27:08.89] /o 1777267628
[12:32:09.80] /o saeInterBGSaeShell:  ::sa::_backgroundSaeShell::pingBack
[12:32:09.89] /i ::sa::_backgroundSaeShell::parentRunning
[12:32:09.89] /o 1777267929
[12:37:10.82] /o saeInterBGSaeShell:  ::sa::_backgroundSaeShell::pingBack
[12:37:10.90] /i ::sa::_backgroundSaeShell::parentRunning
[12:37:10.90] /o 1777268230
[12:42:11.83] /o saeInterBGSaeShell:  ::sa::_backgroundSaeShell::pingBack
[12:42:11.89] /i ::sa::_backgroundSaeShell::parentRunning
[12:42:11.89] /o 1777268531
[12:42:16.29] /i ::wf::viewerExited
[12:42:27.44] /i ::sa::_backgroundSaeShell::exit
[12:42:27.45] /o saeInterBGSaeShell:  ::sa::_backgroundSaeShell::childFormallyExiting
