[16:03:40.75] /m Information: License 'SAE' checked out. (LICENSE-003)
[16:03:42.17] /o sae_shell Version Custom Compiler N-2017.12-SP1-2
              /c Build  (OPT) compiled on Wed May 16 15:20:56 2018 for RHEL64 6.6
              /c Execution time: Sat May  9 16:03:39 2026
              /c Host: localhost.localdomain
              /c 
              /c Copyright © 2004-2018 Synopsys, Inc.
              /c This software and the associated documentation are proprietary to Synopsys, Inc. This software may only be used in accordance with the terms and conditions of a written license agreement with Synopsys, Inc. All other use, reproduction, or distribution of this software is strictly prohibited.
              /c 
              /c 
[16:03:42.18] /w Warning: Preference 'leActiveLPP' is deprecated and scheduled for removal in a future release with no replacement. For migration assistance, see the Custom Compiler Tcl Reference Manual. (PREFERENCE-058)
[16:03:42.18] /o 	#######################################
[16:03:42.18] /o 	PDK Library Name	: reference90RF
[16:03:42.18] /o 	PDK Version		: 2.0
[16:03:42.18] /o 	PDK Release Date	: 25-March-2010 
[16:03:42.18] /o 	#######################################
[16:03:42.18] /o 
[16:03:42.19] /i ::sa::_backgroundSaeShell::signalProcessReady 1778317419
[16:03:42.19] /o saeInterBGSaeShell:  ::sa::_backgroundSaeShell::processReady 3
[16:08:43.20] /o saeInterBGSaeShell:  ::sa::_backgroundSaeShell::pingBack
[16:08:43.25] /i ::sa::_backgroundSaeShell::parentRunning
[16:08:43.25] /o 1778317723
[16:13:44.21] /o saeInterBGSaeShell:  ::sa::_backgroundSaeShell::pingBack
[16:13:44.25] /i ::sa::_backgroundSaeShell::parentRunning
[16:13:44.26] /o 1778318024
[16:16:19.35] /i ::wf::viewerExited
[16:16:24.43] /i ::sa::_backgroundSaeShell::exit
[16:16:24.43] /o saeInterBGSaeShell:  ::sa::_backgroundSaeShell::childFormallyExiting
