[23:18:19.35] /m Information: License 'SAE' checked out. (LICENSE-003)
[23:18:21.11] /o sae_shell Version Custom Compiler N-2017.12-SP1-2
              /c Build  (OPT) compiled on Wed May 16 15:20:56 2018 for RHEL64 6.6
              /c Execution time: Thu Apr 30 23:18:17 2026
              /c Host: localhost.localdomain
              /c 
              /c Copyright © 2004-2018 Synopsys, Inc.
              /c This software and the associated documentation are proprietary to Synopsys, Inc. This software may only be used in accordance with the terms and conditions of a written license agreement with Synopsys, Inc. All other use, reproduction, or distribution of this software is strictly prohibited.
              /c 
              /c 
[23:18:21.12] /w Warning: Preference 'leActiveLPP' is deprecated and scheduled for removal in a future release with no replacement. For migration assistance, see the Custom Compiler Tcl Reference Manual. (PREFERENCE-058)
[23:18:21.12] /o 	#######################################
[23:18:21.12] /o 	PDK Library Name	: reference90RF
[23:18:21.12] /o 	PDK Version		: 2.0
[23:18:21.12] /o 	PDK Release Date	: 25-March-2010 
[23:18:21.12] /o 	#######################################
[23:18:21.12] /o 
[23:18:21.13] /i ::sa::_backgroundSaeShell::signalProcessReady 1777565895
[23:18:21.13] /o saeInterBGSaeShell:  ::sa::_backgroundSaeShell::processReady 6
[23:20:22.57] /i ::wf::viewerExited
[23:23:22.14] /o saeInterBGSaeShell:  ::sa::_backgroundSaeShell::pingBack
[23:23:22.14] /i ::sa::_backgroundSaeShell::parentRunning
[23:23:22.14] /o 1777566202
[23:28:23.14] /o saeInterBGSaeShell:  ::sa::_backgroundSaeShell::pingBack
[23:28:23.25] /i ::sa::_backgroundSaeShell::parentRunning
[23:28:23.25] /o 1777566503
[23:28:34.85] /i ::wf::viewerExited
