[16:02:37.20] /m Information: License 'SAE' checked out. (LICENSE-003)
[16:02:38.67] /o sae_shell Version Custom Compiler N-2017.12-SP1-2
              /c Build  (OPT) compiled on Wed May 16 15:20:56 2018 for RHEL64 6.6
              /c Execution time: Sat May  9 16:02:35 2026
              /c Host: localhost.localdomain
              /c 
              /c Copyright © 2004-2018 Synopsys, Inc.
              /c This software and the associated documentation are proprietary to Synopsys, Inc. This software may only be used in accordance with the terms and conditions of a written license agreement with Synopsys, Inc. All other use, reproduction, or distribution of this software is strictly prohibited.
              /c 
              /c 
[16:02:38.72] /w Warning: Preference 'leActiveLPP' is deprecated and scheduled for removal in a future release with no replacement. For migration assistance, see the Custom Compiler Tcl Reference Manual. (PREFERENCE-058)
[16:02:38.74] /o 	#######################################
[16:02:38.74] /o 	PDK Library Name	: reference90RF
[16:02:38.74] /o 	PDK Version		: 2.0
[16:02:38.74] /o 	PDK Release Date	: 25-March-2010 
[16:02:38.74] /o 	#######################################
[16:02:38.74] /o 
[16:02:38.75] /i ::sa::_backgroundSaeShell::signalProcessReady 1778317354
[16:02:38.75] /o saeInterBGSaeShell:  ::sa::_backgroundSaeShell::processReady 4
[16:03:39.04] /i ::sa::_backgroundSaeShell::runScript /home/itsupport/simulation/D_FF,dff_nonoverlap_testbench,schematic/history_1/simulation/default/HSPICE/nominal/.bg_measurement_script.tcl sa::_resultsDatabase::saeShellProcessingCompletedProc testSuiteName saeSession0 testbenchName default resultsDir /home/itsupport/simulation/D_FF,dff_nonoverlap_testbench,schematic/history_1/simulation/default/HSPICE/nominal/results testSuiteDir /home/itsupport/simulation/D_FF,dff_nonoverlap_testbench,schematic/history_1/simulation/default/HSPICE/nominal databaseName /home/itsupport/simulation/D_FF,dff_nonoverlap_testbench,schematic/history_1/simulation/default/HSPICE/nominal/resultsDatabase remoteRun {} testbenchId 1 saveImages true
[16:03:40.48] /m Information: Started sharing "Custom WaveView" license. (WAVEFORM-110)
[16:03:40.76] /o saeInterBGSaeShell:  ::sa::_backgroundSaeShell::scriptFinished 1.7 {} sa::_resultsDatabase::saeShellProcessingCompletedProc testSuiteName saeSession0 testbenchName default resultsDir /home/itsupport/simulation/D_FF,dff_nonoverlap_testbench,schematic/history_1/simulation/default/HSPICE/nominal/results testSuiteDir /home/itsupport/simulation/D_FF,dff_nonoverlap_testbench,schematic/history_1/simulation/default/HSPICE/nominal databaseName /home/itsupport/simulation/D_FF,dff_nonoverlap_testbench,schematic/history_1/simulation/default/HSPICE/nominal/resultsDatabase remoteRun {} testbenchId 1 saveImages true
[16:03:40.76] /o false
[16:05:12.49] /i ::sa::_backgroundSaeShell::runScript /home/itsupport/simulation/D_FF,dff_nonoverlap_testbench,schematic/history_1/simulation/default/HSPICE/nominal/.bg_measurement_script.tcl sa::_resultsDatabase::saeShellProcessingCompletedProc testSuiteName saeSession0 testbenchName default resultsDir /home/itsupport/simulation/D_FF,dff_nonoverlap_testbench,schematic/history_1/simulation/default/HSPICE/nominal/results testSuiteDir /home/itsupport/simulation/D_FF,dff_nonoverlap_testbench,schematic/history_1/simulation/default/HSPICE/nominal databaseName /home/itsupport/simulation/D_FF,dff_nonoverlap_testbench,schematic/history_1/simulation/default/HSPICE/nominal/resultsDatabase remoteRun {} testbenchId 1 saveImages true
[16:05:12.83] /o saeInterBGSaeShell:  ::sa::_backgroundSaeShell::scriptFinished 0.3 {} sa::_resultsDatabase::saeShellProcessingCompletedProc testSuiteName saeSession0 testbenchName default resultsDir /home/itsupport/simulation/D_FF,dff_nonoverlap_testbench,schematic/history_1/simulation/default/HSPICE/nominal/results testSuiteDir /home/itsupport/simulation/D_FF,dff_nonoverlap_testbench,schematic/history_1/simulation/default/HSPICE/nominal databaseName /home/itsupport/simulation/D_FF,dff_nonoverlap_testbench,schematic/history_1/simulation/default/HSPICE/nominal/resultsDatabase remoteRun {} testbenchId 1 saveImages true
[16:05:12.83] /o false
[16:07:47.91] /i ::sa::_backgroundSaeShell::runScript /home/itsupport/simulation/D_FF,dff_nonoverlap_testbench,schematic/history_1/simulation/default/HSPICE/nominal/.bg_measurement_script.tcl sa::_resultsDatabase::saeShellProcessingCompletedProc testSuiteName saeSession0 testbenchName default resultsDir /home/itsupport/simulation/D_FF,dff_nonoverlap_testbench,schematic/history_1/simulation/default/HSPICE/nominal/results testSuiteDir /home/itsupport/simulation/D_FF,dff_nonoverlap_testbench,schematic/history_1/simulation/default/HSPICE/nominal databaseName /home/itsupport/simulation/D_FF,dff_nonoverlap_testbench,schematic/history_1/simulation/default/HSPICE/nominal/resultsDatabase remoteRun {} testbenchId 1 saveImages true
[16:07:48.25] /o saeInterBGSaeShell:  ::sa::_backgroundSaeShell::scriptFinished 0.3 {} sa::_resultsDatabase::saeShellProcessingCompletedProc testSuiteName saeSession0 testbenchName default resultsDir /home/itsupport/simulation/D_FF,dff_nonoverlap_testbench,schematic/history_1/simulation/default/HSPICE/nominal/results testSuiteDir /home/itsupport/simulation/D_FF,dff_nonoverlap_testbench,schematic/history_1/simulation/default/HSPICE/nominal databaseName /home/itsupport/simulation/D_FF,dff_nonoverlap_testbench,schematic/history_1/simulation/default/HSPICE/nominal/resultsDatabase remoteRun {} testbenchId 1 saveImages true
[16:07:48.25] /o false
[16:09:49.43] /i ::sa::_backgroundSaeShell::runScript /home/itsupport/simulation/D_FF,dff_nonoverlap_testbench,schematic/history_1/simulation/default/HSPICE/parametric/.bg_measurement_script.tcl sa::_resultsDatabase::saeShellProcessingCompletedProc testSuiteName saeSession0 testbenchName default resultsDir /home/itsupport/simulation/D_FF,dff_nonoverlap_testbench,schematic/history_1/simulation/default/HSPICE/parametric/results testSuiteDir /home/itsupport/simulation/D_FF,dff_nonoverlap_testbench,schematic/history_1/simulation/default/HSPICE/parametric databaseName /home/itsupport/simulation/D_FF,dff_nonoverlap_testbench,schematic/history_1/simulation/default/HSPICE/parametric/resultsDatabase remoteRun {} testbenchId 1 saveImages true
[16:09:50.02] /o saeInterBGSaeShell:  ::sa::_backgroundSaeShell::scriptFinished 0.5 {} sa::_resultsDatabase::saeShellProcessingCompletedProc testSuiteName saeSession0 testbenchName default resultsDir /home/itsupport/simulation/D_FF,dff_nonoverlap_testbench,schematic/history_1/simulation/default/HSPICE/parametric/results testSuiteDir /home/itsupport/simulation/D_FF,dff_nonoverlap_testbench,schematic/history_1/simulation/default/HSPICE/parametric databaseName /home/itsupport/simulation/D_FF,dff_nonoverlap_testbench,schematic/history_1/simulation/default/HSPICE/parametric/resultsDatabase remoteRun {} testbenchId 1 saveImages true
[16:09:50.03] /o false
[16:10:45.67] /i ::sa::_backgroundSaeShell::runScript /home/itsupport/simulation/D_FF,dff_nonoverlap_testbench,schematic/history_1/simulation/default/HSPICE/parametric/.bg_measurement_script.tcl sa::_resultsDatabase::saeShellProcessingCompletedProc testSuiteName saeSession0 testbenchName default resultsDir /home/itsupport/simulation/D_FF,dff_nonoverlap_testbench,schematic/history_1/simulation/default/HSPICE/parametric/results testSuiteDir /home/itsupport/simulation/D_FF,dff_nonoverlap_testbench,schematic/history_1/simulation/default/HSPICE/parametric databaseName /home/itsupport/simulation/D_FF,dff_nonoverlap_testbench,schematic/history_1/simulation/default/HSPICE/parametric/resultsDatabase remoteRun {} testbenchId 1 saveImages true
[16:10:46.19] /o saeInterBGSaeShell:  ::sa::_backgroundSaeShell::scriptFinished 0.5 {} sa::_resultsDatabase::saeShellProcessingCompletedProc testSuiteName saeSession0 testbenchName default resultsDir /home/itsupport/simulation/D_FF,dff_nonoverlap_testbench,schematic/history_1/simulation/default/HSPICE/parametric/results testSuiteDir /home/itsupport/simulation/D_FF,dff_nonoverlap_testbench,schematic/history_1/simulation/default/HSPICE/parametric databaseName /home/itsupport/simulation/D_FF,dff_nonoverlap_testbench,schematic/history_1/simulation/default/HSPICE/parametric/resultsDatabase remoteRun {} testbenchId 1 saveImages true
[16:10:46.19] /o false
[16:12:18.29] /i ::sa::_backgroundSaeShell::runScript /home/itsupport/simulation/D_FF,dff_nonoverlap_testbench,schematic/history_1/simulation/default/HSPICE/parametric/.bg_measurement_script.tcl sa::_resultsDatabase::saeShellProcessingCompletedProc testSuiteName saeSession0 testbenchName default resultsDir /home/itsupport/simulation/D_FF,dff_nonoverlap_testbench,schematic/history_1/simulation/default/HSPICE/parametric/results testSuiteDir /home/itsupport/simulation/D_FF,dff_nonoverlap_testbench,schematic/history_1/simulation/default/HSPICE/parametric databaseName /home/itsupport/simulation/D_FF,dff_nonoverlap_testbench,schematic/history_1/simulation/default/HSPICE/parametric/resultsDatabase remoteRun {} testbenchId 1 saveImages true
[16:12:18.76] /o saeInterBGSaeShell:  ::sa::_backgroundSaeShell::scriptFinished 0.4 {} sa::_resultsDatabase::saeShellProcessingCompletedProc testSuiteName saeSession0 testbenchName default resultsDir /home/itsupport/simulation/D_FF,dff_nonoverlap_testbench,schematic/history_1/simulation/default/HSPICE/parametric/results testSuiteDir /home/itsupport/simulation/D_FF,dff_nonoverlap_testbench,schematic/history_1/simulation/default/HSPICE/parametric databaseName /home/itsupport/simulation/D_FF,dff_nonoverlap_testbench,schematic/history_1/simulation/default/HSPICE/parametric/resultsDatabase remoteRun {} testbenchId 1 saveImages true
[16:12:18.76] /o false
[16:13:08.90] /i ::sa::_backgroundSaeShell::runScript /home/itsupport/simulation/D_FF,dff_nonoverlap_testbench,schematic/history_1/simulation/default/HSPICE/parametric/.bg_measurement_script.tcl sa::_resultsDatabase::saeShellProcessingCompletedProc testSuiteName saeSession0 testbenchName default resultsDir /home/itsupport/simulation/D_FF,dff_nonoverlap_testbench,schematic/history_1/simulation/default/HSPICE/parametric/results testSuiteDir /home/itsupport/simulation/D_FF,dff_nonoverlap_testbench,schematic/history_1/simulation/default/HSPICE/parametric databaseName /home/itsupport/simulation/D_FF,dff_nonoverlap_testbench,schematic/history_1/simulation/default/HSPICE/parametric/resultsDatabase remoteRun {} testbenchId 1 saveImages true
[16:13:09.49] /o saeInterBGSaeShell:  ::sa::_backgroundSaeShell::scriptFinished 0.5 {} sa::_resultsDatabase::saeShellProcessingCompletedProc testSuiteName saeSession0 testbenchName default resultsDir /home/itsupport/simulation/D_FF,dff_nonoverlap_testbench,schematic/history_1/simulation/default/HSPICE/parametric/results testSuiteDir /home/itsupport/simulation/D_FF,dff_nonoverlap_testbench,schematic/history_1/simulation/default/HSPICE/parametric databaseName /home/itsupport/simulation/D_FF,dff_nonoverlap_testbench,schematic/history_1/simulation/default/HSPICE/parametric/resultsDatabase remoteRun {} testbenchId 1 saveImages true
[16:13:09.49] /o false
[16:16:19.35] /i ::wf::viewerExited
[16:16:24.42] /i ::sa::_backgroundSaeShell::exit
[16:16:24.42] /o saeInterBGSaeShell:  ::sa::_backgroundSaeShell::childFormallyExiting
