[09:17:49.94] /m Information: License 'SAE' checked out. (LICENSE-003)
[09:17:51.36] /o sae_shell Version Custom Compiler N-2017.12-SP1-2
              /c Build  (OPT) compiled on Wed May 16 15:20:56 2018 for RHEL64 6.6
              /c Execution time: Sat Apr 25 09:17:48 2026
              /c Host: localhost.localdomain
              /c 
              /c Copyright © 2004-2018 Synopsys, Inc.
              /c This software and the associated documentation are proprietary to Synopsys, Inc. This software may only be used in accordance with the terms and conditions of a written license agreement with Synopsys, Inc. All other use, reproduction, or distribution of this software is strictly prohibited.
              /c 
              /c 
[09:17:51.43] /w Warning: Preference 'leActiveLPP' is deprecated and scheduled for removal in a future release with no replacement. For migration assistance, see the Custom Compiler Tcl Reference Manual. (PREFERENCE-058)
[09:17:51.43] /o 	#######################################
[09:17:51.43] /o 	PDK Library Name	: reference90RF
[09:17:51.43] /o 	PDK Version		: 2.0
[09:17:51.43] /o 	PDK Release Date	: 25-March-2010 
[09:17:51.43] /o 	#######################################
[09:17:51.43] /o 
[09:17:51.44] /i ::sa::_backgroundSaeShell::signalProcessReady 1777083467
[09:17:51.44] /o saeInterBGSaeShell:  ::sa::_backgroundSaeShell::processReady 4
[09:19:29.78] /i ::sa::_backgroundSaeShell::runScript /home/itsupport/simulation/DOAN,Pulse_FF,schematic/history_1/simulation/default/HSPICE/nominal/.bg_measurement_script.tcl sa::_resultsDatabase::saeShellProcessingCompletedProc testSuiteName saeSession0 testbenchName default resultsDir /home/itsupport/simulation/DOAN,Pulse_FF,schematic/history_1/simulation/default/HSPICE/nominal/results testSuiteDir /home/itsupport/simulation/DOAN,Pulse_FF,schematic/history_1/simulation/default/HSPICE/nominal databaseName /home/itsupport/simulation/DOAN,Pulse_FF,schematic/history_1/simulation/default/HSPICE/nominal/resultsDatabase remoteRun {} testbenchId 1 saveImages true
[09:19:30.04] /o saeInterBGSaeShell:  ::sa::_backgroundSaeShell::scriptFinished 0.2 {} sa::_resultsDatabase::saeShellProcessingCompletedProc testSuiteName saeSession0 testbenchName default resultsDir /home/itsupport/simulation/DOAN,Pulse_FF,schematic/history_1/simulation/default/HSPICE/nominal/results testSuiteDir /home/itsupport/simulation/DOAN,Pulse_FF,schematic/history_1/simulation/default/HSPICE/nominal databaseName /home/itsupport/simulation/DOAN,Pulse_FF,schematic/history_1/simulation/default/HSPICE/nominal/resultsDatabase remoteRun {} testbenchId 1 saveImages true
[09:19:30.04] /o false
[09:20:16.70] /i ::sa::_backgroundSaeShell::runScript /home/itsupport/simulation/DOAN,Pulse_FF,schematic/history_1/simulation/default/HSPICE/parametric/.bg_measurement_script.tcl sa::_resultsDatabase::saeShellProcessingCompletedProc testSuiteName saeSession0 testbenchName default resultsDir /home/itsupport/simulation/DOAN,Pulse_FF,schematic/history_1/simulation/default/HSPICE/parametric/results testSuiteDir /home/itsupport/simulation/DOAN,Pulse_FF,schematic/history_1/simulation/default/HSPICE/parametric databaseName /home/itsupport/simulation/DOAN,Pulse_FF,schematic/history_1/simulation/default/HSPICE/parametric/resultsDatabase remoteRun {} testbenchId 1 saveImages true
[09:20:18.05] /m Information: Started sharing "Custom WaveView" license. (WAVEFORM-110)
[09:20:18.58] /o saeInterBGSaeShell:  ::sa::_backgroundSaeShell::scriptFinished 1.8 {} sa::_resultsDatabase::saeShellProcessingCompletedProc testSuiteName saeSession0 testbenchName default resultsDir /home/itsupport/simulation/DOAN,Pulse_FF,schematic/history_1/simulation/default/HSPICE/parametric/results testSuiteDir /home/itsupport/simulation/DOAN,Pulse_FF,schematic/history_1/simulation/default/HSPICE/parametric databaseName /home/itsupport/simulation/DOAN,Pulse_FF,schematic/history_1/simulation/default/HSPICE/parametric/resultsDatabase remoteRun {} testbenchId 1 saveImages true
[09:20:18.58] /o false
[09:21:31.47] /i ::sa::_backgroundSaeShell::runScript /home/itsupport/simulation/DOAN,Pulse_FF,schematic/history_1/simulation/default/HSPICE/parametric/.bg_measurement_script.tcl sa::_resultsDatabase::saeShellProcessingCompletedProc testSuiteName saeSession0 testbenchName default resultsDir /home/itsupport/simulation/DOAN,Pulse_FF,schematic/history_1/simulation/default/HSPICE/parametric/results testSuiteDir /home/itsupport/simulation/DOAN,Pulse_FF,schematic/history_1/simulation/default/HSPICE/parametric databaseName /home/itsupport/simulation/DOAN,Pulse_FF,schematic/history_1/simulation/default/HSPICE/parametric/resultsDatabase remoteRun {} testbenchId 1 saveImages true
[09:21:32.43] /o saeInterBGSaeShell:  ::sa::_backgroundSaeShell::scriptFinished 0.9 {} sa::_resultsDatabase::saeShellProcessingCompletedProc testSuiteName saeSession0 testbenchName default resultsDir /home/itsupport/simulation/DOAN,Pulse_FF,schematic/history_1/simulation/default/HSPICE/parametric/results testSuiteDir /home/itsupport/simulation/DOAN,Pulse_FF,schematic/history_1/simulation/default/HSPICE/parametric databaseName /home/itsupport/simulation/DOAN,Pulse_FF,schematic/history_1/simulation/default/HSPICE/parametric/resultsDatabase remoteRun {} testbenchId 1 saveImages true
[09:21:32.43] /o false
[09:26:33.44] /o saeInterBGSaeShell:  ::sa::_backgroundSaeShell::pingBack
[09:26:33.46] /i ::sa::_backgroundSaeShell::parentRunning
[09:26:33.46] /o 1777083993
[09:26:36.64] /m Information: Stopped sharing "Custom WaveView" license. (WAVEFORM-111)
[09:31:34.45] /o saeInterBGSaeShell:  ::sa::_backgroundSaeShell::pingBack
[09:31:34.55] /i ::sa::_backgroundSaeShell::parentRunning
[09:31:34.55] /o 1777084294
[09:31:57.48] /i ::sa::_backgroundSaeShell::runScript /home/itsupport/simulation/DOAN,Pulse_FF,schematic/history_1/simulation/default/HSPICE/parametric/.bg_measurement_script.tcl sa::_resultsDatabase::saeShellProcessingCompletedProc testSuiteName saeSession0 testbenchName default resultsDir /home/itsupport/simulation/DOAN,Pulse_FF,schematic/history_1/simulation/default/HSPICE/parametric/results testSuiteDir /home/itsupport/simulation/DOAN,Pulse_FF,schematic/history_1/simulation/default/HSPICE/parametric databaseName /home/itsupport/simulation/DOAN,Pulse_FF,schematic/history_1/simulation/default/HSPICE/parametric/resultsDatabase remoteRun {} testbenchId 1 saveImages true
[09:31:57.75] /m Information: Started sharing "Custom WaveView" license. (WAVEFORM-110)
[09:31:58.02] /o saeInterBGSaeShell:  ::sa::_backgroundSaeShell::scriptFinished 0.5 {} sa::_resultsDatabase::saeShellProcessingCompletedProc testSuiteName saeSession0 testbenchName default resultsDir /home/itsupport/simulation/DOAN,Pulse_FF,schematic/history_1/simulation/default/HSPICE/parametric/results testSuiteDir /home/itsupport/simulation/DOAN,Pulse_FF,schematic/history_1/simulation/default/HSPICE/parametric databaseName /home/itsupport/simulation/DOAN,Pulse_FF,schematic/history_1/simulation/default/HSPICE/parametric/resultsDatabase remoteRun {} testbenchId 1 saveImages true
[09:31:58.02] /o false
[09:35:15.50] /i ::sa::_backgroundSaeShell::runScript /home/itsupport/simulation/DOAN,Pulse_FF,schematic/history_1/simulation/default/HSPICE/parametric/.bg_measurement_script.tcl sa::_resultsDatabase::saeShellProcessingCompletedProc testSuiteName saeSession0 testbenchName default resultsDir /home/itsupport/simulation/DOAN,Pulse_FF,schematic/history_1/simulation/default/HSPICE/parametric/results testSuiteDir /home/itsupport/simulation/DOAN,Pulse_FF,schematic/history_1/simulation/default/HSPICE/parametric databaseName /home/itsupport/simulation/DOAN,Pulse_FF,schematic/history_1/simulation/default/HSPICE/parametric/resultsDatabase remoteRun {} testbenchId 1 saveImages true
[09:35:16.07] /o saeInterBGSaeShell:  ::sa::_backgroundSaeShell::scriptFinished 0.5 {} sa::_resultsDatabase::saeShellProcessingCompletedProc testSuiteName saeSession0 testbenchName default resultsDir /home/itsupport/simulation/DOAN,Pulse_FF,schematic/history_1/simulation/default/HSPICE/parametric/results testSuiteDir /home/itsupport/simulation/DOAN,Pulse_FF,schematic/history_1/simulation/default/HSPICE/parametric databaseName /home/itsupport/simulation/DOAN,Pulse_FF,schematic/history_1/simulation/default/HSPICE/parametric/resultsDatabase remoteRun {} testbenchId 1 saveImages true
[09:35:16.07] /o false
[09:40:17.47] /o saeInterBGSaeShell:  ::sa::_backgroundSaeShell::pingBack
[09:40:17.55] /i ::sa::_backgroundSaeShell::parentRunning
[09:40:17.55] /o 1777084817
[09:40:20.65] /m Information: Stopped sharing "Custom WaveView" license. (WAVEFORM-111)
[09:40:39.00] /i ::sa::_backgroundSaeShell::runScript /home/itsupport/simulation/DOAN,Pulse_FF,schematic/history_1/simulation/default/HSPICE/parametric/.bg_measurement_script.tcl sa::_resultsDatabase::saeShellProcessingCompletedProc testSuiteName saeSession0 testbenchName default resultsDir /home/itsupport/simulation/DOAN,Pulse_FF,schematic/history_1/simulation/default/HSPICE/parametric/results testSuiteDir /home/itsupport/simulation/DOAN,Pulse_FF,schematic/history_1/simulation/default/HSPICE/parametric databaseName /home/itsupport/simulation/DOAN,Pulse_FF,schematic/history_1/simulation/default/HSPICE/parametric/resultsDatabase remoteRun {} testbenchId 1 saveImages true
[09:40:39.22] /m Information: Started sharing "Custom WaveView" license. (WAVEFORM-110)
[09:40:39.41] /o saeInterBGSaeShell:  ::sa::_backgroundSaeShell::scriptFinished 0.4 {} sa::_resultsDatabase::saeShellProcessingCompletedProc testSuiteName saeSession0 testbenchName default resultsDir /home/itsupport/simulation/DOAN,Pulse_FF,schematic/history_1/simulation/default/HSPICE/parametric/results testSuiteDir /home/itsupport/simulation/DOAN,Pulse_FF,schematic/history_1/simulation/default/HSPICE/parametric databaseName /home/itsupport/simulation/DOAN,Pulse_FF,schematic/history_1/simulation/default/HSPICE/parametric/resultsDatabase remoteRun {} testbenchId 1 saveImages true
[09:40:39.41] /o false
[09:45:40.49] /o saeInterBGSaeShell:  ::sa::_backgroundSaeShell::pingBack
[09:45:40.55] /i ::sa::_backgroundSaeShell::parentRunning
[09:45:40.55] /o 1777085140
[09:45:44.64] /m Information: Stopped sharing "Custom WaveView" license. (WAVEFORM-111)
[09:46:21.59] /i ::sa::_backgroundSaeShell::runScript /home/itsupport/simulation/DOAN,Pulse_FF,schematic/history_1/simulation/default/HSPICE/parametric/.bg_measurement_script.tcl sa::_resultsDatabase::saeShellProcessingCompletedProc testSuiteName saeSession0 testbenchName default resultsDir /home/itsupport/simulation/DOAN,Pulse_FF,schematic/history_1/simulation/default/HSPICE/parametric/results testSuiteDir /home/itsupport/simulation/DOAN,Pulse_FF,schematic/history_1/simulation/default/HSPICE/parametric databaseName /home/itsupport/simulation/DOAN,Pulse_FF,schematic/history_1/simulation/default/HSPICE/parametric/resultsDatabase remoteRun {} testbenchId 1 saveImages true
[09:46:21.82] /m Information: Started sharing "Custom WaveView" license. (WAVEFORM-110)
[09:46:22.18] /o saeInterBGSaeShell:  ::sa::_backgroundSaeShell::scriptFinished 0.5 {} sa::_resultsDatabase::saeShellProcessingCompletedProc testSuiteName saeSession0 testbenchName default resultsDir /home/itsupport/simulation/DOAN,Pulse_FF,schematic/history_1/simulation/default/HSPICE/parametric/results testSuiteDir /home/itsupport/simulation/DOAN,Pulse_FF,schematic/history_1/simulation/default/HSPICE/parametric databaseName /home/itsupport/simulation/DOAN,Pulse_FF,schematic/history_1/simulation/default/HSPICE/parametric/resultsDatabase remoteRun {} testbenchId 1 saveImages true
[09:46:22.18] /o false
[09:47:20.29] /i ::sa::_backgroundSaeShell::runScript /home/itsupport/simulation/DOAN,Pulse_FF,schematic/history_1/simulation/default/HSPICE/parametric/.bg_measurement_script.tcl sa::_resultsDatabase::saeShellProcessingCompletedProc testSuiteName saeSession0 testbenchName default resultsDir /home/itsupport/simulation/DOAN,Pulse_FF,schematic/history_1/simulation/default/HSPICE/parametric/results testSuiteDir /home/itsupport/simulation/DOAN,Pulse_FF,schematic/history_1/simulation/default/HSPICE/parametric databaseName /home/itsupport/simulation/DOAN,Pulse_FF,schematic/history_1/simulation/default/HSPICE/parametric/resultsDatabase remoteRun {} testbenchId 1 saveImages true
[09:47:20.82] /o saeInterBGSaeShell:  ::sa::_backgroundSaeShell::scriptFinished 0.5 {} sa::_resultsDatabase::saeShellProcessingCompletedProc testSuiteName saeSession0 testbenchName default resultsDir /home/itsupport/simulation/DOAN,Pulse_FF,schematic/history_1/simulation/default/HSPICE/parametric/results testSuiteDir /home/itsupport/simulation/DOAN,Pulse_FF,schematic/history_1/simulation/default/HSPICE/parametric databaseName /home/itsupport/simulation/DOAN,Pulse_FF,schematic/history_1/simulation/default/HSPICE/parametric/resultsDatabase remoteRun {} testbenchId 1 saveImages true
[09:47:20.82] /o false
[09:48:19.95] /i ::sa::_backgroundSaeShell::runScript /home/itsupport/simulation/DOAN,Pulse_FF,schematic/history_1/simulation/default/HSPICE/parametric/.bg_measurement_script.tcl sa::_resultsDatabase::saeShellProcessingCompletedProc testSuiteName saeSession0 testbenchName default resultsDir /home/itsupport/simulation/DOAN,Pulse_FF,schematic/history_1/simulation/default/HSPICE/parametric/results testSuiteDir /home/itsupport/simulation/DOAN,Pulse_FF,schematic/history_1/simulation/default/HSPICE/parametric databaseName /home/itsupport/simulation/DOAN,Pulse_FF,schematic/history_1/simulation/default/HSPICE/parametric/resultsDatabase remoteRun {} testbenchId 1 saveImages true
[09:48:20.49] /o saeInterBGSaeShell:  ::sa::_backgroundSaeShell::scriptFinished 0.5 {} sa::_resultsDatabase::saeShellProcessingCompletedProc testSuiteName saeSession0 testbenchName default resultsDir /home/itsupport/simulation/DOAN,Pulse_FF,schematic/history_1/simulation/default/HSPICE/parametric/results testSuiteDir /home/itsupport/simulation/DOAN,Pulse_FF,schematic/history_1/simulation/default/HSPICE/parametric databaseName /home/itsupport/simulation/DOAN,Pulse_FF,schematic/history_1/simulation/default/HSPICE/parametric/resultsDatabase remoteRun {} testbenchId 1 saveImages true
[09:48:20.49] /o false
[09:53:21.50] /o saeInterBGSaeShell:  ::sa::_backgroundSaeShell::pingBack
[09:53:21.55] /i ::sa::_backgroundSaeShell::parentRunning
[09:53:21.55] /o 1777085601
[09:53:25.64] /m Information: Stopped sharing "Custom WaveView" license. (WAVEFORM-111)
[09:56:17.32] /i ::sa::_backgroundSaeShell::runScript /home/itsupport/simulation/DOAN,Pulse_FF,schematic/history_1/simulation/default/HSPICE/parametric/.bg_measurement_script.tcl sa::_resultsDatabase::saeShellProcessingCompletedProc testSuiteName saeSession0 testbenchName default resultsDir /home/itsupport/simulation/DOAN,Pulse_FF,schematic/history_1/simulation/default/HSPICE/parametric/results testSuiteDir /home/itsupport/simulation/DOAN,Pulse_FF,schematic/history_1/simulation/default/HSPICE/parametric databaseName /home/itsupport/simulation/DOAN,Pulse_FF,schematic/history_1/simulation/default/HSPICE/parametric/resultsDatabase remoteRun {} testbenchId 1 saveImages true
[09:56:17.53] /m Information: Started sharing "Custom WaveView" license. (WAVEFORM-110)
[09:56:17.86] /o saeInterBGSaeShell:  ::sa::_backgroundSaeShell::scriptFinished 0.5 {} sa::_resultsDatabase::saeShellProcessingCompletedProc testSuiteName saeSession0 testbenchName default resultsDir /home/itsupport/simulation/DOAN,Pulse_FF,schematic/history_1/simulation/default/HSPICE/parametric/results testSuiteDir /home/itsupport/simulation/DOAN,Pulse_FF,schematic/history_1/simulation/default/HSPICE/parametric databaseName /home/itsupport/simulation/DOAN,Pulse_FF,schematic/history_1/simulation/default/HSPICE/parametric/resultsDatabase remoteRun {} testbenchId 1 saveImages true
[09:56:17.86] /o false
[10:01:18.52] /o saeInterBGSaeShell:  ::sa::_backgroundSaeShell::pingBack
[10:01:18.55] /i ::sa::_backgroundSaeShell::parentRunning
[10:01:18.55] /o 1777086078
[10:01:22.64] /m Information: Stopped sharing "Custom WaveView" license. (WAVEFORM-111)
[10:06:19.52] /o saeInterBGSaeShell:  ::sa::_backgroundSaeShell::pingBack
[10:06:19.55] /i ::sa::_backgroundSaeShell::parentRunning
[10:06:19.55] /o 1777086379
[10:10:55.99] /i ::sa::_backgroundSaeShell::runScript /home/itsupport/simulation/DOAN,Pulse_FF,schematic/history_1/simulation/default/HSPICE/parametric/.bg_measurement_script.tcl sa::_resultsDatabase::saeShellProcessingCompletedProc testSuiteName saeSession0 testbenchName default resultsDir /home/itsupport/simulation/DOAN,Pulse_FF,schematic/history_1/simulation/default/HSPICE/parametric/results testSuiteDir /home/itsupport/simulation/DOAN,Pulse_FF,schematic/history_1/simulation/default/HSPICE/parametric databaseName /home/itsupport/simulation/DOAN,Pulse_FF,schematic/history_1/simulation/default/HSPICE/parametric/resultsDatabase remoteRun {} testbenchId 1 saveImages true
[10:10:56.22] /m Information: Started sharing "Custom WaveView" license. (WAVEFORM-110)
[10:10:56.55] /o saeInterBGSaeShell:  ::sa::_backgroundSaeShell::scriptFinished 0.5 {} sa::_resultsDatabase::saeShellProcessingCompletedProc testSuiteName saeSession0 testbenchName default resultsDir /home/itsupport/simulation/DOAN,Pulse_FF,schematic/history_1/simulation/default/HSPICE/parametric/results testSuiteDir /home/itsupport/simulation/DOAN,Pulse_FF,schematic/history_1/simulation/default/HSPICE/parametric databaseName /home/itsupport/simulation/DOAN,Pulse_FF,schematic/history_1/simulation/default/HSPICE/parametric/resultsDatabase remoteRun {} testbenchId 1 saveImages true
[10:10:56.55] /o false
[10:11:47.24] /i ::sa::_backgroundSaeShell::runScript /home/itsupport/simulation/DOAN,Pulse_FF,schematic/history_1/simulation/default/HSPICE/parametric/.bg_measurement_script.tcl sa::_resultsDatabase::saeShellProcessingCompletedProc testSuiteName saeSession0 testbenchName default resultsDir /home/itsupport/simulation/DOAN,Pulse_FF,schematic/history_1/simulation/default/HSPICE/parametric/results testSuiteDir /home/itsupport/simulation/DOAN,Pulse_FF,schematic/history_1/simulation/default/HSPICE/parametric databaseName /home/itsupport/simulation/DOAN,Pulse_FF,schematic/history_1/simulation/default/HSPICE/parametric/resultsDatabase remoteRun {} testbenchId 1 saveImages true
[10:11:48.14] /o saeInterBGSaeShell:  ::sa::_backgroundSaeShell::scriptFinished 0.8 {} sa::_resultsDatabase::saeShellProcessingCompletedProc testSuiteName saeSession0 testbenchName default resultsDir /home/itsupport/simulation/DOAN,Pulse_FF,schematic/history_1/simulation/default/HSPICE/parametric/results testSuiteDir /home/itsupport/simulation/DOAN,Pulse_FF,schematic/history_1/simulation/default/HSPICE/parametric databaseName /home/itsupport/simulation/DOAN,Pulse_FF,schematic/history_1/simulation/default/HSPICE/parametric/resultsDatabase remoteRun {} testbenchId 1 saveImages true
[10:11:48.14] /o false
[10:16:17.13] /i ::wf::viewerExited
[10:16:49.55] /o saeInterBGSaeShell:  ::sa::_backgroundSaeShell::pingBack
[10:16:49.66] /i ::sa::_backgroundSaeShell::parentRunning
[10:16:49.66] /o 1777087009
[10:16:52.64] /m Information: Stopped sharing "Custom WaveView" license. (WAVEFORM-111)
[10:21:50.56] /o saeInterBGSaeShell:  ::sa::_backgroundSaeShell::pingBack
[10:21:50.65] /i ::sa::_backgroundSaeShell::parentRunning
[10:21:50.65] /o 1777087310
[10:26:03.51] /i ::sa::_backgroundSaeShell::runScript /home/itsupport/simulation/DOAN,Pulse_FF,schematic/history_1/simulation/default/HSPICE/parametric/.bg_measurement_script.tcl sa::_resultsDatabase::saeShellProcessingCompletedProc testSuiteName saeSession0 testbenchName default resultsDir /home/itsupport/simulation/DOAN,Pulse_FF,schematic/history_1/simulation/default/HSPICE/parametric/results testSuiteDir /home/itsupport/simulation/DOAN,Pulse_FF,schematic/history_1/simulation/default/HSPICE/parametric databaseName /home/itsupport/simulation/DOAN,Pulse_FF,schematic/history_1/simulation/default/HSPICE/parametric/resultsDatabase remoteRun {} testbenchId 1 saveImages true
[10:26:03.77] /m Information: Started sharing "Custom WaveView" license. (WAVEFORM-110)
[10:26:04.14] /o saeInterBGSaeShell:  ::sa::_backgroundSaeShell::scriptFinished 0.6 {} sa::_resultsDatabase::saeShellProcessingCompletedProc testSuiteName saeSession0 testbenchName default resultsDir /home/itsupport/simulation/DOAN,Pulse_FF,schematic/history_1/simulation/default/HSPICE/parametric/results testSuiteDir /home/itsupport/simulation/DOAN,Pulse_FF,schematic/history_1/simulation/default/HSPICE/parametric databaseName /home/itsupport/simulation/DOAN,Pulse_FF,schematic/history_1/simulation/default/HSPICE/parametric/resultsDatabase remoteRun {} testbenchId 1 saveImages true
[10:26:04.14] /o false
[10:26:42.16] /i ::wf::viewerExited
[10:31:05.60] /o saeInterBGSaeShell:  ::sa::_backgroundSaeShell::pingBack
[10:31:05.68] /i ::sa::_backgroundSaeShell::parentRunning
[10:31:05.68] /o 1777087865
[10:31:08.64] /m Information: Stopped sharing "Custom WaveView" license. (WAVEFORM-111)
[10:36:06.62] /o saeInterBGSaeShell:  ::sa::_backgroundSaeShell::pingBack
[10:36:06.65] /i ::sa::_backgroundSaeShell::parentRunning
[10:36:06.65] /o 1777088166
[10:37:29.12] /i ::sa::_backgroundSaeShell::runScript /home/itsupport/simulation/DOAN,Pulse_FF,schematic/history_1/simulation/default/HSPICE/parametric/.bg_measurement_script.tcl sa::_resultsDatabase::saeShellProcessingCompletedProc testSuiteName saeSession0 testbenchName default resultsDir /home/itsupport/simulation/DOAN,Pulse_FF,schematic/history_1/simulation/default/HSPICE/parametric/results testSuiteDir /home/itsupport/simulation/DOAN,Pulse_FF,schematic/history_1/simulation/default/HSPICE/parametric databaseName /home/itsupport/simulation/DOAN,Pulse_FF,schematic/history_1/simulation/default/HSPICE/parametric/resultsDatabase remoteRun {} testbenchId 1 saveImages true
[10:37:29.34] /m Information: Started sharing "Custom WaveView" license. (WAVEFORM-110)
[10:37:29.71] /o saeInterBGSaeShell:  ::sa::_backgroundSaeShell::scriptFinished 0.5 {} sa::_resultsDatabase::saeShellProcessingCompletedProc testSuiteName saeSession0 testbenchName default resultsDir /home/itsupport/simulation/DOAN,Pulse_FF,schematic/history_1/simulation/default/HSPICE/parametric/results testSuiteDir /home/itsupport/simulation/DOAN,Pulse_FF,schematic/history_1/simulation/default/HSPICE/parametric databaseName /home/itsupport/simulation/DOAN,Pulse_FF,schematic/history_1/simulation/default/HSPICE/parametric/resultsDatabase remoteRun {} testbenchId 1 saveImages true
[10:37:29.71] /o false
[10:39:25.95] /i ::wf::viewerExited
[10:39:52.08] /i ::sa::_backgroundSaeShell::exit
[10:39:52.08] /o saeInterBGSaeShell:  ::sa::_backgroundSaeShell::childFormallyExiting
