[16:25:39.40] /m Information: License 'SAE' checked out. (LICENSE-003)
[16:25:40.67] /o sae_shell Version Custom Compiler N-2017.12-SP1-2
              /c Build  (OPT) compiled on Wed May 16 15:20:56 2018 for RHEL64 6.6
              /c Execution time: Sat May  9 16:25:38 2026
              /c Host: localhost.localdomain
              /c 
              /c Copyright © 2004-2018 Synopsys, Inc.
              /c This software and the associated documentation are proprietary to Synopsys, Inc. This software may only be used in accordance with the terms and conditions of a written license agreement with Synopsys, Inc. All other use, reproduction, or distribution of this software is strictly prohibited.
              /c 
              /c 
[16:25:40.68] /w Warning: Preference 'leActiveLPP' is deprecated and scheduled for removal in a future release with no replacement. For migration assistance, see the Custom Compiler Tcl Reference Manual. (PREFERENCE-058)
[16:25:40.68] /o 	#######################################
[16:25:40.68] /o 	PDK Library Name	: reference90RF
[16:25:40.68] /o 	PDK Version		: 2.0
[16:25:40.68] /o 	PDK Release Date	: 25-March-2010 
[16:25:40.68] /o 	#######################################
[16:25:40.68] /o 
[16:25:40.69] /i ::sa::_backgroundSaeShell::signalProcessReady 1778318737
[16:25:40.69] /o saeInterBGSaeShell:  ::sa::_backgroundSaeShell::processReady 3
[16:26:16.14] /i ::sa::_backgroundSaeShell::runScript /home/itsupport/simulation/D_FF,dff_nonoverlap_testbench_clock_skew,schematic/history_1/simulation/default/HSPICE/nominal/.bg_measurement_script.tcl sa::_resultsDatabase::saeShellProcessingCompletedProc testSuiteName saeSession1 testbenchName default resultsDir /home/itsupport/simulation/D_FF,dff_nonoverlap_testbench_clock_skew,schematic/history_1/simulation/default/HSPICE/nominal/results testSuiteDir /home/itsupport/simulation/D_FF,dff_nonoverlap_testbench_clock_skew,schematic/history_1/simulation/default/HSPICE/nominal databaseName /home/itsupport/simulation/D_FF,dff_nonoverlap_testbench_clock_skew,schematic/history_1/simulation/default/HSPICE/nominal/resultsDatabase remoteRun {} testbenchId 1 saveImages true
[16:26:16.59] /m Information: Started sharing "Custom WaveView" license. (WAVEFORM-110)
[16:26:16.75] /o saeInterBGSaeShell:  ::sa::_backgroundSaeShell::scriptFinished 0.6 {} sa::_resultsDatabase::saeShellProcessingCompletedProc testSuiteName saeSession1 testbenchName default resultsDir /home/itsupport/simulation/D_FF,dff_nonoverlap_testbench_clock_skew,schematic/history_1/simulation/default/HSPICE/nominal/results testSuiteDir /home/itsupport/simulation/D_FF,dff_nonoverlap_testbench_clock_skew,schematic/history_1/simulation/default/HSPICE/nominal databaseName /home/itsupport/simulation/D_FF,dff_nonoverlap_testbench_clock_skew,schematic/history_1/simulation/default/HSPICE/nominal/resultsDatabase remoteRun {} testbenchId 1 saveImages true
[16:26:16.75] /o false
[16:27:08.25] /i ::sa::_backgroundSaeShell::runScript /home/itsupport/simulation/D_FF,dff_nonoverlap_testbench_clock_skew,schematic/history_1/simulation/default/HSPICE/nominal/.bg_measurement_script.tcl sa::_resultsDatabase::saeShellProcessingCompletedProc testSuiteName saeSession1 testbenchName default resultsDir /home/itsupport/simulation/D_FF,dff_nonoverlap_testbench_clock_skew,schematic/history_1/simulation/default/HSPICE/nominal/results testSuiteDir /home/itsupport/simulation/D_FF,dff_nonoverlap_testbench_clock_skew,schematic/history_1/simulation/default/HSPICE/nominal databaseName /home/itsupport/simulation/D_FF,dff_nonoverlap_testbench_clock_skew,schematic/history_1/simulation/default/HSPICE/nominal/resultsDatabase remoteRun {} testbenchId 1 saveImages true
[16:27:08.57] /o saeInterBGSaeShell:  ::sa::_backgroundSaeShell::scriptFinished 0.3 {} sa::_resultsDatabase::saeShellProcessingCompletedProc testSuiteName saeSession1 testbenchName default resultsDir /home/itsupport/simulation/D_FF,dff_nonoverlap_testbench_clock_skew,schematic/history_1/simulation/default/HSPICE/nominal/results testSuiteDir /home/itsupport/simulation/D_FF,dff_nonoverlap_testbench_clock_skew,schematic/history_1/simulation/default/HSPICE/nominal databaseName /home/itsupport/simulation/D_FF,dff_nonoverlap_testbench_clock_skew,schematic/history_1/simulation/default/HSPICE/nominal/resultsDatabase remoteRun {} testbenchId 1 saveImages true
[16:27:08.57] /o false
[16:27:39.27] /i ::sa::_backgroundSaeShell::runScript /home/itsupport/simulation/D_FF,dff_nonoverlap_testbench_clock_skew,schematic/history_1/simulation/default/HSPICE/nominal/.bg_measurement_script.tcl sa::_resultsDatabase::saeShellProcessingCompletedProc testSuiteName saeSession1 testbenchName default resultsDir /home/itsupport/simulation/D_FF,dff_nonoverlap_testbench_clock_skew,schematic/history_1/simulation/default/HSPICE/nominal/results testSuiteDir /home/itsupport/simulation/D_FF,dff_nonoverlap_testbench_clock_skew,schematic/history_1/simulation/default/HSPICE/nominal databaseName /home/itsupport/simulation/D_FF,dff_nonoverlap_testbench_clock_skew,schematic/history_1/simulation/default/HSPICE/nominal/resultsDatabase remoteRun {} testbenchId 1 saveImages true
[16:27:39.58] /o saeInterBGSaeShell:  ::sa::_backgroundSaeShell::scriptFinished 0.3 {} sa::_resultsDatabase::saeShellProcessingCompletedProc testSuiteName saeSession1 testbenchName default resultsDir /home/itsupport/simulation/D_FF,dff_nonoverlap_testbench_clock_skew,schematic/history_1/simulation/default/HSPICE/nominal/results testSuiteDir /home/itsupport/simulation/D_FF,dff_nonoverlap_testbench_clock_skew,schematic/history_1/simulation/default/HSPICE/nominal databaseName /home/itsupport/simulation/D_FF,dff_nonoverlap_testbench_clock_skew,schematic/history_1/simulation/default/HSPICE/nominal/resultsDatabase remoteRun {} testbenchId 1 saveImages true
[16:27:39.58] /o false
[16:29:07.64] /i ::sa::_backgroundSaeShell::runScript /home/itsupport/simulation/D_FF,dff_nonoverlap_testbench_clock_skew,schematic/history_1/simulation/default/HSPICE/nominal/.bg_measurement_script.tcl sa::_resultsDatabase::saeShellProcessingCompletedProc testSuiteName saeSession1 testbenchName default resultsDir /home/itsupport/simulation/D_FF,dff_nonoverlap_testbench_clock_skew,schematic/history_1/simulation/default/HSPICE/nominal/results testSuiteDir /home/itsupport/simulation/D_FF,dff_nonoverlap_testbench_clock_skew,schematic/history_1/simulation/default/HSPICE/nominal databaseName /home/itsupport/simulation/D_FF,dff_nonoverlap_testbench_clock_skew,schematic/history_1/simulation/default/HSPICE/nominal/resultsDatabase remoteRun {} testbenchId 1 saveImages true
[16:29:08.31] /o saeInterBGSaeShell:  ::sa::_backgroundSaeShell::scriptFinished 0.6 {} sa::_resultsDatabase::saeShellProcessingCompletedProc testSuiteName saeSession1 testbenchName default resultsDir /home/itsupport/simulation/D_FF,dff_nonoverlap_testbench_clock_skew,schematic/history_1/simulation/default/HSPICE/nominal/results testSuiteDir /home/itsupport/simulation/D_FF,dff_nonoverlap_testbench_clock_skew,schematic/history_1/simulation/default/HSPICE/nominal databaseName /home/itsupport/simulation/D_FF,dff_nonoverlap_testbench_clock_skew,schematic/history_1/simulation/default/HSPICE/nominal/resultsDatabase remoteRun {} testbenchId 1 saveImages true
[16:29:08.31] /o false
[16:30:02.47] /i ::sa::_backgroundSaeShell::runScript /home/itsupport/simulation/D_FF,dff_nonoverlap_testbench_clock_skew,schematic/history_1/simulation/default/HSPICE/nominal/.bg_measurement_script.tcl sa::_resultsDatabase::saeShellProcessingCompletedProc testSuiteName saeSession1 testbenchName default resultsDir /home/itsupport/simulation/D_FF,dff_nonoverlap_testbench_clock_skew,schematic/history_1/simulation/default/HSPICE/nominal/results testSuiteDir /home/itsupport/simulation/D_FF,dff_nonoverlap_testbench_clock_skew,schematic/history_1/simulation/default/HSPICE/nominal databaseName /home/itsupport/simulation/D_FF,dff_nonoverlap_testbench_clock_skew,schematic/history_1/simulation/default/HSPICE/nominal/resultsDatabase remoteRun {} testbenchId 1 saveImages true
[16:30:02.79] /o saeInterBGSaeShell:  ::sa::_backgroundSaeShell::scriptFinished 0.3 {} sa::_resultsDatabase::saeShellProcessingCompletedProc testSuiteName saeSession1 testbenchName default resultsDir /home/itsupport/simulation/D_FF,dff_nonoverlap_testbench_clock_skew,schematic/history_1/simulation/default/HSPICE/nominal/results testSuiteDir /home/itsupport/simulation/D_FF,dff_nonoverlap_testbench_clock_skew,schematic/history_1/simulation/default/HSPICE/nominal databaseName /home/itsupport/simulation/D_FF,dff_nonoverlap_testbench_clock_skew,schematic/history_1/simulation/default/HSPICE/nominal/resultsDatabase remoteRun {} testbenchId 1 saveImages true
[16:30:02.79] /o false
[16:32:07.98] /i ::sa::_backgroundSaeShell::runScript /home/itsupport/simulation/D_FF,dff_nonoverlap_testbench_clock_skew,schematic/history_1/simulation/default/HSPICE/nominal/.bg_measurement_script.tcl sa::_resultsDatabase::saeShellProcessingCompletedProc testSuiteName saeSession1 testbenchName default resultsDir /home/itsupport/simulation/D_FF,dff_nonoverlap_testbench_clock_skew,schematic/history_1/simulation/default/HSPICE/nominal/results testSuiteDir /home/itsupport/simulation/D_FF,dff_nonoverlap_testbench_clock_skew,schematic/history_1/simulation/default/HSPICE/nominal databaseName /home/itsupport/simulation/D_FF,dff_nonoverlap_testbench_clock_skew,schematic/history_1/simulation/default/HSPICE/nominal/resultsDatabase remoteRun {} testbenchId 1 saveImages true
[16:32:08.34] /o saeInterBGSaeShell:  ::sa::_backgroundSaeShell::scriptFinished 0.3 {} sa::_resultsDatabase::saeShellProcessingCompletedProc testSuiteName saeSession1 testbenchName default resultsDir /home/itsupport/simulation/D_FF,dff_nonoverlap_testbench_clock_skew,schematic/history_1/simulation/default/HSPICE/nominal/results testSuiteDir /home/itsupport/simulation/D_FF,dff_nonoverlap_testbench_clock_skew,schematic/history_1/simulation/default/HSPICE/nominal databaseName /home/itsupport/simulation/D_FF,dff_nonoverlap_testbench_clock_skew,schematic/history_1/simulation/default/HSPICE/nominal/resultsDatabase remoteRun {} testbenchId 1 saveImages true
[16:32:08.34] /o false
[16:33:00.08] /i ::sa::_backgroundSaeShell::runScript /home/itsupport/simulation/D_FF,dff_nonoverlap_testbench_clock_skew,schematic/history_1/simulation/default/HSPICE/nominal/.bg_measurement_script.tcl sa::_resultsDatabase::saeShellProcessingCompletedProc testSuiteName saeSession1 testbenchName default resultsDir /home/itsupport/simulation/D_FF,dff_nonoverlap_testbench_clock_skew,schematic/history_1/simulation/default/HSPICE/nominal/results testSuiteDir /home/itsupport/simulation/D_FF,dff_nonoverlap_testbench_clock_skew,schematic/history_1/simulation/default/HSPICE/nominal databaseName /home/itsupport/simulation/D_FF,dff_nonoverlap_testbench_clock_skew,schematic/history_1/simulation/default/HSPICE/nominal/resultsDatabase remoteRun {} testbenchId 1 saveImages true
[16:33:00.45] /o saeInterBGSaeShell:  ::sa::_backgroundSaeShell::scriptFinished 0.3 {} sa::_resultsDatabase::saeShellProcessingCompletedProc testSuiteName saeSession1 testbenchName default resultsDir /home/itsupport/simulation/D_FF,dff_nonoverlap_testbench_clock_skew,schematic/history_1/simulation/default/HSPICE/nominal/results testSuiteDir /home/itsupport/simulation/D_FF,dff_nonoverlap_testbench_clock_skew,schematic/history_1/simulation/default/HSPICE/nominal databaseName /home/itsupport/simulation/D_FF,dff_nonoverlap_testbench_clock_skew,schematic/history_1/simulation/default/HSPICE/nominal/resultsDatabase remoteRun {} testbenchId 1 saveImages true
[16:33:00.45] /o false
[16:33:39.26] /i ::sa::_backgroundSaeShell::runScript /home/itsupport/simulation/D_FF,dff_nonoverlap_testbench_clock_skew,schematic/history_1/simulation/default/HSPICE/nominal/.bg_measurement_script.tcl sa::_resultsDatabase::saeShellProcessingCompletedProc testSuiteName saeSession1 testbenchName default resultsDir /home/itsupport/simulation/D_FF,dff_nonoverlap_testbench_clock_skew,schematic/history_1/simulation/default/HSPICE/nominal/results testSuiteDir /home/itsupport/simulation/D_FF,dff_nonoverlap_testbench_clock_skew,schematic/history_1/simulation/default/HSPICE/nominal databaseName /home/itsupport/simulation/D_FF,dff_nonoverlap_testbench_clock_skew,schematic/history_1/simulation/default/HSPICE/nominal/resultsDatabase remoteRun {} testbenchId 1 saveImages true
[16:33:39.63] /o saeInterBGSaeShell:  ::sa::_backgroundSaeShell::scriptFinished 0.3 {} sa::_resultsDatabase::saeShellProcessingCompletedProc testSuiteName saeSession1 testbenchName default resultsDir /home/itsupport/simulation/D_FF,dff_nonoverlap_testbench_clock_skew,schematic/history_1/simulation/default/HSPICE/nominal/results testSuiteDir /home/itsupport/simulation/D_FF,dff_nonoverlap_testbench_clock_skew,schematic/history_1/simulation/default/HSPICE/nominal databaseName /home/itsupport/simulation/D_FF,dff_nonoverlap_testbench_clock_skew,schematic/history_1/simulation/default/HSPICE/nominal/resultsDatabase remoteRun {} testbenchId 1 saveImages true
[16:33:39.63] /o false
[16:34:34.50] /i ::sa::_backgroundSaeShell::runScript /home/itsupport/simulation/D_FF,dff_nonoverlap_testbench_clock_skew,schematic/history_1/simulation/default/HSPICE/nominal/.bg_measurement_script.tcl sa::_resultsDatabase::saeShellProcessingCompletedProc testSuiteName saeSession1 testbenchName default resultsDir /home/itsupport/simulation/D_FF,dff_nonoverlap_testbench_clock_skew,schematic/history_1/simulation/default/HSPICE/nominal/results testSuiteDir /home/itsupport/simulation/D_FF,dff_nonoverlap_testbench_clock_skew,schematic/history_1/simulation/default/HSPICE/nominal databaseName /home/itsupport/simulation/D_FF,dff_nonoverlap_testbench_clock_skew,schematic/history_1/simulation/default/HSPICE/nominal/resultsDatabase remoteRun {} testbenchId 1 saveImages true
[16:34:34.82] /o saeInterBGSaeShell:  ::sa::_backgroundSaeShell::scriptFinished 0.3 {} sa::_resultsDatabase::saeShellProcessingCompletedProc testSuiteName saeSession1 testbenchName default resultsDir /home/itsupport/simulation/D_FF,dff_nonoverlap_testbench_clock_skew,schematic/history_1/simulation/default/HSPICE/nominal/results testSuiteDir /home/itsupport/simulation/D_FF,dff_nonoverlap_testbench_clock_skew,schematic/history_1/simulation/default/HSPICE/nominal databaseName /home/itsupport/simulation/D_FF,dff_nonoverlap_testbench_clock_skew,schematic/history_1/simulation/default/HSPICE/nominal/resultsDatabase remoteRun {} testbenchId 1 saveImages true
[16:34:34.82] /o false
[16:35:10.69] /i ::sa::_backgroundSaeShell::runScript /home/itsupport/simulation/D_FF,dff_nonoverlap_testbench_clock_skew,schematic/history_1/simulation/default/HSPICE/nominal/.bg_measurement_script.tcl sa::_resultsDatabase::saeShellProcessingCompletedProc testSuiteName saeSession1 testbenchName default resultsDir /home/itsupport/simulation/D_FF,dff_nonoverlap_testbench_clock_skew,schematic/history_1/simulation/default/HSPICE/nominal/results testSuiteDir /home/itsupport/simulation/D_FF,dff_nonoverlap_testbench_clock_skew,schematic/history_1/simulation/default/HSPICE/nominal databaseName /home/itsupport/simulation/D_FF,dff_nonoverlap_testbench_clock_skew,schematic/history_1/simulation/default/HSPICE/nominal/resultsDatabase remoteRun {} testbenchId 1 saveImages true
[16:35:10.98] /o saeInterBGSaeShell:  ::sa::_backgroundSaeShell::scriptFinished 0.2 {} sa::_resultsDatabase::saeShellProcessingCompletedProc testSuiteName saeSession1 testbenchName default resultsDir /home/itsupport/simulation/D_FF,dff_nonoverlap_testbench_clock_skew,schematic/history_1/simulation/default/HSPICE/nominal/results testSuiteDir /home/itsupport/simulation/D_FF,dff_nonoverlap_testbench_clock_skew,schematic/history_1/simulation/default/HSPICE/nominal databaseName /home/itsupport/simulation/D_FF,dff_nonoverlap_testbench_clock_skew,schematic/history_1/simulation/default/HSPICE/nominal/resultsDatabase remoteRun {} testbenchId 1 saveImages true
[16:35:10.98] /o false
[16:36:20.07] /i ::sa::_backgroundSaeShell::runScript /home/itsupport/simulation/D_FF,dff_nonoverlap_testbench_clock_skew,schematic/history_1/simulation/default/HSPICE/nominal/.bg_measurement_script.tcl sa::_resultsDatabase::saeShellProcessingCompletedProc testSuiteName saeSession1 testbenchName default resultsDir /home/itsupport/simulation/D_FF,dff_nonoverlap_testbench_clock_skew,schematic/history_1/simulation/default/HSPICE/nominal/results testSuiteDir /home/itsupport/simulation/D_FF,dff_nonoverlap_testbench_clock_skew,schematic/history_1/simulation/default/HSPICE/nominal databaseName /home/itsupport/simulation/D_FF,dff_nonoverlap_testbench_clock_skew,schematic/history_1/simulation/default/HSPICE/nominal/resultsDatabase remoteRun {} testbenchId 1 saveImages true
[16:36:20.36] /o saeInterBGSaeShell:  ::sa::_backgroundSaeShell::scriptFinished 0.2 {} sa::_resultsDatabase::saeShellProcessingCompletedProc testSuiteName saeSession1 testbenchName default resultsDir /home/itsupport/simulation/D_FF,dff_nonoverlap_testbench_clock_skew,schematic/history_1/simulation/default/HSPICE/nominal/results testSuiteDir /home/itsupport/simulation/D_FF,dff_nonoverlap_testbench_clock_skew,schematic/history_1/simulation/default/HSPICE/nominal databaseName /home/itsupport/simulation/D_FF,dff_nonoverlap_testbench_clock_skew,schematic/history_1/simulation/default/HSPICE/nominal/resultsDatabase remoteRun {} testbenchId 1 saveImages true
[16:36:20.36] /o false
[16:41:21.73] /o saeInterBGSaeShell:  ::sa::_backgroundSaeShell::pingBack
[16:41:21.75] /i ::sa::_backgroundSaeShell::parentRunning
[16:41:21.75] /o 1778319681
[16:41:25.64] /m Information: Stopped sharing "Custom WaveView" license. (WAVEFORM-111)
[16:43:13.35] /i ::wf::viewerExited
[16:43:18.44] /i ::sa::_backgroundSaeShell::exit
[16:43:18.44] /o saeInterBGSaeShell:  ::sa::_backgroundSaeShell::childFormallyExiting
