[04:38:16.14] /m Information: License 'SAE' checked out. (LICENSE-003)
[04:38:17.66] /o sae_shell Version Custom Compiler N-2017.12-SP1-2
              /c Build  (OPT) compiled on Wed May 16 15:20:56 2018 for RHEL64 6.6
              /c Execution time: Sun Apr 19 04:38:15 2026
              /c Host: localhost.localdomain
              /c 
              /c Copyright © 2004-2018 Synopsys, Inc.
              /c This software and the associated documentation are proprietary to Synopsys, Inc. This software may only be used in accordance with the terms and conditions of a written license agreement with Synopsys, Inc. All other use, reproduction, or distribution of this software is strictly prohibited.
              /c 
              /c 
[04:38:17.67] /w Warning: Preference 'leActiveLPP' is deprecated and scheduled for removal in a future release with no replacement. For migration assistance, see the Custom Compiler Tcl Reference Manual. (PREFERENCE-058)
[04:38:17.67] /o 	#######################################
[04:38:17.67] /o 	PDK Library Name	: reference90RF
[04:38:17.67] /o 	PDK Version		: 2.0
[04:38:17.67] /o 	PDK Release Date	: 25-March-2010 
[04:38:17.67] /o 	#######################################
[04:38:17.67] /o 
[04:38:17.69] /i ::sa::_backgroundSaeShell::signalProcessReady 1776548294
[04:38:17.69] /o saeInterBGSaeShell:  ::sa::_backgroundSaeShell::processReady 3
[04:39:17.57] /i ::wf::viewerExited
