[23:02:23.32] /m Information: License 'SAE' checked out. (LICENSE-003)
[23:02:24.74] /o sae_shell Version Custom Compiler N-2017.12-SP1-2
              /c Build  (OPT) compiled on Wed May 16 15:20:56 2018 for RHEL64 6.6
              /c Execution time: Sat Apr 25 23:02:22 2026
              /c Host: localhost.localdomain
              /c 
              /c Copyright © 2004-2018 Synopsys, Inc.
              /c This software and the associated documentation are proprietary to Synopsys, Inc. This software may only be used in accordance with the terms and conditions of a written license agreement with Synopsys, Inc. All other use, reproduction, or distribution of this software is strictly prohibited.
              /c 
              /c 
[23:02:24.75] /w Warning: Preference 'leActiveLPP' is deprecated and scheduled for removal in a future release with no replacement. For migration assistance, see the Custom Compiler Tcl Reference Manual. (PREFERENCE-058)
[23:02:24.76] /o 	#######################################
[23:02:24.76] /o 	PDK Library Name	: reference90RF
[23:02:24.76] /o 	PDK Version		: 2.0
[23:02:24.76] /o 	PDK Release Date	: 25-March-2010 
[23:02:24.76] /o 	#######################################
[23:02:24.76] /o 
[23:02:24.77] /i ::sa::_backgroundSaeShell::signalProcessReady 1777132941
[23:02:24.77] /o saeInterBGSaeShell:  ::sa::_backgroundSaeShell::processReady 3
[23:04:32.34] /i ::wf::viewerExited
[23:04:39.42] /i ::sa::_backgroundSaeShell::exit
[23:04:39.42] /o saeInterBGSaeShell:  ::sa::_backgroundSaeShell::childFormallyExiting
