[04:37:21.23] /m Information: License 'SAE' checked out. (LICENSE-003)
[04:37:22.69] /o sae_shell Version Custom Compiler N-2017.12-SP1-2
              /c Build  (OPT) compiled on Wed May 16 15:20:56 2018 for RHEL64 6.6
              /c Execution time: Sun Apr 19 04:37:19 2026
              /c Host: localhost.localdomain
              /c 
              /c Copyright © 2004-2018 Synopsys, Inc.
              /c This software and the associated documentation are proprietary to Synopsys, Inc. This software may only be used in accordance with the terms and conditions of a written license agreement with Synopsys, Inc. All other use, reproduction, or distribution of this software is strictly prohibited.
              /c 
              /c 
[04:37:22.74] /w Warning: Preference 'leActiveLPP' is deprecated and scheduled for removal in a future release with no replacement. For migration assistance, see the Custom Compiler Tcl Reference Manual. (PREFERENCE-058)
[04:37:22.74] /o 	#######################################
[04:37:22.74] /o 	PDK Library Name	: reference90RF
[04:37:22.74] /o 	PDK Version		: 2.0
[04:37:22.74] /o 	PDK Release Date	: 25-March-2010 
[04:37:22.74] /o 	#######################################
[04:37:22.74] /o 
[04:37:22.76] /i ::sa::_backgroundSaeShell::signalProcessReady 1776548238
[04:37:22.76] /o saeInterBGSaeShell:  ::sa::_backgroundSaeShell::processReady 4
[04:38:14.83] /i ::sa::_backgroundSaeShell::runScript /home/itsupport/simulation/DOAN,test_latch,schematic/history_1/simulation/default/HSPICE/nominal/.bg_measurement_script.tcl sa::_resultsDatabase::saeShellProcessingCompletedProc testSuiteName saeSession0 testbenchName default resultsDir /home/itsupport/simulation/DOAN,test_latch,schematic/history_1/simulation/default/HSPICE/nominal/results testSuiteDir /home/itsupport/simulation/DOAN,test_latch,schematic/history_1/simulation/default/HSPICE/nominal databaseName /home/itsupport/simulation/DOAN,test_latch,schematic/history_1/simulation/default/HSPICE/nominal/resultsDatabase remoteRun {} testbenchId 1 saveImages true
[04:38:15.88] /m Information: Started sharing "Custom WaveView" license. (WAVEFORM-110)
[04:38:16.00] /o saeInterBGSaeShell:  ::sa::_backgroundSaeShell::scriptFinished 1.1 {} sa::_resultsDatabase::saeShellProcessingCompletedProc testSuiteName saeSession0 testbenchName default resultsDir /home/itsupport/simulation/DOAN,test_latch,schematic/history_1/simulation/default/HSPICE/nominal/results testSuiteDir /home/itsupport/simulation/DOAN,test_latch,schematic/history_1/simulation/default/HSPICE/nominal databaseName /home/itsupport/simulation/DOAN,test_latch,schematic/history_1/simulation/default/HSPICE/nominal/resultsDatabase remoteRun {} testbenchId 1 saveImages true
[04:38:16.00] /o false
[04:39:17.57] /i ::wf::viewerExited
