[11:14:05.38] /m Information: License 'SAE' checked out. (LICENSE-003)
[11:14:06.57] /o sae_shell Version Custom Compiler N-2017.12-SP1-2
              /c Build  (OPT) compiled on Wed May 16 15:20:56 2018 for RHEL64 6.6
              /c Execution time: Tue May  5 11:14:04 2026
              /c Host: localhost.localdomain
              /c 
              /c Copyright © 2004-2018 Synopsys, Inc.
              /c This software and the associated documentation are proprietary to Synopsys, Inc. This software may only be used in accordance with the terms and conditions of a written license agreement with Synopsys, Inc. All other use, reproduction, or distribution of this software is strictly prohibited.
              /c 
              /c 
[11:14:06.58] /w Warning: Preference 'leActiveLPP' is deprecated and scheduled for removal in a future release with no replacement. For migration assistance, see the Custom Compiler Tcl Reference Manual. (PREFERENCE-058)
[11:14:06.58] /o 	#######################################
[11:14:06.58] /o 	PDK Library Name	: reference90RF
[11:14:06.58] /o 	PDK Version		: 2.0
[11:14:06.58] /o 	PDK Release Date	: 25-March-2010 
[11:14:06.58] /o 	#######################################
[11:14:06.58] /o 
[11:14:06.59] /e Error: "Simulation failed for design: D_FF/tranmision_test/schematic "
[11:14:06.69] /i ::sa::_backgroundSaeShell::signalProcessReady 1777954443
[11:14:06.69] /o saeInterBGSaeShell:  ::sa::_backgroundSaeShell::processReady 3
[11:19:07.71] /o saeInterBGSaeShell:  ::sa::_backgroundSaeShell::pingBack
[11:19:07.80] /i ::sa::_backgroundSaeShell::parentRunning
[11:19:07.80] /o 1777954747
[11:22:48.16] /i ::sa::_backgroundSaeShell::exit
[11:22:48.17] /o saeInterBGSaeShell:  ::sa::_backgroundSaeShell::childFormallyExiting
