[21:49:43.52] /r giWindowId 0
[21:49:43.52] /r giWindowGeometry 600x300
[21:49:43.53] /o 
              /c                                 Custom Compiler 
              /c 
              /c               Version N-2017.12-SP1-2 for linux64 - May 16, 2018 
              /c 
              /c                     Copyright (c) 2004 - 2018 Synopsys, Inc.
              /c    This software and the associated documentation are proprietary to Synopsys,
              /c  Inc. This software may only be used in accordance with the terms and conditions
              /c  of a written license agreement with Synopsys, Inc. All other use, reproduction,
              /c             or distribution of this software is strictly prohibited.
              /c 
              /c Build  (OPT) Config 4182185 compiled on Wed May 16 15:20:56 2018 for RHEL64 6.6
              /c Invocation: /usr/synopsys/customcompiler/N-2017.12-SP1-2/linux64/platform/bin/cdesigner
              /c Execution time: Tue May 12 21:49:40 2026
              /c Host: localhost.localdomain
              /c Working directory: /home/itsupport/Desktop/DOAN
              /c 
[21:49:45.79] /r giShowFrameTabs true
[21:49:45.79] /r giWindowId 1
[21:49:45.79] /r giWindowGeometry 1040x800
[21:49:48.75] /i db::setAttr iconified -of [gi::getFrames 1] -value true
[21:50:23.55] /i db::setAttr iconified -of [gi::getFrames 1] -value false
[21:50:24.48] /# gi::pressButton {/scroll/scrollArea/scrollAreaInnerWidget/applications/dmLibraryManager} -in [gi::getWindows 1]
[21:50:24.48] /# 
[21:50:24.48] /i dm::openLibraryManager
[21:50:24.48] /r giWindowId 2
[21:50:24.49] /r giWindowGeometry 660x600+50+78
[21:50:24.52] /o oa:0x1eb87f50
[21:50:25.58] /i gi::setCurrentIndex {libs} -index {DOAN} -in [gi::getWindows 2]
[21:50:25.59] /i gi::setItemSelection {libs} -index {DOAN} -in [gi::getWindows 2]
[21:50:27.56] /i gi::setCurrentIndex {libs} -index {D_FF} -in [gi::getWindows 2]
[21:50:27.57] /i gi::setItemSelection {libs} -index {D_FF} -in [gi::getWindows 2]
[21:50:29.76] /i gi::setCurrentIndex {cells} -index {dff_nonoverlap} -in [gi::getWindows 2]
[21:50:29.77] /i gi::setItemSelection {cells} -index {dff_nonoverlap} -in [gi::getWindows 2]
[21:50:31.52] /i gi::setCurrentIndex {views} -index {schematic} -in [gi::getWindows 2]
[21:50:31.52] /i gi::setItemSelection {views} -index {schematic} -in [gi::getWindows 2]
[21:50:31.69] /i gi::executeAction dmOpen -in [gi::getWindows 2]
[21:50:31.71] /m Information: License 'Schematic' checked out. (LICENSE-003)
[21:50:31.80] /r giWindowId 3
[21:50:31.81] /r giWindowGeometry 1632x818
[21:50:32.00] /m Information: 
[21:50:32.00] /o Checking "D_FF/dff_nonoverlap/schematic"
[21:50:32.00] /o No rule violations found in "D_FF/dff_nonoverlap/schematic"
[21:50:32.00] /m Information: Checking process is completed: marking the design violations
[21:50:32.00] /m Information: Marking of designs is completed
[21:50:38.29] /i gi::setActiveWindow 2
[21:50:38.29] /i gi::setActiveWindow 2 -raise true
[21:50:39.95] /i gi::setCurrentIndex {views} -index {layout} -in [gi::getWindows 2]
[21:50:39.95] /i gi::setItemSelection {views} -index {layout} -in [gi::getWindows 2]
[21:50:41.47] /i gi::executeAction dmOpen -in [gi::getWindows 2]
[21:50:41.47] /m Information: License 'Basic' checked out. (LICENSE-003)
[21:50:41.47] /m Information: License 'Schematic' checked in. (LICENSE-004)
[21:50:41.91] /w Warning: Conflicting definitions for ConstraintDef contactRes were read. These constraints will not be available.
[21:50:41.91] /w Warning: Conflicting definitions for ConstraintDef areaCap were read. These constraints will not be available.
[21:50:41.91] /w Warning: Conflicting definitions for ConstraintDef edgeCapacitance were read. These constraints will not be available.
[21:50:41.91] /w Warning: Conflicting definitions for ConstraintDef sheetRes were read. These constraints will not be available.
[21:50:41.91] /w Warning: Preference 'leActiveLPP' is deprecated and scheduled for removal in a future release with no replacement. For migration assistance, see the Custom Compiler Tcl Reference Manual. (PREFERENCE-058)
[21:50:41.92] /o 	#######################################
[21:50:41.92] /o 	PDK Library Name	: reference90RF
[21:50:41.92] /o 	PDK Version		: 2.0
[21:50:41.92] /o 	PDK Release Date	: 25-March-2010 
[21:50:41.92] /o 	#######################################
[21:50:41.92] /o 
[21:50:42.41] /r giWindowId 4
[21:50:42.41] /r giWindowGeometry 1632x818
[21:50:42.45] /# de::setActiveLPP [de::getLPPs "exclude blockage" -from [db::getAttr editDesign -of [de::getContexts -window 4]]]
[21:50:43.73] /i db::setAttr maximized -of [gi::getFrames 1] -value true
[21:50:44.03] /i db::setAttr dockSize -of [gi::getAssistants leObjectLayerPanel -from [gi::getWindows 4]] -value 200x701
[21:50:44.04] /i db::setAttr geometry -of [gi::getFrames 1] -value 1910x876+5+56
[21:50:47.29] /i gi::setField {stopLevel} -value {11} -in [gi::getToolbars {leHierarchy} -from [gi::getWindows 4]]
[21:50:49.79] /# gi::executeAction deSelectActive -in [gi::getWindows 4]
[21:50:49.79] /i de::deselectAllLogic -context [db::getNext [de::getContexts -window 4]]
[21:50:52.17] /i gi::setField {stopLevel} -value {1} -in [gi::getToolbars {leHierarchy} -from [gi::getWindows 4]]
[21:50:52.49] /# gi::executeAction deSelectActive -in [gi::getWindows 4]
[21:50:52.49] /i de::deselectAllLogic -context [db::getNext [de::getContexts -window 4]]
[21:50:52.74] /# gi::executeAction deFitView -in [gi::getWindows 4]
[21:50:52.74] /i de::fit -window 4 -fitView true
[21:50:52.74] /o {-25.079 1.361} {-10.651 7.449}
[21:51:09.25] /i gi::setActiveWindow 2
[21:51:09.25] /i gi::setActiveWindow 2 -raise true
[21:51:11.23] /i gi::setCurrentIndex {views} -index {starrc} -in [gi::getWindows 2]
[21:51:11.24] /i gi::setItemSelection {views} -index {starrc} -in [gi::getWindows 2]
[21:51:11.41] /i gi::executeAction dmOpen -in [gi::getWindows 2]
[21:51:11.54] /r giWindowId 5
[21:51:11.55] /r giWindowGeometry 1632x818
[21:51:11.57] /# de::setActiveLPP [de::getLPPs "exclude blockage" -from [db::getAttr editDesign -of [de::getContexts -window 5]]]
[21:52:40.69] /i db::setAttr iconified -of [gi::getFrames 1] -value true
[21:52:40.78] /i db::setAttr iconified -of [gi::getFrames 1] -value false
[21:52:40.78] /i db::setAttr iconified -of [gi::getFrames 1] -value true
[21:52:41.02] /i db::setAttr dockSize -of [gi::getAssistants leObjectLayerPanel -from [gi::getWindows 5]] -value 200x649
[21:52:41.02] /i db::setAttr geometry -of [gi::getFrames 1] -value 1040x824+439+58
[21:55:31.84] /i db::setAttr iconified -of [gi::getFrames 1] -value false
[21:55:33.87] /i db::setAttr maximized -of [gi::getFrames 1] -value true
[21:55:34.21] /i db::setAttr dockSize -of [gi::getAssistants leObjectLayerPanel -from [gi::getWindows 5]] -value 200x701
[21:55:34.22] /i db::setAttr geometry -of [gi::getFrames 1] -value 1910x876+5+56
[21:55:35.00] /# gi::executeAction deSelectActive -in [gi::getWindows 5]
[21:55:35.00] /i de::deselectAllLogic -context [db::getNext [de::getContexts -window 5]]
[21:55:35.28] /# gi::executeAction deFitView -in [gi::getWindows 5]
[21:55:35.28] /i de::fit -window 5 -fitView true
[21:55:35.28] /o {-25.252 1.303} {-10.453 7.548}
[21:56:08.90] /i gi::setActiveWindow 4
[21:56:08.91] /i gi::setActiveWindow 4 -raise true
[21:56:11.06] /i gi::setActiveWindow 3
[21:56:11.06] /i gi::setActiveWindow 3 -raise true
[21:56:12.98] /# gi::executeAction deSelectActive -in [gi::getWindows 3]
[21:56:12.98] /i de::deselectAllLogic -context [db::getNext [de::getContexts -window 3]]
[21:56:16.58] /# gi::executeAction deFitEdit -in [gi::getWindows 3]
[21:56:16.58] /i de::fit -window 3 -fitEdit true
[21:56:16.58] /o {0.09375 -0.7125} {11.95 4.8375}
[21:56:51.89] /i gi::setActiveWindow 2
[21:56:51.89] /i gi::setActiveWindow 2 -raise true
[21:56:54.59] /i gi::setCurrentIndex {cells} -index {d_ff} -in [gi::getWindows 2]
[21:56:54.60] /i gi::setItemSelection {cells} -index {d_ff} -in [gi::getWindows 2]
[21:56:55.43] /i gi::setCurrentIndex {views} -index {schematic} -in [gi::getWindows 2]
[21:56:55.43] /i gi::setItemSelection {views} -index {schematic} -in [gi::getWindows 2]
[21:56:55.62] /i gi::executeAction dmOpen -in [gi::getWindows 2]
[21:56:55.64] /r giWindowId 6
[21:56:55.65] /r giWindowGeometry 1632x818
[21:56:55.80] /m Information: 
[21:56:55.80] /o Checking "D_FF/d_ff/schematic"
[21:56:55.80] /o No rule violations found in "D_FF/d_ff/schematic"
[21:56:55.80] /m Information: Checking process is completed: marking the design violations
[21:56:55.80] /m Information: Marking of designs is completed
[21:57:10.16] /r giDialog gi::setActiveDialog [gi::getDialogs {giCloseFrame}]
[21:57:10.42] /r giDialog db::setAttr geometry -of [gi::getDialogs {giCloseFrame}] -value 299x108+811+447
[21:57:11.87] /r giDialog gi::pressButton {giCloseTabsButton} -in [gi::getDialogs {giCloseFrame}]
[21:57:11.89] /i exit
[21:57:11.99] /r giDialog gi::setActiveDialog [gi::getDialogs {deExitDialog}]
[21:57:12.21] /r giDialog db::setAttr geometry -of [gi::getDialogs {deExitDialog}] -value 419x181+741+352
[21:57:13.32] /r giDialog gi::pressButton {ok} -in [gi::getDialogs {deExitDialog}]
[21:57:13.36] /i gi::setActiveWindow 2
[21:57:13.36] /i gi::setActiveWindow 2 -raise true
[21:57:13.43] /i gi::setActiveWindow 3
[21:57:13.43] /i gi::setActiveWindow 3 -raise true
[21:57:13.45] /i gi::setActiveWindow 4
[21:57:13.45] /i gi::setActiveWindow 4 -raise true
[21:57:13.49] /i gi::setActiveWindow 5
[21:57:13.49] /i gi::setActiveWindow 5 -raise true
[21:57:13.54] /i gi::setActiveWindow 1
[21:57:13.54] /i gi::setActiveWindow 1 -raise true
[21:57:13.70] /o Shutdown time: Tue May 12 21:57:13 2026
[21:57:13.70] /o Elapsed session real time: 7.5 minutes
[21:57:13.70] /o Session terminated. Log is at /home/itsupport/Desktop/DOAN/synopsys_custom/logs/ccompiler.itsupport.2026_5_12_214940_3240.log
