[00:01:04.89] /m Information: License 'SAE' checked out. (LICENSE-003)
[00:01:06.14] /o sae_shell Version Custom Compiler N-2017.12-SP1-2
              /c Build  (OPT) compiled on Wed May 16 15:20:56 2018 for RHEL64 6.6
              /c Execution time: Sat Apr 25 00:01:03 2026
              /c Host: localhost.localdomain
              /c 
              /c Copyright © 2004-2018 Synopsys, Inc.
              /c This software and the associated documentation are proprietary to Synopsys, Inc. This software may only be used in accordance with the terms and conditions of a written license agreement with Synopsys, Inc. All other use, reproduction, or distribution of this software is strictly prohibited.
              /c 
              /c 
[00:01:06.15] /w Warning: Preference 'leActiveLPP' is deprecated and scheduled for removal in a future release with no replacement. For migration assistance, see the Custom Compiler Tcl Reference Manual. (PREFERENCE-058)
[00:01:06.15] /o 	#######################################
[00:01:06.15] /o 	PDK Library Name	: reference90RF
[00:01:06.16] /o 	PDK Version		: 2.0
[00:01:06.16] /o 	PDK Release Date	: 25-March-2010 
[00:01:06.16] /o 	#######################################
[00:01:06.16] /o 
[00:01:06.16] /i ::sa::_backgroundSaeShell::signalProcessReady 1777050063
[00:01:06.16] /o saeInterBGSaeShell:  ::sa::_backgroundSaeShell::processReady 3
[00:05:56.78] /i ::sa::_backgroundSaeShell::runScript /home/itsupport/simulation/DOAN,Pulse_FF,schematic/history_1/simulation/default/HSPICE/nominal/.bg_measurement_script.tcl sa::_resultsDatabase::saeShellProcessingCompletedProc testSuiteName saeSession2 testbenchName default resultsDir /home/itsupport/simulation/DOAN,Pulse_FF,schematic/history_1/simulation/default/HSPICE/nominal/results testSuiteDir /home/itsupport/simulation/DOAN,Pulse_FF,schematic/history_1/simulation/default/HSPICE/nominal databaseName /home/itsupport/simulation/DOAN,Pulse_FF,schematic/history_1/simulation/default/HSPICE/nominal/resultsDatabase remoteRun {} testbenchId 1 saveImages true
[00:05:57.31] /m Information: Started sharing "Custom WaveView" license. (WAVEFORM-110)
[00:05:57.43] /o saeInterBGSaeShell:  ::sa::_backgroundSaeShell::scriptFinished 0.6 {} sa::_resultsDatabase::saeShellProcessingCompletedProc testSuiteName saeSession2 testbenchName default resultsDir /home/itsupport/simulation/DOAN,Pulse_FF,schematic/history_1/simulation/default/HSPICE/nominal/results testSuiteDir /home/itsupport/simulation/DOAN,Pulse_FF,schematic/history_1/simulation/default/HSPICE/nominal databaseName /home/itsupport/simulation/DOAN,Pulse_FF,schematic/history_1/simulation/default/HSPICE/nominal/resultsDatabase remoteRun {} testbenchId 1 saveImages true
[00:05:57.43] /o false
[00:10:58.19] /o saeInterBGSaeShell:  ::sa::_backgroundSaeShell::pingBack
[00:10:58.21] /i ::sa::_backgroundSaeShell::parentRunning
[00:10:58.21] /o 1777050658
[00:11:02.69] /m Information: Stopped sharing "Custom WaveView" license. (WAVEFORM-111)
[00:15:59.20] /o saeInterBGSaeShell:  ::sa::_backgroundSaeShell::pingBack
[00:15:59.29] /i ::sa::_backgroundSaeShell::parentRunning
[00:15:59.29] /o 1777050959
[00:21:00.20] /o saeInterBGSaeShell:  ::sa::_backgroundSaeShell::pingBack
[00:21:00.29] /i ::sa::_backgroundSaeShell::parentRunning
[00:21:00.30] /o 1777051260
[00:26:01.22] /o saeInterBGSaeShell:  ::sa::_backgroundSaeShell::pingBack
[00:26:01.30] /i ::sa::_backgroundSaeShell::parentRunning
[00:26:01.30] /o 1777051561
[00:26:24.08] /i ::sa::_backgroundSaeShell::runScript /home/itsupport/simulation/DOAN,Pulse_FF,schematic/history_1/simulation/default/HSPICE/parametric/.bg_measurement_script.tcl sa::_resultsDatabase::saeShellProcessingCompletedProc testSuiteName saeSession2 testbenchName default resultsDir /home/itsupport/simulation/DOAN,Pulse_FF,schematic/history_1/simulation/default/HSPICE/parametric/results testSuiteDir /home/itsupport/simulation/DOAN,Pulse_FF,schematic/history_1/simulation/default/HSPICE/parametric databaseName /home/itsupport/simulation/DOAN,Pulse_FF,schematic/history_1/simulation/default/HSPICE/parametric/resultsDatabase remoteRun {} testbenchId 1 saveImages true
[00:26:24.46] /m Information: Started sharing "Custom WaveView" license. (WAVEFORM-110)
[00:26:25.31] /o saeInterBGSaeShell:  ::sa::_backgroundSaeShell::scriptFinished 1.2 {} sa::_resultsDatabase::saeShellProcessingCompletedProc testSuiteName saeSession2 testbenchName default resultsDir /home/itsupport/simulation/DOAN,Pulse_FF,schematic/history_1/simulation/default/HSPICE/parametric/results testSuiteDir /home/itsupport/simulation/DOAN,Pulse_FF,schematic/history_1/simulation/default/HSPICE/parametric databaseName /home/itsupport/simulation/DOAN,Pulse_FF,schematic/history_1/simulation/default/HSPICE/parametric/resultsDatabase remoteRun {} testbenchId 1 saveImages true
[00:26:25.31] /o false
[00:28:37.00] /i ::wf::viewerExited
[00:29:33.45] /i ::sa::_backgroundSaeShell::runScript /home/itsupport/simulation/DOAN,Pulse_FF,schematic/history_1/simulation/default/HSPICE/parametric/.bg_measurement_script.tcl sa::_resultsDatabase::saeShellProcessingCompletedProc testSuiteName saeSession2 testbenchName default resultsDir /home/itsupport/simulation/DOAN,Pulse_FF,schematic/history_1/simulation/default/HSPICE/parametric/results testSuiteDir /home/itsupport/simulation/DOAN,Pulse_FF,schematic/history_1/simulation/default/HSPICE/parametric databaseName /home/itsupport/simulation/DOAN,Pulse_FF,schematic/history_1/simulation/default/HSPICE/parametric/resultsDatabase remoteRun {} testbenchId 1 saveImages true
[00:29:33.94] /o saeInterBGSaeShell:  ::sa::_backgroundSaeShell::scriptFinished 0.4 {} sa::_resultsDatabase::saeShellProcessingCompletedProc testSuiteName saeSession2 testbenchName default resultsDir /home/itsupport/simulation/DOAN,Pulse_FF,schematic/history_1/simulation/default/HSPICE/parametric/results testSuiteDir /home/itsupport/simulation/DOAN,Pulse_FF,schematic/history_1/simulation/default/HSPICE/parametric databaseName /home/itsupport/simulation/DOAN,Pulse_FF,schematic/history_1/simulation/default/HSPICE/parametric/resultsDatabase remoteRun {} testbenchId 1 saveImages true
[00:29:33.94] /o false
[00:34:34.25] /o saeInterBGSaeShell:  ::sa::_backgroundSaeShell::pingBack
[00:34:34.29] /i ::sa::_backgroundSaeShell::parentRunning
[00:34:34.29] /o 1777052074
[00:34:38.69] /m Information: Stopped sharing "Custom WaveView" license. (WAVEFORM-111)
[00:35:12.00] /i ::wf::viewerExited
[00:35:18.59] /i ::sa::_backgroundSaeShell::exit
[00:35:18.60] /o saeInterBGSaeShell:  ::sa::_backgroundSaeShell::childFormallyExiting
