[11:25:38.92] /m Information: License 'SAE' checked out. (LICENSE-003)
[11:25:40.10] /o sae_shell Version Custom Compiler N-2017.12-SP1-2
              /c Build  (OPT) compiled on Wed May 16 15:20:56 2018 for RHEL64 6.6
              /c Execution time: Tue May  5 11:25:37 2026
              /c Host: localhost.localdomain
              /c 
              /c Copyright © 2004-2018 Synopsys, Inc.
              /c This software and the associated documentation are proprietary to Synopsys, Inc. This software may only be used in accordance with the terms and conditions of a written license agreement with Synopsys, Inc. All other use, reproduction, or distribution of this software is strictly prohibited.
              /c 
              /c 
[11:25:40.11] /w Warning: Preference 'leActiveLPP' is deprecated and scheduled for removal in a future release with no replacement. For migration assistance, see the Custom Compiler Tcl Reference Manual. (PREFERENCE-058)
[11:25:40.11] /o 	#######################################
[11:25:40.11] /o 	PDK Library Name	: reference90RF
[11:25:40.11] /o 	PDK Version		: 2.0
[11:25:40.11] /o 	PDK Release Date	: 25-March-2010 
[11:25:40.11] /o 	#######################################
[11:25:40.11] /o 
[11:25:40.12] /i ::sa::_backgroundSaeShell::signalProcessReady 1777955137
[11:25:40.12] /o saeInterBGSaeShell:  ::sa::_backgroundSaeShell::processReady 3
[11:27:24.51] /i ::sa::_backgroundSaeShell::runScript /home/itsupport/simulation/D_FF,dff_test,schematic/history_1/simulation/default/HSPICE/parametric/.bg_measurement_script.tcl sa::_resultsDatabase::saeShellProcessingCompletedProc testSuiteName saeSession3 testbenchName default resultsDir /home/itsupport/simulation/D_FF,dff_test,schematic/history_1/simulation/default/HSPICE/parametric/results testSuiteDir /home/itsupport/simulation/D_FF,dff_test,schematic/history_1/simulation/default/HSPICE/parametric databaseName /home/itsupport/simulation/D_FF,dff_test,schematic/history_1/simulation/default/HSPICE/parametric/resultsDatabase remoteRun {} testbenchId 1 saveImages true
[11:27:24.98] /m Information: Started sharing "Custom WaveView" license. (WAVEFORM-110)
[11:27:25.51] /o saeInterBGSaeShell:  ::sa::_backgroundSaeShell::scriptFinished 0.9 {} sa::_resultsDatabase::saeShellProcessingCompletedProc testSuiteName saeSession3 testbenchName default resultsDir /home/itsupport/simulation/D_FF,dff_test,schematic/history_1/simulation/default/HSPICE/parametric/results testSuiteDir /home/itsupport/simulation/D_FF,dff_test,schematic/history_1/simulation/default/HSPICE/parametric databaseName /home/itsupport/simulation/D_FF,dff_test,schematic/history_1/simulation/default/HSPICE/parametric/resultsDatabase remoteRun {} testbenchId 1 saveImages true
[11:27:25.51] /o false
[11:28:30.40] /i ::sa::_backgroundSaeShell::runScript /home/itsupport/simulation/D_FF,dff_test,schematic/history_1/simulation/default/HSPICE/parametric/.bg_measurement_script.tcl sa::_resultsDatabase::saeShellProcessingCompletedProc testSuiteName saeSession3 testbenchName default resultsDir /home/itsupport/simulation/D_FF,dff_test,schematic/history_1/simulation/default/HSPICE/parametric/results testSuiteDir /home/itsupport/simulation/D_FF,dff_test,schematic/history_1/simulation/default/HSPICE/parametric databaseName /home/itsupport/simulation/D_FF,dff_test,schematic/history_1/simulation/default/HSPICE/parametric/resultsDatabase remoteRun {} testbenchId 1 saveImages true
[11:28:30.94] /o saeInterBGSaeShell:  ::sa::_backgroundSaeShell::scriptFinished 0.5 {} sa::_resultsDatabase::saeShellProcessingCompletedProc testSuiteName saeSession3 testbenchName default resultsDir /home/itsupport/simulation/D_FF,dff_test,schematic/history_1/simulation/default/HSPICE/parametric/results testSuiteDir /home/itsupport/simulation/D_FF,dff_test,schematic/history_1/simulation/default/HSPICE/parametric databaseName /home/itsupport/simulation/D_FF,dff_test,schematic/history_1/simulation/default/HSPICE/parametric/resultsDatabase remoteRun {} testbenchId 1 saveImages true
[11:28:30.94] /o false
[11:33:31.14] /o saeInterBGSaeShell:  ::sa::_backgroundSaeShell::pingBack
[11:33:31.19] /i ::sa::_backgroundSaeShell::parentRunning
[11:33:31.19] /o 1777955611
[11:33:35.88] /m Information: Stopped sharing "Custom WaveView" license. (WAVEFORM-111)
[11:38:32.15] /o saeInterBGSaeShell:  ::sa::_backgroundSaeShell::pingBack
[11:38:32.19] /i ::sa::_backgroundSaeShell::parentRunning
[11:38:32.19] /o 1777955912
[11:39:05.89] /i ::wf::viewerExited
[11:43:33.16] /o saeInterBGSaeShell:  ::sa::_backgroundSaeShell::pingBack
[11:43:33.19] /i ::sa::_backgroundSaeShell::parentRunning
[11:43:33.19] /o 1777956213
[11:48:34.17] /o saeInterBGSaeShell:  ::sa::_backgroundSaeShell::pingBack
[11:48:34.18] /i ::sa::_backgroundSaeShell::parentRunning
[11:48:34.18] /o 1777956514
[11:53:35.17] /o saeInterBGSaeShell:  ::sa::_backgroundSaeShell::pingBack
[11:53:35.18] /i ::sa::_backgroundSaeShell::parentRunning
[11:53:35.18] /o 1777956815
[11:58:36.19] /o saeInterBGSaeShell:  ::sa::_backgroundSaeShell::pingBack
[11:58:36.28] /i ::sa::_backgroundSaeShell::parentRunning
[11:58:36.28] /o 1777957116
[12:03:37.19] /o saeInterBGSaeShell:  ::sa::_backgroundSaeShell::pingBack
[12:03:37.28] /i ::sa::_backgroundSaeShell::parentRunning
[12:03:37.28] /o 1777957417
[12:08:38.20] /o saeInterBGSaeShell:  ::sa::_backgroundSaeShell::pingBack
[12:08:38.28] /i ::sa::_backgroundSaeShell::parentRunning
[12:08:38.28] /o 1777957718
[12:13:39.21] /o saeInterBGSaeShell:  ::sa::_backgroundSaeShell::pingBack
[12:13:39.28] /i ::sa::_backgroundSaeShell::parentRunning
[12:13:39.28] /o 1777958019
[12:18:40.23] /o saeInterBGSaeShell:  ::sa::_backgroundSaeShell::pingBack
[12:18:40.28] /i ::sa::_backgroundSaeShell::parentRunning
[12:18:40.28] /o 1777958320
[12:23:41.24] /o saeInterBGSaeShell:  ::sa::_backgroundSaeShell::pingBack
[12:23:41.28] /i ::sa::_backgroundSaeShell::parentRunning
[12:23:41.28] /o 1777958621
[12:28:42.24] /o saeInterBGSaeShell:  ::sa::_backgroundSaeShell::pingBack
[12:28:42.29] /i ::sa::_backgroundSaeShell::parentRunning
[12:28:42.29] /o 1777958922
[12:33:43.24] /o saeInterBGSaeShell:  ::sa::_backgroundSaeShell::pingBack
[12:33:43.30] /i ::sa::_backgroundSaeShell::parentRunning
[12:33:43.30] /o 1777959223
[12:38:44.25] /o saeInterBGSaeShell:  ::sa::_backgroundSaeShell::pingBack
[12:38:44.28] /i ::sa::_backgroundSaeShell::parentRunning
[12:38:44.28] /o 1777959524
[12:43:45.27] /o saeInterBGSaeShell:  ::sa::_backgroundSaeShell::pingBack
[12:43:45.28] /i ::sa::_backgroundSaeShell::parentRunning
[12:43:45.28] /o 1777959825
[12:48:46.29] /o saeInterBGSaeShell:  ::sa::_backgroundSaeShell::pingBack
[12:48:46.38] /i ::sa::_backgroundSaeShell::parentRunning
[12:48:46.38] /o 1777960126
[12:53:47.31] /o saeInterBGSaeShell:  ::sa::_backgroundSaeShell::pingBack
[12:53:47.38] /i ::sa::_backgroundSaeShell::parentRunning
[12:53:47.38] /o 1777960427
[12:54:57.68] /i ::sa::_backgroundSaeShell::exit
[12:54:57.68] /o saeInterBGSaeShell:  ::sa::_backgroundSaeShell::childFormallyExiting
