[11:27:25.93] /m Information: License 'SAE' checked out. (LICENSE-003)
[11:27:27.09] /o sae_shell Version Custom Compiler N-2017.12-SP1-2
              /c Build  (OPT) compiled on Wed May 16 15:20:56 2018 for RHEL64 6.6
              /c Execution time: Tue May  5 11:27:24 2026
              /c Host: localhost.localdomain
              /c 
              /c Copyright © 2004-2018 Synopsys, Inc.
              /c This software and the associated documentation are proprietary to Synopsys, Inc. This software may only be used in accordance with the terms and conditions of a written license agreement with Synopsys, Inc. All other use, reproduction, or distribution of this software is strictly prohibited.
              /c 
              /c 
[11:27:27.10] /w Warning: Preference 'leActiveLPP' is deprecated and scheduled for removal in a future release with no replacement. For migration assistance, see the Custom Compiler Tcl Reference Manual. (PREFERENCE-058)
[11:27:27.10] /o 	#######################################
[11:27:27.10] /o 	PDK Library Name	: reference90RF
[11:27:27.10] /o 	PDK Version		: 2.0
[11:27:27.10] /o 	PDK Release Date	: 25-March-2010 
[11:27:27.10] /o 	#######################################
[11:27:27.10] /o 
[11:27:27.11] /i ::sa::_backgroundSaeShell::signalProcessReady 1777955244
[11:27:27.11] /o saeInterBGSaeShell:  ::sa::_backgroundSaeShell::processReady 3
[11:32:28.13] /o saeInterBGSaeShell:  ::sa::_backgroundSaeShell::pingBack
[11:32:28.19] /i ::sa::_backgroundSaeShell::parentRunning
[11:32:28.19] /o 1777955548
[11:37:29.14] /o saeInterBGSaeShell:  ::sa::_backgroundSaeShell::pingBack
[11:37:29.20] /i ::sa::_backgroundSaeShell::parentRunning
[11:37:29.20] /o 1777955849
[11:39:05.89] /i ::wf::viewerExited
[11:42:30.14] /o saeInterBGSaeShell:  ::sa::_backgroundSaeShell::pingBack
[11:42:30.20] /i ::sa::_backgroundSaeShell::parentRunning
[11:42:30.20] /o 1777956150
[11:47:31.14] /o saeInterBGSaeShell:  ::sa::_backgroundSaeShell::pingBack
[11:47:31.20] /i ::sa::_backgroundSaeShell::parentRunning
[11:47:31.20] /o 1777956451
[11:52:32.16] /o saeInterBGSaeShell:  ::sa::_backgroundSaeShell::pingBack
[11:52:32.19] /i ::sa::_backgroundSaeShell::parentRunning
[11:52:32.19] /o 1777956752
[11:57:33.16] /o saeInterBGSaeShell:  ::sa::_backgroundSaeShell::pingBack
[11:57:33.19] /i ::sa::_backgroundSaeShell::parentRunning
[11:57:33.19] /o 1777957053
[12:02:34.16] /o saeInterBGSaeShell:  ::sa::_backgroundSaeShell::pingBack
[12:02:34.19] /i ::sa::_backgroundSaeShell::parentRunning
[12:02:34.19] /o 1777957354
[12:07:35.17] /o saeInterBGSaeShell:  ::sa::_backgroundSaeShell::pingBack
[12:07:35.19] /i ::sa::_backgroundSaeShell::parentRunning
[12:07:35.19] /o 1777957655
[12:12:36.18] /o saeInterBGSaeShell:  ::sa::_backgroundSaeShell::pingBack
[12:12:36.19] /i ::sa::_backgroundSaeShell::parentRunning
[12:12:36.19] /o 1777957956
[12:17:37.20] /o saeInterBGSaeShell:  ::sa::_backgroundSaeShell::pingBack
[12:17:37.29] /i ::sa::_backgroundSaeShell::parentRunning
[12:17:37.29] /o 1777958257
[12:22:38.21] /o saeInterBGSaeShell:  ::sa::_backgroundSaeShell::pingBack
[12:22:38.29] /i ::sa::_backgroundSaeShell::parentRunning
[12:22:38.29] /o 1777958558
[12:27:39.22] /o saeInterBGSaeShell:  ::sa::_backgroundSaeShell::pingBack
[12:27:39.29] /i ::sa::_backgroundSaeShell::parentRunning
[12:27:39.29] /o 1777958859
[12:32:40.23] /o saeInterBGSaeShell:  ::sa::_backgroundSaeShell::pingBack
[12:32:40.29] /i ::sa::_backgroundSaeShell::parentRunning
[12:32:40.29] /o 1777959160
[12:37:41.23] /o saeInterBGSaeShell:  ::sa::_backgroundSaeShell::pingBack
[12:37:41.30] /i ::sa::_backgroundSaeShell::parentRunning
[12:37:41.30] /o 1777959461
[12:42:42.25] /o saeInterBGSaeShell:  ::sa::_backgroundSaeShell::pingBack
[12:42:42.29] /i ::sa::_backgroundSaeShell::parentRunning
[12:42:42.29] /o 1777959762
[12:47:43.26] /o saeInterBGSaeShell:  ::sa::_backgroundSaeShell::pingBack
[12:47:43.29] /i ::sa::_backgroundSaeShell::parentRunning
[12:47:43.29] /o 1777960063
[12:52:44.27] /o saeInterBGSaeShell:  ::sa::_backgroundSaeShell::pingBack
[12:52:44.29] /i ::sa::_backgroundSaeShell::parentRunning
[12:52:44.29] /o 1777960364
[12:54:57.70] /i ::sa::_backgroundSaeShell::exit
[12:54:57.70] /o saeInterBGSaeShell:  ::sa::_backgroundSaeShell::childFormallyExiting
