[18:04:26.41] /m Information: License 'SAE' checked out. (LICENSE-003)
[18:04:27.64] /o sae_shell Version Custom Compiler N-2017.12-SP1-2
              /c Build  (OPT) compiled on Wed May 16 15:20:56 2018 for RHEL64 6.6
              /c Execution time: Sun May 10 18:04:25 2026
              /c Host: localhost.localdomain
              /c 
              /c Copyright © 2004-2018 Synopsys, Inc.
              /c This software and the associated documentation are proprietary to Synopsys, Inc. This software may only be used in accordance with the terms and conditions of a written license agreement with Synopsys, Inc. All other use, reproduction, or distribution of this software is strictly prohibited.
              /c 
              /c 
[18:04:27.65] /w Warning: Preference 'leActiveLPP' is deprecated and scheduled for removal in a future release with no replacement. For migration assistance, see the Custom Compiler Tcl Reference Manual. (PREFERENCE-058)
[18:04:27.65] /o 	#######################################
[18:04:27.65] /o 	PDK Library Name	: reference90RF
[18:04:27.65] /o 	PDK Version		: 2.0
[18:04:27.65] /o 	PDK Release Date	: 25-March-2010 
[18:04:27.65] /o 	#######################################
[18:04:27.65] /o 
[18:04:27.66] /i ::sa::_backgroundSaeShell::signalProcessReady 1778411065
[18:04:27.66] /o saeInterBGSaeShell:  ::sa::_backgroundSaeShell::processReady 2
[18:05:11.15] /i ::sa::_backgroundSaeShell::runScript /home/itsupport/simulation/D_FF,dff_nonoverlap_testbench_clock_skew,config/history_1/simulation/default/HSPICE/nominal/.bg_measurement_script.tcl sa::_resultsDatabase::saeShellProcessingCompletedProc testSuiteName saeSession1 testbenchName default resultsDir /home/itsupport/simulation/D_FF,dff_nonoverlap_testbench_clock_skew,config/history_1/simulation/default/HSPICE/nominal/results testSuiteDir /home/itsupport/simulation/D_FF,dff_nonoverlap_testbench_clock_skew,config/history_1/simulation/default/HSPICE/nominal databaseName /home/itsupport/simulation/D_FF,dff_nonoverlap_testbench_clock_skew,config/history_1/simulation/default/HSPICE/nominal/resultsDatabase remoteRun {} testbenchId 1 saveImages true
[18:05:11.58] /m Information: Started sharing "Custom WaveView" license. (WAVEFORM-110)
[18:05:11.78] /o saeInterBGSaeShell:  ::sa::_backgroundSaeShell::scriptFinished 0.6 {} sa::_resultsDatabase::saeShellProcessingCompletedProc testSuiteName saeSession1 testbenchName default resultsDir /home/itsupport/simulation/D_FF,dff_nonoverlap_testbench_clock_skew,config/history_1/simulation/default/HSPICE/nominal/results testSuiteDir /home/itsupport/simulation/D_FF,dff_nonoverlap_testbench_clock_skew,config/history_1/simulation/default/HSPICE/nominal databaseName /home/itsupport/simulation/D_FF,dff_nonoverlap_testbench_clock_skew,config/history_1/simulation/default/HSPICE/nominal/resultsDatabase remoteRun {} testbenchId 1 saveImages true
[18:05:11.78] /o false
[18:05:24.58] /i ::wf::viewerExited
[18:05:28.24] /i ::sa::_backgroundSaeShell::exit
[18:05:28.24] /o saeInterBGSaeShell:  ::sa::_backgroundSaeShell::childFormallyExiting
