[00:05:58.54] /m Information: License 'SAE' checked out. (LICENSE-003)
[00:05:59.95] /o sae_shell Version Custom Compiler N-2017.12-SP1-2
              /c Build  (OPT) compiled on Wed May 16 15:20:56 2018 for RHEL64 6.6
              /c Execution time: Sat Apr 25 00:05:57 2026
              /c Host: localhost.localdomain
              /c 
              /c Copyright © 2004-2018 Synopsys, Inc.
              /c This software and the associated documentation are proprietary to Synopsys, Inc. This software may only be used in accordance with the terms and conditions of a written license agreement with Synopsys, Inc. All other use, reproduction, or distribution of this software is strictly prohibited.
              /c 
              /c 
[00:05:59.96] /w Warning: Preference 'leActiveLPP' is deprecated and scheduled for removal in a future release with no replacement. For migration assistance, see the Custom Compiler Tcl Reference Manual. (PREFERENCE-058)
[00:05:59.96] /o 	#######################################
[00:05:59.96] /o 	PDK Library Name	: reference90RF
[00:05:59.96] /o 	PDK Version		: 2.0
[00:05:59.96] /o 	PDK Release Date	: 25-March-2010 
[00:05:59.96] /o 	#######################################
[00:05:59.96] /o 
[00:05:59.97] /i ::sa::_backgroundSaeShell::signalProcessReady 1777050356
[00:05:59.97] /o saeInterBGSaeShell:  ::sa::_backgroundSaeShell::processReady 3
[00:11:00.99] /o saeInterBGSaeShell:  ::sa::_backgroundSaeShell::pingBack
[00:11:01.00] /i ::sa::_backgroundSaeShell::parentRunning
[00:11:01.01] /o 1777050661
[00:16:02.00] /o saeInterBGSaeShell:  ::sa::_backgroundSaeShell::pingBack
[00:16:02.10] /i ::sa::_backgroundSaeShell::parentRunning
[00:16:02.10] /o 1777050962
[00:21:03.02] /o saeInterBGSaeShell:  ::sa::_backgroundSaeShell::pingBack
[00:21:03.09] /i ::sa::_backgroundSaeShell::parentRunning
[00:21:03.09] /o 1777051263
[00:26:04.04] /o saeInterBGSaeShell:  ::sa::_backgroundSaeShell::pingBack
[00:26:04.10] /i ::sa::_backgroundSaeShell::parentRunning
[00:26:04.10] /o 1777051564
[00:28:37.00] /i ::wf::viewerExited
[00:31:05.05] /o saeInterBGSaeShell:  ::sa::_backgroundSaeShell::pingBack
[00:31:05.10] /i ::sa::_backgroundSaeShell::parentRunning
[00:31:05.10] /o 1777051865
[00:35:12.00] /i ::wf::viewerExited
[00:35:18.60] /i ::sa::_backgroundSaeShell::exit
[00:35:18.60] /o saeInterBGSaeShell:  ::sa::_backgroundSaeShell::childFormallyExiting
