
                                  StarRC (TM)

               Version O-2018.06-SP1 for linux64 - Jul 19, 2018 

                    Copyright (c) 1999 - 2018 Synopsys, Inc.
   This software and the associated documentation are proprietary to Synopsys,
 Inc. This software may only be used in accordance with the terms and conditions
 of a written license agreement with Synopsys, Inc. All other use, reproduction,
            or distribution of this software is strictly prohibited.

ExecName: /usr/synopsys/starrc/O-2018.06-SP1/linux64_starrc/bin/StarXtract
Version: O-2018.06-SP1
Built on: Jul 19 2018 21:37:47
Start Time: Thu Apr 30 23:12:39 2026

Host ............ localhost.localdomain

xTractorName: /usr/synopsys/starrc/O-2018.06-SP1/linux64_starrc/bin/xTractor
Version: O-2018.06-SP1
Built on: Jul 19 2018 21:37:30
INFORMATION: TCAD_GRD_FILE (nxtgrd file) generated by >4 years older version than the StarRC
             version is used for this extraction. (SX-3595)
WARNING: MODE is no longer required for this type of extraction.  Ignoring MODE in StarRC command
         file. (SX-0499)
WARNING: Schematic device 'cmim_3t' equates to undefined layout device 'cmim_3t'. (SX-2284)
WARNING: Schematic device 'MOSVAR_1V2' equates to undefined layout device 'MOSVAR_1V2'. (SX-2284)
WARNING: Following option "DETECT_PERMUTABLE_PORTS" detected in Hercules/ICV runset is not supported
         in StarXtract. (SX-2775)
WARNING: Following option "PUSH_DOWN_PINS" detected in Hercules/ICV runset is not supported in
         StarXtract. (SX-2776)
WARNING: Following option "PUSH_DOWN_DEVICES" detected in Hercules/ICV runset is not supported in
         StarXtract. (SX-2777)
WARNING: Hercules COMPARE option MEMORY_ARRAY_COMPARISON is not supported for XREF extractions. (SX-2274)
WARNING: Command -clean is obsoleted for GATE level extraction and turned on by default. (SX-3582)
WARNING: Schematic device 'cmim_3t' equates to undefined layout device 'cmim_3t'. (SX-2284)
WARNING: Schematic device 'MOSVAR_1V2' equates to undefined layout device 'MOSVAR_1V2'. (SX-2284)
WARNING: Following option "DETECT_PERMUTABLE_PORTS" detected in Hercules/ICV runset is not supported
         in StarXtract. (SX-2775)
WARNING: Following option "PUSH_DOWN_PINS" detected in Hercules/ICV runset is not supported in
         StarXtract. (SX-2776)
WARNING: Following option "PUSH_DOWN_DEVICES" detected in Hercules/ICV runset is not supported in
         StarXtract. (SX-2777)
WARNING: Hercules COMPARE option MEMORY_ARRAY_COMPARISON is not supported for XREF extractions. (SX-2274)
WARNING: OBSERVATION_POINT cell pattern "*" does not match any non SKIP_CELL EQUIV points and will
         be ignored. (SX-1768)

Block ........... Pulse_FF
Star Directory .. /home/itsupport/Desktop/DOAN/FF_VERIFY/star
Milkyway DB ..... /home/itsupport/Desktop/DOAN/FF_VERIFY/EXTRACT_VIEW
 Ref Libs Report is skipped.
  Setup         Elp=00:00:02 Cpu=00:00:00 Usr=0.7    Sys=0.0    Mem=429.1 
Done

Map Layers:  Thu Apr 30 23:12:41 2026
WARNING: Device terminal layer 'coll_dnw_pnp' used by "'DNWPNP':'COLL'" is removed in MAPPING_FILE
         or is the BULK terminal of another device. (SX-2250)
WARNING: Device terminal layer 'mom_cap_123_term' used by "'cmom_123':'T1'" is removed in
         MAPPING_FILE or is the BULK terminal of another device. (SX-2250)
WARNING: Device terminal layer 'mom_cap_123_term' used by "'cmom_123':'T2'" is removed in
         MAPPING_FILE or is the BULK terminal of another device. (SX-2250)
WARNING: Device terminal layer 'mom_cap_1234_term' used by "'cmom_1234':'T1'" is removed in
         MAPPING_FILE or is the BULK terminal of another device. (SX-2250)
WARNING: Device terminal layer 'mom_cap_1234_term' used by "'cmom_1234':'T2'" is removed in
         MAPPING_FILE or is the BULK terminal of another device. (SX-2250)
WARNING: Device terminal layer 'mom_cap_234_term' used by "'cmom_234':'T1'" is removed in
         MAPPING_FILE or is the BULK terminal of another device. (SX-2250)
WARNING: Device terminal layer 'mom_cap_234_term' used by "'cmom_234':'T2'" is removed in
         MAPPING_FILE or is the BULK terminal of another device. (SX-2250)
WARNING: Layer "M3S" has no connections. (SX-1851)
WARNING: Layer "M4S" has no connections. (SX-1851)
WARNING: The precedence is not set for ignored cap layer: psub (SX-1794)
WARNING: The precedence is not set for ignored cap layer: nxwell (SX-1794)
WARNING: The precedence is not set for ignored cap layer: nxwell_NWDIODE (SX-1794)
WARNING: The precedence is not set for ignored cap layer: nxwell_NWDIODE18 (SX-1794)
WARNING: The precedence is not set for ignored cap layer: nxwell_NWDIODE25 (SX-1794)
WARNING: The precedence is not set for ignored cap layer: nxwell_NWDIODE33 (SX-1794)
WARNING: The precedence is not set for layers mapped to substrate in the mapping file when
         TRANSLATE_RETAIN_BULK_LAYERS:YES or CONLY is specified in your command file. Accuracy can
         be affected. Check the order of substrate layer and set precedence for them in your
 mapping
         file whenever the TRANSLATE_RETAIN_BULK_LAYERS:YES or CONLY command is used. (SX-1790)
  Warnings: 16    Errors: 0    (See file summary/layers.sum)
  Layers        Elp=00:00:00 Cpu=00:00:00 Usr=0.1    Sys=0.3    Mem=429.2 
Done

Create Models:  Thu Apr 30 23:12:41 2026
  Warnings: 0    Errors: 0
  Models        Elp=00:00:00 Cpu=00:00:00 Usr=0.0    Sys=0.0    Mem=429.2 
Done

Build HN:  Thu Apr 30 23:12:41 2026
  Warnings: 0    Errors: 0
  HN            Elp=00:00:01 Cpu=00:00:00 Usr=0.0    Sys=0.1    Mem=445.2 
Done

Build XrefHN:  Thu Apr 30 23:12:42 2026
  Warnings: 0    Errors: 0
  XrefHN        Elp=00:00:00 Cpu=00:00:00 Usr=0.0    Sys=0.0    Mem=335.4 
Done

Process Cells:  Thu Apr 30 23:12:42 2026
  Warnings: 0    Errors: 0
  Cells         Elp=00:00:00 Cpu=00:00:00 Usr=0.0    Sys=0.0    Mem=429.2 
Done

Translate DB:  Thu Apr 30 23:12:42 2026
  Warnings: 0    Errors: 0
  Translate     Elp=00:00:00 Cpu=00:00:00 Usr=0.0    Sys=0.0    Mem=429.2 
Done

Netlist Setup:  Thu Apr 30 23:12:42 2026
  Warnings: 0    Errors: 0
  NetlistSetup  Elp=00:00:00 Cpu=00:00:00 Usr=0.0    Sys=0.0    Mem=331.4 
Done

xTract DB:  Thu Apr 30 23:12:43 2026
WARNING: Two Overlapping rectangles with different cap_levels and same picture levels Layer ngate
         overlaps with POLS Suggested Fix in Transistor Level: Use Boolean Not in runset to remove
         the overlap r1= R0,  x(209800,211800)  ; y(-79850,-75050) ideal=1 act_level=40 pic_level=2
         cap_level=2 r2= R0,  x(209800,211800)  ; y(-81150,-72100) ideal=72 act_level=106
         pic_level=2 cap_level=3 (EX-78)
WARNING: Two Overlapping rectangles with different cap_levels and same picture levels Layer ngate
         overlaps with POLS Suggested Fix in Transistor Level: Use Boolean Not in runset to remove
         the overlap r1= R0,  x(209800,211800)  ; y(-79850,-75050) ideal=1 act_level=40 pic_level=2
         cap_level=2 r2= R0,  x(209800,211800)  ; y(-81150,-72100) ideal=72 act_level=106
         pic_level=2 cap_level=3 (EX-78)
WARNING: Two Overlapping rectangles with different cap_levels and same picture levels Layer ngate
         overlaps with POLS Suggested Fix in Transistor Level: Use Boolean Not in runset to remove
         the overlap r1= R0,  x(209800,211800)  ; y(-79850,-75050) ideal=1 act_level=40 pic_level=2
         cap_level=2 r2= R0,  x(209800,211800)  ; y(-81150,-72100) ideal=72 act_level=106
         pic_level=2 cap_level=3 (EX-78)
WARNING: Two Overlapping rectangles with different cap_levels and same picture levels Layer pgate
         overlaps with POLS Suggested Fix in Transistor Level: Use Boolean Not in runset to remove
         the overlap r1= R0,  x(209800,211800)  ; y(-64800,-45600) ideal=1 act_level=57 pic_level=2
         cap_level=2 r2= R0,  x(209800,211800)  ; y(-68600,-44300) ideal=73 act_level=106
         pic_level=2 cap_level=3 (EX-78)
WARNING: Two Overlapping rectangles with different cap_levels and same picture levels Layer pgate
         overlaps with POLS Suggested Fix in Transistor Level: Use Boolean Not in runset to remove
         the overlap r1= R0,  x(209800,211800)  ; y(-64800,-45600) ideal=1 act_level=57 pic_level=2
         cap_level=2 r2= R0,  x(209800,211800)  ; y(-68600,-44300) ideal=73 act_level=106
         pic_level=2 cap_level=3 (EX-78)
WARNING: Two Overlapping rectangles with different cap_levels and same picture levels Layer pgate
         overlaps with POLS Suggested Fix in Transistor Level: Use Boolean Not in runset to remove
         the overlap r1= R0,  x(209800,211800)  ; y(-64800,-45600) ideal=1 act_level=57 pic_level=2
         cap_level=2 r2= R0,  x(209800,211800)  ; y(-68600,-44300) ideal=73 act_level=106
         pic_level=2 cap_level=3 (EX-78)
WARNING: Two Overlapping rectangles with different cap_levels and same picture levels Layer pgate
         overlaps with POLS Suggested Fix in Transistor Level: Use Boolean Not in runset to remove
         the overlap r1= R0,  x(209800,211800)  ; y(-64800,-45600) ideal=1 act_level=57 pic_level=2
         cap_level=2 r2= R0,  x(209800,211800)  ; y(-68600,-44300) ideal=73 act_level=106
         pic_level=2 cap_level=3 (EX-78)
WARNING: Two Overlapping rectangles with different cap_levels and same picture levels Layer pgate
         overlaps with POLS Suggested Fix in Transistor Level: Use Boolean Not in runset to remove
         the overlap r1= R0,  x(209800,211800)  ; y(-64800,-45600) ideal=1 act_level=57 pic_level=2
         cap_level=2 r2= R0,  x(209800,211800)  ; y(-68600,-44300) ideal=73 act_level=106
         pic_level=2 cap_level=3 (EX-78)
WARNING: Two Overlapping rectangles with different cap_levels and same picture levels Layer ngate
         overlaps with POLS Suggested Fix in Transistor Level: Use Boolean Not in runset to remove
         the overlap r1= R0,  x(210800,210800)  ; y(-77450,-77450) ideal=1 act_level=40 pic_level=2
         cap_level=2 r2= R0,  x(209800,211800)  ; y(-81150,-72100) ideal=72 act_level=106
         pic_level=2 cap_level=3 (EX-78)
WARNING: Two Overlapping rectangles with different cap_levels and same picture levels Layer ngate
         overlaps with POLS Suggested Fix in Transistor Level: Use Boolean Not in runset to remove
         the overlap r1= R0,  x(210800,210800)  ; y(-77450,-77450) ideal=1 act_level=40 pic_level=2
         cap_level=2 r2= R0,  x(209800,211800)  ; y(-81150,-72100) ideal=72 act_level=106
         pic_level=2 cap_level=3 (EX-78)
WARNING: Two Overlapping rectangles with different cap_levels and same picture levels Layer pgate
         overlaps with POLS Suggested Fix in Transistor Level: Use Boolean Not in runset to remove
         the overlap r1= R0,  x(210800,210800)  ; y(-55200,-55200) ideal=1 act_level=57 pic_level=2
         cap_level=2 r2= R0,  x(209800,211800)  ; y(-68600,-44300) ideal=73 act_level=106
         pic_level=2 cap_level=3 (EX-78)
WARNING: Two Overlapping rectangles with different cap_levels and same picture levels Layer pgate
         overlaps with POLS Suggested Fix in Transistor Level: Use Boolean Not in runset to remove
         the overlap r1= R0,  x(210800,210800)  ; y(-55200,-55200) ideal=1 act_level=57 pic_level=2
         cap_level=2 r2= R0,  x(209800,211800)  ; y(-68600,-44300) ideal=73 act_level=106
         pic_level=2 cap_level=3 (EX-78)
WARNING: Two Overlapping rectangles with different cap_levels and same picture levels Layer ngate
         overlaps with POLS Suggested Fix in Transistor Level: Use Boolean Not in runset to remove
         the overlap r1= R0,  x(244300,246300)  ; y(-80950,-73750) ideal=1 act_level=40 pic_level=2
         cap_level=2 r2= R0,  x(244300,246300)  ; y(-82250,-40500) ideal=77 act_level=106
         pic_level=2 cap_level=3 (EX-78)
WARNING: Two Overlapping rectangles with different cap_levels and same picture levels Layer ngate
         overlaps with POLS Suggested Fix in Transistor Level: Use Boolean Not in runset to remove
         the overlap r1= R0,  x(244300,246300)  ; y(-80950,-73750) ideal=1 act_level=40 pic_level=2
         cap_level=2 r2= R0,  x(244300,246300)  ; y(-82250,-40500) ideal=77 act_level=106
         pic_level=2 cap_level=3 (EX-78)
WARNING: Two Overlapping rectangles with different cap_levels and same picture levels Layer ngate
         overlaps with POLS Suggested Fix in Transistor Level: Use Boolean Not in runset to remove
         the overlap r1= R0,  x(244300,246300)  ; y(-80950,-73750) ideal=1 act_level=40 pic_level=2
         cap_level=2 r2= R0,  x(244300,246300)  ; y(-82250,-40500) ideal=77 act_level=106
         pic_level=2 cap_level=3 (EX-78)
WARNING: Two Overlapping rectangles with different cap_levels and same picture levels Layer ngate
         overlaps with POLS Suggested Fix in Transistor Level: Use Boolean Not in runset to remove
         the overlap r1= R0,  x(244300,246300)  ; y(-80950,-73750) ideal=1 act_level=40 pic_level=2
         cap_level=2 r2= R0,  x(244300,246300)  ; y(-82250,-40500) ideal=77 act_level=106
         pic_level=2 cap_level=3 (EX-78)
WARNING: Two Overlapping rectangles with different cap_levels and same picture levels Layer ngate
         overlaps with POLS Suggested Fix in Transistor Level: Use Boolean Not in runset to remove
         the overlap r1= R0,  x(244300,246300)  ; y(-80950,-73750) ideal=1 act_level=40 pic_level=2
         cap_level=2 r2= R0,  x(244300,246300)  ; y(-82250,-40500) ideal=77 act_level=106
         pic_level=2 cap_level=3 (EX-78)
WARNING: Two Overlapping rectangles with different cap_levels and same picture levels Layer pgate
         overlaps with POLS Suggested Fix in Transistor Level: Use Boolean Not in runset to remove
         the overlap r1= R0,  x(244300,246300)  ; y(-63600,-45600) ideal=1 act_level=57 pic_level=2
         cap_level=2 r2= R0,  x(244300,246300)  ; y(-82250,-40500) ideal=77 act_level=106
         pic_level=2 cap_level=3 (EX-78)
WARNING: Two Overlapping rectangles with different cap_levels and same picture levels Layer pgate
         overlaps with POLS Suggested Fix in Transistor Level: Use Boolean Not in runset to remove
         the overlap r1= R0,  x(244300,246300)  ; y(-63600,-45600) ideal=1 act_level=57 pic_level=2
         cap_level=2 r2= R0,  x(244300,246300)  ; y(-82250,-40500) ideal=77 act_level=106
         pic_level=2 cap_level=3 (EX-78)
WARNING: Two Overlapping rectangles with different cap_levels and same picture levels Layer pgate
         overlaps with POLS Suggested Fix in Transistor Level: Use Boolean Not in runset to remove
         the overlap r1= R0,  x(244300,246300)  ; y(-63600,-45600) ideal=1 act_level=57 pic_level=2
         cap_level=2 r2= R0,  x(244300,246300)  ; y(-82250,-40500) ideal=77 act_level=106
         pic_level=2 cap_level=3 (EX-78)
WARNING: Two Overlapping rectangles with different cap_levels and same picture levels Layer pgate
         overlaps with POLS Suggested Fix in Transistor Level: Use Boolean Not in runset to remove
         the overlap r1= R0,  x(244300,246300)  ; y(-63600,-45600) ideal=1 act_level=57 pic_level=2
         cap_level=2 r2= R0,  x(244300,246300)  ; y(-82250,-40500) ideal=77 act_level=106
         pic_level=2 cap_level=3 (EX-78)
WARNING: Two Overlapping rectangles with different cap_levels and same picture levels Layer pgate
         overlaps with POLS Suggested Fix in Transistor Level: Use Boolean Not in runset to remove
         the overlap r1= R0,  x(244300,246300)  ; y(-63600,-45600) ideal=1 act_level=57 pic_level=2
         cap_level=2 r2= R0,  x(244300,246300)  ; y(-82250,-40500) ideal=77 act_level=106
         pic_level=2 cap_level=3 (EX-78)
WARNING: Two Overlapping rectangles with different cap_levels and same picture levels Layer pgate
         overlaps with POLS Suggested Fix in Transistor Level: Use Boolean Not in runset to remove
         the overlap r1= R0,  x(244300,246300)  ; y(-63600,-45600) ideal=1 act_level=57 pic_level=2
         cap_level=2 r2= R0,  x(244300,246300)  ; y(-82250,-40500) ideal=77 act_level=106
         pic_level=2 cap_level=3 (EX-78)
WARNING: Two Overlapping rectangles with different cap_levels and same picture levels Layer pgate
         overlaps with POLS Suggested Fix in Transistor Level: Use Boolean Not in runset to remove
         the overlap r1= R0,  x(244300,246300)  ; y(-63600,-45600) ideal=1 act_level=57 pic_level=2
         cap_level=2 r2= R0,  x(244300,246300)  ; y(-82250,-40500) ideal=77 act_level=106
         pic_level=2 cap_level=3 (EX-78)
WARNING: Two Overlapping rectangles with different cap_levels and same picture levels Layer ngate
         overlaps with POLS Suggested Fix in Transistor Level: Use Boolean Not in runset to remove
         the overlap r1= R0,  x(245300,245300)  ; y(-77350,-77350) ideal=1 act_level=40 pic_level=2
         cap_level=2 r2= R0,  x(244300,246300)  ; y(-82250,-40500) ideal=77 act_level=106
         pic_level=2 cap_level=3 (EX-78)
WARNING: Two Overlapping rectangles with different cap_levels and same picture levels Layer ngate
         overlaps with POLS Suggested Fix in Transistor Level: Use Boolean Not in runset to remove
         the overlap r1= R0,  x(245300,245300)  ; y(-77350,-77350) ideal=1 act_level=40 pic_level=2
         cap_level=2 r2= R0,  x(244300,246300)  ; y(-82250,-40500) ideal=77 act_level=106
         pic_level=2 cap_level=3 (EX-78)
WARNING: Two Overlapping rectangles with different cap_levels and same picture levels Layer pgate
         overlaps with POLS Suggested Fix in Transistor Level: Use Boolean Not in runset to remove
         the overlap r1= R0,  x(245300,245300)  ; y(-54600,-54600) ideal=1 act_level=57 pic_level=2
         cap_level=2 r2= R0,  x(244300,246300)  ; y(-82250,-40500) ideal=77 act_level=106
         pic_level=2 cap_level=3 (EX-78)
WARNING: Two Overlapping rectangles with different cap_levels and same picture levels Layer pgate
         overlaps with POLS Suggested Fix in Transistor Level: Use Boolean Not in runset to remove
         the overlap r1= R0,  x(245300,245300)  ; y(-54600,-54600) ideal=1 act_level=57 pic_level=2
         cap_level=2 r2= R0,  x(244300,246300)  ; y(-82250,-40500) ideal=77 act_level=106
         pic_level=2 cap_level=3 (EX-78)
Completed   1%  Time=00:00:00  RemainingTime=00:00:00  Mem=356.277
Completed   3%  Time=00:00:00  RemainingTime=00:00:00  Mem=356.277
WARNING: Two Overlapping rectangles with different cap_levels and same picture levels Layer pgate
         overlaps with POLS Suggested Fix in Transistor Level: Use Boolean Not in runset to remove
         the overlap r1= R0,  x(271000,273000)  ; y(-60450,-46050) ideal=4 act_level=57 pic_level=2
         cap_level=2 r2= R0,  x(271000,273000)  ; y(-65200,-41000) ideal=79 act_level=106
         pic_level=2 cap_level=3 (EX-78)
WARNING: Two Overlapping rectangles with different cap_levels and same picture levels Layer pgate
         overlaps with POLS Suggested Fix in Transistor Level: Use Boolean Not in runset to remove
         the overlap r1= R0,  x(271000,273000)  ; y(-60450,-46050) ideal=4 act_level=57 pic_level=2
         cap_level=2 r2= R0,  x(271000,273000)  ; y(-65200,-41000) ideal=79 act_level=106
         pic_level=2 cap_level=3 (EX-78)
WARNING: Two Overlapping rectangles with different cap_levels and same picture levels Layer pgate
         overlaps with POLS Suggested Fix in Transistor Level: Use Boolean Not in runset to remove
         the overlap r1= R0,  x(271000,273000)  ; y(-60450,-46050) ideal=4 act_level=57 pic_level=2
         cap_level=2 r2= R0,  x(271000,273000)  ; y(-65200,-41000) ideal=79 act_level=106
         pic_level=2 cap_level=3 (EX-78)
WARNING: Two Overlapping rectangles with different cap_levels and same picture levels Layer pgate
         overlaps with POLS Suggested Fix in Transistor Level: Use Boolean Not in runset to remove
         the overlap r1= R0,  x(271000,273000)  ; y(-60450,-46050) ideal=4 act_level=57 pic_level=2
         cap_level=2 r2= R0,  x(271000,273000)  ; y(-65200,-41000) ideal=79 act_level=106
         pic_level=2 cap_level=3 (EX-78)
WARNING: Two Overlapping rectangles with different cap_levels and same picture levels Layer pgate
         overlaps with POLS Suggested Fix in Transistor Level: Use Boolean Not in runset to remove
         the overlap r1= R0,  x(271000,273000)  ; y(-60450,-46050) ideal=4 act_level=57 pic_level=2
         cap_level=2 r2= R0,  x(271000,273000)  ; y(-65200,-41000) ideal=79 act_level=106
         pic_level=2 cap_level=3 (EX-78)
WARNING: Two Overlapping rectangles with different cap_levels and same picture levels Layer pgate
         overlaps with POLS Suggested Fix in Transistor Level: Use Boolean Not in runset to remove
         the overlap r1= R0,  x(271000,273000)  ; y(-60450,-46050) ideal=4 act_level=57 pic_level=2
         cap_level=2 r2= R0,  x(271000,273000)  ; y(-65200,-41000) ideal=79 act_level=106
         pic_level=2 cap_level=3 (EX-78)
WARNING: Two Overlapping rectangles with different cap_levels and same picture levels Layer pgate
         overlaps with POLS Suggested Fix in Transistor Level: Use Boolean Not in runset to remove
         the overlap r1= R0,  x(271000,273000)  ; y(-60450,-46050) ideal=4 act_level=57 pic_level=2
         cap_level=2 r2= R0,  x(271000,273000)  ; y(-65200,-41000) ideal=79 act_level=106
         pic_level=2 cap_level=3 (EX-78)
WARNING: Two Overlapping rectangles with different cap_levels and same picture levels Layer pgate
         overlaps with POLS Suggested Fix in Transistor Level: Use Boolean Not in runset to remove
         the overlap r1= R0,  x(272000,272000)  ; y(-53250,-53250) ideal=4 act_level=57 pic_level=2
         cap_level=2 r2= R0,  x(271000,273000)  ; y(-65200,-41000) ideal=79 act_level=106
         pic_level=2 cap_level=3 (EX-78)
WARNING: Two Overlapping rectangles with different cap_levels and same picture levels Layer pgate
         overlaps with POLS Suggested Fix in Transistor Level: Use Boolean Not in runset to remove
         the overlap r1= R0,  x(272000,272000)  ; y(-53250,-53250) ideal=4 act_level=57 pic_level=2
         cap_level=2 r2= R0,  x(271000,273000)  ; y(-65200,-41000) ideal=79 act_level=106
         pic_level=2 cap_level=3 (EX-78)
WARNING: Two Overlapping rectangles with different cap_levels and same picture levels Layer ngate
         overlaps with POLS Suggested Fix in Transistor Level: Use Boolean Not in runset to remove
         the overlap r1= R0,  x(275500,277500)  ; y(-79350,-75750) ideal=4 act_level=40 pic_level=2
         cap_level=2 r2= R0,  x(275500,277500)  ; y(-80650,-72000) ideal=80 act_level=106
         pic_level=2 cap_level=3 (EX-78)
WARNING: Two Overlapping rectangles with different cap_levels and same picture levels Layer ngate
         overlaps with POLS Suggested Fix in Transistor Level: Use Boolean Not in runset to remove
         the overlap r1= R0,  x(275500,277500)  ; y(-79350,-75750) ideal=4 act_level=40 pic_level=2
         cap_level=2 r2= R0,  x(275500,277500)  ; y(-80650,-72000) ideal=80 act_level=106
         pic_level=2 cap_level=3 (EX-78)
WARNING: Two Overlapping rectangles with different cap_levels and same picture levels Layer ngate
         overlaps with POLS Suggested Fix in Transistor Level: Use Boolean Not in runset to remove
         the overlap r1= R0,  x(275500,277500)  ; y(-79350,-75750) ideal=4 act_level=40 pic_level=2
         cap_level=2 r2= R0,  x(275500,277500)  ; y(-80650,-72000) ideal=80 act_level=106
         pic_level=2 cap_level=3 (EX-78)
WARNING: Two Overlapping rectangles with different cap_levels and same picture levels Layer ngate
         overlaps with POLS Suggested Fix in Transistor Level: Use Boolean Not in runset to remove
         the overlap r1= R0,  x(276500,276500)  ; y(-77550,-77550) ideal=4 act_level=40 pic_level=2
         cap_level=2 r2= R0,  x(275500,277500)  ; y(-80650,-72000) ideal=80 act_level=106
         pic_level=2 cap_level=3 (EX-78)
WARNING: Two Overlapping rectangles with different cap_levels and same picture levels Layer ngate
         overlaps with POLS Suggested Fix in Transistor Level: Use Boolean Not in runset to remove
         the overlap r1= R0,  x(276500,276500)  ; y(-77550,-77550) ideal=4 act_level=40 pic_level=2
         cap_level=2 r2= R0,  x(275500,277500)  ; y(-80650,-72000) ideal=80 act_level=106
         pic_level=2 cap_level=3 (EX-78)
WARNING: Two Overlapping rectangles with different cap_levels and same picture levels Layer ngate
         overlaps with POLS Suggested Fix in Transistor Level: Use Boolean Not in runset to remove
         the overlap r1= R0,  x(301000,303000)  ; y(-79350,-75750) ideal=5 act_level=40 pic_level=2
         cap_level=2 r2= R0,  x(301000,303000)  ; y(-80650,-71000) ideal=82 act_level=106
         pic_level=2 cap_level=3 (EX-78)
WARNING: Two Overlapping rectangles with different cap_levels and same picture levels Layer ngate
         overlaps with POLS Suggested Fix in Transistor Level: Use Boolean Not in runset to remove
         the overlap r1= R0,  x(301000,303000)  ; y(-79350,-75750) ideal=5 act_level=40 pic_level=2
         cap_level=2 r2= R0,  x(301000,303000)  ; y(-80650,-71000) ideal=82 act_level=106
         pic_level=2 cap_level=3 (EX-78)
WARNING: Two Overlapping rectangles with different cap_levels and same picture levels Layer ngate
         overlaps with POLS Suggested Fix in Transistor Level: Use Boolean Not in runset to remove
         the overlap r1= R0,  x(301000,303000)  ; y(-79350,-75750) ideal=5 act_level=40 pic_level=2
         cap_level=2 r2= R0,  x(301000,303000)  ; y(-80650,-71000) ideal=82 act_level=106
         pic_level=2 cap_level=3 (EX-78)
WARNING: Two Overlapping rectangles with different cap_levels and same picture levels Layer pgate
         overlaps with POLS Suggested Fix in Transistor Level: Use Boolean Not in runset to remove
         the overlap r1= R0,  x(301000,303000)  ; y(-60450,-46050) ideal=5 act_level=57 pic_level=2
         cap_level=2 r2= R0,  x(301000,303000)  ; y(-65200,-44750) ideal=81 act_level=106
         pic_level=2 cap_level=3 (EX-78)
WARNING: Two Overlapping rectangles with different cap_levels and same picture levels Layer pgate
         overlaps with POLS Suggested Fix in Transistor Level: Use Boolean Not in runset to remove
         the overlap r1= R0,  x(301000,303000)  ; y(-60450,-46050) ideal=5 act_level=57 pic_level=2
         cap_level=2 r2= R0,  x(301000,303000)  ; y(-65200,-44750) ideal=81 act_level=106
         pic_level=2 cap_level=3 (EX-78)
WARNING: Two Overlapping rectangles with different cap_levels and same picture levels Layer pgate
         overlaps with POLS Suggested Fix in Transistor Level: Use Boolean Not in runset to remove
         the overlap r1= R0,  x(301000,303000)  ; y(-60450,-46050) ideal=5 act_level=57 pic_level=2
         cap_level=2 r2= R0,  x(301000,303000)  ; y(-65200,-44750) ideal=81 act_level=106
         pic_level=2 cap_level=3 (EX-78)
WARNING: Two Overlapping rectangles with different cap_levels and same picture levels Layer pgate
         overlaps with POLS Suggested Fix in Transistor Level: Use Boolean Not in runset to remove
         the overlap r1= R0,  x(301000,303000)  ; y(-60450,-46050) ideal=5 act_level=57 pic_level=2
         cap_level=2 r2= R0,  x(301000,303000)  ; y(-65200,-44750) ideal=81 act_level=106
         pic_level=2 cap_level=3 (EX-78)
WARNING: Two Overlapping rectangles with different cap_levels and same picture levels Layer ngate
         overlaps with POLS Suggested Fix in Transistor Level: Use Boolean Not in runset to remove
         the overlap r1= R0,  x(302000,302000)  ; y(-77550,-77550) ideal=5 act_level=40 pic_level=2
         cap_level=2 r2= R0,  x(301000,303000)  ; y(-80650,-71000) ideal=82 act_level=106
         pic_level=2 cap_level=3 (EX-78)
WARNING: Two Overlapping rectangles with different cap_levels and same picture levels Layer ngate
         overlaps with POLS Suggested Fix in Transistor Level: Use Boolean Not in runset to remove
         the overlap r1= R0,  x(302000,302000)  ; y(-77550,-77550) ideal=5 act_level=40 pic_level=2
         cap_level=2 r2= R0,  x(301000,303000)  ; y(-80650,-71000) ideal=82 act_level=106
         pic_level=2 cap_level=3 (EX-78)
WARNING: Two Overlapping rectangles with different cap_levels and same picture levels Layer pgate
         overlaps with POLS Suggested Fix in Transistor Level: Use Boolean Not in runset to remove
         the overlap r1= R0,  x(302000,302000)  ; y(-53250,-53250) ideal=5 act_level=57 pic_level=2
         cap_level=2 r2= R0,  x(301000,303000)  ; y(-65200,-44750) ideal=81 act_level=106
         pic_level=2 cap_level=3 (EX-78)
WARNING: Two Overlapping rectangles with different cap_levels and same picture levels Layer pgate
         overlaps with POLS Suggested Fix in Transistor Level: Use Boolean Not in runset to remove
         the overlap r1= R0,  x(302000,302000)  ; y(-53250,-53250) ideal=5 act_level=57 pic_level=2
         cap_level=2 r2= R0,  x(301000,303000)  ; y(-65200,-44750) ideal=81 act_level=106
         pic_level=2 cap_level=3 (EX-78)
Completed   5%  Time=00:00:00  RemainingTime=00:00:00  Mem=356.277
WARNING: Two Overlapping rectangles with different cap_levels and same picture levels Layer ngate
         overlaps with POLS Suggested Fix in Transistor Level: Use Boolean Not in runset to remove
         the overlap r1= R0,  x(239800,241800)  ; y(-80950,-73750) ideal=8 act_level=40 pic_level=2
         cap_level=2 r2= R0,  x(239800,241800)  ; y(-82250,-44300) ideal=78 act_level=106
         pic_level=2 cap_level=3 (EX-78)
WARNING: Two Overlapping rectangles with different cap_levels and same picture levels Layer ngate
         overlaps with POLS Suggested Fix in Transistor Level: Use Boolean Not in runset to remove
         the overlap r1= R0,  x(239800,241800)  ; y(-80950,-73750) ideal=8 act_level=40 pic_level=2
         cap_level=2 r2= R0,  x(239800,241800)  ; y(-82250,-44300) ideal=78 act_level=106
         pic_level=2 cap_level=3 (EX-78)
WARNING: Two Overlapping rectangles with different cap_levels and same picture levels Layer ngate
         overlaps with POLS Suggested Fix in Transistor Level: Use Boolean Not in runset to remove
         the overlap r1= R0,  x(239800,241800)  ; y(-80950,-73750) ideal=8 act_level=40 pic_level=2
         cap_level=2 r2= R0,  x(239800,241800)  ; y(-82250,-44300) ideal=78 act_level=106
         pic_level=2 cap_level=3 (EX-78)
WARNING: Two Overlapping rectangles with different cap_levels and same picture levels Layer pgate
         overlaps with POLS Suggested Fix in Transistor Level: Use Boolean Not in runset to remove
         the overlap r1= R0,  x(239800,241800)  ; y(-63600,-45600) ideal=8 act_level=57 pic_level=2
         cap_level=2 r2= R0,  x(239800,241800)  ; y(-82250,-44300) ideal=78 act_level=106
         pic_level=2 cap_level=3 (EX-78)
WARNING: Two Overlapping rectangles with different cap_levels and same picture levels Layer pgate
         overlaps with POLS Suggested Fix in Transistor Level: Use Boolean Not in runset to remove
         the overlap r1= R0,  x(239800,241800)  ; y(-63600,-45600) ideal=8 act_level=57 pic_level=2
         cap_level=2 r2= R0,  x(239800,241800)  ; y(-82250,-44300) ideal=78 act_level=106
         pic_level=2 cap_level=3 (EX-78)
WARNING: Two Overlapping rectangles with different cap_levels and same picture levels Layer pgate
         overlaps with POLS Suggested Fix in Transistor Level: Use Boolean Not in runset to remove
         the overlap r1= R0,  x(239800,241800)  ; y(-63600,-45600) ideal=8 act_level=57 pic_level=2
         cap_level=2 r2= R0,  x(239800,241800)  ; y(-82250,-44300) ideal=78 act_level=106
         pic_level=2 cap_level=3 (EX-78)
WARNING: Two Overlapping rectangles with different cap_levels and same picture levels Layer pgate
         overlaps with POLS Suggested Fix in Transistor Level: Use Boolean Not in runset to remove
         the overlap r1= R0,  x(239800,241800)  ; y(-63600,-45600) ideal=8 act_level=57 pic_level=2
         cap_level=2 r2= R0,  x(239800,241800)  ; y(-82250,-44300) ideal=78 act_level=106
         pic_level=2 cap_level=3 (EX-78)
WARNING: Two Overlapping rectangles with different cap_levels and same picture levels Layer ngate
         overlaps with POLS Suggested Fix in Transistor Level: Use Boolean Not in runset to remove
         the overlap r1= R0,  x(240800,240800)  ; y(-77350,-77350) ideal=8 act_level=40 pic_level=2
         cap_level=2 r2= R0,  x(239800,241800)  ; y(-82250,-44300) ideal=78 act_level=106
         pic_level=2 cap_level=3 (EX-78)
WARNING: Two Overlapping rectangles with different cap_levels and same picture levels Layer ngate
         overlaps with POLS Suggested Fix in Transistor Level: Use Boolean Not in runset to remove
         the overlap r1= R0,  x(240800,240800)  ; y(-77350,-77350) ideal=8 act_level=40 pic_level=2
         cap_level=2 r2= R0,  x(239800,241800)  ; y(-82250,-44300) ideal=78 act_level=106
         pic_level=2 cap_level=3 (EX-78)
WARNING: Two Overlapping rectangles with different cap_levels and same picture levels Layer pgate
         overlaps with POLS Suggested Fix in Transistor Level: Use Boolean Not in runset to remove
         the overlap r1= R0,  x(240800,240800)  ; y(-54600,-54600) ideal=8 act_level=57 pic_level=2
         cap_level=2 r2= R0,  x(239800,241800)  ; y(-82250,-44300) ideal=78 act_level=106
         pic_level=2 cap_level=3 (EX-78)
WARNING: Two Overlapping rectangles with different cap_levels and same picture levels Layer pgate
         overlaps with POLS Suggested Fix in Transistor Level: Use Boolean Not in runset to remove
         the overlap r1= R0,  x(240800,240800)  ; y(-54600,-54600) ideal=8 act_level=57 pic_level=2
         cap_level=2 r2= R0,  x(239800,241800)  ; y(-82250,-44300) ideal=78 act_level=106
         pic_level=2 cap_level=3 (EX-78)
WARNING: Two Overlapping rectangles with different cap_levels and same picture levels Layer ngate
         overlaps with POLS Suggested Fix in Transistor Level: Use Boolean Not in runset to remove
         the overlap r1= R0,  x(254300,256300)  ; y(-79850,-75050) ideal=9 act_level=40 pic_level=2
         cap_level=2 r2= R0,  x(254300,256300)  ; y(-81150,-72100) ideal=76 act_level=106
         pic_level=2 cap_level=3 (EX-78)
WARNING: Two Overlapping rectangles with different cap_levels and same picture levels Layer ngate
         overlaps with POLS Suggested Fix in Transistor Level: Use Boolean Not in runset to remove
         the overlap r1= R0,  x(254300,256300)  ; y(-79850,-75050) ideal=9 act_level=40 pic_level=2
         cap_level=2 r2= R0,  x(254300,256300)  ; y(-81150,-72100) ideal=76 act_level=106
         pic_level=2 cap_level=3 (EX-78)
WARNING: Two Overlapping rectangles with different cap_levels and same picture levels Layer ngate
         overlaps with POLS Suggested Fix in Transistor Level: Use Boolean Not in runset to remove
         the overlap r1= R0,  x(254300,256300)  ; y(-79850,-75050) ideal=9 act_level=40 pic_level=2
         cap_level=2 r2= R0,  x(254300,256300)  ; y(-81150,-72100) ideal=76 act_level=106
         pic_level=2 cap_level=3 (EX-78)
WARNING: Two Overlapping rectangles with different cap_levels and same picture levels Layer pgate
         overlaps with POLS Suggested Fix in Transistor Level: Use Boolean Not in runset to remove
         the overlap r1= R0,  x(254300,256300)  ; y(-64800,-45600) ideal=9 act_level=57 pic_level=2
         cap_level=2 r2= R0,  x(254300,256300)  ; y(-68600,-44300) ideal=74 act_level=106
         pic_level=2 cap_level=3 (EX-78)
WARNING: Two Overlapping rectangles with different cap_levels and same picture levels Layer pgate
         overlaps with POLS Suggested Fix in Transistor Level: Use Boolean Not in runset to remove
         the overlap r1= R0,  x(254300,256300)  ; y(-64800,-45600) ideal=9 act_level=57 pic_level=2
         cap_level=2 r2= R0,  x(254300,256300)  ; y(-68600,-44300) ideal=74 act_level=106
         pic_level=2 cap_level=3 (EX-78)
WARNING: Two Overlapping rectangles with different cap_levels and same picture levels Layer pgate
         overlaps with POLS Suggested Fix in Transistor Level: Use Boolean Not in runset to remove
         the overlap r1= R0,  x(254300,256300)  ; y(-64800,-45600) ideal=9 act_level=57 pic_level=2
         cap_level=2 r2= R0,  x(254300,256300)  ; y(-68600,-44300) ideal=74 act_level=106
         pic_level=2 cap_level=3 (EX-78)
WARNING: Two Overlapping rectangles with different cap_levels and same picture levels Layer pgate
         overlaps with POLS Suggested Fix in Transistor Level: Use Boolean Not in runset to remove
         the overlap r1= R0,  x(254300,256300)  ; y(-64800,-45600) ideal=9 act_level=57 pic_level=2
         cap_level=2 r2= R0,  x(254300,256300)  ; y(-68600,-44300) ideal=74 act_level=106
         pic_level=2 cap_level=3 (EX-78)
WARNING: Two Overlapping rectangles with different cap_levels and same picture levels Layer pgate
         overlaps with POLS Suggested Fix in Transistor Level: Use Boolean Not in runset to remove
         the overlap r1= R0,  x(254300,256300)  ; y(-64800,-45600) ideal=9 act_level=57 pic_level=2
         cap_level=2 r2= R0,  x(254300,256300)  ; y(-68600,-44300) ideal=74 act_level=106
         pic_level=2 cap_level=3 (EX-78)
WARNING: Two Overlapping rectangles with different cap_levels and same picture levels Layer ngate
         overlaps with POLS Suggested Fix in Transistor Level: Use Boolean Not in runset to remove
         the overlap r1= R0,  x(255300,255300)  ; y(-77450,-77450) ideal=9 act_level=40 pic_level=2
         cap_level=2 r2= R0,  x(254300,256300)  ; y(-81150,-72100) ideal=76 act_level=106
         pic_level=2 cap_level=3 (EX-78)
WARNING: Two Overlapping rectangles with different cap_levels and same picture levels Layer ngate
         overlaps with POLS Suggested Fix in Transistor Level: Use Boolean Not in runset to remove
         the overlap r1= R0,  x(255300,255300)  ; y(-77450,-77450) ideal=9 act_level=40 pic_level=2
         cap_level=2 r2= R0,  x(254300,256300)  ; y(-81150,-72100) ideal=76 act_level=106
         pic_level=2 cap_level=3 (EX-78)
WARNING: Two Overlapping rectangles with different cap_levels and same picture levels Layer pgate
         overlaps with POLS Suggested Fix in Transistor Level: Use Boolean Not in runset to remove
         the overlap r1= R0,  x(255300,255300)  ; y(-55200,-55200) ideal=9 act_level=57 pic_level=2
         cap_level=2 r2= R0,  x(254300,256300)  ; y(-68600,-44300) ideal=74 act_level=106
         pic_level=2 cap_level=3 (EX-78)
WARNING: Two Overlapping rectangles with different cap_levels and same picture levels Layer pgate
         overlaps with POLS Suggested Fix in Transistor Level: Use Boolean Not in runset to remove
         the overlap r1= R0,  x(255300,255300)  ; y(-55200,-55200) ideal=9 act_level=57 pic_level=2
         cap_level=2 r2= R0,  x(254300,256300)  ; y(-68600,-44300) ideal=74 act_level=106
         pic_level=2 cap_level=3 (EX-78)
Completed  10%  Time=00:00:00  RemainingTime=00:00:00  Mem=356.277
WARNING: Two Overlapping rectangles with different cap_levels and same picture levels Layer ngate
         overlaps with POLS Suggested Fix in Transistor Level: Use Boolean Not in runset to remove
         the overlap r1= R0,  x(271000,273000)  ; y(-79350,-75750) ideal=11 act_level=40
 pic_level=2
         cap_level=2 r2= R0,  x(271000,273000)  ; y(-83600,-74450) ideal=67 act_level=106
         pic_level=2 cap_level=3 (EX-78)
WARNING: Two Overlapping rectangles with different cap_levels and same picture levels Layer ngate
         overlaps with POLS Suggested Fix in Transistor Level: Use Boolean Not in runset to remove
         the overlap r1= R0,  x(271000,273000)  ; y(-79350,-75750) ideal=11 act_level=40
 pic_level=2
         cap_level=2 r2= R0,  x(271000,273000)  ; y(-83600,-74450) ideal=67 act_level=106
         pic_level=2 cap_level=3 (EX-78)
WARNING: Two Overlapping rectangles with different cap_levels and same picture levels Layer ngate
         overlaps with POLS Suggested Fix in Transistor Level: Use Boolean Not in runset to remove
         the overlap r1= R0,  x(271000,273000)  ; y(-79350,-75750) ideal=11 act_level=40
 pic_level=2
         cap_level=2 r2= R0,  x(271000,273000)  ; y(-83600,-74450) ideal=67 act_level=106
         pic_level=2 cap_level=3 (EX-78)
WARNING: Two Overlapping rectangles with different cap_levels and same picture levels Layer ngate
         overlaps with POLS Suggested Fix in Transistor Level: Use Boolean Not in runset to remove
         the overlap r1= R0,  x(271000,273000)  ; y(-79350,-75750) ideal=11 act_level=40
 pic_level=2
         cap_level=2 r2= R0,  x(271000,273000)  ; y(-83600,-74450) ideal=67 act_level=106
         pic_level=2 cap_level=3 (EX-78)
WARNING: Two Overlapping rectangles with different cap_levels and same picture levels Layer ngate
         overlaps with POLS Suggested Fix in Transistor Level: Use Boolean Not in runset to remove
         the overlap r1= R0,  x(271000,273000)  ; y(-79350,-75750) ideal=11 act_level=40
 pic_level=2
         cap_level=2 r2= R0,  x(271000,273000)  ; y(-83600,-74450) ideal=67 act_level=106
         pic_level=2 cap_level=3 (EX-78)
WARNING: Two Overlapping rectangles with different cap_levels and same picture levels Layer ngate
         overlaps with POLS Suggested Fix in Transistor Level: Use Boolean Not in runset to remove
         the overlap r1= R0,  x(272000,272000)  ; y(-77550,-77550) ideal=11 act_level=40
 pic_level=2
         cap_level=2 r2= R0,  x(271000,273000)  ; y(-83600,-74450) ideal=67 act_level=106
         pic_level=2 cap_level=3 (EX-78)
WARNING: Two Overlapping rectangles with different cap_levels and same picture levels Layer ngate
         overlaps with POLS Suggested Fix in Transistor Level: Use Boolean Not in runset to remove
         the overlap r1= R0,  x(272000,272000)  ; y(-77550,-77550) ideal=11 act_level=40
 pic_level=2
         cap_level=2 r2= R0,  x(271000,273000)  ; y(-83600,-74450) ideal=67 act_level=106
         pic_level=2 cap_level=3 (EX-78)
Completed  14%  Time=00:00:00  RemainingTime=00:00:00  Mem=356.277
Completed  19%  Time=00:00:00  RemainingTime=00:00:00  Mem=356.277
Completed  24%  Time=00:00:00  RemainingTime=00:00:00  Mem=356.277
Completed  28%  Time=00:00:00  RemainingTime=00:00:00  Mem=356.277
Completed  33%  Time=00:00:00  RemainingTime=00:00:00  Mem=356.277
Completed  37%  Time=00:00:00  RemainingTime=00:00:00  Mem=356.277
Completed  42%  Time=00:00:00  RemainingTime=00:00:00  Mem=356.277
Completed  47%  Time=00:00:00  RemainingTime=00:00:00  Mem=356.277
WARNING: Two Overlapping rectangles with different cap_levels and same picture levels Layer pgate
         overlaps with POLS Suggested Fix in Transistor Level: Use Boolean Not in runset to remove
         the overlap r1= R0,  x(281000,283000)  ; y(-60450,-46050) ideal=43 act_level=57
 pic_level=2
         cap_level=2 r2= R0,  x(281000,283000)  ; y(-65100,-44750) ideal=85 act_level=106
         pic_level=2 cap_level=3 (EX-78)
WARNING: Two Overlapping rectangles with different cap_levels and same picture levels Layer pgate
         overlaps with POLS Suggested Fix in Transistor Level: Use Boolean Not in runset to remove
         the overlap r1= R0,  x(281000,283000)  ; y(-60450,-46050) ideal=43 act_level=57
 pic_level=2
         cap_level=2 r2= R0,  x(281000,283000)  ; y(-65100,-44750) ideal=85 act_level=106
         pic_level=2 cap_level=3 (EX-78)
WARNING: Two Overlapping rectangles with different cap_levels and same picture levels Layer pgate
         overlaps with POLS Suggested Fix in Transistor Level: Use Boolean Not in runset to remove
         the overlap r1= R0,  x(281000,283000)  ; y(-60450,-46050) ideal=43 act_level=57
 pic_level=2
         cap_level=2 r2= R0,  x(281000,283000)  ; y(-65100,-44750) ideal=85 act_level=106
         pic_level=2 cap_level=3 (EX-78)
WARNING: Two Overlapping rectangles with different cap_levels and same picture levels Layer pgate
         overlaps with POLS Suggested Fix in Transistor Level: Use Boolean Not in runset to remove
         the overlap r1= R0,  x(281000,283000)  ; y(-60450,-46050) ideal=43 act_level=57
 pic_level=2
         cap_level=2 r2= R0,  x(281000,283000)  ; y(-65100,-44750) ideal=85 act_level=106
         pic_level=2 cap_level=3 (EX-78)
WARNING: Two Overlapping rectangles with different cap_levels and same picture levels Layer pgate
         overlaps with POLS Suggested Fix in Transistor Level: Use Boolean Not in runset to remove
         the overlap r1= R0,  x(282000,282000)  ; y(-53250,-53250) ideal=43 act_level=57
 pic_level=2
         cap_level=2 r2= R0,  x(281000,283000)  ; y(-65100,-44750) ideal=85 act_level=106
         pic_level=2 cap_level=3 (EX-78)
WARNING: Two Overlapping rectangles with different cap_levels and same picture levels Layer pgate
         overlaps with POLS Suggested Fix in Transistor Level: Use Boolean Not in runset to remove
         the overlap r1= R0,  x(282000,282000)  ; y(-53250,-53250) ideal=43 act_level=57
 pic_level=2
         cap_level=2 r2= R0,  x(281000,283000)  ; y(-65100,-44750) ideal=85 act_level=106
         pic_level=2 cap_level=3 (EX-78)
Completed  51%  Time=00:00:00  RemainingTime=00:00:00  Mem=356.277
Completed  56%  Time=00:00:00  RemainingTime=00:00:00  Mem=356.277
WARNING: Two Overlapping rectangles with different cap_levels and same picture levels Layer ngate
         overlaps with POLS Suggested Fix in Transistor Level: Use Boolean Not in runset to remove
         the overlap r1= R0,  x(280000,282000)  ; y(-79350,-75750) ideal=54 act_level=40
 pic_level=2
         cap_level=2 r2= R0,  x(280000,282000)  ; y(-80650,-72000) ideal=86 act_level=106
         pic_level=2 cap_level=3 (EX-78)
WARNING: Two Overlapping rectangles with different cap_levels and same picture levels Layer ngate
         overlaps with POLS Suggested Fix in Transistor Level: Use Boolean Not in runset to remove
         the overlap r1= R0,  x(280000,282000)  ; y(-79350,-75750) ideal=54 act_level=40
 pic_level=2
         cap_level=2 r2= R0,  x(280000,282000)  ; y(-80650,-72000) ideal=86 act_level=106
         pic_level=2 cap_level=3 (EX-78)
WARNING: Two Overlapping rectangles with different cap_levels and same picture levels Layer ngate
         overlaps with POLS Suggested Fix in Transistor Level: Use Boolean Not in runset to remove
         the overlap r1= R0,  x(280000,282000)  ; y(-79350,-75750) ideal=54 act_level=40
 pic_level=2
         cap_level=2 r2= R0,  x(280000,282000)  ; y(-80650,-72000) ideal=86 act_level=106
         pic_level=2 cap_level=3 (EX-78)
WARNING: Two Overlapping rectangles with different cap_levels and same picture levels Layer ngate
         overlaps with POLS Suggested Fix in Transistor Level: Use Boolean Not in runset to remove
         the overlap r1= R0,  x(281000,281000)  ; y(-77550,-77550) ideal=54 act_level=40
 pic_level=2
         cap_level=2 r2= R0,  x(280000,282000)  ; y(-80650,-72000) ideal=86 act_level=106
         pic_level=2 cap_level=3 (EX-78)
WARNING: Two Overlapping rectangles with different cap_levels and same picture levels Layer ngate
         overlaps with POLS Suggested Fix in Transistor Level: Use Boolean Not in runset to remove
         the overlap r1= R0,  x(281000,281000)  ; y(-77550,-77550) ideal=54 act_level=40
 pic_level=2
         cap_level=2 r2= R0,  x(280000,282000)  ; y(-80650,-72000) ideal=86 act_level=106
         pic_level=2 cap_level=3 (EX-78)
Completed  60%  Time=00:00:00  RemainingTime=00:00:00  Mem=356.277
Completed  65%  Time=00:00:00  RemainingTime=00:00:00  Mem=356.277
Completed  70%  Time=00:00:00  RemainingTime=00:00:00  Mem=356.277
Completed  74%  Time=00:00:00  RemainingTime=00:00:00  Mem=356.277
WARNING: Two Overlapping rectangles with different cap_levels and same picture levels Layer POLS
         overlaps with ngate Suggested Fix in Transistor Level: Use Boolean Not in runset to remove
         the overlap r1= R0,  x(271000,273000)  ; y(-83600,-74450) ideal=67 act_level=106
         pic_level=2 cap_level=3 r2= R0,  x(271000,273000)  ; y(-79350,-75750) ideal=11
 act_level=40
         pic_level=2 cap_level=2 (EX-78)
WARNING: Two Overlapping rectangles with different cap_levels and same picture levels Layer POLS
         overlaps with ngate Suggested Fix in Transistor Level: Use Boolean Not in runset to remove
         the overlap r1= R0,  x(271000,273000)  ; y(-83600,-74450) ideal=67 act_level=106
         pic_level=2 cap_level=3 r2= R0,  x(271000,273000)  ; y(-79350,-75750) ideal=11
 act_level=40
         pic_level=2 cap_level=2 (EX-78)
WARNING: Two Overlapping rectangles with different cap_levels and same picture levels Layer POLS
         overlaps with ngate Suggested Fix in Transistor Level: Use Boolean Not in runset to remove
         the overlap r1= R0,  x(271000,273000)  ; y(-83600,-74450) ideal=67 act_level=106
         pic_level=2 cap_level=3 r2= R0,  x(271000,273000)  ; y(-79350,-75750) ideal=11
 act_level=40
         pic_level=2 cap_level=2 (EX-78)
WARNING: Two Overlapping rectangles with different cap_levels and same picture levels Layer POLS
         overlaps with ngate Suggested Fix in Transistor Level: Use Boolean Not in runset to remove
         the overlap r1= R0,  x(271000,273000)  ; y(-83600,-74450) ideal=67 act_level=106
         pic_level=2 cap_level=3 r2= R0,  x(271000,273000)  ; y(-79350,-75750) ideal=11
 act_level=40
         pic_level=2 cap_level=2 (EX-78)
WARNING: Two Overlapping rectangles with different cap_levels and same picture levels Layer POLS
         overlaps with ngate Suggested Fix in Transistor Level: Use Boolean Not in runset to remove
         the overlap r1= R0,  x(271000,273000)  ; y(-83600,-74450) ideal=67 act_level=106
         pic_level=2 cap_level=3 r2= R0,  x(271000,273000)  ; y(-79350,-75750) ideal=11
 act_level=40
         pic_level=2 cap_level=2 (EX-78)
WARNING: Two Overlapping rectangles with different cap_levels and same picture levels Layer POLS
         overlaps with pgate Suggested Fix in Transistor Level: Use Boolean Not in runset to remove
         the overlap r1= R0,  x(219800,221800)  ; y(-68600,-44300) ideal=68 act_level=106
         pic_level=2 cap_level=3 r2= R0,  x(219800,221800)  ; y(-64800,-45600) ideal=87
 act_level=57
         pic_level=2 cap_level=2 (EX-78)
Suppression: Message (EX-78) suppressed beyond 100 times
Completed  79%  Time=00:00:00  RemainingTime=00:00:00  Mem=356.277
Completed  83%  Time=00:00:00  RemainingTime=00:00:00  Mem=356.277
Completed  88%  Time=00:00:00  RemainingTime=00:00:00  Mem=356.277
Completed  93%  Time=00:00:00  RemainingTime=00:00:00  Mem=356.277
Completed  97%  Time=00:00:00  RemainingTime=00:00:00  Mem=356.277
Completed 100%  Time=00:00:00  RemainingTime=00:00:00  Mem=356.277
Extracted 1446 capacitors, 3692 resistors, 2009 nodes
Reduced to 938 nodes,  (53.3101%)
Reduced to 1027 resistors,  (72.1831%)
  Warnings: 100    Errors: 0    (See file summary/xtract.sum)
  xTract        Elp=00:00:00 Cpu=00:00:00 Usr=0.2    Sys=0.1    Mem=356.3 
Done

xTract Post Process DB:  Thu Apr 30 23:12:44 2026
Completed   1%  Time=00:00:00  RemainingTime=00:00:00  Mem=225.984
Completed  10%  Time=00:00:00  RemainingTime=00:00:00  Mem=225.984
Completed  19%  Time=00:00:00  RemainingTime=00:00:00  Mem=225.984
Completed  28%  Time=00:00:00  RemainingTime=00:00:00  Mem=225.984
Completed  48%  Time=00:00:00  RemainingTime=00:00:00  Mem=225.984
Completed  67%  Time=00:00:00  RemainingTime=00:00:00  Mem=225.984
Completed  87%  Time=00:00:00  RemainingTime=00:00:00  Mem=225.984
Completed 100%  Time=00:00:00  RemainingTime=00:00:00  Mem=225.984
  Warnings: 0    Errors: 0
  xTractPP      Elp=00:00:00 Cpu=00:00:00 Usr=0.0    Sys=0.0    Mem=226.0 
Done

Report Violations:  Thu Apr 30 23:12:44 2026
WARNING: Found shorted nets (see file shorts_all.sum). The capacitances of these nets may be
         unreliable due to the shorts. (SX-0955)
  Warnings: 1    Errors: 0    (See file summary/report_violations.sum)
  ReportViolations Elp=00:00:00 Cpu=00:00:00 Usr=0.0    Sys=0.0    Mem=331.7 
Done

Netlist DB:  Thu Apr 30 23:12:44 2026
WARNING: INTERNAL Warning: unknown layer has been referenced: hrppoly_psub (EX-202)
WARNING: INTERNAL Warning: unknown layer has been referenced: hrpoly_psub (EX-202)
WARNING: INTERNAL Warning: unknown layer has been referenced: hrppoly_nxwell (EX-202)
WARNING: INTERNAL Warning: unknown layer has been referenced: rppolywo_nS_nxwell (EX-202)
WARNING: INTERNAL Warning: unknown layer has been referenced: rppolywo_r_nxwell (EX-202)
WARNING: INTERNAL Warning: unknown layer has been referenced: hrpoly_nxwell (EX-202)
WARNING: INTERNAL Warning: unknown layer has been referenced: rnpolywo_nS_nxwell (EX-202)
WARNING: INTERNAL Warning: unknown layer has been referenced: tndiff_dnwell25 (EX-202)
WARNING: INTERNAL Warning: unknown layer has been referenced: mom_cap_123_term (EX-202)
WARNING: 'In layer mapping file line 187 'layer 'cbm' undefined in technology library. (EX-1993)
WARNING: 'In layer mapping file line 187 'layer 'cbm' undefined in technology library. (EX-1993)
WARNING: 'In layer mapping file line 187 'layer 'cbm' undefined in technology library. (EX-1993)
WARNING: INTERNAL Warning: unknown layer has been referenced: rnpoly3t_poly (EX-202)
WARNING: INTERNAL Warning: unknown layer has been referenced: rppoly3t_poly (EX-202)
Completed   0%  Time=00:00:00  RemainingTime=00:00:00  Mem=541.199
Completed   2%  Time=00:00:00  RemainingTime=00:00:00  Mem=541.262
Completed   4%  Time=00:00:00  RemainingTime=00:00:00  Mem=541.324
WARNING: Physical shape and presistor of design layer 'POLS' ('106') is not available in parasitic
         view as there is no corresponding LPP in OA_LAYER_MAPPING_FILE. (EX-2000)
Completed   6%  Time=00:00:00  RemainingTime=00:00:00  Mem=541.387
Completed   8%  Time=00:00:00  RemainingTime=00:00:00  Mem=541.449
WARNING: Physical shape and presistor of design layer 'M1S' ('77') is not available in parasitic
         view as there is no corresponding LPP in OA_LAYER_MAPPING_FILE. (EX-2000)
Completed  10%  Time=00:00:00  RemainingTime=00:00:00  Mem=541.449
Completed  20%  Time=00:00:00  RemainingTime=00:00:00  Mem=541.512
Completed  30%  Time=00:00:00  RemainingTime=00:00:00  Mem=541.715
Completed  40%  Time=00:00:00  RemainingTime=00:00:00  Mem=541.777
Completed  50%  Time=00:00:00  RemainingTime=00:00:00  Mem=541.84
Completed  60%  Time=00:00:00  RemainingTime=00:00:00  Mem=541.902
Completed  70%  Time=00:00:00  RemainingTime=00:00:00  Mem=541.902
Completed  79%  Time=00:00:00  RemainingTime=00:00:00  Mem=541.965
WARNING: Physical shape and presistor of design layer 'metal2' ('90') is not available in parasitic
         view as there is no corresponding LPP in OA_LAYER_MAPPING_FILE. (EX-2000)
Completed  89%  Time=00:00:00  RemainingTime=00:00:00  Mem=542.027
Completed  99%  Time=00:00:00  RemainingTime=00:00:00  Mem=542.641
Completed 100%  Time=00:00:00  RemainingTime=00:00:00  Mem=542.641
  Warnings: 17    Errors: 0    (See file summary/netlist.sum)
  Netlist       Elp=00:00:01 Cpu=00:00:00 Usr=0.2    Sys=0.1    Mem=542.6 
Done
  
Setup            Elp=00:00:02 Cpu=00:00:00 Usr=0.7    Sys=0.0    Mem=429.1 
Layers           Elp=00:00:00 Cpu=00:00:00 Usr=0.1    Sys=0.3    Mem=429.2 
Models           Elp=00:00:00 Cpu=00:00:00 Usr=0.0    Sys=0.0    Mem=429.2 
HN               Elp=00:00:01 Cpu=00:00:00 Usr=0.0    Sys=0.1    Mem=445.2 
XrefHN           Elp=00:00:00 Cpu=00:00:00 Usr=0.0    Sys=0.0    Mem=335.4 
Cells            Elp=00:00:00 Cpu=00:00:00 Usr=0.0    Sys=0.0    Mem=429.2 
Translate        Elp=00:00:00 Cpu=00:00:00 Usr=0.0    Sys=0.0    Mem=429.2 
NetlistSetup     Elp=00:00:00 Cpu=00:00:00 Usr=0.0    Sys=0.0    Mem=331.4 
xTract           Elp=00:00:00 Cpu=00:00:00 Usr=0.2    Sys=0.1    Mem=356.3 
xTractPP         Elp=00:00:00 Cpu=00:00:00 Usr=0.0    Sys=0.0    Mem=226.0 
ReportViolations Elp=00:00:00 Cpu=00:00:00 Usr=0.0    Sys=0.0    Mem=331.7 
Netlist          Elp=00:00:01 Cpu=00:00:00 Usr=0.2    Sys=0.1    Mem=542.6 
  
Done          Elp=00:00:04 Cpu=00:00:01 Usr=1.2    Sys=0.6    Mem=542.6 
