DEBUG: ConnectToServer: localhost 60118
DEBUG: connect back to cdesigner: 'localhost:60118'

< LAYOUT: start_vue >
V SET_COLOR white       white
V SET_COLOR red         red
V SET_COLOR darkRed     maroon
V SET_COLOR green       lime
V SET_COLOR darkGreen   forest
V SET_COLOR blue        blue
V SET_COLOR darkBlue    navy
V SET_COLOR cyan        cyan
V SET_COLOR darkCyan    cadetBlue
V SET_COLOR magenta     magenta
V SET_COLOR darkMagenta purple
V SET_COLOR yellow      yellow
V SET_FILL  blank       blank
V SET_FILL  solid       solid
V SET_FILL  backSlash   backSlash
V SET_FILL  slash       slash
V SET_FILL  dot         dots
V SET_FILL  diagCross   X
V SET_FILL  brick       brick
V SET_FILL  horizontal  hLine
V SET_FILL  vertical    vLine
L CDESIGNER::StartFilter LAY
L set curLayCell ""
L set curLayView ""

< LAYOUT: start_filter >

< LAYOUT: load_hercules >
L set inlibPath  "/home/itsupport/Desktop/DOAN/FF_VERIFY/."
L set topLayLib  "DOAN"
L set topLayCell [lindex {"Pulse_FF"} 0]
L set topLayView "layout"
L set curLayLib  "$topLayLib"
L set curLayCell "$topLayCell"
L set curLayView "$topLayView"
L CDESIGNER::SendCommand setInlibPath "$inlibPath"
L CDESIGNER::SendCommand setTopLayLCV "$topLayLib" "$topLayCell" "$topLayView"
L CDESIGNER::SendCommand openCell "$curLayLib" "$curLayCell" "$curLayView"
DEBUG: PushBackXprobeMessage{vueSetDbu 0.001
}

< LAYOUT: remove_hilites >
L CDESIGNER::SendCommand clearAllHighlights "$curLayCell" "$curLayView"

< LAYOUT: remove_hilites >
L CDESIGNER::SendCommand clearAllHighlights "$curLayCell" "$curLayView"
+ INFO: Filter has been loaded successfully.
        '/usr/synopsys/hercules/B-2008.09-SP5/lib-u/AMD.64/VUE/Layout/libhiCDesignerLE.so'
