/* NetTran: AMD.64 Release B-2008.09.SP5.26004 2012/07/19 */ 
/* Created:  4/27/2026  23:45   */
NetTran - Netlist Translator (R), AMD.64 Release B-2008.09.SP5.26004 2012/07/19

  (C) Copyright 1996, 1997, 1998, 1999, 2000, 2001, 2002, 2003, 2004, 2005,
                2006, 2007, 2008, 2009, 2010, 2011, 2012.
  Synopsys, Inc.  All rights reserved.

Options: -cdl /home/itsupport/Desktop/DOAN/synopsys_custom/NAND.hercules.lvs/NAND.custom_compiler.sp -sp /home/itsupport/Desktop/DOAN/PDK/hercules/lvs/empty.subckt -cdl-a -cdl-p -mprop -slash -logFile /home/itsupport/Desktop/DOAN/NAND_VERIFY/run_details/nettran.log -outName NAND.sch_out 

Reading "/home/itsupport/Desktop/DOAN/PDK/hercules/lvs/empty.subckt" netlist ...
Loading cell "rnpoly" ...
Loading cell "rppoly" ...
Loading cell "rnpolyS" ...
Loading cell "rppolyS" ...
Loading cell "rndiff" ...
Loading cell "rpdiff" ...
Loading cell "rndiffS" ...
Loading cell "rpdiffS" ...
Loading cell "rnpoly_3t" ...
Loading cell "rppoly_3t" ...
Loading cell "rnpolyS_3t" ...
Loading cell "rppolyS_3t" ...
Loading cell "rndiff_3t" ...
Loading cell "rpdiff_3t" ...
Loading cell "rndiffS_3t" ...
Loading cell "rpdiffS_3t" ...
Loading cell "rnwell" ...
Loading cell "rnwdiff" ...
Loading cell "rnwell_3t" ...
Loading cell "rnwdiff_3t" ...
Loading cell "hrnpoly" ...
Loading cell "hrppoly" ...
Loading cell "hrnpoly_3t" ...
Loading cell "hrppoly_3t" ...
Loading cell "rm1" ...
Loading cell "rm2" ...
Loading cell "rm3" ...
Loading cell "rm4" ...
Loading cell "rm5" ...
Loading cell "rm6" ...
Loading cell "rm7" ...
Loading cell "rm8" ...
Loading cell "rmt" ...
Loading cell "rpoly" ...
Loading cell "rpolyh" ...
Loading cell "rpolyrf" ...
Loading cell "rpolyhrf" ...
Loading cell "rpolyc" ...
Loading cell "rpolyhc" ...
Loading cell "cmim_2t" ...
Loading cell "cmim_3t" ...
Loading cell "cmom" ...
Loading cell "DNWDIODE" ...
Loading cell "NVAR1" ...
Loading cell "NVAR2" ...
Loading cell "PVAR1" ...
Loading cell "PVAR2" ...
Loading cell "XJVAR" ...
Loading cell "VARDIO" ...
Loading cell "SYNSTD" ...
Loading cell "INDSYM" ...
Loading cell "INDSYMCT" ...
Loading cell "NDN" ...
Loading cell "NDN25" ...
Loading cell "MOSVAR_1V2" ...
Reading "/home/itsupport/Desktop/DOAN/synopsys_custom/NAND.hercules.lvs/NAND.custom_compiler.sp" netlist ...
Loading cell "NAND" ...
Processing Hierarchy ...
Writing Hercules netlist ...
Translation completed.
