DEBUG: ConnectToServer: localhost 60376
DEBUG: connect back to cdesigner: 'localhost:60376'

< LAYOUT: start_vue >
V SET_COLOR white       white
V SET_COLOR red         red
V SET_COLOR darkRed     maroon
V SET_COLOR green       lime
V SET_COLOR darkGreen   forest
V SET_COLOR blue        blue
V SET_COLOR darkBlue    navy
V SET_COLOR cyan        cyan
V SET_COLOR darkCyan    cadetBlue
V SET_COLOR magenta     magenta
V SET_COLOR darkMagenta purple
V SET_COLOR yellow      yellow
V SET_FILL  blank       blank
V SET_FILL  solid       solid
V SET_FILL  backSlash   backSlash
V SET_FILL  slash       slash
V SET_FILL  dot         dots
V SET_FILL  diagCross   X
V SET_FILL  brick       brick
V SET_FILL  horizontal  hLine
V SET_FILL  vertical    vLine
L CDESIGNER::StartFilter LAY
L set curLayCell ""
L set curLayView ""

< LAYOUT: start_filter >

< LAYOUT: load_hercules >
L set inlibPath  "/home/itsupport/Desktop/DOAN/D_FF_NON_VERIFY/."
L set topLayLib  "D_FF"
L set topLayCell [lindex {"dff_nonoverlap"} 0]
L set topLayView "layout"
L set curLayLib  "$topLayLib"
L set curLayCell "$topLayCell"
L set curLayView "$topLayView"
L CDESIGNER::SendCommand setInlibPath "$inlibPath"
L CDESIGNER::SendCommand setTopLayLCV "$topLayLib" "$topLayCell" "$topLayView"
L CDESIGNER::SendCommand openCell "$curLayLib" "$curLayCell" "$curLayView"
DEBUG: PushBackXprobeMessage{vueSetDbu 0.001
}

< LAYOUT: remove_hilites >
L CDESIGNER::SendCommand clearAllHighlights "$curLayCell" "$curLayView"

< LAYOUT: remove_hilites >
L CDESIGNER::SendCommand clearAllHighlights "$curLayCell" "$curLayView"

< LAYOUT: new_block >
V ZOOM_EXTENTS_RESET
L CDESIGNER::SendCommand clearAllHighlights "$curLayCell" "$curLayView"
L set curLayCell [lindex {"dff_nonoverlap"} 0]
L set curLayView "layout"
L CDESIGNER::SendCommand openCell "$curLayLib" "$curLayCell" "$curLayView"
DEBUG: PushBackXprobeMessage{vueSetDbu 0.001
}

< LAYOUT: remove_hilites >
L CDESIGNER::SendCommand clearAllHighlights "$curLayCell" "$curLayView"

< LAYOUT: remove_hilites >
L CDESIGNER::SendCommand clearAllHighlights "$curLayCell" "$curLayView"

< LAYOUT: before_hilite >
V ZOOM_EXTENTS_RESET

< LAYOUT: primary_hilite >
L CDESIGNER::SendCommand setHighlightProperty "$curLayCell" "$curLayView" "yellow" "brick"

< LAYOUT: poly_begin >
L CDESIGNER::SendCommandNB addPolygonBegin "4"

< LAYOUT: poly_point_set >
L CDESIGNER::AddPolygonPoints {3.065 -0.640 3.065 -0.550 3.095 -0.550 3.095 -0.640 3.065 -0.640}

< LAYOUT: poly_end >
L CDESIGNER::SendCommandNB addPolygonEnd

< LAYOUT: zoom_extents >
L CDESIGNER::SendCommand setViewPort extents [list 3.061 -0.651 3.099 -0.539] LAY

< LAYOUT: drc_error >
L CDESIGNER::SendCommand addErrorDescription {"Distance: 0.030"}

< LAYOUT: after_hilite >
L CDESIGNER::SendCommand drawHighlights "$curLayCell" "$curLayView" all

< LAYOUT: remove_hilites >
L CDESIGNER::SendCommand clearAllHighlights "$curLayCell" "$curLayView"

< LAYOUT: remove_hilites >
L CDESIGNER::SendCommand clearAllHighlights "$curLayCell" "$curLayView"
+ INFO: Filter has been loaded successfully.
        '/usr/synopsys/hercules/B-2008.09-SP5/lib-u/AMD.64/VUE/Layout/libhiCDesignerLE.so'
